#
# There is insufficient memory for the Java Runtime Environment to continue.
# Native memory allocation (malloc) failed to allocate 1048576 bytes for AllocateHeap
# Possible reasons:
#   The system is out of physical RAM or swap space
#   The process is running with CompressedOops enabled, and the Java Heap may be blocking the growth of the native heap
# Possible solutions:
#   Reduce memory load on the system
#   Increase physical memory or swap space
#   Check if swap backing store is full
#   Decrease Java heap size (-Xmx/-Xms)
#   Decrease number of Java threads
#   Decrease Java thread stack sizes (-Xss)
#   Set larger code cache with -XX:ReservedCodeCacheSize=
#   JVM is running with Unscaled Compressed Oops mode in which the Java heap is
#     placed in the first 4GB address space. The Java Heap base address is the
#     maximum limit for the native heap growth. Please use -XX:HeapBaseMinAddress
#     to set the Java Heap base and to place the Java Heap above 4GB virtual address.
# This output file may be truncated or incomplete.
#
#  Out of Memory Error (./src/hotspot/share/memory/allocation.cpp:46), pid=7648, tid=3672
#
# JRE version: OpenJDK Runtime Environment (11.0.10) (build 11.0.10+0-b96-7249189)
# Java VM: OpenJDK 64-Bit Server VM (11.0.10+0-b96-7249189, mixed mode, tiered, compressed oops, g1 gc, windows-amd64)
# No core dump will be written. Minidumps are not enabled by default on client versions of Windows
#

---------------  S U M M A R Y ------------

Command Line: --add-opens=java.base/java.util=ALL-UNNAMED --add-opens=java.base/java.lang=ALL-UNNAMED --add-opens=java.base/java.lang.invoke=ALL-UNNAMED --add-opens=java.prefs/java.util.prefs=ALL-UNNAMED -Xmx2048m -Dfile.encoding=UTF-8 -Duser.country=RU -Duser.language=ru -Duser.variant org.gradle.launcher.daemon.bootstrap.GradleDaemon 6.5

Host: Intel(R) Core(TM) i5-7200U CPU @ 2.50GHz, 4 cores, 7G,  Windows 10 , 64 bit Build 22000 (10.0.22000.120)
Time: Sat Aug 28 14:16:15 2021 RTZ 2 (зима) elapsed time: 86.055076 seconds (0d 0h 1m 26s)

---------------  T H R E A D  ---------------

Current thread (0x000001c77a10f000):  VMThread "VM Thread" [stack: 0x000000aade900000,0x000000aadea00000] [id=3672]

Stack: [0x000000aade900000,0x000000aadea00000]
[error occurred during error reporting (printing stack bounds), id 0xc0000005, EXCEPTION_ACCESS_VIOLATION (0xc0000005) at pc=0x000001c764020f2d]

Native frames: (J=compiled Java code, j=interpreted, Vv=VM code, C=native code)
V  [jvm.dll+0x5ecfaa]
V  [jvm.dll+0x722bd5]
V  [jvm.dll+0x72412d]
V  [jvm.dll+0x724745]
V  [jvm.dll+0x7246fb]
V  [jvm.dll+0x5ec348]
V  [jvm.dll+0x5ecad8]
C  [ntdll.dll+0xa826f]
C  [ntdll.dll+0x359ca]
C  [ntdll.dll+0xa727e]
C  0x000001c764020f2d

VM_Operation (0x000000aade1faff0): CollectForMetadataAllocation, mode: safepoint, requested by thread 0x000001c702d50000


---------------  P R O C E S S  ---------------

Threads class SMR info:
_java_thread_list=0x000001c77f857df0, length=44, elements={
0x000001c76052a800, 0x000001c77a111000, 0x000001c77a11c000, 0x000001c77a132000,
0x000001c77a133000, 0x000001c77a134800, 0x000001c77a139800, 0x000001c77a158000,
0x000001c77a15b800, 0x000001c77ac12000, 0x000001c77bd97800, 0x000001c77bdce800,
0x000001c77c631800, 0x000001c77c560800, 0x000001c77c561000, 0x000001c77c595800,
0x000001c77c140800, 0x000001c77c142800, 0x000001c77c0dd800, 0x000001c77c0e0000,
0x000001c77c0dc800, 0x000001c77c0de800, 0x000001c77c0df000, 0x000001c77c0e1000,
0x000001c77c0e1800, 0x000001c77c0dc000, 0x000001c77c0e2800, 0x000001c77ef35800,
0x000001c77ef36800, 0x000001c77ef34000, 0x000001c77ef3a800, 0x000001c77ef37000,
0x000001c70065e800, 0x000001c70065a800, 0x000001c700661000, 0x000001c702d4d800,
0x000001c702d4e800, 0x000001c702d49800, 0x000001c702d48800, 0x000001c702d50000,
0x000001c702d4f000, 0x000001c702d4a800, 0x000001c702d55800, 0x000001c700652800
}

Java Threads: ( => current thread )
  0x000001c76052a800 JavaThread "main" [_thread_blocked, id=5792, stack(0x000000aade300000,0x000000aade400000)]
  0x000001c77a111000 JavaThread "Reference Handler" daemon [_thread_blocked, id=2768, stack(0x000000aadea00000,0x000000aadeb00000)]
  0x000001c77a11c000 JavaThread "Finalizer" daemon [_thread_blocked, id=2548, stack(0x000000aadeb00000,0x000000aadec00000)]
  0x000001c77a132000 JavaThread "Signal Dispatcher" daemon [_thread_blocked, id=4896, stack(0x000000aadec00000,0x000000aaded00000)]
  0x000001c77a133000 JavaThread "Attach Listener" daemon [_thread_blocked, id=6336, stack(0x000000aaded00000,0x000000aadee00000)]
  0x000001c77a134800 JavaThread "Service Thread" daemon [_thread_blocked, id=4100, stack(0x000000aadee00000,0x000000aadef00000)]
  0x000001c77a139800 JavaThread "C2 CompilerThread0" daemon [_thread_blocked, id=6836, stack(0x000000aadef00000,0x000000aadf000000)]
  0x000001c77a158000 JavaThread "C1 CompilerThread0" daemon [_thread_blocked, id=8504, stack(0x000000aadf000000,0x000000aadf100000)]
  0x000001c77a15b800 JavaThread "Sweeper thread" daemon [_thread_blocked, id=8712, stack(0x000000aadf100000,0x000000aadf200000)]
  0x000001c77ac12000 JavaThread "Common-Cleaner" daemon [_thread_blocked, id=6320, stack(0x000000aadf200000,0x000000aadf300000)]
  0x000001c77bd97800 JavaThread "Daemon health stats" [_thread_blocked, id=8716, stack(0x000000aadf600000,0x000000aadf700000)]
  0x000001c77bdce800 JavaThread "Incoming local TCP Connector on port 10750" [_thread_in_native, id=4804, stack(0x000000aadf900000,0x000000aadfa00000)]
  0x000001c77c631800 JavaThread "Daemon periodic checks" [_thread_blocked, id=4048, stack(0x000000aadfa00000,0x000000aadfb00000)]
  0x000001c77c560800 JavaThread "Daemon" [_thread_blocked, id=4768, stack(0x000000aadfb00000,0x000000aadfc00000)]
  0x000001c77c561000 JavaThread "Handler for socket connection from /127.0.0.1:10750 to /127.0.0.1:10751" [_thread_in_native, id=6888, stack(0x000000aadfc00000,0x000000aadfd00000)]
  0x000001c77c595800 JavaThread "Cancel handler" [_thread_blocked, id=2064, stack(0x000000aadfd00000,0x000000aadfe00000)]
  0x000001c77c140800 JavaThread "Daemon worker" [_thread_blocked, id=5640, stack(0x000000aadfe00000,0x000000aadff00000)]
  0x000001c77c142800 JavaThread "Asynchronous log dispatcher for DefaultDaemonConnection: socket connection from /127.0.0.1:10750 to /127.0.0.1:10751" [_thread_blocked, id=4652, stack(0x000000aadff00000,0x000000aae0000000)]
  0x000001c77c0dd800 JavaThread "Thread-8" [_thread_blocked, id=3340, stack(0x000000aae0100000,0x000000aae0200000)]
  0x000001c77c0e0000 JavaThread "Cache worker for journal cache (C:\Users\Acer\.gradle\caches\journal-1)" [_thread_blocked, id=6364, stack(0x000000aae0200000,0x000000aae0300000)]
  0x000001c77c0dc800 JavaThread "File lock request listener" [_thread_in_native, id=7508, stack(0x000000aae0300000,0x000000aae0400000)]
  0x000001c77c0de800 JavaThread "Cache worker for file hash cache (C:\Users\Acer\.gradle\caches\6.5\fileHashes)" [_thread_blocked, id=1204, stack(0x000000aae0500000,0x000000aae0600000)]
  0x000001c77c0df000 JavaThread "Cache worker for file hash cache (D:\proyektim_kvartirabor\Kvartirabor\.gradle\6.5\fileHashes)" [_thread_blocked, id=2068, stack(0x000000aae0600000,0x000000aae0700000)]
  0x000001c77c0e1000 JavaThread "Cache worker for checksums cache (D:\proyektim_kvartirabor\Kvartirabor\.gradle\checksums)" [_thread_blocked, id=1576, stack(0x000000aae0700000,0x000000aae0800000)]
  0x000001c77c0e1800 JavaThread "Cache worker for cache directory md-supplier (C:\Users\Acer\.gradle\caches\6.5\md-supplier)" [_thread_blocked, id=3356, stack(0x000000aae0800000,0x000000aae0900000)]
  0x000001c77c0dc000 JavaThread "Cache worker for cache directory md-rule (C:\Users\Acer\.gradle\caches\6.5\md-rule)" [_thread_blocked, id=6396, stack(0x000000aae0900000,0x000000aae0a00000)]
  0x000001c77c0e2800 JavaThread "Cache worker for execution history cache (C:\Users\Acer\.gradle\caches\6.5\executionHistory)" [_thread_blocked, id=3952, stack(0x000000aae0a00000,0x000000aae0b00000)]
  0x000001c77ef35800 JavaThread "Cache worker for file content cache (C:\Users\Acer\.gradle\caches\6.5\fileContent)" [_thread_blocked, id=5712, stack(0x000000aae0c00000,0x000000aae0d00000)]
  0x000001c77ef36800 JavaThread "Build operations" [_thread_blocked, id=3792, stack(0x000000aae0d00000,0x000000aae0e00000)]
  0x000001c77ef34000 JavaThread "Build operations Thread 2" [_thread_blocked, id=2620, stack(0x000000aae0e00000,0x000000aae0f00000)]
  0x000001c77ef3a800 JavaThread "Build operations Thread 3" [_thread_blocked, id=3552, stack(0x000000aae0f00000,0x000000aae1000000)]
  0x000001c77ef37000 JavaThread "Build operations Thread 4" [_thread_blocked, id=728, stack(0x000000aae1000000,0x000000aae1100000)]
  0x000001c70065e800 JavaThread "Cache worker for Build Output Cleanup Cache (D:\proyektim_kvartirabor\Kvartirabor\.gradle\buildOutputCleanup)" [_thread_blocked, id=9288, stack(0x000000aae1100000,0x000000aae1200000)]
  0x000001c70065a800 JavaThread "Memory manager" [_thread_blocked, id=9340, stack(0x000000aae8c00000,0x000000aae8d00000)]
  0x000001c700661000 JavaThread "Cache worker for file content cache (D:\proyektim_kvartirabor\Kvartirabor\.gradle\6.5\fileContent)" [_thread_blocked, id=9344, stack(0x000000aae8d00000,0x000000aae8e00000)]
  0x000001c702d4d800 JavaThread "Execution worker for ':'" [_thread_blocked, id=9388, stack(0x000000aae8b00000,0x000000aae8c00000)]
  0x000001c702d4e800 JavaThread "Execution worker for ':' Thread 2" [_thread_blocked, id=9392, stack(0x000000aae8e00000,0x000000aae8f00000)]
  0x000001c702d49800 JavaThread "Execution worker for ':' Thread 3" [_thread_blocked, id=9396, stack(0x000000aae8f00000,0x000000aae9000000)]
  0x000001c702d48800 JavaThread "Cache worker for execution history cache (D:\proyektim_kvartirabor\Kvartirabor\.gradle\6.5\executionHistory)" [_thread_blocked, id=9400, stack(0x000000aae9000000,0x000000aae9100000)]
  0x000001c702d50000 JavaThread "WorkerExecutor Queue" [_thread_blocked, id=9524, stack(0x000000aade100000,0x000000aade200000)]
  0x000001c702d4f000 JavaThread "pool-2-thread-1" [_thread_blocked, id=9532, stack(0x000000aae0000000,0x000000aae0100000)]
  0x000001c702d4a800 JavaThread "stderr" [_thread_in_native, id=9544, stack(0x000000aae9100000,0x000000aae9200000)]
  0x000001c702d55800 JavaThread "stdout" [_thread_in_native, id=9548, stack(0x000000aae9200000,0x000000aae9300000)]
  0x000001c700652800 JavaThread "WorkerExecutor Queue Thread 3" [_thread_blocked, id=9732, stack(0x000000aade200000,0x000000aade300000)]

Other Threads:
=>0x000001c77a10f000 VMThread "VM Thread" [stack: 0x000000aade900000,0x000000aadea00000] [id=3672]
  0x000001c77ac33800 WatcherThread [stack: 0x000000aadf300000,0x000000aadf400000] [id=6512]
  0x000001c760544000 GCTaskThread "GC Thread#0" [stack: 0x000000aade400000,0x000000aade500000] [id=3352]
  0x000001c77b286800 GCTaskThread "GC Thread#1" [stack: 0x000000aadf400000,0x000000aadf500000] [id=3796]
  0x000001c77b2f1000 GCTaskThread "GC Thread#2" [stack: 0x000000aadf500000,0x000000aadf600000] [id=4972]
  0x000001c77b627800 GCTaskThread "GC Thread#3" [stack: 0x000000aae0400000,0x000000aae0500000] [id=8]
  0x000001c760574800 ConcurrentGCThread "G1 Main Marker" [stack: 0x000000aade500000,0x000000aade600000] [id=3240]
  0x000001c760577000 ConcurrentGCThread "G1 Conc#0" [stack: 0x000000aade600000,0x000000aade700000] [id=4456]
  0x000001c760608000 ConcurrentGCThread "G1 Refine#0" [stack: 0x000000aade700000,0x000000aade800000] [id=3900]
  0x000001c760609000 ConcurrentGCThread "G1 Young RemSet Sampling" [stack: 0x000000aade800000,0x000000aade900000] [id=6388]

Threads with active compile tasks:

VM state:at safepoint (normal execution)

VM Mutex/Monitor currently owned by a thread:  ([mutex/lock_event])
[0x000001c760527610] Threads_lock - owner thread: 0x000001c77a10f000
[0x000001c7605264a0] Heap_lock - owner thread: 0x000001c702d50000

Heap address: 0x0000000080000000, size: 2048 MB, Compressed Oops mode: 32-bit
Narrow klass base: 0x0000000000000000, Narrow klass shift: 3
Compressed class space size: 1073741824 Address: 0x0000000100000000

Heap:
 garbage-first heap   total 189440K, used 112718K [0x0000000080000000, 0x0000000100000000)
  region size 1024K, 12 young (12288K), 2 survivors (2048K)
 Metaspace       used 94287K, capacity 96473K, committed 96556K, reserved 1140736K
  class space    used 11852K, capacity 12625K, committed 12672K, reserved 1048576K
Heap Regions: E=young(eden), S=young(survivor), O=old, HS=humongous(starts), HC=humongous(continues), CS=collection set, F=free, A=archive, TAMS=top-at-mark-start (previous, next)
|   0|0x0000000080000000, 0x0000000080100000, 0x0000000080100000|100%| O|  |TAMS 0x0000000080100000, 0x0000000080000000| Updating 
|   1|0x0000000080100000, 0x0000000080200000, 0x0000000080200000|100%| O|  |TAMS 0x0000000080200000, 0x0000000080100000| Updating 
|   2|0x0000000080200000, 0x0000000080300000, 0x0000000080300000|100%| O|  |TAMS 0x0000000080300000, 0x0000000080200000| Updating 
|   3|0x0000000080300000, 0x0000000080400000, 0x0000000080400000|100%|HS|  |TAMS 0x0000000080400000, 0x0000000080300000| Complete 
|   4|0x0000000080400000, 0x0000000080500000, 0x0000000080500000|100%|HC|  |TAMS 0x0000000080500000, 0x0000000080400000| Complete 
|   5|0x0000000080500000, 0x0000000080600000, 0x0000000080600000|100%|HC|  |TAMS 0x0000000080600000, 0x0000000080500000| Complete 
|   6|0x0000000080600000, 0x0000000080700000, 0x0000000080700000|100%| O|  |TAMS 0x0000000080700000, 0x0000000080600000| Updating 
|   7|0x0000000080700000, 0x0000000080800000, 0x0000000080800000|100%| O|  |TAMS 0x0000000080800000, 0x0000000080700000| Updating 
|   8|0x0000000080800000, 0x0000000080900000, 0x0000000080900000|100%| O|  |TAMS 0x0000000080900000, 0x0000000080800000| Updating 
|   9|0x0000000080900000, 0x0000000080a00000, 0x0000000080a00000|100%| O|  |TAMS 0x0000000080a00000, 0x0000000080900000| Updating 
|  10|0x0000000080a00000, 0x0000000080b00000, 0x0000000080b00000|100%| O|  |TAMS 0x0000000080b00000, 0x0000000080a00000| Updating 
|  11|0x0000000080b00000, 0x0000000080c00000, 0x0000000080c00000|100%| O|  |TAMS 0x0000000080c00000, 0x0000000080b00000| Updating 
|  12|0x0000000080c00000, 0x0000000080d00000, 0x0000000080d00000|100%| O|  |TAMS 0x0000000080d00000, 0x0000000080c00000| Updating 
|  13|0x0000000080d00000, 0x0000000080e00000, 0x0000000080e00000|100%| O|  |TAMS 0x0000000080e00000, 0x0000000080d00000| Updating 
|  14|0x0000000080e00000, 0x0000000080f00000, 0x0000000080f00000|100%| O|  |TAMS 0x0000000080f00000, 0x0000000080e00000| Updating 
|  15|0x0000000080f00000, 0x0000000081000000, 0x0000000081000000|100%| O|  |TAMS 0x0000000081000000, 0x0000000080f00000| Updating 
|  16|0x0000000081000000, 0x0000000081100000, 0x0000000081100000|100%| O|  |TAMS 0x0000000081100000, 0x0000000081000000| Updating 
|  17|0x0000000081100000, 0x0000000081200000, 0x0000000081200000|100%| O|  |TAMS 0x0000000081200000, 0x0000000081100000| Updating 
|  18|0x0000000081200000, 0x0000000081300000, 0x0000000081300000|100%| O|  |TAMS 0x0000000081300000, 0x0000000081200000| Updating 
|  19|0x0000000081300000, 0x0000000081400000, 0x0000000081400000|100%| O|  |TAMS 0x0000000081400000, 0x0000000081300000| Updating 
|  20|0x0000000081400000, 0x0000000081500000, 0x0000000081500000|100%| O|  |TAMS 0x0000000081500000, 0x0000000081400000| Updating 
|  21|0x0000000081500000, 0x0000000081600000, 0x0000000081600000|100%|HS|  |TAMS 0x0000000081600000, 0x0000000081500000| Complete 
|  22|0x0000000081600000, 0x0000000081700000, 0x0000000081700000|100%|HS|  |TAMS 0x0000000081700000, 0x0000000081600000| Complete 
|  23|0x0000000081700000, 0x0000000081800000, 0x0000000081800000|100%|HS|  |TAMS 0x0000000081800000, 0x0000000081700000| Complete 
|  24|0x0000000081800000, 0x0000000081900000, 0x0000000081900000|100%|HC|  |TAMS 0x0000000081900000, 0x0000000081800000| Complete 
|  25|0x0000000081900000, 0x0000000081a00000, 0x0000000081a00000|100%|HC|  |TAMS 0x0000000081a00000, 0x0000000081900000| Complete 
|  26|0x0000000081a00000, 0x0000000081b00000, 0x0000000081b00000|100%|HS|  |TAMS 0x0000000081b00000, 0x0000000081a00000| Complete 
|  27|0x0000000081b00000, 0x0000000081c00000, 0x0000000081c00000|100%|HC|  |TAMS 0x0000000081c00000, 0x0000000081b00000| Complete 
|  28|0x0000000081c00000, 0x0000000081d00000, 0x0000000081d00000|100%| O|  |TAMS 0x0000000081d00000, 0x0000000081c00000| Updating 
|  29|0x0000000081d00000, 0x0000000081e00000, 0x0000000081e00000|100%| O|  |TAMS 0x0000000081e00000, 0x0000000081d00000| Updating 
|  30|0x0000000081e00000, 0x0000000081f00000, 0x0000000081f00000|100%| O|  |TAMS 0x0000000081f00000, 0x0000000081e00000| Updating 
|  31|0x0000000081f00000, 0x0000000082000000, 0x0000000082000000|100%| O|  |TAMS 0x0000000082000000, 0x0000000081f00000| Updating 
|  32|0x0000000082000000, 0x0000000082100000, 0x0000000082100000|100%| O|  |TAMS 0x0000000082100000, 0x0000000082000000| Updating 
|  33|0x0000000082100000, 0x0000000082200000, 0x0000000082200000|100%| O|  |TAMS 0x0000000082200000, 0x0000000082100000| Updating 
|  34|0x0000000082200000, 0x0000000082300000, 0x0000000082300000|100%| O|  |TAMS 0x0000000082300000, 0x0000000082200000| Updating 
|  35|0x0000000082300000, 0x0000000082400000, 0x0000000082400000|100%| O|  |TAMS 0x0000000082400000, 0x0000000082300000| Updating 
|  36|0x0000000082400000, 0x0000000082500000, 0x0000000082500000|100%| O|  |TAMS 0x0000000082500000, 0x0000000082400000| Updating 
|  37|0x0000000082500000, 0x0000000082600000, 0x0000000082600000|100%| O|  |TAMS 0x0000000082600000, 0x0000000082500000| Updating 
|  38|0x0000000082600000, 0x0000000082700000, 0x0000000082700000|100%| O|  |TAMS 0x0000000082700000, 0x0000000082600000| Updating 
|  39|0x0000000082700000, 0x0000000082800000, 0x0000000082800000|100%| O|  |TAMS 0x0000000082800000, 0x0000000082700000| Updating 
|  40|0x0000000082800000, 0x0000000082900000, 0x0000000082900000|100%| O|  |TAMS 0x0000000082900000, 0x0000000082800000| Updating 
|  41|0x0000000082900000, 0x0000000082a00000, 0x0000000082a00000|100%| O|  |TAMS 0x0000000082a00000, 0x0000000082900000| Updating 
|  42|0x0000000082a00000, 0x0000000082b00000, 0x0000000082b00000|100%| O|  |TAMS 0x0000000082b00000, 0x0000000082a00000| Updating 
|  43|0x0000000082b00000, 0x0000000082c00000, 0x0000000082c00000|100%| O|  |TAMS 0x0000000082c00000, 0x0000000082b00000| Updating 
|  44|0x0000000082c00000, 0x0000000082d00000, 0x0000000082d00000|100%| O|  |TAMS 0x0000000082d00000, 0x0000000082c00000| Updating 
|  45|0x0000000082d00000, 0x0000000082e00000, 0x0000000082e00000|100%| O|  |TAMS 0x0000000082e00000, 0x0000000082d00000| Updating 
|  46|0x0000000082e00000, 0x0000000082f00000, 0x0000000082f00000|100%| O|  |TAMS 0x0000000082f00000, 0x0000000082e00000| Updating 
|  47|0x0000000082f00000, 0x0000000083000000, 0x0000000083000000|100%| O|  |TAMS 0x0000000083000000, 0x0000000082f00000| Updating 
|  48|0x0000000083000000, 0x0000000083100000, 0x0000000083100000|100%| O|  |TAMS 0x0000000083100000, 0x0000000083000000| Updating 
|  49|0x0000000083100000, 0x0000000083200000, 0x0000000083200000|100%| O|  |TAMS 0x0000000083200000, 0x0000000083100000| Updating 
|  50|0x0000000083200000, 0x0000000083300000, 0x0000000083300000|100%| O|  |TAMS 0x0000000083300000, 0x0000000083200000| Updating 
|  51|0x0000000083300000, 0x0000000083400000, 0x0000000083400000|100%| O|  |TAMS 0x0000000083400000, 0x0000000083300000| Updating 
|  52|0x0000000083400000, 0x0000000083500000, 0x0000000083500000|100%| O|  |TAMS 0x0000000083500000, 0x0000000083400000| Updating 
|  53|0x0000000083500000, 0x0000000083600000, 0x0000000083600000|100%| O|  |TAMS 0x0000000083600000, 0x0000000083500000| Updating 
|  54|0x0000000083600000, 0x0000000083700000, 0x0000000083700000|100%| O|  |TAMS 0x0000000083700000, 0x0000000083600000| Updating 
|  55|0x0000000083700000, 0x0000000083800000, 0x0000000083800000|100%| O|  |TAMS 0x0000000083800000, 0x0000000083700000| Updating 
|  56|0x0000000083800000, 0x0000000083900000, 0x0000000083900000|100%| O|  |TAMS 0x0000000083900000, 0x0000000083800000| Updating 
|  57|0x0000000083900000, 0x0000000083a00000, 0x0000000083a00000|100%| O|  |TAMS 0x0000000083a00000, 0x0000000083900000| Updating 
|  58|0x0000000083a00000, 0x0000000083b00000, 0x0000000083b00000|100%| O|  |TAMS 0x0000000083b00000, 0x0000000083a00000| Updating 
|  59|0x0000000083b00000, 0x0000000083c00000, 0x0000000083c00000|100%| O|  |TAMS 0x0000000083c00000, 0x0000000083b00000| Updating 
|  60|0x0000000083c00000, 0x0000000083d00000, 0x0000000083d00000|100%| O|  |TAMS 0x0000000083d00000, 0x0000000083c00000| Updating 
|  61|0x0000000083d00000, 0x0000000083e00000, 0x0000000083e00000|100%| O|  |TAMS 0x0000000083e00000, 0x0000000083d00000| Updating 
|  62|0x0000000083e00000, 0x0000000083f00000, 0x0000000083f00000|100%| O|  |TAMS 0x0000000083f00000, 0x0000000083e00000| Updating 
|  63|0x0000000083f00000, 0x0000000084000000, 0x0000000084000000|100%| O|  |TAMS 0x0000000084000000, 0x0000000083f00000| Updating 
|  64|0x0000000084000000, 0x0000000084100000, 0x0000000084100000|100%| O|  |TAMS 0x0000000084100000, 0x0000000084000000| Updating 
|  65|0x0000000084100000, 0x0000000084200000, 0x0000000084200000|100%| O|  |TAMS 0x0000000084200000, 0x0000000084100000| Updating 
|  66|0x0000000084200000, 0x0000000084300000, 0x0000000084300000|100%| O|  |TAMS 0x0000000084300000, 0x0000000084200000| Updating 
|  67|0x0000000084300000, 0x0000000084400000, 0x0000000084400000|100%| O|  |TAMS 0x0000000084400000, 0x0000000084300000| Updating 
|  68|0x0000000084400000, 0x0000000084500000, 0x0000000084500000|100%| O|  |TAMS 0x0000000084500000, 0x0000000084400000| Updating 
|  69|0x0000000084500000, 0x0000000084600000, 0x0000000084600000|100%| O|  |TAMS 0x0000000084600000, 0x0000000084500000| Updating 
|  70|0x0000000084600000, 0x0000000084700000, 0x0000000084700000|100%| O|  |TAMS 0x0000000084700000, 0x0000000084600000| Updating 
|  71|0x0000000084700000, 0x0000000084800000, 0x0000000084800000|100%| O|  |TAMS 0x0000000084800000, 0x0000000084700000| Updating 
|  72|0x0000000084800000, 0x0000000084900000, 0x0000000084900000|100%| O|  |TAMS 0x0000000084900000, 0x0000000084800000| Updating 
|  73|0x0000000084900000, 0x0000000084a00000, 0x0000000084a00000|100%| O|  |TAMS 0x0000000084a00000, 0x0000000084900000| Updating 
|  74|0x0000000084a00000, 0x0000000084b00000, 0x0000000084b00000|100%| O|  |TAMS 0x0000000084b00000, 0x0000000084a00000| Updating 
|  75|0x0000000084b00000, 0x0000000084c00000, 0x0000000084c00000|100%| O|  |TAMS 0x0000000084c00000, 0x0000000084b00000| Updating 
|  76|0x0000000084c00000, 0x0000000084d00000, 0x0000000084d00000|100%| O|  |TAMS 0x0000000084d00000, 0x0000000084c00000| Updating 
|  77|0x0000000084d00000, 0x0000000084e00000, 0x0000000084e00000|100%| O|  |TAMS 0x0000000084e00000, 0x0000000084d00000| Updating 
|  78|0x0000000084e00000, 0x0000000084f00000, 0x0000000084f00000|100%| O|  |TAMS 0x0000000084f00000, 0x0000000084e00000| Updating 
|  79|0x0000000084f00000, 0x0000000085000000, 0x0000000085000000|100%| O|  |TAMS 0x0000000085000000, 0x0000000084f00000| Updating 
|  80|0x0000000085000000, 0x0000000085100000, 0x0000000085100000|100%| O|  |TAMS 0x0000000085100000, 0x0000000085000000| Updating 
|  81|0x0000000085100000, 0x0000000085200000, 0x0000000085200000|100%| O|  |TAMS 0x0000000085200000, 0x0000000085100000| Updating 
|  82|0x0000000085200000, 0x0000000085300000, 0x0000000085300000|100%| O|  |TAMS 0x0000000085300000, 0x0000000085200000| Updating 
|  83|0x0000000085300000, 0x0000000085400000, 0x0000000085400000|100%| O|  |TAMS 0x0000000085400000, 0x0000000085300000| Updating 
|  84|0x0000000085400000, 0x0000000085500000, 0x0000000085500000|100%| O|  |TAMS 0x0000000085500000, 0x0000000085400000| Updating 
|  85|0x0000000085500000, 0x0000000085600000, 0x0000000085600000|100%| O|  |TAMS 0x0000000085600000, 0x0000000085500000| Updating 
|  86|0x0000000085600000, 0x0000000085600000, 0x0000000085700000|  0%| F|  |TAMS 0x0000000085600000, 0x0000000085600000| Untracked 
|  87|0x0000000085700000, 0x0000000085700000, 0x0000000085800000|  0%| F|  |TAMS 0x0000000085700000, 0x0000000085700000| Untracked 
|  88|0x0000000085800000, 0x0000000085800000, 0x0000000085900000|  0%| F|  |TAMS 0x0000000085800000, 0x0000000085800000| Untracked 
|  89|0x0000000085900000, 0x0000000085a00000, 0x0000000085a00000|100%| O|  |TAMS 0x0000000085a00000, 0x0000000085900000| Updating 
|  90|0x0000000085a00000, 0x0000000085b00000, 0x0000000085b00000|100%| O|  |TAMS 0x0000000085b00000, 0x0000000085a00000| Updating 
|  91|0x0000000085b00000, 0x0000000085c00000, 0x0000000085c00000|100%| O|  |TAMS 0x0000000085c00000, 0x0000000085b00000| Updating 
|  92|0x0000000085c00000, 0x0000000085d00000, 0x0000000085d00000|100%| O|  |TAMS 0x0000000085d00000, 0x0000000085c00000| Updating 
|  93|0x0000000085d00000, 0x0000000085d00000, 0x0000000085e00000|  0%| F|  |TAMS 0x0000000085d00000, 0x0000000085d00000| Untracked 
|  94|0x0000000085e00000, 0x0000000085f00000, 0x0000000085f00000|100%| O|  |TAMS 0x0000000085f00000, 0x0000000085e00000| Updating 
|  95|0x0000000085f00000, 0x0000000086000000, 0x0000000086000000|100%| O|  |TAMS 0x0000000086000000, 0x0000000085f00000| Updating 
|  96|0x0000000086000000, 0x0000000086100000, 0x0000000086100000|100%| O|  |TAMS 0x0000000086100000, 0x0000000086000000| Updating 
|  97|0x0000000086100000, 0x0000000086200000, 0x0000000086200000|100%| O|  |TAMS 0x0000000086200000, 0x0000000086100000| Updating 
|  98|0x0000000086200000, 0x0000000086300000, 0x0000000086300000|100%| O|  |TAMS 0x0000000086300000, 0x0000000086200000| Updating 
|  99|0x0000000086300000, 0x0000000086300000, 0x0000000086400000|  0%| F|  |TAMS 0x0000000086300000, 0x0000000086300000| Untracked 
| 100|0x0000000086400000, 0x0000000086400000, 0x0000000086500000|  0%| F|  |TAMS 0x0000000086400000, 0x0000000086400000| Untracked 
| 101|0x0000000086500000, 0x0000000086600000, 0x0000000086600000|100%| O|  |TAMS 0x0000000086600000, 0x0000000086500000| Updating 
| 102|0x0000000086600000, 0x0000000086600000, 0x0000000086700000|  0%| F|  |TAMS 0x0000000086600000, 0x0000000086600000| Untracked 
| 103|0x0000000086700000, 0x0000000086700000, 0x0000000086800000|  0%| F|  |TAMS 0x0000000086700000, 0x0000000086700000| Untracked 
| 104|0x0000000086800000, 0x0000000086800000, 0x0000000086900000|  0%| F|  |TAMS 0x0000000086800000, 0x0000000086800000| Untracked 
| 105|0x0000000086900000, 0x0000000086900000, 0x0000000086a00000|  0%| F|  |TAMS 0x0000000086900000, 0x0000000086900000| Untracked 
| 106|0x0000000086a00000, 0x0000000086b00000, 0x0000000086b00000|100%| O|  |TAMS 0x0000000086b00000, 0x0000000086a00000| Updating 
| 107|0x0000000086b00000, 0x0000000086c00000, 0x0000000086c00000|100%| O|  |TAMS 0x0000000086c00000, 0x0000000086b00000| Updating 
| 108|0x0000000086c00000, 0x0000000086d00000, 0x0000000086d00000|100%| O|  |TAMS 0x0000000086d00000, 0x0000000086c00000| Updating 
| 109|0x0000000086d00000, 0x0000000086daa000, 0x0000000086e00000| 66%| O|  |TAMS 0x0000000086daa000, 0x0000000086d00000| Updating 
| 110|0x0000000086e00000, 0x0000000086e00000, 0x0000000086f00000|  0%| F|  |TAMS 0x0000000086e00000, 0x0000000086e00000| Untracked 
| 111|0x0000000086f00000, 0x0000000086f00000, 0x0000000087000000|  0%| F|  |TAMS 0x0000000086f00000, 0x0000000086f00000| Untracked 
| 112|0x0000000087000000, 0x0000000087000000, 0x0000000087100000|  0%| F|  |TAMS 0x0000000087000000, 0x0000000087000000| Untracked 
| 113|0x0000000087100000, 0x0000000087100000, 0x0000000087200000|  0%| F|  |TAMS 0x0000000087100000, 0x0000000087100000| Untracked 
| 114|0x0000000087200000, 0x0000000087200000, 0x0000000087300000|  0%| F|  |TAMS 0x0000000087200000, 0x0000000087200000| Untracked 
| 115|0x0000000087300000, 0x0000000087300000, 0x0000000087400000|  0%| F|  |TAMS 0x0000000087300000, 0x0000000087300000| Untracked 
| 116|0x0000000087400000, 0x0000000087400000, 0x0000000087500000|  0%| F|  |TAMS 0x0000000087400000, 0x0000000087400000| Untracked 
| 117|0x0000000087500000, 0x0000000087500000, 0x0000000087600000|  0%| F|  |TAMS 0x0000000087500000, 0x0000000087500000| Untracked 
| 118|0x0000000087600000, 0x0000000087600000, 0x0000000087700000|  0%| F|  |TAMS 0x0000000087600000, 0x0000000087600000| Untracked 
| 119|0x0000000087700000, 0x0000000087700000, 0x0000000087800000|  0%| F|  |TAMS 0x0000000087700000, 0x0000000087700000| Untracked 
| 120|0x0000000087800000, 0x0000000087800000, 0x0000000087900000|  0%| F|  |TAMS 0x0000000087800000, 0x0000000087800000| Untracked 
| 121|0x0000000087900000, 0x0000000087900000, 0x0000000087a00000|  0%| F|  |TAMS 0x0000000087900000, 0x0000000087900000| Untracked 
| 122|0x0000000087a00000, 0x0000000087a00000, 0x0000000087b00000|  0%| F|  |TAMS 0x0000000087a00000, 0x0000000087a00000| Untracked 
| 123|0x0000000087b00000, 0x0000000087b00000, 0x0000000087c00000|  0%| F|  |TAMS 0x0000000087b00000, 0x0000000087b00000| Untracked 
| 124|0x0000000087c00000, 0x0000000087c00000, 0x0000000087d00000|  0%| F|  |TAMS 0x0000000087c00000, 0x0000000087c00000| Untracked 
| 125|0x0000000087d00000, 0x0000000087d00000, 0x0000000087e00000|  0%| F|  |TAMS 0x0000000087d00000, 0x0000000087d00000| Untracked 
| 126|0x0000000087e00000, 0x0000000087e00000, 0x0000000087f00000|  0%| F|  |TAMS 0x0000000087e00000, 0x0000000087e00000| Untracked 
| 127|0x0000000087f00000, 0x0000000087f00000, 0x0000000088000000|  0%| F|  |TAMS 0x0000000087f00000, 0x0000000087f00000| Untracked 
| 128|0x0000000088000000, 0x0000000088000000, 0x0000000088100000|  0%| F|  |TAMS 0x0000000088000000, 0x0000000088000000| Untracked 
| 129|0x0000000088100000, 0x0000000088100000, 0x0000000088200000|  0%| F|  |TAMS 0x0000000088100000, 0x0000000088100000| Untracked 
| 130|0x0000000088200000, 0x0000000088200000, 0x0000000088300000|  0%| F|  |TAMS 0x0000000088200000, 0x0000000088200000| Untracked 
| 131|0x0000000088300000, 0x0000000088300000, 0x0000000088400000|  0%| F|  |TAMS 0x0000000088300000, 0x0000000088300000| Untracked 
| 132|0x0000000088400000, 0x00000000884698a0, 0x0000000088500000| 41%| S|CS|TAMS 0x0000000088400000, 0x0000000088400000| Complete 
| 133|0x0000000088500000, 0x0000000088600000, 0x0000000088600000|100%| S|CS|TAMS 0x0000000088500000, 0x0000000088500000| Complete 
| 134|0x0000000088600000, 0x0000000088600000, 0x0000000088700000|  0%| F|  |TAMS 0x0000000088600000, 0x0000000088600000| Untracked 
| 135|0x0000000088700000, 0x0000000088700000, 0x0000000088800000|  0%| F|  |TAMS 0x0000000088700000, 0x0000000088700000| Untracked 
| 136|0x0000000088800000, 0x0000000088800000, 0x0000000088900000|  0%| F|  |TAMS 0x0000000088800000, 0x0000000088800000| Untracked 
| 137|0x0000000088900000, 0x0000000088900000, 0x0000000088a00000|  0%| F|  |TAMS 0x0000000088900000, 0x0000000088900000| Untracked 
| 138|0x0000000088a00000, 0x0000000088a00000, 0x0000000088b00000|  0%| F|  |TAMS 0x0000000088a00000, 0x0000000088a00000| Untracked 
| 139|0x0000000088b00000, 0x0000000088b00000, 0x0000000088c00000|  0%| F|  |TAMS 0x0000000088b00000, 0x0000000088b00000| Untracked 
| 140|0x0000000088c00000, 0x0000000088c00000, 0x0000000088d00000|  0%| F|  |TAMS 0x0000000088c00000, 0x0000000088c00000| Untracked 
| 141|0x0000000088d00000, 0x0000000088d00000, 0x0000000088e00000|  0%| F|  |TAMS 0x0000000088d00000, 0x0000000088d00000| Untracked 
| 142|0x0000000088e00000, 0x0000000088e00000, 0x0000000088f00000|  0%| F|  |TAMS 0x0000000088e00000, 0x0000000088e00000| Untracked 
| 143|0x0000000088f00000, 0x0000000088f00000, 0x0000000089000000|  0%| F|  |TAMS 0x0000000088f00000, 0x0000000088f00000| Untracked 
| 144|0x0000000089000000, 0x0000000089000000, 0x0000000089100000|  0%| F|  |TAMS 0x0000000089000000, 0x0000000089000000| Untracked 
| 145|0x0000000089100000, 0x0000000089100000, 0x0000000089200000|  0%| F|  |TAMS 0x0000000089100000, 0x0000000089100000| Untracked 
| 146|0x0000000089200000, 0x0000000089200000, 0x0000000089300000|  0%| F|  |TAMS 0x0000000089200000, 0x0000000089200000| Untracked 
| 147|0x0000000089300000, 0x0000000089300000, 0x0000000089400000|  0%| F|  |TAMS 0x0000000089300000, 0x0000000089300000| Untracked 
| 148|0x0000000089400000, 0x0000000089400000, 0x0000000089500000|  0%| F|  |TAMS 0x0000000089400000, 0x0000000089400000| Untracked 
| 149|0x0000000089500000, 0x0000000089500000, 0x0000000089600000|  0%| F|  |TAMS 0x0000000089500000, 0x0000000089500000| Untracked 
| 150|0x0000000089600000, 0x0000000089600000, 0x0000000089700000|  0%| F|  |TAMS 0x0000000089600000, 0x0000000089600000| Untracked 
| 151|0x0000000089700000, 0x0000000089700000, 0x0000000089800000|  0%| F|  |TAMS 0x0000000089700000, 0x0000000089700000| Untracked 
| 152|0x0000000089800000, 0x0000000089800000, 0x0000000089900000|  0%| F|  |TAMS 0x0000000089800000, 0x0000000089800000| Untracked 
| 153|0x0000000089900000, 0x0000000089900000, 0x0000000089a00000|  0%| F|  |TAMS 0x0000000089900000, 0x0000000089900000| Untracked 
| 154|0x0000000089a00000, 0x0000000089a00000, 0x0000000089b00000|  0%| F|  |TAMS 0x0000000089a00000, 0x0000000089a00000| Untracked 
| 155|0x0000000089b00000, 0x0000000089b00000, 0x0000000089c00000|  0%| F|  |TAMS 0x0000000089b00000, 0x0000000089b00000| Untracked 
| 156|0x0000000089c00000, 0x0000000089c00000, 0x0000000089d00000|  0%| F|  |TAMS 0x0000000089c00000, 0x0000000089c00000| Untracked 
| 157|0x0000000089d00000, 0x0000000089d00000, 0x0000000089e00000|  0%| F|  |TAMS 0x0000000089d00000, 0x0000000089d00000| Untracked 
| 158|0x0000000089e00000, 0x0000000089e00000, 0x0000000089f00000|  0%| F|  |TAMS 0x0000000089e00000, 0x0000000089e00000| Untracked 
| 159|0x0000000089f00000, 0x0000000089f00000, 0x000000008a000000|  0%| F|  |TAMS 0x0000000089f00000, 0x0000000089f00000| Untracked 
| 160|0x000000008a000000, 0x000000008a000000, 0x000000008a100000|  0%| F|  |TAMS 0x000000008a000000, 0x000000008a000000| Untracked 
| 161|0x000000008a100000, 0x000000008a100000, 0x000000008a200000|  0%| F|  |TAMS 0x000000008a100000, 0x000000008a100000| Untracked 
| 162|0x000000008a200000, 0x000000008a200000, 0x000000008a300000|  0%| F|  |TAMS 0x000000008a200000, 0x000000008a200000| Untracked 
| 163|0x000000008a300000, 0x000000008a300000, 0x000000008a400000|  0%| F|  |TAMS 0x000000008a300000, 0x000000008a300000| Untracked 
| 164|0x000000008a400000, 0x000000008a400000, 0x000000008a500000|  0%| F|  |TAMS 0x000000008a400000, 0x000000008a400000| Untracked 
| 165|0x000000008a500000, 0x000000008a500000, 0x000000008a600000|  0%| F|  |TAMS 0x000000008a500000, 0x000000008a500000| Untracked 
| 166|0x000000008a600000, 0x000000008a600000, 0x000000008a700000|  0%| F|  |TAMS 0x000000008a600000, 0x000000008a600000| Untracked 
| 167|0x000000008a700000, 0x000000008a700000, 0x000000008a800000|  0%| F|  |TAMS 0x000000008a700000, 0x000000008a700000| Untracked 
| 168|0x000000008a800000, 0x000000008a800000, 0x000000008a900000|  0%| F|  |TAMS 0x000000008a800000, 0x000000008a800000| Untracked 
| 169|0x000000008a900000, 0x000000008a900000, 0x000000008aa00000|  0%| F|  |TAMS 0x000000008a900000, 0x000000008a900000| Untracked 
| 170|0x000000008aa00000, 0x000000008aa00000, 0x000000008ab00000|  0%| F|  |TAMS 0x000000008aa00000, 0x000000008aa00000| Untracked 
| 171|0x000000008ab00000, 0x000000008ab00000, 0x000000008ac00000|  0%| F|  |TAMS 0x000000008ab00000, 0x000000008ab00000| Untracked 
| 172|0x000000008ac00000, 0x000000008ac00000, 0x000000008ad00000|  0%| F|  |TAMS 0x000000008ac00000, 0x000000008ac00000| Untracked 
| 173|0x000000008ad00000, 0x000000008ad00000, 0x000000008ae00000|  0%| F|  |TAMS 0x000000008ad00000, 0x000000008ad00000| Untracked 
| 174|0x000000008ae00000, 0x000000008ae00000, 0x000000008af00000|  0%| F|  |TAMS 0x000000008ae00000, 0x000000008ae00000| Untracked 
| 175|0x000000008af00000, 0x000000008af3b360, 0x000000008b000000| 23%| E|  |TAMS 0x000000008af00000, 0x000000008af00000| Complete 
| 176|0x000000008b000000, 0x000000008b100000, 0x000000008b100000|100%| E|CS|TAMS 0x000000008b000000, 0x000000008b000000| Complete 
| 177|0x000000008b100000, 0x000000008b200000, 0x000000008b200000|100%| E|CS|TAMS 0x000000008b100000, 0x000000008b100000| Complete 
| 178|0x000000008b200000, 0x000000008b300000, 0x000000008b300000|100%| E|CS|TAMS 0x000000008b200000, 0x000000008b200000| Complete 
| 179|0x000000008b300000, 0x000000008b400000, 0x000000008b400000|100%| E|CS|TAMS 0x000000008b300000, 0x000000008b300000| Complete 
| 180|0x000000008b400000, 0x000000008b500000, 0x000000008b500000|100%| E|CS|TAMS 0x000000008b400000, 0x000000008b400000| Complete 
| 181|0x000000008b500000, 0x000000008b600000, 0x000000008b600000|100%| E|CS|TAMS 0x000000008b500000, 0x000000008b500000| Complete 
| 182|0x000000008b600000, 0x000000008b700000, 0x000000008b700000|100%| E|CS|TAMS 0x000000008b600000, 0x000000008b600000| Complete 
| 183|0x000000008b700000, 0x000000008b800000, 0x000000008b800000|100%| E|CS|TAMS 0x000000008b700000, 0x000000008b700000| Complete 
| 184|0x000000008b800000, 0x000000008b900000, 0x000000008b900000|100%| E|CS|TAMS 0x000000008b800000, 0x000000008b800000| Complete 

Card table byte_map: [0x000001c773420000,0x000001c773820000] _byte_map_base: 0x000001c773020000

Marking Bits (Prev, Next): (CMBitMap*) 0x000001c76056bd48, (CMBitMap*) 0x000001c76056bd80
 Prev Bits: [0x000001c773c20000, 0x000001c775c20000)
 Next Bits: [0x000001c775c20000, 0x000001c777c20000)

Polling page: 0x000001c75fd10000

Metaspace:

Usage:
  Non-class:     81.88 MB capacity,    80.50 MB ( 98%) used,     1.15 MB (  1%) free+waste,   234.44 KB ( <1%) overhead. 
      Class:     12.33 MB capacity,    11.58 MB ( 94%) used,   668.02 KB (  5%) free+waste,   104.13 KB ( <1%) overhead. 
       Both:     94.21 MB capacity,    92.08 MB ( 98%) used,     1.80 MB (  2%) free+waste,   338.56 KB ( <1%) overhead. 

Virtual space:
  Non-class space:       90.00 MB reserved,      81.92 MB ( 91%) committed 
      Class space:        1.00 GB reserved,      12.38 MB (  1%) committed 
             Both:        1.09 GB reserved,      94.29 MB (  8%) committed 

Chunk freelists:
   Non-Class:  36.00 KB
       Class:  15.00 KB
        Both:  51.00 KB

MaxMetaspaceSize: 17179869184.00 GB
CompressedClassSpaceSize: 1.00 GB

CodeHeap 'non-profiled nmethods': size=120064Kb used=9787Kb max_used=9787Kb free=110276Kb
 bounds [0x000001c76bae0000, 0x000001c76c470000, 0x000001c773020000]
CodeHeap 'profiled nmethods': size=120000Kb used=29572Kb max_used=29572Kb free=90427Kb
 bounds [0x000001c7645b0000, 0x000001c7662a0000, 0x000001c76bae0000]
CodeHeap 'non-nmethods': size=5696Kb used=2287Kb max_used=2352Kb free=3409Kb
 bounds [0x000001c764020000, 0x000001c764290000, 0x000001c7645b0000]
 total_blobs=13992 nmethods=13105 adapters=796
 compilation: enabled
              stopped_count=0, restarted_count=0
 full_count=0

Compilation events (20 events):
Event: 85.612 Thread 0x000001c77a158000 13138       3       jdk.internal.jimage.ImageBufferCache::releaseBuffer (75 bytes)
Event: 85.613 Thread 0x000001c77a158000 nmethod 13138 0x000001c766285f10 code [0x000001c766286180, 0x000001c766286d88]
Event: 85.623 Thread 0x000001c77a158000 13139   !   3       jdk.internal.jimage.BasicImageReader::getResourceBuffer (201 bytes)
Event: 85.644 Thread 0x000001c77a158000 nmethod 13139 0x000001c766287110 code [0x000001c7662875c0, 0x000001c766289768]
Event: 85.644 Thread 0x000001c77a158000 13140       3       jdk.internal.jimage.decompressor.ZipDecompressor::decompress (10 bytes)
Event: 85.644 Thread 0x000001c77a158000 nmethod 13140 0x000001c76628a590 code [0x000001c76628a740, 0x000001c76628a868]
Event: 85.704 Thread 0x000001c77a139800 nmethod 13137 0x000001c76c463e10 code [0x000001c76c464160, 0x000001c76c465ee8]
Event: 85.704 Thread 0x000001c77a139800 13141       4       org.gradle.api.internal.changedetection.state.CachingFileHasher::hash (12 bytes)
Event: 85.705 Thread 0x000001c77a139800 nmethod 13141 0x000001c76c467510 code [0x000001c76c4676c0, 0x000001c76c467768]
Event: 85.761 Thread 0x000001c77a139800 13142       4       org.gradle.internal.hash.Hashing$MessageDigestHasher::putHash (9 bytes)
Event: 85.762 Thread 0x000001c77a139800 nmethod 13142 0x000001c76c467890 code [0x000001c76c467a20, 0x000001c76c467af8]
Event: 85.812 Thread 0x000001c700656800 nmethod 13120 0x000001c76c467c90 code [0x000001c76c467fa0, 0x000001c76c46d0d0]
Event: 85.814 Thread 0x000001c77a139800 13143       4       java.util.LinkedHashMap::afterNodeRemoval (65 bytes)
Event: 85.822 Thread 0x000001c77a139800 nmethod 13143 0x000001c76c46e390 code [0x000001c76c46e520, 0x000001c76c46e9b8]
Event: 85.878 Thread 0x000001c700656800 13144       4       java.util.Arrays::sort (37 bytes)
Event: 85.880 Thread 0x000001c700656800 nmethod 13144 0x000001c76c46ea90 code [0x000001c76c46ec40, 0x000001c76c46ece8]
Event: 85.980 Thread 0x000001c77a158000 13145   !   3       jdk.internal.jimage.BasicImageReader::readBuffer (232 bytes)
Event: 85.981 Thread 0x000001c77a158000 nmethod 13145 0x000001c76628a910 code [0x000001c76628ac80, 0x000001c76628c1f8]
Event: 85.983 Thread 0x000001c77a158000 13146   !   3       jdk.internal.jimage.decompressor.Decompressor::decompressResource (260 bytes)
Event: 85.987 Thread 0x000001c77a158000 nmethod 13146 0x000001c76628c990 code [0x000001c76628cf00, 0x000001c76628fea8]

GC Heap History (20 events):
Event: 79.436 GC heap before
{Heap before GC invocations=40 (full 0):
 garbage-first heap   total 157696K, used 129928K [0x0000000080000000, 0x0000000100000000)
  region size 1024K, 36 young (36864K), 4 survivors (4096K)
 Metaspace       used 86258K, capacity 88328K, committed 88492K, reserved 1126400K
  class space    used 10982K, capacity 11712K, committed 11776K, reserved 1048576K
}
Event: 79.446 GC heap after
{Heap after GC invocations=41 (full 0):
 garbage-first heap   total 157696K, used 99177K [0x0000000080000000, 0x0000000100000000)
  region size 1024K, 3 young (3072K), 3 survivors (3072K)
 Metaspace       used 86258K, capacity 88328K, committed 88492K, reserved 1126400K
  class space    used 10982K, capacity 11712K, committed 11776K, reserved 1048576K
}
Event: 80.629 GC heap before
{Heap before GC invocations=42 (full 0):
 garbage-first heap   total 157696K, used 128492K [0x0000000080000000, 0x0000000100000000)
  region size 1024K, 35 young (35840K), 3 survivors (3072K)
 Metaspace       used 88358K, capacity 90386K, committed 90540K, reserved 1128448K
  class space    used 11225K, capacity 11925K, committed 12032K, reserved 1048576K
}
Event: 80.642 GC heap after
{Heap after GC invocations=43 (full 0):
 garbage-first heap   total 157696K, used 100642K [0x0000000080000000, 0x0000000100000000)
  region size 1024K, 5 young (5120K), 5 survivors (5120K)
 Metaspace       used 88358K, capacity 90386K, committed 90540K, reserved 1128448K
  class space    used 11225K, capacity 11925K, committed 12032K, reserved 1048576K
}
Event: 80.725 GC heap before
{Heap before GC invocations=43 (full 0):
 garbage-first heap   total 157696K, used 101666K [0x0000000080000000, 0x0000000100000000)
  region size 1024K, 7 young (7168K), 5 survivors (5120K)
 Metaspace       used 88374K, capacity 90389K, committed 90540K, reserved 1128448K
  class space    used 11227K, capacity 11926K, committed 12032K, reserved 1048576K
}
Event: 80.737 GC heap after
{Heap after GC invocations=44 (full 0):
 garbage-first heap   total 157696K, used 98628K [0x0000000080000000, 0x0000000100000000)
  region size 1024K, 1 young (1024K), 1 survivors (1024K)
 Metaspace       used 88374K, capacity 90389K, committed 90540K, reserved 1128448K
  class space    used 11227K, capacity 11926K, committed 12032K, reserved 1048576K
}
Event: 81.847 GC heap before
{Heap before GC invocations=44 (full 0):
 garbage-first heap   total 157696K, used 127300K [0x0000000080000000, 0x0000000100000000)
  region size 1024K, 31 young (31744K), 1 survivors (1024K)
 Metaspace       used 88546K, capacity 90562K, committed 90796K, reserved 1128448K
  class space    used 11257K, capacity 11962K, committed 12032K, reserved 1048576K
}
Event: 81.854 GC heap after
{Heap after GC invocations=45 (full 0):
 garbage-first heap   total 157696K, used 98987K [0x0000000080000000, 0x0000000100000000)
  region size 1024K, 2 young (2048K), 2 survivors (2048K)
 Metaspace       used 88546K, capacity 90562K, committed 90796K, reserved 1128448K
  class space    used 11257K, capacity 11962K, committed 12032K, reserved 1048576K
}
Event: 82.939 GC heap before
{Heap before GC invocations=46 (full 0):
 garbage-first heap   total 157696K, used 133803K [0x0000000080000000, 0x0000000100000000)
  region size 1024K, 34 young (34816K), 2 survivors (2048K)
 Metaspace       used 88717K, capacity 90798K, committed 91052K, reserved 1128448K
  class space    used 11271K, capacity 11996K, committed 12032K, reserved 1048576K
}
Event: 82.955 GC heap after
{Heap after GC invocations=47 (full 0):
 garbage-first heap   total 157696K, used 106925K [0x0000000080000000, 0x0000000100000000)
  region size 1024K, 5 young (5120K), 5 survivors (5120K)
 Metaspace       used 88717K, capacity 90798K, committed 91052K, reserved 1128448K
  class space    used 11271K, capacity 11996K, committed 12032K, reserved 1048576K
}
Event: 82.978 GC heap before
{Heap before GC invocations=47 (full 0):
 garbage-first heap   total 157696K, used 108973K [0x0000000080000000, 0x0000000100000000)
  region size 1024K, 7 young (7168K), 5 survivors (5120K)
 Metaspace       used 88717K, capacity 90798K, committed 91052K, reserved 1128448K
  class space    used 11271K, capacity 11996K, committed 12032K, reserved 1048576K
}
Event: 82.991 GC heap after
{Heap after GC invocations=48 (full 0):
 garbage-first heap   total 157696K, used 107292K [0x0000000080000000, 0x0000000100000000)
  region size 1024K, 1 young (1024K), 1 survivors (1024K)
 Metaspace       used 88717K, capacity 90798K, committed 91052K, reserved 1128448K
  class space    used 11271K, capacity 11996K, committed 12032K, reserved 1048576K
}
Event: 84.299 GC heap before
{Heap before GC invocations=48 (full 0):
 garbage-first heap   total 157696K, used 127772K [0x0000000080000000, 0x0000000100000000)
  region size 1024K, 22 young (22528K), 1 survivors (1024K)
 Metaspace       used 90254K, capacity 92402K, committed 92588K, reserved 1130496K
  class space    used 11421K, capacity 12206K, committed 12288K, reserved 1048576K
}
Event: 84.312 GC heap after
{Heap after GC invocations=49 (full 0):
 garbage-first heap   total 157696K, used 111616K [0x0000000080000000, 0x0000000100000000)
  region size 1024K, 3 young (3072K), 3 survivors (3072K)
 Metaspace       used 90254K, capacity 92402K, committed 92588K, reserved 1130496K
  class space    used 11421K, capacity 12206K, committed 12288K, reserved 1048576K
}
Event: 85.132 GC heap before
{Heap before GC invocations=50 (full 0):
 garbage-first heap   total 157696K, used 130048K [0x0000000080000000, 0x0000000100000000)
  region size 1024K, 21 young (21504K), 3 survivors (3072K)
 Metaspace       used 91677K, capacity 93912K, committed 94124K, reserved 1130496K
  class space    used 11513K, capacity 12283K, committed 12288K, reserved 1048576K
}
Event: 85.146 GC heap after
{Heap after GC invocations=51 (full 0):
 garbage-first heap   total 157696K, used 112108K [0x0000000080000000, 0x0000000100000000)
  region size 1024K, 2 young (2048K), 2 survivors (2048K)
 Metaspace       used 91677K, capacity 93912K, committed 94124K, reserved 1130496K
  class space    used 11513K, capacity 12283K, committed 12288K, reserved 1048576K
}
Event: 85.295 GC heap before
{Heap before GC invocations=51 (full 0):
 garbage-first heap   total 157696K, used 116204K [0x0000000080000000, 0x0000000100000000)
  region size 1024K, 7 young (7168K), 2 survivors (2048K)
 Metaspace       used 91677K, capacity 93912K, committed 94124K, reserved 1130496K
  class space    used 11513K, capacity 12283K, committed 12288K, reserved 1048576K
}
Event: 85.301 GC heap after
{Heap after GC invocations=52 (full 0):
 garbage-first heap   total 157696K, used 110638K [0x0000000080000000, 0x0000000100000000)
  region size 1024K, 1 young (1024K), 1 survivors (1024K)
 Metaspace       used 91677K, capacity 93912K, committed 94124K, reserved 1130496K
  class space    used 11513K, capacity 12283K, committed 12288K, reserved 1048576K
}
Event: 85.624 GC heap before
{Heap before GC invocations=52 (full 0):
 garbage-first heap   total 157696K, used 131118K [0x0000000080000000, 0x0000000100000000)
  region size 1024K, 20 young (20480K), 1 survivors (1024K)
 Metaspace       used 92438K, capacity 94656K, committed 94764K, reserved 1132544K
  class space    used 11620K, capacity 12381K, committed 12416K, reserved 1048576K
}
Event: 85.630 GC heap after
{Heap after GC invocations=53 (full 0):
 garbage-first heap   total 189440K, used 111694K [0x0000000080000000, 0x0000000100000000)
  region size 1024K, 2 young (2048K), 2 survivors (2048K)
 Metaspace       used 92438K, capacity 94656K, committed 94764K, reserved 1132544K
  class space    used 11620K, capacity 12381K, committed 12416K, reserved 1048576K
}

Deoptimization events (20 events):
Event: 85.455 Thread 0x000001c702d49800 Uncommon trap: trap_request=0xffffff6e fr.pc=0x000001c76c3ac8d4 relative=0x00000000000034b4
Event: 85.455 Thread 0x000001c702d49800 Uncommon trap: reason=speculate_class_check action=maybe_recompile pc=0x000001c76c3ac8d4 method=org.gradle.internal.snapshot.AbstractIncompleteSnapshotWithChildren.withReplacedChild(ILorg/gradle/internal/snapshot/FileSystemNode;Lorg/gradle/internal/snapsh
Event: 85.455 Thread 0x000001c702d49800 DEOPT PACKING pc=0x000001c76c3ac8d4 sp=0x000000aae8ffbdc0
Event: 85.455 Thread 0x000001c702d49800 DEOPT UNPACKING pc=0x000001c7640478af sp=0x000000aae8ffbbb0 mode 2
Event: 85.526 Thread 0x000001c702d50000 Uncommon trap: trap_request=0xffffff4d fr.pc=0x000001c76bd61f8c relative=0x000000000000346c
Event: 85.526 Thread 0x000001c702d50000 Uncommon trap: reason=unstable_if action=reinterpret pc=0x000001c76bd61f8c method=java.util.jar.Manifest$FastInputStream.readLine([BII)I @ 106 c2
Event: 85.526 Thread 0x000001c702d50000 DEOPT PACKING pc=0x000001c76bd61f8c sp=0x000000aade1fc660
Event: 85.526 Thread 0x000001c702d50000 DEOPT UNPACKING pc=0x000001c7640478af sp=0x000000aade1fc558 mode 2
Event: 85.527 Thread 0x000001c702d50000 Uncommon trap: trap_request=0xffffff4d fr.pc=0x000001c76bd52544 relative=0x00000000000003e4
Event: 85.527 Thread 0x000001c702d50000 Uncommon trap: reason=unstable_if action=reinterpret pc=0x000001c76bd52544 method=java.util.jar.Manifest$FastInputStream.readLine([BII)I @ 106 c2
Event: 85.527 Thread 0x000001c702d50000 DEOPT PACKING pc=0x000001c76bd52544 sp=0x000000aade1fc610
Event: 85.527 Thread 0x000001c702d50000 DEOPT UNPACKING pc=0x000001c7640478af sp=0x000000aade1fc548 mode 2
Event: 85.527 Thread 0x000001c702d50000 Uncommon trap: trap_request=0xffffff4d fr.pc=0x000001c76bd4cc60 relative=0x0000000000000400
Event: 85.527 Thread 0x000001c702d50000 Uncommon trap: reason=unstable_if action=reinterpret pc=0x000001c76bd4cc60 method=java.util.jar.Manifest$FastInputStream.readLine([BII)I @ 106 c2
Event: 85.527 Thread 0x000001c702d50000 DEOPT PACKING pc=0x000001c76bd4cc60 sp=0x000000aade1fc5a0
Event: 85.527 Thread 0x000001c702d50000 DEOPT UNPACKING pc=0x000001c7640478af sp=0x000000aade1fc550 mode 2
Event: 85.527 Thread 0x000001c702d50000 Uncommon trap: trap_request=0xffffff4d fr.pc=0x000001c76c2b9910 relative=0x0000000000004f30
Event: 85.527 Thread 0x000001c702d50000 Uncommon trap: reason=unstable_if action=reinterpret pc=0x000001c76c2b9910 method=java.lang.reflect.AccessibleObject.logIfExportedForIllegalAccess(Ljava/lang/Class;Ljava/lang/Class;)V @ 37 c2
Event: 85.527 Thread 0x000001c702d50000 DEOPT PACKING pc=0x000001c76c2b9910 sp=0x000000aade1fd660
Event: 85.527 Thread 0x000001c702d50000 DEOPT UNPACKING pc=0x000001c7640478af sp=0x000000aade1fd500 mode 2

Classes redefined (0 events):
No events

Internal exceptions (20 events):
Event: 68.833 Thread 0x000001c702d4d800 Exception <a 'java/lang/NoSuchMethodError'{0x0000000088917288}: 'void java.lang.invoke.DirectMethodHandle$Holder.invokeVirtual(java.lang.Object, java.lang.Object)'> (0x0000000088917288) thrown at [./src/hotspot/share/interpreter/linkResolver.cpp, line 773]
Event: 70.129 Thread 0x000001c702d4d800 Exception <a 'java/lang/NoSuchMethodError'{0x00000000896a7200}: <clinit>> (0x00000000896a7200) thrown at [./src/hotspot/share/prims/jni.cpp, line 1362]
Event: 70.145 Thread 0x000001c702d4d800 Exception <a 'java/lang/NoSuchMethodError'{0x00000000896c2fd8}: <clinit>> (0x00000000896c2fd8) thrown at [./src/hotspot/share/prims/jni.cpp, line 1362]
Event: 70.147 Thread 0x000001c702d4d800 Exception <a 'java/lang/NoSuchMethodError'{0x00000000896d9958}: <clinit>> (0x00000000896d9958) thrown at [./src/hotspot/share/prims/jni.cpp, line 1362]
Event: 70.150 Thread 0x000001c702d4d800 Exception <a 'java/lang/NoSuchMethodError'{0x00000000896e9458}: <clinit>> (0x00000000896e9458) thrown at [./src/hotspot/share/prims/jni.cpp, line 1362]
Event: 70.158 Thread 0x000001c702d4d800 Exception <a 'java/lang/NoSuchMethodError'{0x000000008951c3b0}: <clinit>> (0x000000008951c3b0) thrown at [./src/hotspot/share/prims/jni.cpp, line 1362]
Event: 70.179 Thread 0x000001c702d4d800 Exception <a 'java/lang/NoSuchMethodError'{0x00000000895e4318}: <clinit>> (0x00000000895e4318) thrown at [./src/hotspot/share/prims/jni.cpp, line 1362]
Event: 70.259 Thread 0x000001c702d50000 Exception <a 'java/lang/NoSuchMethodError'{0x000000008939e078}: 'void java.lang.invoke.DirectMethodHandle$Holder.invokeStatic(java.lang.Object, long)'> (0x000000008939e078) thrown at [./src/hotspot/share/interpreter/linkResolver.cpp, line 773]
Event: 70.260 Thread 0x000001c702d50000 Exception <a 'java/lang/NoSuchMethodError'{0x00000000893a3290}: 'java.lang.Object java.lang.invoke.DirectMethodHandle$Holder.invokeStatic(java.lang.Object, long)'> (0x00000000893a3290) thrown at [./src/hotspot/share/interpreter/linkResolver.cpp, line 773]
Event: 70.262 Thread 0x000001c702d50000 Exception <a 'java/lang/NoSuchMethodError'{0x00000000893b15a8}: 'java.lang.Object java.lang.invoke.DirectMethodHandle$Holder.invokeStaticInit(java.lang.Object, java.lang.Object, long, java.lang.Object)'> (0x00000000893b15a8) thrown at [./src/hotspot/share/interpreter/linkResolver.cpp, line 773]
Event: 70.262 Thread 0x000001c702d50000 Exception <a 'java/lang/NoSuchMethodError'{0x00000000893b7708}: 'java.lang.Object java.lang.invoke.DirectMethodHandle$Holder.invokeStatic(java.lang.Object, java.lang.Object, long)'> (0x00000000893b7708) thrown at [./src/hotspot/share/interpreter/linkResolver.cpp, line 773]
Event: 70.262 Thread 0x000001c702d50000 Exception <a 'java/lang/NoSuchMethodError'{0x00000000893bdc80}: 'java.lang.Object java.lang.invoke.Invokers$Holder.linkToTargetMethod(java.lang.Object, long, java.lang.Object)'> (0x00000000893bdc80) thrown at [./src/hotspot/share/interpreter/linkResolver.cpp, line 773]
Event: 70.833 Thread 0x000001c702d50000 Exception <a 'java/lang/NoSuchMethodError'{0x00000000891448e8}: 'int java.lang.invoke.DirectMethodHandle$Holder.invokeSpecialIFC(java.lang.Object, java.lang.Object, java.lang.Object)'> (0x00000000891448e8) thrown at [./src/hotspot/share/interpreter/linkResolver.cpp, line 773]
Event: 77.463 Thread 0x000001c702d50000 Exception <a 'sun/nio/fs/WindowsException'{0x0000000088f1c888}> (0x0000000088f1c888) thrown at [./src/hotspot/share/prims/jni.cpp, line 615]
Event: 77.467 Thread 0x000001c702d50000 Exception <a 'sun/nio/fs/WindowsException'{0x0000000088f36930}> (0x0000000088f36930) thrown at [./src/hotspot/share/prims/jni.cpp, line 615]
Event: 77.467 Thread 0x000001c702d50000 Exception <a 'sun/nio/fs/WindowsException'{0x0000000088f36a18}> (0x0000000088f36a18) thrown at [./src/hotspot/share/prims/jni.cpp, line 615]
Event: 80.474 Thread 0x000001c702d4d800 Exception <a 'sun/nio/fs/WindowsException'{0x0000000087eb4a48}> (0x0000000087eb4a48) thrown at [./src/hotspot/share/prims/jni.cpp, line 615]
Event: 80.475 Thread 0x000001c702d4d800 Exception <a 'sun/nio/fs/WindowsException'{0x0000000087eb5870}> (0x0000000087eb5870) thrown at [./src/hotspot/share/prims/jni.cpp, line 615]
Event: 82.189 Thread 0x000001c702d4d800 Exception <a 'java/lang/NoSuchMethodError'{0x000000008988ae20}: <clinit>> (0x000000008988ae20) thrown at [./src/hotspot/share/prims/jni.cpp, line 1362]
Event: 83.661 Thread 0x000001c702d4d800 Exception <a 'java/lang/NoSuchMethodError'{0x0000000088b974f0}: <clinit>> (0x0000000088b974f0) thrown at [./src/hotspot/share/prims/jni.cpp, line 1362]

Events (20 events):
Event: 85.993 loading class com/sun/tools/javac/comp/Resolve$RecoveryLoadClass done
Event: 85.993 loading class com/sun/tools/javac/comp/Env
Event: 85.993 loading class com/sun/tools/javac/comp/Env done
Event: 85.993 loading class com/sun/tools/javac/comp/Resolve
Event: 85.993 loading class com/sun/tools/javac/comp/Resolve done
Event: 85.993 loading class com/sun/tools/javac/comp/Env
Event: 85.993 loading class com/sun/tools/javac/comp/Env done
Event: 85.994 loading class com/sun/tools/javac/comp/Resolve
Event: 85.994 loading class com/sun/tools/javac/comp/Resolve done
Event: 86.024 loading class com/sun/tools/javac/code/Type
Event: 86.024 loading class com/sun/tools/javac/code/Type done
Event: 86.024 loading class com/sun/tools/javac/code/Type
Event: 86.024 loading class com/sun/tools/javac/code/Type done
Event: 86.029 loading class com/sun/tools/javac/tree/JCTree$JCImport
Event: 86.029 loading class com/sun/tools/javac/tree/JCTree$JCImport done
Event: 86.029 loading class com/sun/tools/javac/tree/JCTree$JCImport
Event: 86.029 loading class com/sun/tools/javac/tree/JCTree$JCImport done
Event: 86.029 loading class com/sun/tools/javac/comp/TypeEnter$ImportsPhase
Event: 86.029 loading class com/sun/tools/javac/comp/TypeEnter$ImportsPhase done
Event: 86.039 Executing VM operation: CollectForMetadataAllocation


Dynamic libraries:
0x00007ff622a80000 - 0x00007ff622a8a000 	C:\Program Files\Android\Android Studio1\jre\bin\java.exe
0x00007ff8aedc0000 - 0x00007ff8aefc7000 	C:\Windows\SYSTEM32\ntdll.dll
0x00007ff8ae0f0000 - 0x00007ff8ae1ad000 	C:\Windows\System32\KERNEL32.DLL
0x00007ff8ac630000 - 0x00007ff8ac9a4000 	C:\Windows\System32\KERNELBASE.dll
0x00007ff8ac3f0000 - 0x00007ff8ac501000 	C:\Windows\System32\ucrtbase.dll
0x00007ff8a65b0000 - 0x00007ff8a65c9000 	C:\Program Files\Android\Android Studio1\jre\bin\jli.dll
0x00007ff8a6840000 - 0x00007ff8a6857000 	C:\Program Files\Android\Android Studio1\jre\bin\VCRUNTIME140.dll
0x00007ff8ae7f0000 - 0x00007ff8ae99c000 	C:\Windows\System32\USER32.dll
0x00007ff8ac2a0000 - 0x00007ff8ac2c6000 	C:\Windows\System32\win32u.dll
0x00007ff88f780000 - 0x00007ff88fa25000 	C:\Windows\WinSxS\amd64_microsoft.windows.common-controls_6595b64144ccf1df_6.0.22000.120_none_9d947278b86cc467\COMCTL32.dll
0x00007ff8ae9a0000 - 0x00007ff8ae9c9000 	C:\Windows\System32\GDI32.dll
0x00007ff8acdf0000 - 0x00007ff8ace93000 	C:\Windows\System32\msvcrt.dll
0x00007ff8ac2d0000 - 0x00007ff8ac3e2000 	C:\Windows\System32\gdi32full.dll
0x00007ff8ac510000 - 0x00007ff8ac5ad000 	C:\Windows\System32\msvcp_win.dll
0x00007ff8ad320000 - 0x00007ff8ad351000 	C:\Windows\System32\IMM32.DLL
0x00007ff89ae90000 - 0x00007ff89af2d000 	C:\Program Files\Android\Android Studio1\jre\bin\msvcp140.dll
0x00007ff870ca0000 - 0x00007ff87176f000 	C:\Program Files\Android\Android Studio1\jre\bin\server\jvm.dll
0x00007ff8aebf0000 - 0x00007ff8aec9c000 	C:\Windows\System32\ADVAPI32.dll
0x00007ff8ae050000 - 0x00007ff8ae0ed000 	C:\Windows\System32\sechost.dll
0x00007ff8ae380000 - 0x00007ff8ae4a1000 	C:\Windows\System32\RPCRT4.dll
0x00007ff8ae370000 - 0x00007ff8ae378000 	C:\Windows\System32\PSAPI.DLL
0x00007ff8a6800000 - 0x00007ff8a6833000 	C:\Windows\SYSTEM32\WINMM.dll
0x00007ff8a1b10000 - 0x00007ff8a1b19000 	C:\Windows\SYSTEM32\WSOCK32.dll
0x00007ff8aed00000 - 0x00007ff8aed6f000 	C:\Windows\System32\WS2_32.dll
0x00007ff8a7ea0000 - 0x00007ff8a7eaa000 	C:\Windows\SYSTEM32\VERSION.dll
0x00007ff8ab4c0000 - 0x00007ff8ab4d8000 	C:\Windows\SYSTEM32\kernel.appcore.dll
0x00007ff891970000 - 0x00007ff891981000 	C:\Program Files\Android\Android Studio1\jre\bin\verify.dll
0x00007ff8a7740000 - 0x00007ff8a7961000 	C:\Windows\SYSTEM32\DBGHELP.DLL
0x00007ff8a76a0000 - 0x00007ff8a76d1000 	C:\Windows\SYSTEM32\dbgcore.DLL
0x00007ff8ac5b0000 - 0x00007ff8ac630000 	C:\Windows\System32\bcryptPrimitives.dll
0x00007ff890150000 - 0x00007ff890179000 	C:\Program Files\Android\Android Studio1\jre\bin\java.dll
0x00007ff8a1750000 - 0x00007ff8a175b000 	C:\Program Files\Android\Android Studio1\jre\bin\jimage.dll
0x00007ff890130000 - 0x00007ff890148000 	C:\Program Files\Android\Android Studio1\jre\bin\zip.dll
0x00007ff8ad360000 - 0x00007ff8adb09000 	C:\Windows\System32\SHELL32.dll
0x00007ff8aa460000 - 0x00007ff8aacc2000 	C:\Windows\SYSTEM32\windows.storage.dll
0x00007ff8adbf0000 - 0x00007ff8adf68000 	C:\Windows\System32\combase.dll
0x00007ff8aa2f0000 - 0x00007ff8aa456000 	C:\Windows\SYSTEM32\wintypes.dll
0x00007ff8ae9d0000 - 0x00007ff8aeaba000 	C:\Windows\System32\SHCORE.dll
0x00007ff8aeca0000 - 0x00007ff8aecfd000 	C:\Windows\System32\shlwapi.dll
0x00007ff8ac1d0000 - 0x00007ff8ac1f1000 	C:\Windows\SYSTEM32\profapi.dll
0x00007ff88e7f0000 - 0x00007ff88e80a000 	C:\Program Files\Android\Android Studio1\jre\bin\net.dll
0x00007ff8a8d60000 - 0x00007ff8a8e6c000 	C:\Windows\SYSTEM32\WINHTTP.dll
0x00007ff8ab8d0000 - 0x00007ff8ab937000 	C:\Windows\system32\mswsock.dll
0x00007ff88e7d0000 - 0x00007ff88e7e4000 	C:\Program Files\Android\Android Studio1\jre\bin\nio.dll
0x00007ff8904d0000 - 0x00007ff8904f7000 	C:\Users\Acer\.gradle\native\f6784746aeab05261644944871eae4fe03e0ef1612fff0a4a95f87b438bc6780\windows-amd64\native-platform.dll
0x00007ff89bfd0000 - 0x00007ff89bfda000 	C:\Program Files\Android\Android Studio1\jre\bin\management.dll
0x00007ff89bf90000 - 0x00007ff89bf9c000 	C:\Program Files\Android\Android Studio1\jre\bin\management_ext.dll
0x00007ff8abb20000 - 0x00007ff8abb38000 	C:\Windows\SYSTEM32\CRYPTSP.dll
0x00007ff8ab420000 - 0x00007ff8ab455000 	C:\Windows\system32\rsaenh.dll
0x00007ff8ab9c0000 - 0x00007ff8ab9e9000 	C:\Windows\SYSTEM32\USERENV.dll
0x00007ff8abc90000 - 0x00007ff8abcb7000 	C:\Windows\SYSTEM32\bcrypt.dll
0x00007ff8abb10000 - 0x00007ff8abb1c000 	C:\Windows\SYSTEM32\CRYPTBASE.dll
0x00007ff8ab040000 - 0x00007ff8ab06d000 	C:\Windows\SYSTEM32\IPHLPAPI.DLL
0x00007ff8ae360000 - 0x00007ff8ae369000 	C:\Windows\System32\NSI.dll
0x00007ff8a8ec0000 - 0x00007ff8a8ed9000 	C:\Windows\SYSTEM32\dhcpcsvc6.DLL
0x00007ff8a9090000 - 0x00007ff8a90ae000 	C:\Windows\SYSTEM32\dhcpcsvc.DLL
0x00007ff8ab070000 - 0x00007ff8ab157000 	C:\Windows\SYSTEM32\DNSAPI.dll
0x00007ff8a8e70000 - 0x00007ff8a8e7c000 	C:\Windows\SYSTEM32\WINNSI.DLL

dbghelp: loaded successfully - version: 4.0.5 - missing functions: none
symbol engine: initialized successfully - sym options: 0x614 - pdb path: .;C:\Program Files\Android\Android Studio1\jre\bin;C:\Windows\SYSTEM32;C:\Windows\WinSxS\amd64_microsoft.windows.common-controls_6595b64144ccf1df_6.0.22000.120_none_9d947278b86cc467;C:\Program Files\Android\Android Studio1\jre\bin\server;C:\Users\Acer\.gradle\native\f6784746aeab05261644944871eae4fe03e0ef1612fff0a4a95f87b438bc6780\windows-amd64

VM Arguments:
jvm_args: --add-opens=java.base/java.util=ALL-UNNAMED --add-opens=java.base/java.lang=ALL-UNNAMED --add-opens=java.base/java.lang.invoke=ALL-UNNAMED --add-opens=java.prefs/java.util.prefs=ALL-UNNAMED -Xmx2048m -Dfile.encoding=UTF-8 -Duser.country=RU -Duser.language=ru -Duser.variant 
java_command: org.gradle.launcher.daemon.bootstrap.GradleDaemon 6.5
java_class_path (initial): C:\Users\Acer\.gradle\wrapper\dists\gradle-6.5-bin\6nifqtx7604sqp1q6g8wikw7p\gradle-6.5\lib\gradle-launcher-6.5.jar
Launcher Type: SUN_STANDARD

[Global flags]
     intx CICompilerCount                          = 3                                         {product} {ergonomic}
     uint ConcGCThreads                            = 1                                         {product} {ergonomic}
     uint G1ConcRefinementThreads                  = 4                                         {product} {ergonomic}
   size_t G1HeapRegionSize                         = 1048576                                   {product} {ergonomic}
    uintx GCDrainStackTargetSize                   = 64                                        {product} {ergonomic}
   size_t InitialHeapSize                          = 134217728                                 {product} {ergonomic}
   size_t MarkStackSize                            = 4194304                                   {product} {ergonomic}
   size_t MaxHeapSize                              = 2147483648                                {product} {command line}
   size_t MaxNewSize                               = 1287651328                                {product} {ergonomic}
   size_t MinHeapDeltaBytes                        = 1048576                                   {product} {ergonomic}
    uintx NonNMethodCodeHeapSize                   = 5830732                                {pd product} {ergonomic}
    uintx NonProfiledCodeHeapSize                  = 122913754                              {pd product} {ergonomic}
    uintx ProfiledCodeHeapSize                     = 122913754                              {pd product} {ergonomic}
    uintx ReservedCodeCacheSize                    = 251658240                              {pd product} {ergonomic}
     bool SegmentedCodeCache                       = true                                      {product} {ergonomic}
     bool UseCompressedClassPointers               = true                                 {lp64_product} {ergonomic}
     bool UseCompressedOops                        = true                                 {lp64_product} {ergonomic}
     bool UseG1GC                                  = true                                      {product} {ergonomic}
     bool UseLargePagesIndividualAllocation        = false                                  {pd product} {ergonomic}

Logging:
Log output configuration:
 #0: stdout all=warning uptime,level,tags
 #1: stderr all=off uptime,level,tags

Environment Variables:
PATH=C:\Program Files\Common Files\Oracle\Java\javapath;C:\Windows\system32;C:\Windows;C:\Windows\System32\Wbem;C:\Windows\System32\WindowsPowerShell\v1.0\;C:\Windows\System32\OpenSSH\;C:\Program Files (x86)\NVIDIA Corporation\PhysX\Common;C:\Program Files\Git\cmd;C:\Users\Acer\AppData\Local\Microsoft\WindowsApps;
USERNAME=Acer
OS=Windows_NT
PROCESSOR_IDENTIFIER=Intel64 Family 6 Model 142 Stepping 9, GenuineIntel



---------------  S Y S T E M  ---------------

OS: Windows 10 , 64 bit Build 22000 (10.0.22000.120)
OS uptime: 2 days 1:16 hours

CPU:total 4 (initial active 4) (2 cores per cpu, 2 threads per core) family 6 model 142 stepping 9 microcode 0xde, cmov, cx8, fxsr, mmx, sse, sse2, sse3, ssse3, sse4.1, sse4.2, popcnt, avx, avx2, aes, clmul, erms, 3dnowpref, lzcnt, ht, tsc, tscinvbit, bmi1, bmi2, adx, fma

Memory: 4k page, system-wide physical 8069M (757M free)
TotalPageFile size 8069M (AvailPageFile size 0M)
current process WorkingSet (physical memory assigned to process): 438M, peak: 438M
current process commit charge ("private bytes"): 490M, peak: 491M

vm_info: OpenJDK 64-Bit Server VM (11.0.10+0-b96-7249189) for windows-amd64 JRE (11.0.10+0-b96-7249189), built on Mar 31 2021 21:44:00 by "builder" with MS VC++ 14.0 (VS2015)

END.
