#
# There is insufficient memory for the Java Runtime Environment to continue.
# Native memory allocation (malloc) failed to allocate 1055856 bytes for Chunk::new
# Possible reasons:
#   The system is out of physical RAM or swap space
#   The process is running with CompressedOops enabled, and the Java Heap may be blocking the growth of the native heap
# Possible solutions:
#   Reduce memory load on the system
#   Increase physical memory or swap space
#   Check if swap backing store is full
#   Decrease Java heap size (-Xmx/-Xms)
#   Decrease number of Java threads
#   Decrease Java thread stack sizes (-Xss)
#   Set larger code cache with -XX:ReservedCodeCacheSize=
#   JVM is running with Unscaled Compressed Oops mode in which the Java heap is
#     placed in the first 4GB address space. The Java Heap base address is the
#     maximum limit for the native heap growth. Please use -XX:HeapBaseMinAddress
#     to set the Java Heap base and to place the Java Heap above 4GB virtual address.
# This output file may be truncated or incomplete.
#
#  Out of Memory Error (./src/hotspot/share/memory/arena.cpp:197), pid=7612, tid=1432
#
# JRE version: OpenJDK Runtime Environment (11.0.10) (build 11.0.10+0-b96-7249189)
# Java VM: OpenJDK 64-Bit Server VM (11.0.10+0-b96-7249189, mixed mode, tiered, compressed oops, g1 gc, windows-amd64)
# No core dump will be written. Minidumps are not enabled by default on client versions of Windows
#

---------------  S U M M A R Y ------------

Command Line: --add-opens=java.base/java.util=ALL-UNNAMED --add-opens=java.base/java.lang=ALL-UNNAMED --add-opens=java.base/java.lang.invoke=ALL-UNNAMED --add-opens=java.prefs/java.util.prefs=ALL-UNNAMED -Xmx2048m -Dfile.encoding=UTF-8 -Duser.country=RU -Duser.language=ru -Duser.variant org.gradle.launcher.daemon.bootstrap.GradleDaemon 6.5

Host: Intel(R) Core(TM) i5-7200U CPU @ 2.50GHz, 4 cores, 7G,  Windows 10 , 64 bit Build 22000 (10.0.22000.120)
Time: Sat Aug 28 14:12:35 2021 RTZ 2 (зима) elapsed time: 12.644934 seconds (0d 0h 0m 12s)

---------------  T H R E A D  ---------------

Current thread (0x000001cdbc84e800):  JavaThread "C2 CompilerThread0" daemon [_thread_in_native, id=1432, stack(0x000000c929800000,0x000000c929900000)]


Current CompileTask:
C2:  12644 6169       4       java.beans.Introspector::addMethod (196 bytes)

Stack: [0x000000c929800000,0x000000c929900000]
Native frames: (J=compiled Java code, j=interpreted, Vv=VM code, C=native code)
V  [jvm.dll+0x5ecfaa]
V  [jvm.dll+0x722bd5]
V  [jvm.dll+0x72412d]
V  [jvm.dll+0x7247e3]
V  [jvm.dll+0x242928]
V  [jvm.dll+0xbc4fc]
V  [jvm.dll+0xbca0c]
V  [jvm.dll+0x2b4fd4]
V  [jvm.dll+0x506028]
V  [jvm.dll+0x203253]
V  [jvm.dll+0x1fd07c]
V  [jvm.dll+0x1fa77f]
V  [jvm.dll+0x18354c]
V  [jvm.dll+0x208ee7]
V  [jvm.dll+0x207731]
V  [jvm.dll+0x6eb1cf]
V  [jvm.dll+0x6e3d45]
V  [jvm.dll+0x5ebe96]
C  [ucrtbase.dll+0x26c0c]
C  [KERNEL32.DLL+0x154e0]
C  [ntdll.dll+0x485b]


---------------  P R O C E S S  ---------------

Threads class SMR info:
_java_thread_list=0x000001cdc2c43180, length=157, elements={
0x000001cda0cdb800, 0x000001cdbc821800, 0x000001cdbc82c800, 0x000001cdbc844000,
0x000001cdbc845000, 0x000001cdbc848000, 0x000001cdbc84e800, 0x000001cdbc84f800,
0x000001cdbc861000, 0x000001cdbd30f000, 0x000001cdbd311000, 0x000001cdbd313000,
0x000001cdbd30d800, 0x000001cdbd30e800, 0x000001cdbd314000, 0x000001cdbd310000,
0x000001cdbd311800, 0x000001cdbd312800, 0x000001cdbf26a800, 0x000001cdbf26d000,
0x000001cdbf26c800, 0x000001cdbf26b800, 0x000001cdbf267800, 0x000001cdbf26e000,
0x000001cdbf268000, 0x000001cdbf26e800, 0x000001cdbf269000, 0x000001cdbf26f800,
0x000001cdbf26a000, 0x000001cdbf270800, 0x000001cdbf276000, 0x000001cdbf271000,
0x000001cdbf275000, 0x000001cdbf272000, 0x000001cdbf273000, 0x000001cdc1282000,
0x000001cdc1285000, 0x000001cdc1280800, 0x000001cdc1283800, 0x000001cdc1282800,
0x000001cdc1286000, 0x000001cdc1287000, 0x000001cdc1284800, 0x000001cdc1281000,
0x000001cdc1289800, 0x000001cdc1288800, 0x000001cdc1287800, 0x000001cdc128b800,
0x000001cdc128a000, 0x000001cdc128f000, 0x000001cdc128b000, 0x000001cdc128c800,
0x000001cdc128d800, 0x000001cdc128e000, 0x000001cdbf515000, 0x000001cdbf517800,
0x000001cdbf515800, 0x000001cdbf516800, 0x000001cdbf518000, 0x000001cdbf513000,
0x000001cdbf512800, 0x000001cdbf519000, 0x000001cdbf519800, 0x000001cdbf514000,
0x000001cdbf520800, 0x000001cdbf51b800, 0x000001cdbf51c000, 0x000001cdbf51d000,
0x000001cdbf51e000, 0x000001cdbf51f800, 0x000001cdbf51e800, 0x000001cdbf51a800,
0x000001cdbf521000, 0x000001cdbdba7800, 0x000001cdbdba9800, 0x000001cdbdba3800,
0x000001cdbdba6000, 0x000001cdbdbaa000, 0x000001cdbdba4800, 0x000001cdbdba8800,
0x000001cdbdbab000, 0x000001cdbdba5000, 0x000001cdbdba7000, 0x000001cdbdbb0000,
0x000001cdbdbad800, 0x000001cdbdbae000, 0x000001cdbdbb0800, 0x000001cdbdbb1800,
0x000001cdbdbab800, 0x000001cdbdbb2800, 0x000001cdbdbaf000, 0x000001cdbdbac800,
0x000001cdc1ba4000, 0x000001cdc1b9e800, 0x000001cdc1ba3000, 0x000001cdc1ba5000,
0x000001cdc1b9f000, 0x000001cdc1ba2800, 0x000001cdc1ba1000, 0x000001cdc1ba5800,
0x000001cdc1ba0000, 0x000001cdc1ba7800, 0x000001cdc1ba1800, 0x000001cdc1ba8000,
0x000001cdc1baa800, 0x000001cdc1ba9000, 0x000001cdc1ba9800, 0x000001cdc1bab800,
0x000001cdc1bac000, 0x000001cdc1ba6800, 0x000001cdc1bad000, 0x000001cdbf89d800,
0x000001cdbf89e800, 0x000001cdbf89c000, 0x000001cdbf89c800, 0x000001cdbf89a000,
0x000001cdbf89f000, 0x000001cdbf899800, 0x000001cdbf8a0000, 0x000001cdbf8a0800,
0x000001cdbf89b000, 0x000001cdbf8a5800, 0x000001cdbf8a3000, 0x000001cdbf8a7800,
0x000001cdbf8a1800, 0x000001cdbf8a6800, 0x000001cdbf8a2800, 0x000001cdbf8a4000,
0x000001cdbf8a5000, 0x000001cdbf8a8000, 0x000001cdc2e4a000, 0x000001cdc2e47000,
0x000001cdc2e4b000, 0x000001cdc2e4d800, 0x000001cdc2e4c800, 0x000001cdc2e49800,
0x000001cdc2e47800, 0x000001cdc2e48800, 0x000001cdc2e4e000, 0x000001cdc2e4f000,
0x000001cdc2e50000, 0x000001cdc2e50800, 0x000001cdc2e51800, 0x000001cdc2e4c000,
0x000001cdc2e53000, 0x000001cdc2e52800, 0x000001cdc2e54000, 0x000001cdc2e55000,
0x000001cdc2e55800, 0x000001cdc2a9d000, 0x000001cdc2aa1000, 0x000001cdc2a9f800,
0x000001cdc2aa3800, 0x000001cdc2aa2800, 0x000001cdc2aa2000, 0x000001cdc2a9d800,
0x000001cdc2a79800
}

Java Threads: ( => current thread )
  0x000001cda0cdb800 JavaThread "main" [_thread_blocked, id=2676, stack(0x000000c928c00000,0x000000c928d00000)]
  0x000001cdbc821800 JavaThread "Reference Handler" daemon [_thread_blocked, id=5972, stack(0x000000c929300000,0x000000c929400000)]
  0x000001cdbc82c800 JavaThread "Finalizer" daemon [_thread_blocked, id=4932, stack(0x000000c929400000,0x000000c929500000)]
  0x000001cdbc844000 JavaThread "Signal Dispatcher" daemon [_thread_blocked, id=2448, stack(0x000000c929500000,0x000000c929600000)]
  0x000001cdbc845000 JavaThread "Attach Listener" daemon [_thread_blocked, id=8936, stack(0x000000c929600000,0x000000c929700000)]
  0x000001cdbc848000 JavaThread "Service Thread" daemon [_thread_blocked, id=7412, stack(0x000000c929700000,0x000000c929800000)]
=>0x000001cdbc84e800 JavaThread "C2 CompilerThread0" daemon [_thread_in_native, id=1432, stack(0x000000c929800000,0x000000c929900000)]
  0x000001cdbc84f800 JavaThread "C1 CompilerThread0" daemon [_thread_blocked, id=488, stack(0x000000c929900000,0x000000c929a00000)]
  0x000001cdbc861000 JavaThread "Sweeper thread" daemon [_thread_blocked, id=9024, stack(0x000000c929a00000,0x000000c929b00000)]
  0x000001cdbd30f000 JavaThread "Common-Cleaner" daemon [_thread_blocked, id=4152, stack(0x000000c929b00000,0x000000c929c00000)]
  0x000001cdbd311000 JavaThread "Daemon health stats" [_thread_blocked, id=5692, stack(0x000000c92a000000,0x000000c92a100000)]
  0x000001cdbd313000 JavaThread "Incoming local TCP Connector on port 10656" [_thread_in_native, id=3016, stack(0x000000c92a200000,0x000000c92a300000)]
  0x000001cdbd30d800 JavaThread "Daemon periodic checks" [_thread_blocked, id=7080, stack(0x000000c92a300000,0x000000c92a400000)]
  0x000001cdbd30e800 JavaThread "Daemon" [_thread_blocked, id=8400, stack(0x000000c92a400000,0x000000c92a500000)]
  0x000001cdbd314000 JavaThread "Handler for socket connection from /127.0.0.1:10656 to /127.0.0.1:10657" [_thread_in_native, id=3760, stack(0x000000c92a500000,0x000000c92a600000)]
  0x000001cdbd310000 JavaThread "Cancel handler" [_thread_blocked, id=4460, stack(0x000000c92a600000,0x000000c92a700000)]
  0x000001cdbd311800 JavaThread "Daemon worker" [_thread_in_Java, id=8520, stack(0x000000c92a700000,0x000000c92a800000)]
  0x000001cdbd312800 JavaThread "Asynchronous log dispatcher for DefaultDaemonConnection: socket connection from /127.0.0.1:10656 to /127.0.0.1:10657" [_thread_blocked, id=544, stack(0x000000c92a800000,0x000000c92a900000)]
  0x000001cdbf26a800 JavaThread "Stdin handler" [_thread_blocked, id=1204, stack(0x000000c92a900000,0x000000c92aa00000)]
  0x000001cdbf26d000 JavaThread "Thread-8" [_thread_blocked, id=3992, stack(0x000000c92aa00000,0x000000c92ab00000)]
  0x000001cdbf26c800 JavaThread "Cache worker for journal cache (C:\Users\Acer\.gradle\caches\journal-1)" [_thread_blocked, id=7620, stack(0x000000c92ac00000,0x000000c92ad00000)]
  0x000001cdbf26b800 JavaThread "File lock request listener" [_thread_in_native, id=5636, stack(0x000000c92ae00000,0x000000c92af00000)]
  0x000001cdbf267800 JavaThread "Cache worker for file hash cache (C:\Users\Acer\.gradle\caches\6.5\fileHashes)" [_thread_blocked, id=7700, stack(0x000000c92af00000,0x000000c92b000000)]
  0x000001cdbf26e000 JavaThread "Cache worker for file hash cache (D:\proyektim_kvartirabor\Kvartirabor\.gradle\6.5\fileHashes)" [_thread_blocked, id=6436, stack(0x000000c92b000000,0x000000c92b100000)]
  0x000001cdbf268000 JavaThread "Cache worker for checksums cache (D:\proyektim_kvartirabor\Kvartirabor\.gradle\checksums)" [_thread_blocked, id=8864, stack(0x000000c92b100000,0x000000c92b200000)]
  0x000001cdbf26e800 JavaThread "Cache worker for cache directory md-supplier (C:\Users\Acer\.gradle\caches\6.5\md-supplier)" [_thread_blocked, id=7692, stack(0x000000c92b200000,0x000000c92b300000)]
  0x000001cdbf269000 JavaThread "Cache worker for cache directory md-rule (C:\Users\Acer\.gradle\caches\6.5\md-rule)" [_thread_blocked, id=2060, stack(0x000000c92b300000,0x000000c92b400000)]
  0x000001cdbf26f800 JavaThread "Cache worker for execution history cache (C:\Users\Acer\.gradle\caches\6.5\executionHistory)" [_thread_blocked, id=2196, stack(0x000000c92b400000,0x000000c92b500000)]
  0x000001cdbf26a000 JavaThread "jar transforms" [_thread_blocked, id=5376, stack(0x000000c92b500000,0x000000c92b600000)]
  0x000001cdbf270800 JavaThread "Cache worker for file content cache (C:\Users\Acer\.gradle\caches\6.5\fileContent)" [_thread_blocked, id=5260, stack(0x000000c92b600000,0x000000c92b700000)]
  0x000001cdbf276000 JavaThread "Build operations" [_thread_blocked, id=1584, stack(0x000000c92b700000,0x000000c92b800000)]
  0x000001cdbf271000 JavaThread "Build operations Thread 2" [_thread_blocked, id=6836, stack(0x000000c92b800000,0x000000c92b900000)]
  0x000001cdbf275000 JavaThread "Build operations Thread 3" [_thread_blocked, id=4456, stack(0x000000c92b900000,0x000000c92ba00000)]
  0x000001cdbf272000 JavaThread "Build operations Thread 4" [_thread_blocked, id=7748, stack(0x000000c92ba00000,0x000000c92bb00000)]
  0x000001cdbf273000 JavaThread "jar transforms Thread 2" [_thread_blocked, id=6000, stack(0x000000c92bb00000,0x000000c92bc00000)]
  0x000001cdc1282000 JavaThread "jar transforms Thread 3" [_thread_blocked, id=8168, stack(0x000000c92bc00000,0x000000c92bd00000)]
  0x000001cdc1285000 JavaThread "jar transforms Thread 4" [_thread_blocked, id=4552, stack(0x000000c92bd00000,0x000000c92be00000)]
  0x000001cdc1280800 JavaThread "jar transforms Thread 5" [_thread_blocked, id=6540, stack(0x000000c92be00000,0x000000c92bf00000)]
  0x000001cdc1283800 JavaThread "jar transforms Thread 6" [_thread_blocked, id=5792, stack(0x000000c92bf00000,0x000000c92c000000)]
  0x000001cdc1282800 JavaThread "jar transforms Thread 7" [_thread_blocked, id=3352, stack(0x000000c92c000000,0x000000c92c100000)]
  0x000001cdc1286000 JavaThread "jar transforms Thread 8" [_thread_blocked, id=8268, stack(0x000000c92c100000,0x000000c92c200000)]
  0x000001cdc1287000 JavaThread "jar transforms Thread 9" [_thread_blocked, id=6184, stack(0x000000c92c200000,0x000000c92c300000)]
  0x000001cdc1284800 JavaThread "jar transforms Thread 10" [_thread_blocked, id=4032, stack(0x000000c92c300000,0x000000c92c400000)]
  0x000001cdc1281000 JavaThread "jar transforms Thread 11" [_thread_blocked, id=7096, stack(0x000000c92c400000,0x000000c92c500000)]
  0x000001cdc1289800 JavaThread "jar transforms Thread 12" [_thread_blocked, id=5320, stack(0x000000c92c500000,0x000000c92c600000)]
  0x000001cdc1288800 JavaThread "jar transforms Thread 13" [_thread_blocked, id=8780, stack(0x000000c92c600000,0x000000c92c700000)]
  0x000001cdc1287800 JavaThread "jar transforms Thread 14" [_thread_blocked, id=1372, stack(0x000000c92c700000,0x000000c92c800000)]
  0x000001cdc128b800 JavaThread "jar transforms Thread 15" [_thread_blocked, id=3752, stack(0x000000c92c800000,0x000000c92c900000)]
  0x000001cdc128a000 JavaThread "jar transforms Thread 16" [_thread_blocked, id=5016, stack(0x000000c92c900000,0x000000c92ca00000)]
  0x000001cdc128f000 JavaThread "jar transforms Thread 17" [_thread_blocked, id=8592, stack(0x000000c92ca00000,0x000000c92cb00000)]
  0x000001cdc128b000 JavaThread "jar transforms Thread 18" [_thread_blocked, id=8896, stack(0x000000c92cb00000,0x000000c92cc00000)]
  0x000001cdc128c800 JavaThread "jar transforms Thread 19" [_thread_blocked, id=2896, stack(0x000000c92cc00000,0x000000c92cd00000)]
  0x000001cdc128d800 JavaThread "jar transforms Thread 20" [_thread_blocked, id=5424, stack(0x000000c92cd00000,0x000000c92ce00000)]
  0x000001cdc128e000 JavaThread "jar transforms Thread 21" [_thread_blocked, id=2548, stack(0x000000c92ce00000,0x000000c92cf00000)]
  0x000001cdbf515000 JavaThread "jar transforms Thread 22" [_thread_blocked, id=9192, stack(0x000000c92cf00000,0x000000c92d000000)]
  0x000001cdbf517800 JavaThread "jar transforms Thread 23" [_thread_blocked, id=7044, stack(0x000000c92d000000,0x000000c92d100000)]
  0x000001cdbf515800 JavaThread "jar transforms Thread 24" [_thread_blocked, id=912, stack(0x000000c92d100000,0x000000c92d200000)]
  0x000001cdbf516800 JavaThread "jar transforms Thread 25" [_thread_blocked, id=7356, stack(0x000000c92d200000,0x000000c92d300000)]
  0x000001cdbf518000 JavaThread "jar transforms Thread 26" [_thread_blocked, id=4452, stack(0x000000c92d300000,0x000000c92d400000)]
  0x000001cdbf513000 JavaThread "jar transforms Thread 27" [_thread_blocked, id=4664, stack(0x000000c92d400000,0x000000c92d500000)]
  0x000001cdbf512800 JavaThread "jar transforms Thread 28" [_thread_blocked, id=5200, stack(0x000000c92d500000,0x000000c92d600000)]
  0x000001cdbf519000 JavaThread "jar transforms Thread 29" [_thread_blocked, id=7272, stack(0x000000c92d600000,0x000000c92d700000)]
  0x000001cdbf519800 JavaThread "jar transforms Thread 30" [_thread_blocked, id=6920, stack(0x000000c92d700000,0x000000c92d800000)]
  0x000001cdbf514000 JavaThread "jar transforms Thread 31" [_thread_blocked, id=2436, stack(0x000000c92d800000,0x000000c92d900000)]
  0x000001cdbf520800 JavaThread "jar transforms Thread 32" [_thread_blocked, id=8320, stack(0x000000c92d900000,0x000000c92da00000)]
  0x000001cdbf51b800 JavaThread "jar transforms Thread 33" [_thread_blocked, id=2164, stack(0x000000c92da00000,0x000000c92db00000)]
  0x000001cdbf51c000 JavaThread "jar transforms Thread 34" [_thread_blocked, id=6412, stack(0x000000c92db00000,0x000000c92dc00000)]
  0x000001cdbf51d000 JavaThread "jar transforms Thread 35" [_thread_blocked, id=4724, stack(0x000000c92dc00000,0x000000c92dd00000)]
  0x000001cdbf51e000 JavaThread "jar transforms Thread 36" [_thread_blocked, id=3300, stack(0x000000c92dd00000,0x000000c92de00000)]
  0x000001cdbf51f800 JavaThread "jar transforms Thread 37" [_thread_blocked, id=5312, stack(0x000000c92de00000,0x000000c92df00000)]
  0x000001cdbf51e800 JavaThread "jar transforms Thread 38" [_thread_blocked, id=8612, stack(0x000000c92df00000,0x000000c92e000000)]
  0x000001cdbf51a800 JavaThread "jar transforms Thread 39" [_thread_blocked, id=8292, stack(0x000000c92e000000,0x000000c92e100000)]
  0x000001cdbf521000 JavaThread "jar transforms Thread 40" [_thread_blocked, id=1920, stack(0x000000c92e100000,0x000000c92e200000)]
  0x000001cdbdba7800 JavaThread "jar transforms Thread 41" [_thread_blocked, id=6476, stack(0x000000c92e200000,0x000000c92e300000)]
  0x000001cdbdba9800 JavaThread "jar transforms Thread 42" [_thread_blocked, id=3240, stack(0x000000c92e300000,0x000000c92e400000)]
  0x000001cdbdba3800 JavaThread "jar transforms Thread 43" [_thread_blocked, id=4048, stack(0x000000c92e400000,0x000000c92e500000)]
  0x000001cdbdba6000 JavaThread "jar transforms Thread 44" [_thread_blocked, id=4768, stack(0x000000c92e500000,0x000000c92e600000)]
  0x000001cdbdbaa000 JavaThread "jar transforms Thread 45" [_thread_blocked, id=9016, stack(0x000000c92e600000,0x000000c92e700000)]
  0x000001cdbdba4800 JavaThread "jar transforms Thread 46" [_thread_blocked, id=5952, stack(0x000000c92e700000,0x000000c92e800000)]
  0x000001cdbdba8800 JavaThread "jar transforms Thread 47" [_thread_blocked, id=6524, stack(0x000000c92e800000,0x000000c92e900000)]
  0x000001cdbdbab000 JavaThread "jar transforms Thread 48" [_thread_blocked, id=8880, stack(0x000000c92e900000,0x000000c92ea00000)]
  0x000001cdbdba5000 JavaThread "jar transforms Thread 49" [_thread_blocked, id=4944, stack(0x000000c92ea00000,0x000000c92eb00000)]
  0x000001cdbdba7000 JavaThread "jar transforms Thread 50" [_thread_blocked, id=8708, stack(0x000000c92eb00000,0x000000c92ec00000)]
  0x000001cdbdbb0000 JavaThread "jar transforms Thread 51" [_thread_blocked, id=2212, stack(0x000000c92ec00000,0x000000c92ed00000)]
  0x000001cdbdbad800 JavaThread "jar transforms Thread 52" [_thread_blocked, id=1088, stack(0x000000c92ed00000,0x000000c92ee00000)]
  0x000001cdbdbae000 JavaThread "jar transforms Thread 53" [_thread_blocked, id=2584, stack(0x000000c92ee00000,0x000000c92ef00000)]
  0x000001cdbdbb0800 JavaThread "jar transforms Thread 54" [_thread_blocked, id=7336, stack(0x000000c92ef00000,0x000000c92f000000)]
  0x000001cdbdbb1800 JavaThread "jar transforms Thread 55" [_thread_blocked, id=4540, stack(0x000000c92f000000,0x000000c92f100000)]
  0x000001cdbdbab800 JavaThread "jar transforms Thread 56" [_thread_blocked, id=7088, stack(0x000000c92f100000,0x000000c92f200000)]
  0x000001cdbdbb2800 JavaThread "jar transforms Thread 57" [_thread_blocked, id=2804, stack(0x000000c92f200000,0x000000c92f300000)]
  0x000001cdbdbaf000 JavaThread "jar transforms Thread 58" [_thread_blocked, id=6108, stack(0x000000c92f300000,0x000000c92f400000)]
  0x000001cdbdbac800 JavaThread "jar transforms Thread 59" [_thread_blocked, id=3936, stack(0x000000c92f400000,0x000000c92f500000)]
  0x000001cdc1ba4000 JavaThread "jar transforms Thread 60" [_thread_blocked, id=4408, stack(0x000000c92f500000,0x000000c92f600000)]
  0x000001cdc1b9e800 JavaThread "jar transforms Thread 61" [_thread_blocked, id=8548, stack(0x000000c92f600000,0x000000c92f700000)]
  0x000001cdc1ba3000 JavaThread "jar transforms Thread 62" [_thread_blocked, id=3400, stack(0x000000c92f700000,0x000000c92f800000)]
  0x000001cdc1ba5000 JavaThread "jar transforms Thread 63" [_thread_blocked, id=8260, stack(0x000000c92f800000,0x000000c92f900000)]
  0x000001cdc1b9f000 JavaThread "jar transforms Thread 64" [_thread_blocked, id=1020, stack(0x000000c92f900000,0x000000c92fa00000)]
  0x000001cdc1ba2800 JavaThread "jar transforms Thread 65" [_thread_blocked, id=4980, stack(0x000000c92fa00000,0x000000c92fb00000)]
  0x000001cdc1ba1000 JavaThread "jar transforms Thread 66" [_thread_blocked, id=6492, stack(0x000000c92fb00000,0x000000c92fc00000)]
  0x000001cdc1ba5800 JavaThread "jar transforms Thread 67" [_thread_blocked, id=9156, stack(0x000000c92fc00000,0x000000c92fd00000)]
  0x000001cdc1ba0000 JavaThread "jar transforms Thread 68" [_thread_blocked, id=8024, stack(0x000000c92fd00000,0x000000c92fe00000)]
  0x000001cdc1ba7800 JavaThread "jar transforms Thread 69" [_thread_blocked, id=2768, stack(0x000000c92fe00000,0x000000c92ff00000)]
  0x000001cdc1ba1800 JavaThread "jar transforms Thread 70" [_thread_blocked, id=2852, stack(0x000000c92ff00000,0x000000c930000000)]
  0x000001cdc1ba8000 JavaThread "jar transforms Thread 71" [_thread_blocked, id=1600, stack(0x000000c930000000,0x000000c930100000)]
  0x000001cdc1baa800 JavaThread "jar transforms Thread 72" [_thread_blocked, id=8996, stack(0x000000c930100000,0x000000c930200000)]
  0x000001cdc1ba9000 JavaThread "jar transforms Thread 73" [_thread_blocked, id=7032, stack(0x000000c930200000,0x000000c930300000)]
  0x000001cdc1ba9800 JavaThread "jar transforms Thread 74" [_thread_blocked, id=6408, stack(0x000000c930300000,0x000000c930400000)]
  0x000001cdc1bab800 JavaThread "jar transforms Thread 75" [_thread_blocked, id=8968, stack(0x000000c930400000,0x000000c930500000)]
  0x000001cdc1bac000 JavaThread "jar transforms Thread 76" [_thread_blocked, id=7736, stack(0x000000c930500000,0x000000c930600000)]
  0x000001cdc1ba6800 JavaThread "jar transforms Thread 77" [_thread_blocked, id=8012, stack(0x000000c930600000,0x000000c930700000)]
  0x000001cdc1bad000 JavaThread "jar transforms Thread 78" [_thread_blocked, id=5704, stack(0x000000c930700000,0x000000c930800000)]
  0x000001cdbf89d800 JavaThread "jar transforms Thread 79" [_thread_blocked, id=8712, stack(0x000000c930800000,0x000000c930900000)]
  0x000001cdbf89e800 JavaThread "jar transforms Thread 80" [_thread_blocked, id=7316, stack(0x000000c930900000,0x000000c930a00000)]
  0x000001cdbf89c000 JavaThread "jar transforms Thread 81" [_thread_blocked, id=5360, stack(0x000000c930a00000,0x000000c930b00000)]
  0x000001cdbf89c800 JavaThread "jar transforms Thread 82" [_thread_blocked, id=6668, stack(0x000000c930b00000,0x000000c930c00000)]
  0x000001cdbf89a000 JavaThread "jar transforms Thread 83" [_thread_blocked, id=8296, stack(0x000000c930c00000,0x000000c930d00000)]
  0x000001cdbf89f000 JavaThread "jar transforms Thread 84" [_thread_blocked, id=8984, stack(0x000000c930d00000,0x000000c930e00000)]
  0x000001cdbf899800 JavaThread "jar transforms Thread 85" [_thread_blocked, id=1292, stack(0x000000c930e00000,0x000000c930f00000)]
  0x000001cdbf8a0000 JavaThread "jar transforms Thread 86" [_thread_blocked, id=4464, stack(0x000000c930f00000,0x000000c931000000)]
  0x000001cdbf8a0800 JavaThread "jar transforms Thread 87" [_thread_blocked, id=5852, stack(0x000000c931000000,0x000000c931100000)]
  0x000001cdbf89b000 JavaThread "jar transforms Thread 88" [_thread_blocked, id=2648, stack(0x000000c931100000,0x000000c931200000)]
  0x000001cdbf8a5800 JavaThread "jar transforms Thread 89" [_thread_blocked, id=6372, stack(0x000000c931200000,0x000000c931300000)]
  0x000001cdbf8a3000 JavaThread "jar transforms Thread 90" [_thread_blocked, id=4928, stack(0x000000c931300000,0x000000c931400000)]
  0x000001cdbf8a7800 JavaThread "jar transforms Thread 91" [_thread_blocked, id=5580, stack(0x000000c931400000,0x000000c931500000)]
  0x000001cdbf8a1800 JavaThread "jar transforms Thread 92" [_thread_blocked, id=3808, stack(0x000000c931500000,0x000000c931600000)]
  0x000001cdbf8a6800 JavaThread "jar transforms Thread 93" [_thread_blocked, id=7704, stack(0x000000c931600000,0x000000c931700000)]
  0x000001cdbf8a2800 JavaThread "jar transforms Thread 94" [_thread_blocked, id=6208, stack(0x000000c931700000,0x000000c931800000)]
  0x000001cdbf8a4000 JavaThread "jar transforms Thread 95" [_thread_blocked, id=684, stack(0x000000c931800000,0x000000c931900000)]
  0x000001cdbf8a5000 JavaThread "jar transforms Thread 96" [_thread_blocked, id=6800, stack(0x000000c931900000,0x000000c931a00000)]
  0x000001cdbf8a8000 JavaThread "jar transforms Thread 97" [_thread_blocked, id=4100, stack(0x000000c931a00000,0x000000c931b00000)]
  0x000001cdc2e4a000 JavaThread "jar transforms Thread 98" [_thread_blocked, id=3156, stack(0x000000c931b00000,0x000000c931c00000)]
  0x000001cdc2e47000 JavaThread "jar transforms Thread 99" [_thread_blocked, id=3316, stack(0x000000c931c00000,0x000000c931d00000)]
  0x000001cdc2e4b000 JavaThread "jar transforms Thread 100" [_thread_blocked, id=5976, stack(0x000000c931d00000,0x000000c931e00000)]
  0x000001cdc2e4d800 JavaThread "jar transforms Thread 101" [_thread_blocked, id=8624, stack(0x000000c931e00000,0x000000c931f00000)]
  0x000001cdc2e4c800 JavaThread "jar transforms Thread 102" [_thread_blocked, id=6992, stack(0x000000c931f00000,0x000000c932000000)]
  0x000001cdc2e49800 JavaThread "jar transforms Thread 103" [_thread_blocked, id=7616, stack(0x000000c932000000,0x000000c932100000)]
  0x000001cdc2e47800 JavaThread "jar transforms Thread 104" [_thread_blocked, id=7076, stack(0x000000c932100000,0x000000c932200000)]
  0x000001cdc2e48800 JavaThread "jar transforms Thread 105" [_thread_blocked, id=7804, stack(0x000000c932200000,0x000000c932300000)]
  0x000001cdc2e4e000 JavaThread "jar transforms Thread 106" [_thread_blocked, id=6120, stack(0x000000c932300000,0x000000c932400000)]
  0x000001cdc2e4f000 JavaThread "jar transforms Thread 107" [_thread_blocked, id=5712, stack(0x000000c932400000,0x000000c932500000)]
  0x000001cdc2e50000 JavaThread "jar transforms Thread 108" [_thread_blocked, id=1696, stack(0x000000c932500000,0x000000c932600000)]
  0x000001cdc2e50800 JavaThread "jar transforms Thread 109" [_thread_blocked, id=4500, stack(0x000000c932600000,0x000000c932700000)]
  0x000001cdc2e51800 JavaThread "jar transforms Thread 110" [_thread_blocked, id=8304, stack(0x000000c932700000,0x000000c932800000)]
  0x000001cdc2e4c000 JavaThread "jar transforms Thread 111" [_thread_blocked, id=1304, stack(0x000000c932800000,0x000000c932900000)]
  0x000001cdc2e53000 JavaThread "jar transforms Thread 112" [_thread_blocked, id=8448, stack(0x000000c932900000,0x000000c932a00000)]
  0x000001cdc2e52800 JavaThread "jar transforms Thread 113" [_thread_blocked, id=8704, stack(0x000000c932a00000,0x000000c932b00000)]
  0x000001cdc2e54000 JavaThread "jar transforms Thread 114" [_thread_blocked, id=8228, stack(0x000000c932b00000,0x000000c932c00000)]
  0x000001cdc2e55000 JavaThread "jar transforms Thread 115" [_thread_blocked, id=6148, stack(0x000000c932c00000,0x000000c932d00000)]
  0x000001cdc2e55800 JavaThread "jar transforms Thread 116" [_thread_blocked, id=7164, stack(0x000000c932d00000,0x000000c932e00000)]
  0x000001cdc2a9d000 JavaThread "jar transforms Thread 117" [_thread_blocked, id=7552, stack(0x000000c932e00000,0x000000c932f00000)]
  0x000001cdc2aa1000 JavaThread "jar transforms Thread 118" [_thread_blocked, id=5440, stack(0x000000c932f00000,0x000000c933000000)]
  0x000001cdc2a9f800 JavaThread "jar transforms Thread 119" [_thread_blocked, id=2300, stack(0x000000c933000000,0x000000c933100000)]
  0x000001cdc2aa3800 JavaThread "jar transforms Thread 120" [_thread_blocked, id=5872, stack(0x000000c933100000,0x000000c933200000)]
  0x000001cdc2aa2800 JavaThread "jar transforms Thread 121" [_thread_blocked, id=5892, stack(0x000000c933200000,0x000000c933300000)]
  0x000001cdc2aa2000 JavaThread "jar transforms Thread 122" [_thread_blocked, id=9184, stack(0x000000c933300000,0x000000c933400000)]
  0x000001cdc2a9d800 JavaThread "Cache worker for Build Output Cleanup Cache (D:\proyektim_kvartirabor\Kvartirabor\.gradle\buildOutputCleanup)" [_thread_blocked, id=3692, stack(0x000000c92ab00000,0x000000c92ac00000)]
  0x000001cdc2a79800 JavaThread "C2 CompilerThread1" daemon [_thread_in_native, id=9180, stack(0x000000c933400000,0x000000c933500000)]

Other Threads:
  0x000001cdbc81e000 VMThread "VM Thread" [stack: 0x000000c929200000,0x000000c929300000] [id=6460]
  0x000001cdbd334800 WatcherThread [stack: 0x000000c929c00000,0x000000c929d00000] [id=6604]
  0x000001cda0cf5000 GCTaskThread "GC Thread#0" [stack: 0x000000c928d00000,0x000000c928e00000] [id=8104]
  0x000001cdbd5a0800 GCTaskThread "GC Thread#1" [stack: 0x000000c929e00000,0x000000c929f00000] [id=2124]
  0x000001cdbd6c3000 GCTaskThread "GC Thread#2" [stack: 0x000000c929f00000,0x000000c92a000000] [id=6280]
  0x000001cdbdb10800 GCTaskThread "GC Thread#3" [stack: 0x000000c92ad00000,0x000000c92ae00000] [id=3944]
  0x000001cda0d26800 ConcurrentGCThread "G1 Main Marker" [stack: 0x000000c928e00000,0x000000c928f00000] [id=2408]
  0x000001cda0d27800 ConcurrentGCThread "G1 Conc#0" [stack: 0x000000c928f00000,0x000000c929000000] [id=4600]
  0x000001cda0db8800 ConcurrentGCThread "G1 Refine#0" [stack: 0x000000c929000000,0x000000c929100000] [id=504]
  0x000001cda0dbb800 ConcurrentGCThread "G1 Young RemSet Sampling" [stack: 0x000000c929100000,0x000000c929200000] [id=1912]

Threads with active compile tasks:
C2 CompilerThread0  12706 6169       4       java.beans.Introspector::addMethod (196 bytes)
C2 CompilerThread1  12706 6133       4       com.sun.beans.TypeResolver::resolve (37 bytes)

VM state:not at safepoint (normal execution)

VM Mutex/Monitor currently owned by a thread: None

Heap address: 0x0000000080000000, size: 2048 MB, Compressed Oops mode: 32-bit
Narrow klass base: 0x0000000000000000, Narrow klass shift: 3
Compressed class space size: 1073741824 Address: 0x0000000100000000

Heap:
 garbage-first heap   total 189440K, used 89037K [0x0000000080000000, 0x0000000100000000)
  region size 1024K, 43 young (44032K), 9 survivors (9216K)
 Metaspace       used 67732K, capacity 69219K, committed 69468K, reserved 1110016K
  class space    used 8664K, capacity 9199K, committed 9216K, reserved 1048576K
Heap Regions: E=young(eden), S=young(survivor), O=old, HS=humongous(starts), HC=humongous(continues), CS=collection set, F=free, A=archive, TAMS=top-at-mark-start (previous, next)
|   0|0x0000000080000000, 0x0000000080100000, 0x0000000080100000|100%| O|  |TAMS 0x0000000080100000, 0x0000000080000000| Untracked 
|   1|0x0000000080100000, 0x0000000080200000, 0x0000000080200000|100%| O|  |TAMS 0x0000000080200000, 0x0000000080100000| Untracked 
|   2|0x0000000080200000, 0x0000000080300000, 0x0000000080300000|100%| O|  |TAMS 0x0000000080300000, 0x0000000080200000| Untracked 
|   3|0x0000000080300000, 0x0000000080400000, 0x0000000080400000|100%|HS|  |TAMS 0x0000000080400000, 0x0000000080300000| Complete 
|   4|0x0000000080400000, 0x0000000080500000, 0x0000000080500000|100%|HC|  |TAMS 0x0000000080500000, 0x0000000080400000| Complete 
|   5|0x0000000080500000, 0x0000000080600000, 0x0000000080600000|100%|HC|  |TAMS 0x0000000080600000, 0x0000000080500000| Complete 
|   6|0x0000000080600000, 0x0000000080700000, 0x0000000080700000|100%| O|  |TAMS 0x0000000080700000, 0x0000000080600000| Untracked 
|   7|0x0000000080700000, 0x0000000080800000, 0x0000000080800000|100%| O|  |TAMS 0x0000000080800000, 0x0000000080700000| Untracked 
|   8|0x0000000080800000, 0x0000000080900000, 0x0000000080900000|100%| O|  |TAMS 0x0000000080900000, 0x0000000080800000| Untracked 
|   9|0x0000000080900000, 0x0000000080a00000, 0x0000000080a00000|100%| O|  |TAMS 0x0000000080a00000, 0x0000000080900000| Untracked 
|  10|0x0000000080a00000, 0x0000000080b00000, 0x0000000080b00000|100%| O|  |TAMS 0x0000000080b00000, 0x0000000080a00000| Untracked 
|  11|0x0000000080b00000, 0x0000000080c00000, 0x0000000080c00000|100%| O|  |TAMS 0x0000000080c00000, 0x0000000080b00000| Untracked 
|  12|0x0000000080c00000, 0x0000000080d00000, 0x0000000080d00000|100%| O|  |TAMS 0x0000000080d00000, 0x0000000080c00000| Untracked 
|  13|0x0000000080d00000, 0x0000000080e00000, 0x0000000080e00000|100%| O|  |TAMS 0x0000000080e00000, 0x0000000080d00000| Untracked 
|  14|0x0000000080e00000, 0x0000000080f00000, 0x0000000080f00000|100%| O|  |TAMS 0x0000000080f00000, 0x0000000080e00000| Untracked 
|  15|0x0000000080f00000, 0x0000000081000000, 0x0000000081000000|100%| O|  |TAMS 0x0000000081000000, 0x0000000080f00000| Untracked 
|  16|0x0000000081000000, 0x0000000081100000, 0x0000000081100000|100%|HS|  |TAMS 0x0000000081100000, 0x0000000081000000| Complete 
|  17|0x0000000081100000, 0x0000000081200000, 0x0000000081200000|100%|HS|  |TAMS 0x0000000081200000, 0x0000000081100000| Complete 
|  18|0x0000000081200000, 0x0000000081300000, 0x0000000081300000|100%| O|  |TAMS 0x0000000081300000, 0x0000000081200000| Untracked 
|  19|0x0000000081300000, 0x0000000081400000, 0x0000000081400000|100%| O|  |TAMS 0x0000000081400000, 0x0000000081300000| Untracked 
|  20|0x0000000081400000, 0x0000000081500000, 0x0000000081500000|100%| O|  |TAMS 0x0000000081500000, 0x0000000081400000| Untracked 
|  21|0x0000000081500000, 0x0000000081600000, 0x0000000081600000|100%|HS|  |TAMS 0x0000000081600000, 0x0000000081500000| Complete 
|  22|0x0000000081600000, 0x0000000081700000, 0x0000000081700000|100%|HC|  |TAMS 0x0000000081700000, 0x0000000081600000| Complete 
|  23|0x0000000081700000, 0x0000000081800000, 0x0000000081800000|100%|HC|  |TAMS 0x0000000081800000, 0x0000000081700000| Complete 
|  24|0x0000000081800000, 0x0000000081900000, 0x0000000081900000|100%|HS|  |TAMS 0x0000000081900000, 0x0000000081800000| Complete 
|  25|0x0000000081900000, 0x0000000081a00000, 0x0000000081a00000|100%|HC|  |TAMS 0x0000000081a00000, 0x0000000081900000| Complete 
|  26|0x0000000081a00000, 0x0000000081b00000, 0x0000000081b00000|100%| O|  |TAMS 0x0000000081b00000, 0x0000000081a00000| Untracked 
|  27|0x0000000081b00000, 0x0000000081c00000, 0x0000000081c00000|100%| O|  |TAMS 0x0000000081c00000, 0x0000000081b00000| Untracked 
|  28|0x0000000081c00000, 0x0000000081d00000, 0x0000000081d00000|100%| O|  |TAMS 0x0000000081d00000, 0x0000000081c00000| Untracked 
|  29|0x0000000081d00000, 0x0000000081e00000, 0x0000000081e00000|100%| O|  |TAMS 0x0000000081e00000, 0x0000000081d00000| Untracked 
|  30|0x0000000081e00000, 0x0000000081f00000, 0x0000000081f00000|100%| O|  |TAMS 0x0000000081f00000, 0x0000000081e00000| Untracked 
|  31|0x0000000081f00000, 0x0000000082000000, 0x0000000082000000|100%| O|  |TAMS 0x0000000082000000, 0x0000000081f00000| Untracked 
|  32|0x0000000082000000, 0x0000000082100000, 0x0000000082100000|100%| O|  |TAMS 0x0000000082100000, 0x0000000082000000| Untracked 
|  33|0x0000000082100000, 0x0000000082200000, 0x0000000082200000|100%| O|  |TAMS 0x0000000082200000, 0x0000000082100000| Untracked 
|  34|0x0000000082200000, 0x0000000082300000, 0x0000000082300000|100%| O|  |TAMS 0x0000000082300000, 0x0000000082200000| Untracked 
|  35|0x0000000082300000, 0x0000000082400000, 0x0000000082400000|100%| O|  |TAMS 0x0000000082400000, 0x0000000082300000| Untracked 
|  36|0x0000000082400000, 0x0000000082500000, 0x0000000082500000|100%| O|  |TAMS 0x0000000082500000, 0x0000000082400000| Untracked 
|  37|0x0000000082500000, 0x0000000082600000, 0x0000000082600000|100%| O|  |TAMS 0x0000000082600000, 0x0000000082500000| Untracked 
|  38|0x0000000082600000, 0x0000000082700000, 0x0000000082700000|100%| O|  |TAMS 0x0000000082700000, 0x0000000082600000| Untracked 
|  39|0x0000000082700000, 0x0000000082800000, 0x0000000082800000|100%| O|  |TAMS 0x0000000082800000, 0x0000000082700000| Untracked 
|  40|0x0000000082800000, 0x0000000082900000, 0x0000000082900000|100%| O|  |TAMS 0x0000000082900000, 0x0000000082800000| Untracked 
|  41|0x0000000082900000, 0x0000000082900000, 0x0000000082a00000|  0%| F|  |TAMS 0x0000000082900000, 0x0000000082900000| Untracked 
|  42|0x0000000082a00000, 0x0000000082b00000, 0x0000000082b00000|100%| O|  |TAMS 0x0000000082b00000, 0x0000000082a00000| Untracked 
|  43|0x0000000082b00000, 0x0000000082c00000, 0x0000000082c00000|100%| O|  |TAMS 0x0000000082c00000, 0x0000000082b00000| Untracked 
|  44|0x0000000082c00000, 0x0000000082d00000, 0x0000000082d00000|100%| O|  |TAMS 0x0000000082d00000, 0x0000000082c00000| Untracked 
|  45|0x0000000082d00000, 0x0000000082e00000, 0x0000000082e00000|100%| O|  |TAMS 0x0000000082e00000, 0x0000000082d00000| Untracked 
|  46|0x0000000082e00000, 0x0000000082e4f400, 0x0000000082f00000| 30%| O|  |TAMS 0x0000000082e4f400, 0x0000000082e00000| Untracked 
|  47|0x0000000082f00000, 0x0000000082f00000, 0x0000000083000000|  0%| F|  |TAMS 0x0000000082f00000, 0x0000000082f00000| Untracked 
|  48|0x0000000083000000, 0x0000000083000000, 0x0000000083100000|  0%| F|  |TAMS 0x0000000083000000, 0x0000000083000000| Untracked 
|  49|0x0000000083100000, 0x0000000083100000, 0x0000000083200000|  0%| F|  |TAMS 0x0000000083100000, 0x0000000083100000| Untracked 
|  50|0x0000000083200000, 0x0000000083200000, 0x0000000083300000|  0%| F|  |TAMS 0x0000000083200000, 0x0000000083200000| Untracked 
|  51|0x0000000083300000, 0x0000000083300000, 0x0000000083400000|  0%| F|  |TAMS 0x0000000083300000, 0x0000000083300000| Untracked 
|  52|0x0000000083400000, 0x0000000083400000, 0x0000000083500000|  0%| F|  |TAMS 0x0000000083400000, 0x0000000083400000| Untracked 
|  53|0x0000000083500000, 0x0000000083500000, 0x0000000083600000|  0%| F|  |TAMS 0x0000000083500000, 0x0000000083500000| Untracked 
|  54|0x0000000083600000, 0x0000000083600000, 0x0000000083700000|  0%| F|  |TAMS 0x0000000083600000, 0x0000000083600000| Untracked 
|  55|0x0000000083700000, 0x0000000083700000, 0x0000000083800000|  0%| F|  |TAMS 0x0000000083700000, 0x0000000083700000| Untracked 
|  56|0x0000000083800000, 0x0000000083800000, 0x0000000083900000|  0%| F|  |TAMS 0x0000000083800000, 0x0000000083800000| Untracked 
|  57|0x0000000083900000, 0x0000000083900000, 0x0000000083a00000|  0%| F|  |TAMS 0x0000000083900000, 0x0000000083900000| Untracked 
|  58|0x0000000083a00000, 0x0000000083a00000, 0x0000000083b00000|  0%| F|  |TAMS 0x0000000083a00000, 0x0000000083a00000| Untracked 
|  59|0x0000000083b00000, 0x0000000083b00000, 0x0000000083c00000|  0%| F|  |TAMS 0x0000000083b00000, 0x0000000083b00000| Untracked 
|  60|0x0000000083c00000, 0x0000000083c00000, 0x0000000083d00000|  0%| F|  |TAMS 0x0000000083c00000, 0x0000000083c00000| Untracked 
|  61|0x0000000083d00000, 0x0000000083d00000, 0x0000000083e00000|  0%| F|  |TAMS 0x0000000083d00000, 0x0000000083d00000| Untracked 
|  62|0x0000000083e00000, 0x0000000083e00000, 0x0000000083f00000|  0%| F|  |TAMS 0x0000000083e00000, 0x0000000083e00000| Untracked 
|  63|0x0000000083f00000, 0x0000000083f00000, 0x0000000084000000|  0%| F|  |TAMS 0x0000000083f00000, 0x0000000083f00000| Untracked 
|  64|0x0000000084000000, 0x0000000084000000, 0x0000000084100000|  0%| F|  |TAMS 0x0000000084000000, 0x0000000084000000| Untracked 
|  65|0x0000000084100000, 0x0000000084100000, 0x0000000084200000|  0%| F|  |TAMS 0x0000000084100000, 0x0000000084100000| Untracked 
|  66|0x0000000084200000, 0x0000000084200000, 0x0000000084300000|  0%| F|  |TAMS 0x0000000084200000, 0x0000000084200000| Untracked 
|  67|0x0000000084300000, 0x0000000084300000, 0x0000000084400000|  0%| F|  |TAMS 0x0000000084300000, 0x0000000084300000| Untracked 
|  68|0x0000000084400000, 0x0000000084400000, 0x0000000084500000|  0%| F|  |TAMS 0x0000000084400000, 0x0000000084400000| Untracked 
|  69|0x0000000084500000, 0x0000000084500000, 0x0000000084600000|  0%| F|  |TAMS 0x0000000084500000, 0x0000000084500000| Untracked 
|  70|0x0000000084600000, 0x0000000084600000, 0x0000000084700000|  0%| F|  |TAMS 0x0000000084600000, 0x0000000084600000| Untracked 
|  71|0x0000000084700000, 0x0000000084700000, 0x0000000084800000|  0%| F|  |TAMS 0x0000000084700000, 0x0000000084700000| Untracked 
|  72|0x0000000084800000, 0x0000000084800000, 0x0000000084900000|  0%| F|  |TAMS 0x0000000084800000, 0x0000000084800000| Untracked 
|  73|0x0000000084900000, 0x0000000084900000, 0x0000000084a00000|  0%| F|  |TAMS 0x0000000084900000, 0x0000000084900000| Untracked 
|  74|0x0000000084a00000, 0x0000000084a00000, 0x0000000084b00000|  0%| F|  |TAMS 0x0000000084a00000, 0x0000000084a00000| Untracked 
|  75|0x0000000084b00000, 0x0000000084b00000, 0x0000000084c00000|  0%| F|  |TAMS 0x0000000084b00000, 0x0000000084b00000| Untracked 
|  76|0x0000000084c00000, 0x0000000084c00000, 0x0000000084d00000|  0%| F|  |TAMS 0x0000000084c00000, 0x0000000084c00000| Untracked 
|  77|0x0000000084d00000, 0x0000000084d00000, 0x0000000084e00000|  0%| F|  |TAMS 0x0000000084d00000, 0x0000000084d00000| Untracked 
|  78|0x0000000084e00000, 0x0000000084e00000, 0x0000000084f00000|  0%| F|  |TAMS 0x0000000084e00000, 0x0000000084e00000| Untracked 
|  79|0x0000000084f00000, 0x0000000084f00000, 0x0000000085000000|  0%| F|  |TAMS 0x0000000084f00000, 0x0000000084f00000| Untracked 
|  80|0x0000000085000000, 0x0000000085000000, 0x0000000085100000|  0%| F|  |TAMS 0x0000000085000000, 0x0000000085000000| Untracked 
|  81|0x0000000085100000, 0x0000000085100000, 0x0000000085200000|  0%| F|  |TAMS 0x0000000085100000, 0x0000000085100000| Untracked 
|  82|0x0000000085200000, 0x0000000085200000, 0x0000000085300000|  0%| F|  |TAMS 0x0000000085200000, 0x0000000085200000| Untracked 
|  83|0x0000000085300000, 0x0000000085300000, 0x0000000085400000|  0%| F|  |TAMS 0x0000000085300000, 0x0000000085300000| Untracked 
|  84|0x0000000085400000, 0x0000000085400000, 0x0000000085500000|  0%| F|  |TAMS 0x0000000085400000, 0x0000000085400000| Untracked 
|  85|0x0000000085500000, 0x0000000085500000, 0x0000000085600000|  0%| F|  |TAMS 0x0000000085500000, 0x0000000085500000| Untracked 
|  86|0x0000000085600000, 0x0000000085600000, 0x0000000085700000|  0%| F|  |TAMS 0x0000000085600000, 0x0000000085600000| Untracked 
|  87|0x0000000085700000, 0x0000000085700000, 0x0000000085800000|  0%| F|  |TAMS 0x0000000085700000, 0x0000000085700000| Untracked 
|  88|0x0000000085800000, 0x0000000085800000, 0x0000000085900000|  0%| F|  |TAMS 0x0000000085800000, 0x0000000085800000| Untracked 
|  89|0x0000000085900000, 0x0000000085900000, 0x0000000085a00000|  0%| F|  |TAMS 0x0000000085900000, 0x0000000085900000| Untracked 
|  90|0x0000000085a00000, 0x0000000085a00000, 0x0000000085b00000|  0%| F|  |TAMS 0x0000000085a00000, 0x0000000085a00000| Untracked 
|  91|0x0000000085b00000, 0x0000000085b00000, 0x0000000085c00000|  0%| F|  |TAMS 0x0000000085b00000, 0x0000000085b00000| Untracked 
|  92|0x0000000085c00000, 0x0000000085c00000, 0x0000000085d00000|  0%| F|  |TAMS 0x0000000085c00000, 0x0000000085c00000| Untracked 
|  93|0x0000000085d00000, 0x0000000085d00000, 0x0000000085e00000|  0%| F|  |TAMS 0x0000000085d00000, 0x0000000085d00000| Untracked 
|  94|0x0000000085e00000, 0x0000000085e00000, 0x0000000085f00000|  0%| F|  |TAMS 0x0000000085e00000, 0x0000000085e00000| Untracked 
|  95|0x0000000085f00000, 0x0000000085fa4020, 0x0000000086000000| 64%| S|CS|TAMS 0x0000000085f00000, 0x0000000085f00000| Complete 
|  96|0x0000000086000000, 0x0000000086100000, 0x0000000086100000|100%| S|CS|TAMS 0x0000000086000000, 0x0000000086000000| Complete 
|  97|0x0000000086100000, 0x0000000086200000, 0x0000000086200000|100%| S|CS|TAMS 0x0000000086100000, 0x0000000086100000| Complete 
|  98|0x0000000086200000, 0x0000000086300000, 0x0000000086300000|100%| S|CS|TAMS 0x0000000086200000, 0x0000000086200000| Complete 
|  99|0x0000000086300000, 0x0000000086400000, 0x0000000086400000|100%| S|CS|TAMS 0x0000000086300000, 0x0000000086300000| Complete 
| 100|0x0000000086400000, 0x0000000086500000, 0x0000000086500000|100%| S|CS|TAMS 0x0000000086400000, 0x0000000086400000| Complete 
| 101|0x0000000086500000, 0x0000000086600000, 0x0000000086600000|100%| S|CS|TAMS 0x0000000086500000, 0x0000000086500000| Complete 
| 102|0x0000000086600000, 0x0000000086700000, 0x0000000086700000|100%| S|CS|TAMS 0x0000000086600000, 0x0000000086600000| Complete 
| 103|0x0000000086700000, 0x0000000086800000, 0x0000000086800000|100%| S|CS|TAMS 0x0000000086700000, 0x0000000086700000| Complete 
| 104|0x0000000086800000, 0x0000000086800000, 0x0000000086900000|  0%| F|  |TAMS 0x0000000086800000, 0x0000000086800000| Untracked 
| 105|0x0000000086900000, 0x0000000086900000, 0x0000000086a00000|  0%| F|  |TAMS 0x0000000086900000, 0x0000000086900000| Untracked 
| 106|0x0000000086a00000, 0x0000000086a00000, 0x0000000086b00000|  0%| F|  |TAMS 0x0000000086a00000, 0x0000000086a00000| Untracked 
| 107|0x0000000086b00000, 0x0000000086b00000, 0x0000000086c00000|  0%| F|  |TAMS 0x0000000086b00000, 0x0000000086b00000| Untracked 
| 108|0x0000000086c00000, 0x0000000086c00000, 0x0000000086d00000|  0%| F|  |TAMS 0x0000000086c00000, 0x0000000086c00000| Untracked 
| 109|0x0000000086d00000, 0x0000000086d00000, 0x0000000086e00000|  0%| F|  |TAMS 0x0000000086d00000, 0x0000000086d00000| Untracked 
| 110|0x0000000086e00000, 0x0000000086e00000, 0x0000000086f00000|  0%| F|  |TAMS 0x0000000086e00000, 0x0000000086e00000| Untracked 
| 111|0x0000000086f00000, 0x0000000086f00000, 0x0000000087000000|  0%| F|  |TAMS 0x0000000086f00000, 0x0000000086f00000| Untracked 
| 112|0x0000000087000000, 0x0000000087000000, 0x0000000087100000|  0%| F|  |TAMS 0x0000000087000000, 0x0000000087000000| Untracked 
| 113|0x0000000087100000, 0x0000000087100000, 0x0000000087200000|  0%| F|  |TAMS 0x0000000087100000, 0x0000000087100000| Untracked 
| 114|0x0000000087200000, 0x0000000087200000, 0x0000000087300000|  0%| F|  |TAMS 0x0000000087200000, 0x0000000087200000| Untracked 
| 115|0x0000000087300000, 0x0000000087300000, 0x0000000087400000|  0%| F|  |TAMS 0x0000000087300000, 0x0000000087300000| Untracked 
| 116|0x0000000087400000, 0x0000000087400000, 0x0000000087500000|  0%| F|  |TAMS 0x0000000087400000, 0x0000000087400000| Untracked 
| 117|0x0000000087500000, 0x0000000087500000, 0x0000000087600000|  0%| F|  |TAMS 0x0000000087500000, 0x0000000087500000| Untracked 
| 118|0x0000000087600000, 0x0000000087600000, 0x0000000087700000|  0%| F|  |TAMS 0x0000000087600000, 0x0000000087600000| Untracked 
| 119|0x0000000087700000, 0x0000000087700000, 0x0000000087800000|  0%| F|  |TAMS 0x0000000087700000, 0x0000000087700000| Untracked 
| 120|0x0000000087800000, 0x0000000087800000, 0x0000000087900000|  0%| F|  |TAMS 0x0000000087800000, 0x0000000087800000| Untracked 
| 121|0x0000000087900000, 0x0000000087900000, 0x0000000087a00000|  0%| F|  |TAMS 0x0000000087900000, 0x0000000087900000| Untracked 
| 122|0x0000000087a00000, 0x0000000087a00000, 0x0000000087b00000|  0%| F|  |TAMS 0x0000000087a00000, 0x0000000087a00000| Untracked 
| 123|0x0000000087b00000, 0x0000000087b00000, 0x0000000087c00000|  0%| F|  |TAMS 0x0000000087b00000, 0x0000000087b00000| Untracked 
| 124|0x0000000087c00000, 0x0000000087c00000, 0x0000000087d00000|  0%| F|  |TAMS 0x0000000087c00000, 0x0000000087c00000| Untracked 
| 125|0x0000000087d00000, 0x0000000087d00000, 0x0000000087e00000|  0%| F|  |TAMS 0x0000000087d00000, 0x0000000087d00000| Untracked 
| 126|0x0000000087e00000, 0x0000000087e00000, 0x0000000087f00000|  0%| F|  |TAMS 0x0000000087e00000, 0x0000000087e00000| Untracked 
| 127|0x0000000087f00000, 0x0000000087f00000, 0x0000000088000000|  0%| F|  |TAMS 0x0000000087f00000, 0x0000000087f00000| Untracked 
| 128|0x0000000088000000, 0x0000000088000000, 0x0000000088100000|  0%| F|  |TAMS 0x0000000088000000, 0x0000000088000000| Untracked 
| 129|0x0000000088100000, 0x0000000088100000, 0x0000000088200000|  0%| F|  |TAMS 0x0000000088100000, 0x0000000088100000| Untracked 
| 130|0x0000000088200000, 0x0000000088200000, 0x0000000088300000|  0%| F|  |TAMS 0x0000000088200000, 0x0000000088200000| Untracked 
| 131|0x0000000088300000, 0x0000000088300000, 0x0000000088400000|  0%| F|  |TAMS 0x0000000088300000, 0x0000000088300000| Untracked 
| 132|0x0000000088400000, 0x0000000088400000, 0x0000000088500000|  0%| F|  |TAMS 0x0000000088400000, 0x0000000088400000| Untracked 
| 133|0x0000000088500000, 0x0000000088500000, 0x0000000088600000|  0%| F|  |TAMS 0x0000000088500000, 0x0000000088500000| Untracked 
| 134|0x0000000088600000, 0x0000000088600000, 0x0000000088700000|  0%| F|  |TAMS 0x0000000088600000, 0x0000000088600000| Untracked 
| 135|0x0000000088700000, 0x0000000088700000, 0x0000000088800000|  0%| F|  |TAMS 0x0000000088700000, 0x0000000088700000| Untracked 
| 136|0x0000000088800000, 0x0000000088800000, 0x0000000088900000|  0%| F|  |TAMS 0x0000000088800000, 0x0000000088800000| Untracked 
| 137|0x0000000088900000, 0x0000000088900000, 0x0000000088a00000|  0%| F|  |TAMS 0x0000000088900000, 0x0000000088900000| Untracked 
| 138|0x0000000088a00000, 0x0000000088a00000, 0x0000000088b00000|  0%| F|  |TAMS 0x0000000088a00000, 0x0000000088a00000| Untracked 
| 139|0x0000000088b00000, 0x0000000088b00000, 0x0000000088c00000|  0%| F|  |TAMS 0x0000000088b00000, 0x0000000088b00000| Untracked 
| 140|0x0000000088c00000, 0x0000000088c00000, 0x0000000088d00000|  0%| F|  |TAMS 0x0000000088c00000, 0x0000000088c00000| Untracked 
| 141|0x0000000088d00000, 0x0000000088d00000, 0x0000000088e00000|  0%| F|  |TAMS 0x0000000088d00000, 0x0000000088d00000| Untracked 
| 142|0x0000000088e00000, 0x0000000088e00000, 0x0000000088f00000|  0%| F|  |TAMS 0x0000000088e00000, 0x0000000088e00000| Untracked 
| 143|0x0000000088f00000, 0x0000000088f00000, 0x0000000089000000|  0%| F|  |TAMS 0x0000000088f00000, 0x0000000088f00000| Untracked 
| 144|0x0000000089000000, 0x0000000089000000, 0x0000000089100000|  0%| F|  |TAMS 0x0000000089000000, 0x0000000089000000| Untracked 
| 145|0x0000000089100000, 0x0000000089100000, 0x0000000089200000|  0%| F|  |TAMS 0x0000000089100000, 0x0000000089100000| Untracked 
| 146|0x0000000089200000, 0x0000000089200000, 0x0000000089300000|  0%| F|  |TAMS 0x0000000089200000, 0x0000000089200000| Untracked 
| 147|0x0000000089300000, 0x0000000089300000, 0x0000000089400000|  0%| F|  |TAMS 0x0000000089300000, 0x0000000089300000| Untracked 
| 148|0x0000000089400000, 0x0000000089400000, 0x0000000089500000|  0%| F|  |TAMS 0x0000000089400000, 0x0000000089400000| Untracked 
| 149|0x0000000089500000, 0x0000000089500000, 0x0000000089600000|  0%| F|  |TAMS 0x0000000089500000, 0x0000000089500000| Untracked 
| 150|0x0000000089600000, 0x0000000089600000, 0x0000000089700000|  0%| F|  |TAMS 0x0000000089600000, 0x0000000089600000| Untracked 
| 151|0x0000000089700000, 0x0000000089784f08, 0x0000000089800000| 51%| E|  |TAMS 0x0000000089700000, 0x0000000089700000| Complete 
| 152|0x0000000089800000, 0x0000000089900000, 0x0000000089900000|100%| E|CS|TAMS 0x0000000089800000, 0x0000000089800000| Complete 
| 153|0x0000000089900000, 0x0000000089a00000, 0x0000000089a00000|100%| E|CS|TAMS 0x0000000089900000, 0x0000000089900000| Complete 
| 154|0x0000000089a00000, 0x0000000089b00000, 0x0000000089b00000|100%| E|CS|TAMS 0x0000000089a00000, 0x0000000089a00000| Complete 
| 155|0x0000000089b00000, 0x0000000089c00000, 0x0000000089c00000|100%| E|CS|TAMS 0x0000000089b00000, 0x0000000089b00000| Complete 
| 156|0x0000000089c00000, 0x0000000089d00000, 0x0000000089d00000|100%| E|CS|TAMS 0x0000000089c00000, 0x0000000089c00000| Complete 
| 157|0x0000000089d00000, 0x0000000089e00000, 0x0000000089e00000|100%| E|CS|TAMS 0x0000000089d00000, 0x0000000089d00000| Complete 
| 158|0x0000000089e00000, 0x0000000089f00000, 0x0000000089f00000|100%| E|CS|TAMS 0x0000000089e00000, 0x0000000089e00000| Complete 
| 159|0x0000000089f00000, 0x000000008a000000, 0x000000008a000000|100%| E|CS|TAMS 0x0000000089f00000, 0x0000000089f00000| Complete 
| 160|0x000000008a000000, 0x000000008a100000, 0x000000008a100000|100%| E|CS|TAMS 0x000000008a000000, 0x000000008a000000| Complete 
| 161|0x000000008a100000, 0x000000008a200000, 0x000000008a200000|100%| E|CS|TAMS 0x000000008a100000, 0x000000008a100000| Complete 
| 162|0x000000008a200000, 0x000000008a300000, 0x000000008a300000|100%| E|CS|TAMS 0x000000008a200000, 0x000000008a200000| Complete 
| 163|0x000000008a300000, 0x000000008a400000, 0x000000008a400000|100%| E|CS|TAMS 0x000000008a300000, 0x000000008a300000| Complete 
| 164|0x000000008a400000, 0x000000008a500000, 0x000000008a500000|100%| E|CS|TAMS 0x000000008a400000, 0x000000008a400000| Complete 
| 165|0x000000008a500000, 0x000000008a600000, 0x000000008a600000|100%| E|CS|TAMS 0x000000008a500000, 0x000000008a500000| Complete 
| 166|0x000000008a600000, 0x000000008a700000, 0x000000008a700000|100%| E|CS|TAMS 0x000000008a600000, 0x000000008a600000| Complete 
| 167|0x000000008a700000, 0x000000008a800000, 0x000000008a800000|100%| E|CS|TAMS 0x000000008a700000, 0x000000008a700000| Complete 
| 168|0x000000008a800000, 0x000000008a900000, 0x000000008a900000|100%| E|CS|TAMS 0x000000008a800000, 0x000000008a800000| Complete 
| 169|0x000000008a900000, 0x000000008aa00000, 0x000000008aa00000|100%| E|CS|TAMS 0x000000008a900000, 0x000000008a900000| Complete 
| 170|0x000000008aa00000, 0x000000008ab00000, 0x000000008ab00000|100%| E|CS|TAMS 0x000000008aa00000, 0x000000008aa00000| Complete 
| 171|0x000000008ab00000, 0x000000008ac00000, 0x000000008ac00000|100%| E|CS|TAMS 0x000000008ab00000, 0x000000008ab00000| Complete 
| 172|0x000000008ac00000, 0x000000008ad00000, 0x000000008ad00000|100%| E|CS|TAMS 0x000000008ac00000, 0x000000008ac00000| Complete 
| 173|0x000000008ad00000, 0x000000008ae00000, 0x000000008ae00000|100%| E|CS|TAMS 0x000000008ad00000, 0x000000008ad00000| Complete 
| 174|0x000000008ae00000, 0x000000008af00000, 0x000000008af00000|100%| E|CS|TAMS 0x000000008ae00000, 0x000000008ae00000| Complete 
| 175|0x000000008af00000, 0x000000008b000000, 0x000000008b000000|100%| E|CS|TAMS 0x000000008af00000, 0x000000008af00000| Complete 
| 176|0x000000008b000000, 0x000000008b100000, 0x000000008b100000|100%| E|CS|TAMS 0x000000008b000000, 0x000000008b000000| Complete 
| 177|0x000000008b100000, 0x000000008b200000, 0x000000008b200000|100%| E|CS|TAMS 0x000000008b100000, 0x000000008b100000| Complete 
| 178|0x000000008b200000, 0x000000008b300000, 0x000000008b300000|100%| E|CS|TAMS 0x000000008b200000, 0x000000008b200000| Complete 
| 179|0x000000008b300000, 0x000000008b400000, 0x000000008b400000|100%| E|CS|TAMS 0x000000008b300000, 0x000000008b300000| Complete 
| 180|0x000000008b400000, 0x000000008b500000, 0x000000008b500000|100%| E|CS|TAMS 0x000000008b400000, 0x000000008b400000| Complete 
| 181|0x000000008b500000, 0x000000008b600000, 0x000000008b600000|100%| E|CS|TAMS 0x000000008b500000, 0x000000008b500000| Complete 
| 182|0x000000008b600000, 0x000000008b700000, 0x000000008b700000|100%| E|CS|TAMS 0x000000008b600000, 0x000000008b600000| Complete 
| 183|0x000000008b700000, 0x000000008b800000, 0x000000008b800000|100%| E|CS|TAMS 0x000000008b700000, 0x000000008b700000| Complete 
| 184|0x000000008b800000, 0x000000008b900000, 0x000000008b900000|100%| E|CS|TAMS 0x000000008b800000, 0x000000008b800000| Complete 

Card table byte_map: [0x000001cdb59d0000,0x000001cdb5dd0000] _byte_map_base: 0x000001cdb55d0000

Marking Bits (Prev, Next): (CMBitMap*) 0x000001cda0d1db30, (CMBitMap*) 0x000001cda0d1daf8
 Prev Bits: [0x000001cdb81d0000, 0x000001cdba1d0000)
 Next Bits: [0x000001cdb61d0000, 0x000001cdb81d0000)

Polling page: 0x000001cda0b50000

Metaspace:

Usage:
  Non-class:     58.61 MB capacity,    57.68 MB ( 98%) used,   800.84 KB (  1%) free+waste,   150.50 KB ( <1%) overhead. 
      Class:      8.98 MB capacity,     8.46 MB ( 94%) used,   463.52 KB (  5%) free+waste,    71.19 KB ( <1%) overhead. 
       Both:     67.60 MB capacity,    66.15 MB ( 98%) used,     1.23 MB (  2%) free+waste,   221.69 KB ( <1%) overhead. 

Virtual space:
  Non-class space:       60.00 MB reserved,      58.84 MB ( 98%) committed 
      Class space:        1.00 GB reserved,       9.00 MB ( <1%) committed 
             Both:        1.06 GB reserved,      67.84 MB (  6%) committed 

Chunk freelists:
   Non-Class:  40.00 KB
       Class:  17.00 KB
        Both:  57.00 KB

MaxMetaspaceSize: 17179869184.00 GB
CompressedClassSpaceSize: 1.00 GB

CodeHeap 'non-profiled nmethods': size=120064Kb used=3536Kb max_used=3536Kb free=116527Kb
 bounds [0x000001cdada70000, 0x000001cdaddf0000, 0x000001cdb4fb0000]
CodeHeap 'profiled nmethods': size=120000Kb used=13664Kb max_used=13664Kb free=106335Kb
 bounds [0x000001cda6540000, 0x000001cda72a0000, 0x000001cdada70000]
CodeHeap 'non-nmethods': size=5696Kb used=2241Kb max_used=2283Kb free=3454Kb
 bounds [0x000001cda5fb0000, 0x000001cda6220000, 0x000001cda6540000]
 total_blobs=6978 nmethods=6155 adapters=733
 compilation: enabled
              stopped_count=0, restarted_count=0
 full_count=0

Compilation events (20 events):
Event: 12.365 Thread 0x000001cdbc84f800 6183   !   3       com.sun.beans.introspect.MethodInfo::get (143 bytes)
Event: 12.367 Thread 0x000001cdbc84f800 nmethod 6183 0x000001cda727e310 code [0x000001cda727e680, 0x000001cda727fd08]
Event: 12.374 Thread 0x000001cdbc84f800 6184       3       org.codehaus.groovy.reflection.CachedClass$1::initValue (50 bytes)
Event: 12.375 Thread 0x000001cdbc84f800 nmethod 6184 0x000001cda7280490 code [0x000001cda72806c0, 0x000001cda7281008]
Event: 12.431 Thread 0x000001cdbc84f800 6185       1       org.codehaus.groovy.runtime.metaclass.NewStaticMetaMethod::isStatic (2 bytes)
Event: 12.431 Thread 0x000001cdbc84f800 nmethod 6185 0x000001cdadde3f10 code [0x000001cdadde40c0, 0x000001cdadde4178]
Event: 12.432 Thread 0x000001cdbc84f800 6186       3       org.codehaus.groovy.runtime.metaclass.MetaMethodIndex::addMethodToList (298 bytes)
Event: 12.434 Thread 0x000001cdbc84f800 nmethod 6186 0x000001cda7281310 code [0x000001cda7281740, 0x000001cda7283a48]
Event: 12.561 Thread 0x000001cdbc84f800 6188       3       java.util.Arrays$ArrayList::indexOf (62 bytes)
Event: 12.562 Thread 0x000001cdbc84f800 nmethod 6188 0x000001cda7284310 code [0x000001cda7284500, 0x000001cda7284948]
Event: 12.565 Thread 0x000001cdbc84f800 6187       3       java.util.Arrays$ArrayList::contains (14 bytes)
Event: 12.565 Thread 0x000001cdbc84f800 nmethod 6187 0x000001cda7284b10 code [0x000001cda7284cc0, 0x000001cda7284e68]
Event: 12.565 Thread 0x000001cdbc84f800 6189       3       com.sun.beans.introspect.PropertyInfo::get (495 bytes)
Event: 12.585 Thread 0x000001cdbc84f800 nmethod 6189 0x000001cda7284f10 code [0x000001cda7285be0, 0x000001cda728eac8]
Event: 12.585 Thread 0x000001cdbc84f800 6191       3       java.util.regex.Matcher::replaceAll (59 bytes)
Event: 12.588 Thread 0x000001cdbc84f800 nmethod 6191 0x000001cda7291590 code [0x000001cda7291840, 0x000001cda7292358]
Event: 12.588 Thread 0x000001cdbc84f800 6190       3       com.sun.beans.WeakCache::get (42 bytes)
Event: 12.594 Thread 0x000001cdbc84f800 nmethod 6190 0x000001cda7292790 code [0x000001cda7292980, 0x000001cda7292e48]
Event: 12.604 Thread 0x000001cdbc84f800 6192       3       org.gradle.api.internal.project.taskfactory.DefaultTaskClassInfoStore::createTaskAction (215 bytes)
Event: 12.615 Thread 0x000001cdbc84f800 nmethod 6192 0x000001cda7292f90 code [0x000001cda7293600, 0x000001cda7297098]

GC Heap History (20 events):
Event: 1.223 GC heap before
{Heap before GC invocations=2 (full 0):
 garbage-first heap   total 131072K, used 37579K [0x0000000080000000, 0x0000000100000000)
  region size 1024K, 30 young (30720K), 1 survivors (1024K)
 Metaspace       used 11072K, capacity 11412K, committed 11520K, reserved 1058816K
  class space    used 1167K, capacity 1273K, committed 1280K, reserved 1048576K
}
Event: 1.226 GC heap after
{Heap after GC invocations=3 (full 0):
 garbage-first heap   total 131072K, used 13298K [0x0000000080000000, 0x0000000100000000)
  region size 1024K, 4 young (4096K), 4 survivors (4096K)
 Metaspace       used 11072K, capacity 11412K, committed 11520K, reserved 1058816K
  class space    used 1167K, capacity 1273K, committed 1280K, reserved 1048576K
}
Event: 2.387 GC heap before
{Heap before GC invocations=3 (full 0):
 garbage-first heap   total 131072K, used 56306K [0x0000000080000000, 0x0000000100000000)
  region size 1024K, 46 young (47104K), 4 survivors (4096K)
 Metaspace       used 19340K, capacity 19809K, committed 19968K, reserved 1067008K
  class space    used 2342K, capacity 2470K, committed 2560K, reserved 1048576K
}
Event: 2.396 GC heap after
{Heap after GC invocations=4 (full 0):
 garbage-first heap   total 131072K, used 15945K [0x0000000080000000, 0x0000000100000000)
  region size 1024K, 3 young (3072K), 3 survivors (3072K)
 Metaspace       used 19340K, capacity 19809K, committed 19968K, reserved 1067008K
  class space    used 2342K, capacity 2470K, committed 2560K, reserved 1048576K
}
Event: 2.449 GC heap before
{Heap before GC invocations=4 (full 0):
 garbage-first heap   total 131072K, used 20041K [0x0000000080000000, 0x0000000100000000)
  region size 1024K, 8 young (8192K), 3 survivors (3072K)
 Metaspace       used 20620K, capacity 21040K, committed 21248K, reserved 1069056K
  class space    used 2425K, capacity 2543K, committed 2560K, reserved 1048576K
}
Event: 2.454 GC heap after
{Heap after GC invocations=5 (full 0):
 garbage-first heap   total 157696K, used 16171K [0x0000000080000000, 0x0000000100000000)
  region size 1024K, 3 young (3072K), 3 survivors (3072K)
 Metaspace       used 20620K, capacity 21040K, committed 21248K, reserved 1069056K
  class space    used 2425K, capacity 2543K, committed 2560K, reserved 1048576K
}
Event: 3.328 GC heap before
{Heap before GC invocations=6 (full 0):
 garbage-first heap   total 157696K, used 70443K [0x0000000080000000, 0x0000000100000000)
  region size 1024K, 57 young (58368K), 3 survivors (3072K)
 Metaspace       used 26884K, capacity 27527K, committed 27772K, reserved 1073152K
  class space    used 3457K, capacity 3647K, committed 3712K, reserved 1048576K
}
Event: 3.335 GC heap after
{Heap after GC invocations=7 (full 0):
 garbage-first heap   total 157696K, used 18156K [0x0000000080000000, 0x0000000100000000)
  region size 1024K, 5 young (5120K), 5 survivors (5120K)
 Metaspace       used 26884K, capacity 27527K, committed 27772K, reserved 1073152K
  class space    used 3457K, capacity 3647K, committed 3712K, reserved 1048576K
}
Event: 4.152 GC heap before
{Heap before GC invocations=7 (full 0):
 garbage-first heap   total 157696K, used 60140K [0x0000000080000000, 0x0000000100000000)
  region size 1024K, 48 young (49152K), 5 survivors (5120K)
 Metaspace       used 35177K, capacity 35871K, committed 36048K, reserved 1081344K
  class space    used 4487K, capacity 4747K, committed 4864K, reserved 1048576K
}
Event: 4.165 GC heap after
{Heap after GC invocations=8 (full 0):
 garbage-first heap   total 157696K, used 21429K [0x0000000080000000, 0x0000000100000000)
  region size 1024K, 6 young (6144K), 6 survivors (6144K)
 Metaspace       used 35177K, capacity 35871K, committed 36048K, reserved 1081344K
  class space    used 4487K, capacity 4747K, committed 4864K, reserved 1048576K
}
Event: 5.390 GC heap before
{Heap before GC invocations=9 (full 0):
 garbage-first heap   total 157696K, used 86965K [0x0000000080000000, 0x0000000100000000)
  region size 1024K, 68 young (69632K), 6 survivors (6144K)
 Metaspace       used 40764K, capacity 41626K, committed 41936K, reserved 1085440K
  class space    used 5234K, capacity 5527K, committed 5632K, reserved 1048576K
}
Event: 5.405 GC heap after
{Heap after GC invocations=10 (full 0):
 garbage-first heap   total 157696K, used 25091K [0x0000000080000000, 0x0000000100000000)
  region size 1024K, 7 young (7168K), 7 survivors (7168K)
 Metaspace       used 40764K, capacity 41626K, committed 41936K, reserved 1085440K
  class space    used 5234K, capacity 5527K, committed 5632K, reserved 1048576K
}
Event: 6.611 GC heap before
{Heap before GC invocations=10 (full 0):
 garbage-first heap   total 157696K, used 102915K [0x0000000080000000, 0x0000000100000000)
  region size 1024K, 77 young (78848K), 7 survivors (7168K)
 Metaspace       used 43902K, capacity 44996K, committed 45136K, reserved 1089536K
  class space    used 5608K, capacity 5964K, committed 6016K, reserved 1048576K
}
Event: 6.631 GC heap after
{Heap after GC invocations=11 (full 0):
 garbage-first heap   total 157696K, used 41373K [0x0000000080000000, 0x0000000100000000)
  region size 1024K, 10 young (10240K), 10 survivors (10240K)
 Metaspace       used 43902K, capacity 44996K, committed 45136K, reserved 1089536K
  class space    used 5608K, capacity 5964K, committed 6016K, reserved 1048576K
}
Event: 8.049 GC heap before
{Heap before GC invocations=11 (full 0):
 garbage-first heap   total 157696K, used 108957K [0x0000000080000000, 0x0000000100000000)
  region size 1024K, 77 young (78848K), 10 survivors (10240K)
 Metaspace       used 53947K, capacity 55249K, committed 55376K, reserved 1097728K
  class space    used 6823K, capacity 7260K, committed 7296K, reserved 1048576K
}
Event: 8.069 GC heap after
{Heap after GC invocations=12 (full 0):
 garbage-first heap   total 189440K, used 48405K [0x0000000080000000, 0x0000000100000000)
  region size 1024K, 7 young (7168K), 7 survivors (7168K)
 Metaspace       used 53947K, capacity 55249K, committed 55376K, reserved 1097728K
  class space    used 6823K, capacity 7260K, committed 7296K, reserved 1048576K
}
Event: 9.187 GC heap before
{Heap before GC invocations=12 (full 0):
 garbage-first heap   total 189440K, used 85269K [0x0000000080000000, 0x0000000100000000)
  region size 1024K, 44 young (45056K), 7 survivors (7168K)
 Metaspace       used 58998K, capacity 60388K, committed 60508K, reserved 1101824K
  class space    used 7409K, capacity 7877K, committed 7936K, reserved 1048576K
}
Event: 9.203 GC heap after
{Heap after GC invocations=13 (full 0):
 garbage-first heap   total 189440K, used 49726K [0x0000000080000000, 0x0000000100000000)
  region size 1024K, 4 young (4096K), 4 survivors (4096K)
 Metaspace       used 58998K, capacity 60388K, committed 60508K, reserved 1101824K
  class space    used 7409K, capacity 7877K, committed 7936K, reserved 1048576K
}
Event: 11.341 GC heap before
{Heap before GC invocations=14 (full 0):
 garbage-first heap   total 189440K, used 128574K [0x0000000080000000, 0x0000000100000000)
  region size 1024K, 81 young (82944K), 4 survivors (4096K)
 Metaspace       used 64780K, capacity 66222K, committed 66396K, reserved 1107968K
  class space    used 8185K, capacity 8672K, committed 8704K, reserved 1048576K
}
Event: 11.356 GC heap after
{Heap after GC invocations=15 (full 0):
 garbage-first heap   total 189440K, used 55245K [0x0000000080000000, 0x0000000100000000)
  region size 1024K, 9 young (9216K), 9 survivors (9216K)
 Metaspace       used 64780K, capacity 66222K, committed 66396K, reserved 1107968K
  class space    used 8185K, capacity 8672K, committed 8704K, reserved 1048576K
}

Deoptimization events (20 events):
Event: 10.577 Thread 0x000001cdbd311800 DEOPT PACKING pc=0x000001cda67422f0 sp=0x000000c92a7f9db0
Event: 10.577 Thread 0x000001cdbd311800 DEOPT UNPACKING pc=0x000001cda5fd76ce sp=0x000000c92a7f9288 mode 0
Event: 10.637 Thread 0x000001cdbd311800 DEOPT PACKING pc=0x000001cda6742079 sp=0x000000c92a7f9e10
Event: 10.637 Thread 0x000001cdbd311800 DEOPT UNPACKING pc=0x000001cda5fd76ce sp=0x000000c92a7f92d8 mode 0
Event: 11.742 Thread 0x000001cdbd311800 Uncommon trap: trap_request=0xffffff4d fr.pc=0x000001cdadca71c8 relative=0x0000000000000228
Event: 11.742 Thread 0x000001cdbd311800 Uncommon trap: reason=unstable_if action=reinterpret pc=0x000001cdadca71c8 method=java.security.SecureClassLoader$CodeSourceKey.hashCode()I @ 9 c2
Event: 11.742 Thread 0x000001cdbd311800 DEOPT PACKING pc=0x000001cdadca71c8 sp=0x000000c92a7f6520
Event: 11.742 Thread 0x000001cdbd311800 DEOPT UNPACKING pc=0x000001cda5fd78af sp=0x000000c92a7f64b0 mode 2
Event: 11.800 Thread 0x000001cdbd311800 Uncommon trap: trap_request=0xffffff4d fr.pc=0x000001cdadd8296c relative=0x000000000000026c
Event: 11.800 Thread 0x000001cdbd311800 Uncommon trap: reason=unstable_if action=reinterpret pc=0x000001cdadd8296c method=java.lang.Class.getTypeName()Ljava/lang/String; @ 23 c2
Event: 11.800 Thread 0x000001cdbd311800 DEOPT PACKING pc=0x000001cdadd8296c sp=0x000000c92a7f9660
Event: 11.800 Thread 0x000001cdbd311800 DEOPT UNPACKING pc=0x000001cda5fd78af sp=0x000000c92a7f9628 mode 2
Event: 11.965 Thread 0x000001cdbd311800 Uncommon trap: trap_request=0xffffff4d fr.pc=0x000001cdaddb7220 relative=0x0000000000000a80
Event: 11.965 Thread 0x000001cdbd311800 Uncommon trap: reason=unstable_if action=reinterpret pc=0x000001cdaddb7220 method=com.google.common.collect.ImmutableSet.construct(I[Ljava/lang/Object;)Lcom/google/common/collect/ImmutableSet; @ 1 c2
Event: 11.965 Thread 0x000001cdbd311800 DEOPT PACKING pc=0x000001cdaddb7220 sp=0x000000c92a7fa350
Event: 11.965 Thread 0x000001cdbd311800 DEOPT UNPACKING pc=0x000001cda5fd78af sp=0x000000c92a7fa2f8 mode 2
Event: 12.432 Thread 0x000001cdbd311800 Uncommon trap: trap_request=0xffffff4d fr.pc=0x000001cdadd74178 relative=0x0000000000001998
Event: 12.432 Thread 0x000001cdbd311800 Uncommon trap: reason=unstable_if action=reinterpret pc=0x000001cdadd74178 method=org.codehaus.groovy.runtime.metaclass.MetaMethodIndex.addMethodToList(Ljava/lang/Object;Lgroovy/lang/MetaMethod;)Ljava/lang/Object; @ 256 c2
Event: 12.432 Thread 0x000001cdbd311800 DEOPT PACKING pc=0x000001cdadd74178 sp=0x000000c92a7f8110
Event: 12.432 Thread 0x000001cdbd311800 DEOPT UNPACKING pc=0x000001cda5fd78af sp=0x000000c92a7f80c8 mode 2

Classes redefined (0 events):
No events

Internal exceptions (20 events):
Event: 12.329 Thread 0x000001cdbd311800 Exception <a 'java/lang/ClassNotFoundException'{0x000000008a07da60}: com/android/build/gradle/internal/api/AndroidArtifactVariantImplBeanInfo> (0x000000008a07da60) thrown at [./src/hotspot/share/classfile/systemDictionary.cpp, line 231]
Event: 12.330 Thread 0x000001cdbd311800 Exception <a 'java/lang/ClassNotFoundException'{0x000000008a094b70}: com/android/build/gradle/internal/api/BaseVariantImplBeanInfo> (0x000000008a094b70) thrown at [./src/hotspot/share/classfile/systemDictionary.cpp, line 231]
Event: 12.332 Thread 0x000001cdbd311800 Exception <a 'java/lang/ClassNotFoundException'{0x000000008a0af9c8}: com/android/build/gradle/internal/api/BaseVariantImplCustomizer> (0x000000008a0af9c8) thrown at [./src/hotspot/share/classfile/systemDictionary.cpp, line 231]
Event: 12.335 Thread 0x000001cdbd311800 Exception <a 'java/lang/ClassNotFoundException'{0x0000000089f07dd0}: com/android/build/gradle/internal/api/AndroidArtifactVariantImplCustomizer> (0x0000000089f07dd0) thrown at [./src/hotspot/share/classfile/systemDictionary.cpp, line 231]
Event: 12.345 Thread 0x000001cdbd311800 Exception <a 'java/lang/ClassNotFoundException'{0x0000000089f33a20}: com/android/build/gradle/internal/api/InstallableVariantImplCustomizer> (0x0000000089f33a20) thrown at [./src/hotspot/share/classfile/systemDictionary.cpp, line 231]
Event: 12.347 Thread 0x000001cdbd311800 Exception <a 'java/lang/ClassNotFoundException'{0x0000000089f62fd8}: com/android/build/gradle/internal/api/ApkVariantImplCustomizer> (0x0000000089f62fd8) thrown at [./src/hotspot/share/classfile/systemDictionary.cpp, line 231]
Event: 12.348 Thread 0x000001cdbd311800 Exception <a 'java/lang/ClassNotFoundException'{0x0000000089f90960}: com/android/build/gradle/internal/api/ApplicationVariantImplCustomizer> (0x0000000089f90960) thrown at [./src/hotspot/share/classfile/systemDictionary.cpp, line 231]
Event: 12.350 Thread 0x000001cdbd311800 Exception <a 'java/lang/ClassNotFoundException'{0x0000000089fc28d0}: com/android/build/gradle/internal/api/ApplicationVariantImpl_DecoratedCustomizer> (0x0000000089fc28d0) thrown at [./src/hotspot/share/classfile/systemDictionary.cpp, line 231]
Event: 12.365 Thread 0x000001cdbd311800 Exception <a 'java/lang/ClassNotFoundException'{0x0000000089d39b08}: java/lang/StringBeanInfo> (0x0000000089d39b08) thrown at [./src/hotspot/share/classfile/systemDictionary.cpp, line 231]
Event: 12.365 Thread 0x000001cdbd311800 Exception <a 'java/lang/ClassNotFoundException'{0x0000000089d41790}: java/lang/StringCustomizer> (0x0000000089d41790) thrown at [./src/hotspot/share/classfile/systemDictionary.cpp, line 231]
Event: 12.557 Thread 0x000001cdbd311800 Exception <a 'java/lang/ClassNotFoundException'{0x0000000089ab5bf8}: org/gradle/api/internal/tasks/DefaultTaskContainer_DecoratedBeanInfo> (0x0000000089ab5bf8) thrown at [./src/hotspot/share/classfile/systemDictionary.cpp, line 231]
Event: 12.557 Thread 0x000001cdbd311800 Exception <a 'java/lang/ClassNotFoundException'{0x0000000089ac71e8}: org/gradle/api/internal/tasks/DefaultTaskContainerBeanInfo> (0x0000000089ac71e8) thrown at [./src/hotspot/share/classfile/systemDictionary.cpp, line 231]
Event: 12.558 Thread 0x000001cdbd311800 Exception <a 'java/lang/ClassNotFoundException'{0x0000000089ad8da0}: org/gradle/api/internal/tasks/DefaultTaskCollectionBeanInfo> (0x0000000089ad8da0) thrown at [./src/hotspot/share/classfile/systemDictionary.cpp, line 231]
Event: 12.559 Thread 0x000001cdbd311800 Exception <a 'java/lang/ClassNotFoundException'{0x0000000089aea928}: org/gradle/api/internal/tasks/DefaultTaskCollectionCustomizer> (0x0000000089aea928) thrown at [./src/hotspot/share/classfile/systemDictionary.cpp, line 231]
Event: 12.560 Thread 0x000001cdbd311800 Exception <a 'java/lang/ClassNotFoundException'{0x00000000899262f8}: org/gradle/api/internal/tasks/DefaultTaskContainerCustomizer> (0x00000000899262f8) thrown at [./src/hotspot/share/classfile/systemDictionary.cpp, line 231]
Event: 12.563 Thread 0x000001cdbd311800 Exception <a 'java/lang/ClassNotFoundException'{0x00000000899827c0}: org/gradle/api/internal/tasks/DefaultTaskContainer_DecoratedCustomizer> (0x00000000899827c0) thrown at [./src/hotspot/share/classfile/systemDictionary.cpp, line 231]
Event: 12.599 Thread 0x000001cdbd311800 Exception <a 'java/lang/ClassNotFoundException'{0x000000008989f378}: com/google/gms/googleservices/GoogleServicesTask_DecoratedBeanInfo> (0x000000008989f378) thrown at [./src/hotspot/share/classfile/systemDictionary.cpp, line 231]
Event: 12.600 Thread 0x000001cdbd311800 Exception <a 'java/lang/ClassNotFoundException'{0x00000000898b5398}: com/google/gms/googleservices/GoogleServicesTaskBeanInfo> (0x00000000898b5398) thrown at [./src/hotspot/share/classfile/systemDictionary.cpp, line 231]
Event: 12.600 Thread 0x000001cdbd311800 Exception <a 'java/lang/ClassNotFoundException'{0x00000000898cbaa8}: com/google/gms/googleservices/GoogleServicesTaskCustomizer> (0x00000000898cbaa8) thrown at [./src/hotspot/share/classfile/systemDictionary.cpp, line 231]
Event: 12.602 Thread 0x000001cdbd311800 Exception <a 'java/lang/ClassNotFoundException'{0x00000000898f7798}: com/google/gms/googleservices/GoogleServicesTask_DecoratedCustomizer> (0x00000000898f7798) thrown at [./src/hotspot/share/classfile/systemDictionary.cpp, line 231]

Events (20 events):
Event: 12.599 loading class com/google/gms/googleservices/GoogleServicesTask_DecoratedBeanInfo
Event: 12.599 loading class com/google/gms/googleservices/GoogleServicesTask_DecoratedBeanInfo done
Event: 12.599 loading class com/google/gms/googleservices/GoogleServicesTaskBeanInfo
Event: 12.599 loading class com/google/gms/googleservices/GoogleServicesTaskBeanInfo done
Event: 12.599 loading class com/google/gms/googleservices/GoogleServicesTaskBeanInfo
Event: 12.599 loading class com/google/gms/googleservices/GoogleServicesTaskBeanInfo done
Event: 12.600 loading class com/google/gms/googleservices/GoogleServicesTaskBeanInfo
Event: 12.600 loading class com/google/gms/googleservices/GoogleServicesTaskBeanInfo done
Event: 12.600 loading class com/google/gms/googleservices/GoogleServicesTaskCustomizer
Event: 12.600 loading class com/google/gms/googleservices/GoogleServicesTaskCustomizer done
Event: 12.600 loading class com/google/gms/googleservices/GoogleServicesTaskCustomizer
Event: 12.600 loading class com/google/gms/googleservices/GoogleServicesTaskCustomizer done
Event: 12.600 loading class com/google/gms/googleservices/GoogleServicesTaskCustomizer
Event: 12.600 loading class com/google/gms/googleservices/GoogleServicesTaskCustomizer done
Event: 12.601 loading class com/google/gms/googleservices/GoogleServicesTask_DecoratedCustomizer
Event: 12.601 loading class com/google/gms/googleservices/GoogleServicesTask_DecoratedCustomizer done
Event: 12.601 loading class com/google/gms/googleservices/GoogleServicesTask_DecoratedCustomizer
Event: 12.601 loading class com/google/gms/googleservices/GoogleServicesTask_DecoratedCustomizer done
Event: 12.602 loading class com/google/gms/googleservices/GoogleServicesTask_DecoratedCustomizer
Event: 12.602 loading class com/google/gms/googleservices/GoogleServicesTask_DecoratedCustomizer done


Dynamic libraries:
0x00007ff622a80000 - 0x00007ff622a8a000 	C:\Program Files\Android\Android Studio1\jre\bin\java.exe
0x00007ff8aedc0000 - 0x00007ff8aefc7000 	C:\Windows\SYSTEM32\ntdll.dll
0x00007ff8ae0f0000 - 0x00007ff8ae1ad000 	C:\Windows\System32\KERNEL32.DLL
0x00007ff8ac630000 - 0x00007ff8ac9a4000 	C:\Windows\System32\KERNELBASE.dll
0x00007ff8ac3f0000 - 0x00007ff8ac501000 	C:\Windows\System32\ucrtbase.dll
0x00007ff8a65b0000 - 0x00007ff8a65c9000 	C:\Program Files\Android\Android Studio1\jre\bin\jli.dll
0x00007ff8ae7f0000 - 0x00007ff8ae99c000 	C:\Windows\System32\USER32.dll
0x00007ff8ac2a0000 - 0x00007ff8ac2c6000 	C:\Windows\System32\win32u.dll
0x00007ff8ae9a0000 - 0x00007ff8ae9c9000 	C:\Windows\System32\GDI32.dll
0x00007ff8ac2d0000 - 0x00007ff8ac3e2000 	C:\Windows\System32\gdi32full.dll
0x00007ff8ac510000 - 0x00007ff8ac5ad000 	C:\Windows\System32\msvcp_win.dll
0x00007ff8a6840000 - 0x00007ff8a6857000 	C:\Program Files\Android\Android Studio1\jre\bin\VCRUNTIME140.dll
0x00007ff88f780000 - 0x00007ff88fa25000 	C:\Windows\WinSxS\amd64_microsoft.windows.common-controls_6595b64144ccf1df_6.0.22000.120_none_9d947278b86cc467\COMCTL32.dll
0x00007ff8acdf0000 - 0x00007ff8ace93000 	C:\Windows\System32\msvcrt.dll
0x00007ff8ad320000 - 0x00007ff8ad351000 	C:\Windows\System32\IMM32.DLL
0x00007ff89ae90000 - 0x00007ff89af2d000 	C:\Program Files\Android\Android Studio1\jre\bin\msvcp140.dll
0x00007ff870ca0000 - 0x00007ff87176f000 	C:\Program Files\Android\Android Studio1\jre\bin\server\jvm.dll
0x00007ff8aebf0000 - 0x00007ff8aec9c000 	C:\Windows\System32\ADVAPI32.dll
0x00007ff8ae050000 - 0x00007ff8ae0ed000 	C:\Windows\System32\sechost.dll
0x00007ff8ae380000 - 0x00007ff8ae4a1000 	C:\Windows\System32\RPCRT4.dll
0x00007ff8ae370000 - 0x00007ff8ae378000 	C:\Windows\System32\PSAPI.DLL
0x00007ff8a1b10000 - 0x00007ff8a1b19000 	C:\Windows\SYSTEM32\WSOCK32.dll
0x00007ff8a6800000 - 0x00007ff8a6833000 	C:\Windows\SYSTEM32\WINMM.dll
0x00007ff8aed00000 - 0x00007ff8aed6f000 	C:\Windows\System32\WS2_32.dll
0x00007ff8a7ea0000 - 0x00007ff8a7eaa000 	C:\Windows\SYSTEM32\VERSION.dll
0x00007ff8ab4c0000 - 0x00007ff8ab4d8000 	C:\Windows\SYSTEM32\kernel.appcore.dll
0x00007ff891970000 - 0x00007ff891981000 	C:\Program Files\Android\Android Studio1\jre\bin\verify.dll
0x00007ff8a7740000 - 0x00007ff8a7961000 	C:\Windows\SYSTEM32\DBGHELP.DLL
0x00007ff8a76a0000 - 0x00007ff8a76d1000 	C:\Windows\SYSTEM32\dbgcore.DLL
0x00007ff8ac5b0000 - 0x00007ff8ac630000 	C:\Windows\System32\bcryptPrimitives.dll
0x00007ff890150000 - 0x00007ff890179000 	C:\Program Files\Android\Android Studio1\jre\bin\java.dll
0x00007ff8a1750000 - 0x00007ff8a175b000 	C:\Program Files\Android\Android Studio1\jre\bin\jimage.dll
0x00007ff890130000 - 0x00007ff890148000 	C:\Program Files\Android\Android Studio1\jre\bin\zip.dll
0x00007ff8ad360000 - 0x00007ff8adb09000 	C:\Windows\System32\SHELL32.dll
0x00007ff8aa460000 - 0x00007ff8aacc2000 	C:\Windows\SYSTEM32\windows.storage.dll
0x00007ff8adbf0000 - 0x00007ff8adf68000 	C:\Windows\System32\combase.dll
0x00007ff8aa2f0000 - 0x00007ff8aa456000 	C:\Windows\SYSTEM32\wintypes.dll
0x00007ff8ae9d0000 - 0x00007ff8aeaba000 	C:\Windows\System32\SHCORE.dll
0x00007ff8aeca0000 - 0x00007ff8aecfd000 	C:\Windows\System32\shlwapi.dll
0x00007ff8ac1d0000 - 0x00007ff8ac1f1000 	C:\Windows\SYSTEM32\profapi.dll
0x00007ff88e7f0000 - 0x00007ff88e80a000 	C:\Program Files\Android\Android Studio1\jre\bin\net.dll
0x00007ff8a8d60000 - 0x00007ff8a8e6c000 	C:\Windows\SYSTEM32\WINHTTP.dll
0x00007ff8ab8d0000 - 0x00007ff8ab937000 	C:\Windows\system32\mswsock.dll
0x00007ff88e7d0000 - 0x00007ff88e7e4000 	C:\Program Files\Android\Android Studio1\jre\bin\nio.dll
0x00007ff8a6c30000 - 0x00007ff8a6c57000 	C:\Users\Acer\.gradle\native\f6784746aeab05261644944871eae4fe03e0ef1612fff0a4a95f87b438bc6780\windows-amd64\native-platform.dll
0x00007ff89bfd0000 - 0x00007ff89bfda000 	C:\Program Files\Android\Android Studio1\jre\bin\management.dll
0x00007ff89bf90000 - 0x00007ff89bf9c000 	C:\Program Files\Android\Android Studio1\jre\bin\management_ext.dll
0x00007ff8abb20000 - 0x00007ff8abb38000 	C:\Windows\SYSTEM32\CRYPTSP.dll
0x00007ff8ab420000 - 0x00007ff8ab455000 	C:\Windows\system32\rsaenh.dll
0x00007ff8ab9c0000 - 0x00007ff8ab9e9000 	C:\Windows\SYSTEM32\USERENV.dll
0x00007ff8abc90000 - 0x00007ff8abcb7000 	C:\Windows\SYSTEM32\bcrypt.dll
0x00007ff8abb10000 - 0x00007ff8abb1c000 	C:\Windows\SYSTEM32\CRYPTBASE.dll
0x00007ff8ab040000 - 0x00007ff8ab06d000 	C:\Windows\SYSTEM32\IPHLPAPI.DLL
0x00007ff8ae360000 - 0x00007ff8ae369000 	C:\Windows\System32\NSI.dll
0x00007ff8a8ec0000 - 0x00007ff8a8ed9000 	C:\Windows\SYSTEM32\dhcpcsvc6.DLL
0x00007ff8a9090000 - 0x00007ff8a90ae000 	C:\Windows\SYSTEM32\dhcpcsvc.DLL
0x00007ff8ab070000 - 0x00007ff8ab157000 	C:\Windows\SYSTEM32\DNSAPI.dll
0x00007ff8a8e70000 - 0x00007ff8a8e7c000 	C:\Windows\SYSTEM32\WINNSI.DLL

dbghelp: loaded successfully - version: 4.0.5 - missing functions: none
symbol engine: initialized successfully - sym options: 0x614 - pdb path: .;C:\Program Files\Android\Android Studio1\jre\bin;C:\Windows\SYSTEM32;C:\Windows\WinSxS\amd64_microsoft.windows.common-controls_6595b64144ccf1df_6.0.22000.120_none_9d947278b86cc467;C:\Program Files\Android\Android Studio1\jre\bin\server;C:\Users\Acer\.gradle\native\f6784746aeab05261644944871eae4fe03e0ef1612fff0a4a95f87b438bc6780\windows-amd64

VM Arguments:
jvm_args: --add-opens=java.base/java.util=ALL-UNNAMED --add-opens=java.base/java.lang=ALL-UNNAMED --add-opens=java.base/java.lang.invoke=ALL-UNNAMED --add-opens=java.prefs/java.util.prefs=ALL-UNNAMED -Xmx2048m -Dfile.encoding=UTF-8 -Duser.country=RU -Duser.language=ru -Duser.variant 
java_command: org.gradle.launcher.daemon.bootstrap.GradleDaemon 6.5
java_class_path (initial): C:\Users\Acer\.gradle\wrapper\dists\gradle-6.5-bin\6nifqtx7604sqp1q6g8wikw7p\gradle-6.5\lib\gradle-launcher-6.5.jar
Launcher Type: SUN_STANDARD

[Global flags]
     intx CICompilerCount                          = 3                                         {product} {ergonomic}
     uint ConcGCThreads                            = 1                                         {product} {ergonomic}
     uint G1ConcRefinementThreads                  = 4                                         {product} {ergonomic}
   size_t G1HeapRegionSize                         = 1048576                                   {product} {ergonomic}
    uintx GCDrainStackTargetSize                   = 64                                        {product} {ergonomic}
   size_t InitialHeapSize                          = 134217728                                 {product} {ergonomic}
   size_t MarkStackSize                            = 4194304                                   {product} {ergonomic}
   size_t MaxHeapSize                              = 2147483648                                {product} {command line}
   size_t MaxNewSize                               = 1287651328                                {product} {ergonomic}
   size_t MinHeapDeltaBytes                        = 1048576                                   {product} {ergonomic}
    uintx NonNMethodCodeHeapSize                   = 5830732                                {pd product} {ergonomic}
    uintx NonProfiledCodeHeapSize                  = 122913754                              {pd product} {ergonomic}
    uintx ProfiledCodeHeapSize                     = 122913754                              {pd product} {ergonomic}
    uintx ReservedCodeCacheSize                    = 251658240                              {pd product} {ergonomic}
     bool SegmentedCodeCache                       = true                                      {product} {ergonomic}
     bool UseCompressedClassPointers               = true                                 {lp64_product} {ergonomic}
     bool UseCompressedOops                        = true                                 {lp64_product} {ergonomic}
     bool UseG1GC                                  = true                                      {product} {ergonomic}
     bool UseLargePagesIndividualAllocation        = false                                  {pd product} {ergonomic}

Logging:
Log output configuration:
 #0: stdout all=warning uptime,level,tags
 #1: stderr all=off uptime,level,tags

Environment Variables:
PATH=C:\Program Files\Common Files\Oracle\Java\javapath;C:\Windows\system32;C:\Windows;C:\Windows\System32\Wbem;C:\Windows\System32\WindowsPowerShell\v1.0\;C:\Windows\System32\OpenSSH\;C:\Program Files (x86)\NVIDIA Corporation\PhysX\Common;C:\Program Files\Git\cmd;C:\Users\Acer\AppData\Local\Microsoft\WindowsApps;
USERNAME=Acer
OS=Windows_NT
PROCESSOR_IDENTIFIER=Intel64 Family 6 Model 142 Stepping 9, GenuineIntel



---------------  S Y S T E M  ---------------

OS: Windows 10 , 64 bit Build 22000 (10.0.22000.120)
OS uptime: 2 days 1:13 hours

CPU:total 4 (initial active 4) (2 cores per cpu, 2 threads per core) family 6 model 142 stepping 9 microcode 0xde, cmov, cx8, fxsr, mmx, sse, sse2, sse3, ssse3, sse4.1, sse4.2, popcnt, avx, avx2, aes, clmul, erms, 3dnowpref, lzcnt, ht, tsc, tscinvbit, bmi1, bmi2, adx, fma

Memory: 4k page, system-wide physical 8069M (605M free)
TotalPageFile size 8069M (AvailPageFile size 6M)
current process WorkingSet (physical memory assigned to process): 368M, peak: 368M
current process commit charge ("private bytes"): 421M, peak: 422M

vm_info: OpenJDK 64-Bit Server VM (11.0.10+0-b96-7249189) for windows-amd64 JRE (11.0.10+0-b96-7249189), built on Mar 31 2021 21:44:00 by "builder" with MS VC++ 14.0 (VS2015)

END.
