#
# There is insufficient memory for the Java Runtime Environment to continue.
# Native memory allocation (malloc) failed to allocate 1879696 bytes for Chunk::new
# Possible reasons:
#   The system is out of physical RAM or swap space
#   The process is running with CompressedOops enabled, and the Java Heap may be blocking the growth of the native heap
# Possible solutions:
#   Reduce memory load on the system
#   Increase physical memory or swap space
#   Check if swap backing store is full
#   Decrease Java heap size (-Xmx/-Xms)
#   Decrease number of Java threads
#   Decrease Java thread stack sizes (-Xss)
#   Set larger code cache with -XX:ReservedCodeCacheSize=
#   JVM is running with Unscaled Compressed Oops mode in which the Java heap is
#     placed in the first 4GB address space. The Java Heap base address is the
#     maximum limit for the native heap growth. Please use -XX:HeapBaseMinAddress
#     to set the Java Heap base and to place the Java Heap above 4GB virtual address.
# This output file may be truncated or incomplete.
#
#  Out of Memory Error (./src/hotspot/share/memory/arena.cpp:197), pid=5336, tid=5152
#
# JRE version: OpenJDK Runtime Environment (11.0.10) (build 11.0.10+0-b96-7249189)
# Java VM: OpenJDK 64-Bit Server VM (11.0.10+0-b96-7249189, mixed mode, tiered, compressed oops, g1 gc, windows-amd64)
# No core dump will be written. Minidumps are not enabled by default on client versions of Windows
#

---------------  S U M M A R Y ------------

Command Line: --add-opens=java.base/java.util=ALL-UNNAMED --add-opens=java.base/java.lang=ALL-UNNAMED --add-opens=java.base/java.lang.invoke=ALL-UNNAMED --add-opens=java.prefs/java.util.prefs=ALL-UNNAMED -Xmx2048m -Dfile.encoding=UTF-8 -Duser.country=RU -Duser.language=ru -Duser.variant org.gradle.launcher.daemon.bootstrap.GradleDaemon 6.5

Host: Intel(R) Core(TM) i5-7200U CPU @ 2.50GHz, 4 cores, 7G,  Windows 10 , 64 bit Build 22000 (10.0.22000.120)
Time: Mon Aug 30 23:42:12 2021 RTZ 2 (зима) elapsed time: 456.633528 seconds (0d 0h 7m 36s)

---------------  T H R E A D  ---------------

Current thread (0x000001ca06612000):  JavaThread "C2 CompilerThread1" daemon [_thread_in_native, id=5152, stack(0x00000093e9200000,0x00000093e9300000)]


Current CompileTask:
C2: 456633 19135 %     4       org.jetbrains.kotlin.gradle.internal.kapt.incremental.ClasspathSnapshot::findAllImpacted @ 157 (602 bytes)

Stack: [0x00000093e9200000,0x00000093e9300000]
Native frames: (J=compiled Java code, j=interpreted, Vv=VM code, C=native code)
V  [jvm.dll+0x5ecfaa]
V  [jvm.dll+0x722bd5]
V  [jvm.dll+0x72412d]
V  [jvm.dll+0x7247e3]
V  [jvm.dll+0x242928]
V  [jvm.dll+0xbc4fc]
V  [jvm.dll+0xbca0c]
V  [jvm.dll+0x352d7d]
V  [jvm.dll+0x320ad3]
V  [jvm.dll+0x31ffca]
V  [jvm.dll+0x1fb602]
V  [jvm.dll+0x1fa7f4]
V  [jvm.dll+0x18354c]
V  [jvm.dll+0x208ee7]
V  [jvm.dll+0x207731]
V  [jvm.dll+0x6eb1cf]
V  [jvm.dll+0x6e3d45]
V  [jvm.dll+0x5ebe96]
C  [ucrtbase.dll+0x26c0c]
C  [KERNEL32.DLL+0x154e0]
C  [ntdll.dll+0x485b]


---------------  P R O C E S S  ---------------

Threads class SMR info:
_java_thread_list=0x000001ca1075ee40, length=175, elements={
0x000001ca6949b000, 0x000001ca7f07d800, 0x000001ca7f081000, 0x000001ca7f0a0000,
0x000001ca7f0a1000, 0x000001ca7f0a2800, 0x000001ca7f0aa000, 0x000001ca7f0b0800,
0x000001ca7f0b2000, 0x000001ca7fb83000, 0x000001ca058a2000, 0x000001ca0554c800,
0x000001ca051c2000, 0x000001ca0577a800, 0x000001ca05775000, 0x000001ca05777800,
0x000001ca0577a000, 0x000001ca060f3800, 0x000001ca064c1800, 0x000001ca0be66000,
0x000001ca05813800, 0x000001ca05816800, 0x000001ca05816000, 0x000001ca05814000,
0x000001ca0be59000, 0x000001ca0be5d000, 0x000001ca0be59800, 0x000001ca0be57800,
0x000001ca0be5b800, 0x000001ca0be5a800, 0x000001ca0be5c000, 0x000001ca0be5e000,
0x000001ca0be58000, 0x000001ca0be63800, 0x000001ca0be5f800, 0x000001ca0be60800,
0x000001ca0be62800, 0x000001ca0be62000, 0x000001ca0be64800, 0x000001ca0be5e800,
0x000001ca0be65000, 0x000001ca0be61000, 0x000001ca064ba000, 0x000001ca064bc800,
0x000001ca064bb000, 0x000001ca064be000, 0x000001ca064bf000, 0x000001ca064bd000,
0x000001ca064b9000, 0x000001ca064bf800, 0x000001ca064c0800, 0x000001ca064bb800,
0x000001ca064c4800, 0x000001ca064c2000, 0x000001ca064c3000, 0x000001ca064c3800,
0x000001ca064c5800, 0x000001ca064c6000, 0x000001ca064c7000, 0x000001ca060f1800,
0x000001ca060f5000, 0x000001ca060f2800, 0x000001ca060fb800, 0x000001ca060f6000,
0x000001ca060f8800, 0x000001ca060f9000, 0x000001ca060fa800, 0x000001ca060fc800,
0x000001ca060fa000, 0x000001ca060f6800, 0x000001ca060fe000, 0x000001ca060fd000,
0x000001ca060ff000, 0x000001ca060ff800, 0x000001ca06100800, 0x000001ca0bac3800,
0x000001ca0bac5000, 0x000001ca0bac6000, 0x000001ca0bac4800, 0x000001ca0bac7800,
0x000001ca0bac2000, 0x000001ca0bacd800, 0x000001ca0bac8800, 0x000001ca0baca000,
0x000001ca0bacb000, 0x000001ca0bacb800, 0x000001ca0bacf000, 0x000001ca0bace000,
0x000001ca0bacc800, 0x000001ca0bac9800, 0x000001ca05815000, 0x000001ca05810000,
0x000001ca05811000, 0x000001ca05817800, 0x000001ca05812000, 0x000001ca05818800,
0x000001ca05812800, 0x000001ca0581b800, 0x000001ca0581c800, 0x000001ca0581d000,
0x000001ca0581e000, 0x000001ca0581f000, 0x000001ca05819000, 0x000001ca0581a000,
0x000001ca0581b000, 0x000001ca05778000, 0x000001ca05775800, 0x000001ca05779000,
0x000001ca0577b800, 0x000001ca05776800, 0x000001ca08993800, 0x000001ca08996800,
0x000001ca08994000, 0x000001ca08991800, 0x000001ca08995000, 0x000001ca08997800,
0x000001ca08996000, 0x000001ca08998800, 0x000001ca08992800, 0x000001ca0899a800,
0x000001ca0899e000, 0x000001ca08999000, 0x000001ca0899f800, 0x000001ca0899b800,
0x000001ca0899a000, 0x000001ca0899f000, 0x000001ca0899c800, 0x000001ca089a0800,
0x000001ca0899d000, 0x000001ca0bfd2000, 0x000001ca0bfcf800, 0x000001ca0bfd4800,
0x000001ca0bfd0800, 0x000001ca0bfd3000, 0x000001ca0bfd3800, 0x000001ca0bfd6000,
0x000001ca0bfd5800, 0x000001ca0bfd7000, 0x000001ca0bfd1000, 0x000001ca0bfdb000,
0x000001ca0bfd8800, 0x000001ca0bfd9800, 0x000001ca0bfd7800, 0x000001ca0bfdc000,
0x000001ca0bfdc800, 0x000001ca0bfda000, 0x000001ca0bfdd800, 0x000001ca0bfde800,
0x000001ca10734000, 0x000001ca10739000, 0x000001ca1073a800, 0x000001ca10736800,
0x000001ca10735800, 0x000001ca10738000, 0x000001ca10735000, 0x000001ca1073b800,
0x000001ca10737000, 0x000001ca1073d000, 0x000001ca1073d800, 0x000001ca1073c000,
0x000001ca1073e800, 0x000001ca1073f800, 0x000001ca10739800, 0x000001ca10740000,
0x000001ca10742000, 0x000001ca10742800, 0x000001ca0828a000, 0x000001ca0828c800,
0x000001ca08290800, 0x000001ca0828e800, 0x000001ca0828a800, 0x000001ca0828f800,
0x000001ca08291000, 0x000001ca08292000, 0x000001ca06612000
}

Java Threads: ( => current thread )
  0x000001ca6949b000 JavaThread "main" [_thread_blocked, id=6368, stack(0x00000093e6f00000,0x00000093e7000000)]
  0x000001ca7f07d800 JavaThread "Reference Handler" daemon [_thread_blocked, id=14284, stack(0x00000093e7600000,0x00000093e7700000)]
  0x000001ca7f081000 JavaThread "Finalizer" daemon [_thread_blocked, id=9696, stack(0x00000093e7700000,0x00000093e7800000)]
  0x000001ca7f0a0000 JavaThread "Signal Dispatcher" daemon [_thread_blocked, id=5084, stack(0x00000093e7800000,0x00000093e7900000)]
  0x000001ca7f0a1000 JavaThread "Attach Listener" daemon [_thread_blocked, id=4800, stack(0x00000093e7900000,0x00000093e7a00000)]
  0x000001ca7f0a2800 JavaThread "Service Thread" daemon [_thread_blocked, id=9848, stack(0x00000093e7a00000,0x00000093e7b00000)]
  0x000001ca7f0aa000 JavaThread "C2 CompilerThread0" daemon [_thread_in_native, id=7908, stack(0x00000093e7b00000,0x00000093e7c00000)]
  0x000001ca7f0b0800 JavaThread "C1 CompilerThread0" daemon [_thread_blocked, id=11284, stack(0x00000093e7c00000,0x00000093e7d00000)]
  0x000001ca7f0b2000 JavaThread "Sweeper thread" daemon [_thread_blocked, id=7768, stack(0x00000093e7d00000,0x00000093e7e00000)]
  0x000001ca7fb83000 JavaThread "Common-Cleaner" daemon [_thread_blocked, id=6432, stack(0x00000093e7e00000,0x00000093e7f00000)]
  0x000001ca058a2000 JavaThread "Daemon health stats" [_thread_blocked, id=1772, stack(0x00000093e8300000,0x00000093e8400000)]
  0x000001ca0554c800 JavaThread "Incoming local TCP Connector on port 14855" [_thread_in_native, id=17212, stack(0x00000093e8500000,0x00000093e8600000)]
  0x000001ca051c2000 JavaThread "Daemon periodic checks" [_thread_blocked, id=556, stack(0x00000093e8600000,0x00000093e8700000)]
  0x000001ca0577a800 JavaThread "Cache worker for journal cache (C:\Users\Acer\.gradle\caches\journal-1)" [_thread_blocked, id=13188, stack(0x00000093e8f00000,0x00000093e9000000)]
  0x000001ca05775000 JavaThread "File lock request listener" [_thread_in_native, id=2816, stack(0x00000093e9000000,0x00000093e9100000)]
  0x000001ca05777800 JavaThread "Cache worker for file hash cache (C:\Users\Acer\.gradle\caches\6.5\fileHashes)" [_thread_blocked, id=14968, stack(0x00000093e9100000,0x00000093e9200000)]
  0x000001ca0577a000 JavaThread "Cache worker for execution history cache (C:\Users\Acer\.gradle\caches\6.5\executionHistory)" [_thread_blocked, id=1564, stack(0x00000093e9700000,0x00000093e9800000)]
  0x000001ca060f3800 JavaThread "Cache worker for file content cache (C:\Users\Acer\.gradle\caches\6.5\fileContent)" [_thread_blocked, id=10576, stack(0x00000093e9900000,0x00000093e9a00000)]
  0x000001ca064c1800 JavaThread "Memory manager" [_thread_blocked, id=5568, stack(0x00000093f1800000,0x00000093f1900000)]
  0x000001ca0be66000 JavaThread "RMI Scheduler(0)" daemon [_thread_blocked, id=9576, stack(0x00000093f2000000,0x00000093f2100000)]
  0x000001ca05813800 JavaThread "RMI GC Daemon" daemon [_thread_blocked, id=17320, stack(0x00000093f2200000,0x00000093f2300000)]
  0x000001ca05816800 JavaThread "RMI TCP Accept-0" daemon [_thread_in_native, id=16120, stack(0x00000093f2300000,0x00000093f2400000)]
  0x000001ca05816000 JavaThread "RMI Reaper" [_thread_blocked, id=8432, stack(0x00000093f2400000,0x00000093f2500000)]
  0x000001ca05814000 JavaThread "ForkJoinPool.commonPool-worker-5" daemon [_thread_blocked, id=12648, stack(0x00000093f2600000,0x00000093f2700000)]
  0x000001ca0be59000 JavaThread "RMI TCP Connection(5)-127.0.0.1" daemon [_thread_in_native, id=15188, stack(0x00000093e6c00000,0x00000093e6d00000)]
  0x000001ca0be5d000 JavaThread "Daemon Thread 2" [_thread_blocked, id=1592, stack(0x00000093e6d00000,0x00000093e6e00000)]
  0x000001ca0be59800 JavaThread "Handler for socket connection from /127.0.0.1:14855 to /127.0.0.1:9449" [_thread_in_native, id=13352, stack(0x00000093e6e00000,0x00000093e6f00000)]
  0x000001ca0be57800 JavaThread "Cancel handler" [_thread_blocked, id=4512, stack(0x00000093e8000000,0x00000093e8100000)]
  0x000001ca0be5b800 JavaThread "Daemon worker Thread 2" [_thread_in_native, id=9628, stack(0x00000093e8400000,0x00000093e8500000)]
  0x000001ca0be5a800 JavaThread "Asynchronous log dispatcher for DefaultDaemonConnection: socket connection from /127.0.0.1:14855 to /127.0.0.1:9449" [_thread_blocked, id=14692, stack(0x00000093e8700000,0x00000093e8800000)]
  0x000001ca0be5c000 JavaThread "Stdin handler" [_thread_blocked, id=8700, stack(0x00000093e8800000,0x00000093e8900000)]
  0x000001ca0be5e000 JavaThread "Thread-304" [_thread_blocked, id=3660, stack(0x00000093e8900000,0x00000093e8a00000)]
  0x000001ca0be58000 JavaThread "Cache worker for file hash cache (D:\proyektim_kvartirabor\Kvartirabor\.gradle\6.5\fileHashes)" [_thread_blocked, id=8128, stack(0x00000093e8a00000,0x00000093e8b00000)]
  0x000001ca0be63800 JavaThread "Cache worker for checksums cache (D:\proyektim_kvartirabor\Kvartirabor\.gradle\checksums)" [_thread_blocked, id=1400, stack(0x00000093e8b00000,0x00000093e8c00000)]
  0x000001ca0be5f800 JavaThread "Cache worker for cache directory md-supplier (C:\Users\Acer\.gradle\caches\6.5\md-supplier)" [_thread_blocked, id=6296, stack(0x00000093e8c00000,0x00000093e8d00000)]
  0x000001ca0be60800 JavaThread "Cache worker for cache directory md-rule (C:\Users\Acer\.gradle\caches\6.5\md-rule)" [_thread_blocked, id=5228, stack(0x00000093e8d00000,0x00000093e8e00000)]
  0x000001ca0be62800 JavaThread "Build operations" [_thread_blocked, id=2932, stack(0x00000093e9300000,0x00000093e9400000)]
  0x000001ca0be62000 JavaThread "Build operations Thread 2" [_thread_blocked, id=4208, stack(0x00000093e9400000,0x00000093e9500000)]
  0x000001ca0be64800 JavaThread "Build operations Thread 3" [_thread_blocked, id=5976, stack(0x00000093e9500000,0x00000093e9600000)]
  0x000001ca0be5e800 JavaThread "Build operations Thread 4" [_thread_blocked, id=13764, stack(0x00000093e9600000,0x00000093e9700000)]
  0x000001ca0be65000 JavaThread "jar transforms Thread 245" [_thread_blocked, id=14124, stack(0x00000093e9800000,0x00000093e9900000)]
  0x000001ca0be61000 JavaThread "jar transforms Thread 246" [_thread_blocked, id=7552, stack(0x00000093e9a00000,0x00000093e9b00000)]
  0x000001ca064ba000 JavaThread "jar transforms Thread 247" [_thread_blocked, id=8384, stack(0x00000093e9b00000,0x00000093e9c00000)]
  0x000001ca064bc800 JavaThread "jar transforms Thread 248" [_thread_blocked, id=9916, stack(0x00000093e9c00000,0x00000093e9d00000)]
  0x000001ca064bb000 JavaThread "jar transforms Thread 249" [_thread_blocked, id=7152, stack(0x00000093e9d00000,0x00000093e9e00000)]
  0x000001ca064be000 JavaThread "jar transforms Thread 250" [_thread_blocked, id=6440, stack(0x00000093e9e00000,0x00000093e9f00000)]
  0x000001ca064bf000 JavaThread "jar transforms Thread 251" [_thread_blocked, id=15408, stack(0x00000093e9f00000,0x00000093ea000000)]
  0x000001ca064bd000 JavaThread "jar transforms Thread 252" [_thread_blocked, id=12524, stack(0x00000093ea000000,0x00000093ea100000)]
  0x000001ca064b9000 JavaThread "jar transforms Thread 253" [_thread_blocked, id=8960, stack(0x00000093ea100000,0x00000093ea200000)]
  0x000001ca064bf800 JavaThread "jar transforms Thread 254" [_thread_blocked, id=6112, stack(0x00000093ea200000,0x00000093ea300000)]
  0x000001ca064c0800 JavaThread "jar transforms Thread 255" [_thread_blocked, id=14420, stack(0x00000093ea300000,0x00000093ea400000)]
  0x000001ca064bb800 JavaThread "jar transforms Thread 256" [_thread_blocked, id=13420, stack(0x00000093ea400000,0x00000093ea500000)]
  0x000001ca064c4800 JavaThread "jar transforms Thread 257" [_thread_blocked, id=16756, stack(0x00000093ea500000,0x00000093ea600000)]
  0x000001ca064c2000 JavaThread "jar transforms Thread 258" [_thread_blocked, id=12304, stack(0x00000093ea600000,0x00000093ea700000)]
  0x000001ca064c3000 JavaThread "jar transforms Thread 259" [_thread_blocked, id=4912, stack(0x00000093ea700000,0x00000093ea800000)]
  0x000001ca064c3800 JavaThread "jar transforms Thread 260" [_thread_blocked, id=13376, stack(0x00000093ea800000,0x00000093ea900000)]
  0x000001ca064c5800 JavaThread "jar transforms Thread 261" [_thread_blocked, id=15296, stack(0x00000093ea900000,0x00000093eaa00000)]
  0x000001ca064c6000 JavaThread "jar transforms Thread 262" [_thread_blocked, id=4880, stack(0x00000093eaa00000,0x00000093eab00000)]
  0x000001ca064c7000 JavaThread "jar transforms Thread 263" [_thread_blocked, id=6216, stack(0x00000093eab00000,0x00000093eac00000)]
  0x000001ca060f1800 JavaThread "jar transforms Thread 264" [_thread_blocked, id=7964, stack(0x00000093eac00000,0x00000093ead00000)]
  0x000001ca060f5000 JavaThread "jar transforms Thread 265" [_thread_blocked, id=16636, stack(0x00000093ead00000,0x00000093eae00000)]
  0x000001ca060f2800 JavaThread "jar transforms Thread 266" [_thread_blocked, id=14820, stack(0x00000093eae00000,0x00000093eaf00000)]
  0x000001ca060fb800 JavaThread "jar transforms Thread 267" [_thread_blocked, id=5136, stack(0x00000093eaf00000,0x00000093eb000000)]
  0x000001ca060f6000 JavaThread "jar transforms Thread 268" [_thread_blocked, id=8292, stack(0x00000093eb000000,0x00000093eb100000)]
  0x000001ca060f8800 JavaThread "jar transforms Thread 269" [_thread_blocked, id=12172, stack(0x00000093eb100000,0x00000093eb200000)]
  0x000001ca060f9000 JavaThread "jar transforms Thread 270" [_thread_blocked, id=13252, stack(0x00000093eb200000,0x00000093eb300000)]
  0x000001ca060fa800 JavaThread "jar transforms Thread 271" [_thread_blocked, id=5376, stack(0x00000093eb300000,0x00000093eb400000)]
  0x000001ca060fc800 JavaThread "jar transforms Thread 272" [_thread_blocked, id=6676, stack(0x00000093eb400000,0x00000093eb500000)]
  0x000001ca060fa000 JavaThread "jar transforms Thread 273" [_thread_blocked, id=2804, stack(0x00000093eb500000,0x00000093eb600000)]
  0x000001ca060f6800 JavaThread "jar transforms Thread 274" [_thread_blocked, id=9828, stack(0x00000093eb600000,0x00000093eb700000)]
  0x000001ca060fe000 JavaThread "jar transforms Thread 275" [_thread_blocked, id=10112, stack(0x00000093eb700000,0x00000093eb800000)]
  0x000001ca060fd000 JavaThread "jar transforms Thread 276" [_thread_blocked, id=16952, stack(0x00000093eb800000,0x00000093eb900000)]
  0x000001ca060ff000 JavaThread "jar transforms Thread 277" [_thread_blocked, id=5660, stack(0x00000093eb900000,0x00000093eba00000)]
  0x000001ca060ff800 JavaThread "jar transforms Thread 278" [_thread_blocked, id=4980, stack(0x00000093eba00000,0x00000093ebb00000)]
  0x000001ca06100800 JavaThread "jar transforms Thread 279" [_thread_blocked, id=5828, stack(0x00000093ebb00000,0x00000093ebc00000)]
  0x000001ca0bac3800 JavaThread "jar transforms Thread 280" [_thread_blocked, id=8892, stack(0x00000093ebc00000,0x00000093ebd00000)]
  0x000001ca0bac5000 JavaThread "jar transforms Thread 281" [_thread_blocked, id=13424, stack(0x00000093ebd00000,0x00000093ebe00000)]
  0x000001ca0bac6000 JavaThread "jar transforms Thread 282" [_thread_blocked, id=4892, stack(0x00000093ebe00000,0x00000093ebf00000)]
  0x000001ca0bac4800 JavaThread "jar transforms Thread 283" [_thread_blocked, id=15004, stack(0x00000093ebf00000,0x00000093ec000000)]
  0x000001ca0bac7800 JavaThread "jar transforms Thread 284" [_thread_blocked, id=5424, stack(0x00000093ec000000,0x00000093ec100000)]
  0x000001ca0bac2000 JavaThread "jar transforms Thread 285" [_thread_blocked, id=10920, stack(0x00000093ec100000,0x00000093ec200000)]
  0x000001ca0bacd800 JavaThread "jar transforms Thread 286" [_thread_blocked, id=848, stack(0x00000093ec200000,0x00000093ec300000)]
  0x000001ca0bac8800 JavaThread "jar transforms Thread 287" [_thread_blocked, id=6568, stack(0x00000093ec300000,0x00000093ec400000)]
  0x000001ca0baca000 JavaThread "jar transforms Thread 288" [_thread_blocked, id=10392, stack(0x00000093ec400000,0x00000093ec500000)]
  0x000001ca0bacb000 JavaThread "jar transforms Thread 289" [_thread_blocked, id=4032, stack(0x00000093ec500000,0x00000093ec600000)]
  0x000001ca0bacb800 JavaThread "jar transforms Thread 290" [_thread_blocked, id=13704, stack(0x00000093ec600000,0x00000093ec700000)]
  0x000001ca0bacf000 JavaThread "jar transforms Thread 291" [_thread_blocked, id=16492, stack(0x00000093ec700000,0x00000093ec800000)]
  0x000001ca0bace000 JavaThread "jar transforms Thread 292" [_thread_blocked, id=10140, stack(0x00000093ec800000,0x00000093ec900000)]
  0x000001ca0bacc800 JavaThread "jar transforms Thread 293" [_thread_blocked, id=14052, stack(0x00000093ec900000,0x00000093eca00000)]
  0x000001ca0bac9800 JavaThread "jar transforms Thread 294" [_thread_blocked, id=8980, stack(0x00000093eca00000,0x00000093ecb00000)]
  0x000001ca05815000 JavaThread "jar transforms Thread 295" [_thread_blocked, id=2672, stack(0x00000093ecb00000,0x00000093ecc00000)]
  0x000001ca05810000 JavaThread "jar transforms Thread 296" [_thread_blocked, id=12380, stack(0x00000093ecc00000,0x00000093ecd00000)]
  0x000001ca05811000 JavaThread "jar transforms Thread 297" [_thread_blocked, id=15036, stack(0x00000093ecd00000,0x00000093ece00000)]
  0x000001ca05817800 JavaThread "jar transforms Thread 298" [_thread_blocked, id=1456, stack(0x00000093ece00000,0x00000093ecf00000)]
  0x000001ca05812000 JavaThread "jar transforms Thread 299" [_thread_blocked, id=9304, stack(0x00000093ecf00000,0x00000093ed000000)]
  0x000001ca05818800 JavaThread "jar transforms Thread 300" [_thread_blocked, id=14844, stack(0x00000093ed000000,0x00000093ed100000)]
  0x000001ca05812800 JavaThread "jar transforms Thread 301" [_thread_blocked, id=1924, stack(0x00000093ed100000,0x00000093ed200000)]
  0x000001ca0581b800 JavaThread "jar transforms Thread 302" [_thread_blocked, id=3292, stack(0x00000093ed200000,0x00000093ed300000)]
  0x000001ca0581c800 JavaThread "jar transforms Thread 303" [_thread_blocked, id=7388, stack(0x00000093ed300000,0x00000093ed400000)]
  0x000001ca0581d000 JavaThread "jar transforms Thread 304" [_thread_blocked, id=10400, stack(0x00000093ed400000,0x00000093ed500000)]
  0x000001ca0581e000 JavaThread "jar transforms Thread 305" [_thread_blocked, id=13568, stack(0x00000093ed500000,0x00000093ed600000)]
  0x000001ca0581f000 JavaThread "jar transforms Thread 306" [_thread_blocked, id=10948, stack(0x00000093ed600000,0x00000093ed700000)]
  0x000001ca05819000 JavaThread "jar transforms Thread 307" [_thread_blocked, id=7712, stack(0x00000093ed700000,0x00000093ed800000)]
  0x000001ca0581a000 JavaThread "jar transforms Thread 308" [_thread_blocked, id=5388, stack(0x00000093ed800000,0x00000093ed900000)]
  0x000001ca0581b000 JavaThread "jar transforms Thread 309" [_thread_blocked, id=12836, stack(0x00000093ed900000,0x00000093eda00000)]
  0x000001ca05778000 JavaThread "jar transforms Thread 310" [_thread_blocked, id=6364, stack(0x00000093eda00000,0x00000093edb00000)]
  0x000001ca05775800 JavaThread "jar transforms Thread 311" [_thread_blocked, id=13500, stack(0x00000093edb00000,0x00000093edc00000)]
  0x000001ca05779000 JavaThread "jar transforms Thread 312" [_thread_blocked, id=11732, stack(0x00000093edc00000,0x00000093edd00000)]
  0x000001ca0577b800 JavaThread "jar transforms Thread 313" [_thread_blocked, id=9752, stack(0x00000093edd00000,0x00000093ede00000)]
  0x000001ca05776800 JavaThread "jar transforms Thread 314" [_thread_blocked, id=12716, stack(0x00000093ede00000,0x00000093edf00000)]
  0x000001ca08993800 JavaThread "jar transforms Thread 315" [_thread_blocked, id=2292, stack(0x00000093edf00000,0x00000093ee000000)]
  0x000001ca08996800 JavaThread "jar transforms Thread 316" [_thread_blocked, id=6236, stack(0x00000093ee000000,0x00000093ee100000)]
  0x000001ca08994000 JavaThread "jar transforms Thread 317" [_thread_blocked, id=12684, stack(0x00000093ee100000,0x00000093ee200000)]
  0x000001ca08991800 JavaThread "jar transforms Thread 318" [_thread_blocked, id=14756, stack(0x00000093ee200000,0x00000093ee300000)]
  0x000001ca08995000 JavaThread "jar transforms Thread 319" [_thread_blocked, id=12672, stack(0x00000093ee300000,0x00000093ee400000)]
  0x000001ca08997800 JavaThread "jar transforms Thread 320" [_thread_blocked, id=16788, stack(0x00000093ee400000,0x00000093ee500000)]
  0x000001ca08996000 JavaThread "jar transforms Thread 321" [_thread_blocked, id=15752, stack(0x00000093ee500000,0x00000093ee600000)]
  0x000001ca08998800 JavaThread "jar transforms Thread 322" [_thread_blocked, id=11200, stack(0x00000093ee600000,0x00000093ee700000)]
  0x000001ca08992800 JavaThread "jar transforms Thread 323" [_thread_blocked, id=3768, stack(0x00000093ee700000,0x00000093ee800000)]
  0x000001ca0899a800 JavaThread "jar transforms Thread 324" [_thread_blocked, id=16284, stack(0x00000093ee800000,0x00000093ee900000)]
  0x000001ca0899e000 JavaThread "jar transforms Thread 325" [_thread_blocked, id=8480, stack(0x00000093ee900000,0x00000093eea00000)]
  0x000001ca08999000 JavaThread "jar transforms Thread 326" [_thread_blocked, id=15132, stack(0x00000093eea00000,0x00000093eeb00000)]
  0x000001ca0899f800 JavaThread "jar transforms Thread 327" [_thread_blocked, id=12300, stack(0x00000093eeb00000,0x00000093eec00000)]
  0x000001ca0899b800 JavaThread "jar transforms Thread 328" [_thread_blocked, id=17300, stack(0x00000093eec00000,0x00000093eed00000)]
  0x000001ca0899a000 JavaThread "jar transforms Thread 329" [_thread_blocked, id=16640, stack(0x00000093eed00000,0x00000093eee00000)]
  0x000001ca0899f000 JavaThread "jar transforms Thread 330" [_thread_blocked, id=2560, stack(0x00000093eee00000,0x00000093eef00000)]
  0x000001ca0899c800 JavaThread "jar transforms Thread 331" [_thread_blocked, id=3796, stack(0x00000093eef00000,0x00000093ef000000)]
  0x000001ca089a0800 JavaThread "jar transforms Thread 332" [_thread_blocked, id=14296, stack(0x00000093ef000000,0x00000093ef100000)]
  0x000001ca0899d000 JavaThread "jar transforms Thread 333" [_thread_blocked, id=9496, stack(0x00000093ef100000,0x00000093ef200000)]
  0x000001ca0bfd2000 JavaThread "jar transforms Thread 334" [_thread_blocked, id=13564, stack(0x00000093ef200000,0x00000093ef300000)]
  0x000001ca0bfcf800 JavaThread "jar transforms Thread 335" [_thread_blocked, id=14428, stack(0x00000093ef300000,0x00000093ef400000)]
  0x000001ca0bfd4800 JavaThread "jar transforms Thread 336" [_thread_blocked, id=16252, stack(0x00000093ef400000,0x00000093ef500000)]
  0x000001ca0bfd0800 JavaThread "jar transforms Thread 337" [_thread_blocked, id=7112, stack(0x00000093ef500000,0x00000093ef600000)]
  0x000001ca0bfd3000 JavaThread "jar transforms Thread 338" [_thread_blocked, id=16704, stack(0x00000093ef600000,0x00000093ef700000)]
  0x000001ca0bfd3800 JavaThread "jar transforms Thread 339" [_thread_blocked, id=16656, stack(0x00000093ef700000,0x00000093ef800000)]
  0x000001ca0bfd6000 JavaThread "jar transforms Thread 340" [_thread_blocked, id=14236, stack(0x00000093ef800000,0x00000093ef900000)]
  0x000001ca0bfd5800 JavaThread "jar transforms Thread 341" [_thread_blocked, id=12920, stack(0x00000093ef900000,0x00000093efa00000)]
  0x000001ca0bfd7000 JavaThread "jar transforms Thread 342" [_thread_blocked, id=11240, stack(0x00000093efa00000,0x00000093efb00000)]
  0x000001ca0bfd1000 JavaThread "jar transforms Thread 343" [_thread_blocked, id=15700, stack(0x00000093efb00000,0x00000093efc00000)]
  0x000001ca0bfdb000 JavaThread "jar transforms Thread 344" [_thread_blocked, id=17308, stack(0x00000093efc00000,0x00000093efd00000)]
  0x000001ca0bfd8800 JavaThread "jar transforms Thread 345" [_thread_blocked, id=15576, stack(0x00000093efd00000,0x00000093efe00000)]
  0x000001ca0bfd9800 JavaThread "jar transforms Thread 346" [_thread_blocked, id=6972, stack(0x00000093efe00000,0x00000093eff00000)]
  0x000001ca0bfd7800 JavaThread "jar transforms Thread 347" [_thread_blocked, id=5916, stack(0x00000093eff00000,0x00000093f0000000)]
  0x000001ca0bfdc000 JavaThread "jar transforms Thread 348" [_thread_blocked, id=6312, stack(0x00000093f0000000,0x00000093f0100000)]
  0x000001ca0bfdc800 JavaThread "jar transforms Thread 349" [_thread_blocked, id=16620, stack(0x00000093f0100000,0x00000093f0200000)]
  0x000001ca0bfda000 JavaThread "jar transforms Thread 350" [_thread_blocked, id=12428, stack(0x00000093f0200000,0x00000093f0300000)]
  0x000001ca0bfdd800 JavaThread "jar transforms Thread 351" [_thread_blocked, id=11404, stack(0x00000093f0300000,0x00000093f0400000)]
  0x000001ca0bfde800 JavaThread "jar transforms Thread 352" [_thread_blocked, id=16740, stack(0x00000093f0400000,0x00000093f0500000)]
  0x000001ca10734000 JavaThread "jar transforms Thread 353" [_thread_blocked, id=13472, stack(0x00000093f0500000,0x00000093f0600000)]
  0x000001ca10739000 JavaThread "jar transforms Thread 354" [_thread_blocked, id=14944, stack(0x00000093f0600000,0x00000093f0700000)]
  0x000001ca1073a800 JavaThread "jar transforms Thread 355" [_thread_blocked, id=11804, stack(0x00000093f0700000,0x00000093f0800000)]
  0x000001ca10736800 JavaThread "jar transforms Thread 356" [_thread_blocked, id=12216, stack(0x00000093f0800000,0x00000093f0900000)]
  0x000001ca10735800 JavaThread "jar transforms Thread 357" [_thread_blocked, id=7864, stack(0x00000093f0900000,0x00000093f0a00000)]
  0x000001ca10738000 JavaThread "jar transforms Thread 358" [_thread_blocked, id=11964, stack(0x00000093f0a00000,0x00000093f0b00000)]
  0x000001ca10735000 JavaThread "jar transforms Thread 359" [_thread_blocked, id=14988, stack(0x00000093f0b00000,0x00000093f0c00000)]
  0x000001ca1073b800 JavaThread "jar transforms Thread 360" [_thread_blocked, id=9972, stack(0x00000093f0c00000,0x00000093f0d00000)]
  0x000001ca10737000 JavaThread "jar transforms Thread 361" [_thread_blocked, id=4100, stack(0x00000093f0d00000,0x00000093f0e00000)]
  0x000001ca1073d000 JavaThread "jar transforms Thread 362" [_thread_blocked, id=10916, stack(0x00000093f0e00000,0x00000093f0f00000)]
  0x000001ca1073d800 JavaThread "jar transforms Thread 363" [_thread_blocked, id=7556, stack(0x00000093f0f00000,0x00000093f1000000)]
  0x000001ca1073c000 JavaThread "jar transforms Thread 364" [_thread_blocked, id=6020, stack(0x00000093f1000000,0x00000093f1100000)]
  0x000001ca1073e800 JavaThread "jar transforms Thread 365" [_thread_blocked, id=9776, stack(0x00000093f1100000,0x00000093f1200000)]
  0x000001ca1073f800 JavaThread "jar transforms Thread 366" [_thread_blocked, id=15012, stack(0x00000093f1200000,0x00000093f1300000)]
  0x000001ca10739800 JavaThread "Cache worker for Build Output Cleanup Cache (D:\proyektim_kvartirabor\Kvartirabor\.gradle\buildOutputCleanup)" [_thread_blocked, id=13292, stack(0x00000093f1300000,0x00000093f1400000)]
  0x000001ca10740000 JavaThread "Cache worker for file content cache (D:\proyektim_kvartirabor\Kvartirabor\.gradle\6.5\fileContent)" [_thread_blocked, id=12004, stack(0x00000093f1400000,0x00000093f1500000)]
  0x000001ca10742000 JavaThread "Execution worker for ':'" [_thread_blocked, id=8392, stack(0x00000093f1500000,0x00000093f1600000)]
  0x000001ca10742800 JavaThread "Execution worker for ':' Thread 2" [_thread_blocked, id=11524, stack(0x00000093f1600000,0x00000093f1700000)]
  0x000001ca0828a000 JavaThread "Execution worker for ':' Thread 3" [_thread_blocked, id=4452, stack(0x00000093f1700000,0x00000093f1800000)]
  0x000001ca0828c800 JavaThread "Cache worker for execution history cache (D:\proyektim_kvartirabor\Kvartirabor\.gradle\6.5\executionHistory)" [_thread_blocked, id=11752, stack(0x00000093f1900000,0x00000093f1a00000)]
  0x000001ca08290800 JavaThread "WorkerExecutor Queue" [_thread_blocked, id=6064, stack(0x00000093f1a00000,0x00000093f1b00000)]
  0x000001ca0828e800 JavaThread "pool-6-thread-1" [_thread_blocked, id=15632, stack(0x00000093f1b00000,0x00000093f1c00000)]
  0x000001ca0828a800 JavaThread "stderr" [_thread_in_native, id=2444, stack(0x00000093f1c00000,0x00000093f1d00000)]
  0x000001ca0828f800 JavaThread "stdout" [_thread_in_native, id=412, stack(0x00000093f1d00000,0x00000093f1e00000)]
  0x000001ca08291000 JavaThread "WorkerExecutor Queue Thread 2" [_thread_in_vm, id=804, stack(0x00000093f1e00000,0x00000093f1f00000)]
  0x000001ca08292000 JavaThread "RMI TCP Connection(6)-127.0.0.1" daemon [_thread_in_native, id=9024, stack(0x00000093f2100000,0x00000093f2200000)]
=>0x000001ca06612000 JavaThread "C2 CompilerThread1" daemon [_thread_in_native, id=5152, stack(0x00000093e9200000,0x00000093e9300000)]

Other Threads:
  0x000001ca7f079800 VMThread "VM Thread" [stack: 0x00000093e7500000,0x00000093e7600000] [id=7720]
  0x000001ca7fbab800 WatcherThread [stack: 0x00000093e7f00000,0x00000093e8000000] [id=12544]
  0x000001ca694b4800 GCTaskThread "GC Thread#0" [stack: 0x00000093e7000000,0x00000093e7100000] [id=10860]
  0x000001ca044c3800 GCTaskThread "GC Thread#1" [stack: 0x00000093e8100000,0x00000093e8200000] [id=10676]
  0x000001ca04502800 GCTaskThread "GC Thread#2" [stack: 0x00000093e8200000,0x00000093e8300000] [id=12048]
  0x000001ca05a0b800 GCTaskThread "GC Thread#3" [stack: 0x00000093e8e00000,0x00000093e8f00000] [id=12628]
  0x000001ca694e5000 ConcurrentGCThread "G1 Main Marker" [stack: 0x00000093e7100000,0x00000093e7200000] [id=10292]
  0x000001ca694e7000 ConcurrentGCThread "G1 Conc#0" [stack: 0x00000093e7200000,0x00000093e7300000] [id=5524]
  0x000001ca69577800 ConcurrentGCThread "G1 Refine#0" [stack: 0x00000093e7300000,0x00000093e7400000] [id=14712]
  0x000001ca69578800 ConcurrentGCThread "G1 Young RemSet Sampling" [stack: 0x00000093e7400000,0x00000093e7500000] [id=17264]

Threads with active compile tasks:
C2 CompilerThread0 456657 19163 %     4       org.jetbrains.kotlin.gradle.internal.kapt.incremental.ClasspathEntryData::writeObject @ 636 (1252 bytes)
C1 CompilerThread0 456657 19172       2       org.gradle.internal.instantiation.generator.AsmBackedClassGenerator$ClassBuilderImpl::startClass (272 bytes)
C2 CompilerThread1 456657 19135 %     4       org.jetbrains.kotlin.gradle.internal.kapt.incremental.ClasspathSnapshot::findAllImpacted @ 157 (602 bytes)

VM state:not at safepoint (normal execution)

VM Mutex/Monitor currently owned by a thread: None

Heap address: 0x0000000080000000, size: 2048 MB, Compressed Oops mode: 32-bit
Narrow klass base: 0x0000000000000000, Narrow klass shift: 3
Compressed class space size: 1073741824 Address: 0x0000000100000000

Heap:
 garbage-first heap   total 273408K, used 197195K [0x0000000080000000, 0x0000000100000000)
  region size 1024K, 64 young (65536K), 4 survivors (4096K)
 Metaspace       used 114160K, capacity 117289K, committed 117468K, reserved 1150976K
  class space    used 14338K, capacity 15419K, committed 15488K, reserved 1048576K
Heap Regions: E=young(eden), S=young(survivor), O=old, HS=humongous(starts), HC=humongous(continues), CS=collection set, F=free, A=archive, TAMS=top-at-mark-start (previous, next)
|   0|0x0000000080000000, 0x0000000080100000, 0x0000000080100000|100%| O|  |TAMS 0x0000000080100000, 0x0000000080000000| Untracked 
|   1|0x0000000080100000, 0x0000000080200000, 0x0000000080200000|100%| O|  |TAMS 0x0000000080200000, 0x0000000080100000| Untracked 
|   2|0x0000000080200000, 0x0000000080300000, 0x0000000080300000|100%| O|  |TAMS 0x0000000080300000, 0x0000000080200000| Untracked 
|   3|0x0000000080300000, 0x0000000080400000, 0x0000000080400000|100%|HS|  |TAMS 0x0000000080400000, 0x0000000080300000| Complete 
|   4|0x0000000080400000, 0x0000000080500000, 0x0000000080500000|100%|HC|  |TAMS 0x0000000080500000, 0x0000000080400000| Complete 
|   5|0x0000000080500000, 0x0000000080600000, 0x0000000080600000|100%|HC|  |TAMS 0x0000000080600000, 0x0000000080500000| Complete 
|   6|0x0000000080600000, 0x0000000080700000, 0x0000000080700000|100%| O|  |TAMS 0x0000000080700000, 0x0000000080600000| Untracked 
|   7|0x0000000080700000, 0x0000000080800000, 0x0000000080800000|100%| O|  |TAMS 0x0000000080800000, 0x0000000080700000| Untracked 
|   8|0x0000000080800000, 0x0000000080900000, 0x0000000080900000|100%| O|  |TAMS 0x0000000080900000, 0x0000000080800000| Untracked 
|   9|0x0000000080900000, 0x0000000080a00000, 0x0000000080a00000|100%| O|  |TAMS 0x0000000080a00000, 0x0000000080900000| Untracked 
|  10|0x0000000080a00000, 0x0000000080b00000, 0x0000000080b00000|100%| O|  |TAMS 0x0000000080b00000, 0x0000000080a00000| Untracked 
|  11|0x0000000080b00000, 0x0000000080c00000, 0x0000000080c00000|100%| O|  |TAMS 0x0000000080c00000, 0x0000000080b00000| Untracked 
|  12|0x0000000080c00000, 0x0000000080d00000, 0x0000000080d00000|100%| O|  |TAMS 0x0000000080d00000, 0x0000000080c00000| Untracked 
|  13|0x0000000080d00000, 0x0000000080e00000, 0x0000000080e00000|100%| O|  |TAMS 0x0000000080e00000, 0x0000000080d00000| Untracked 
|  14|0x0000000080e00000, 0x0000000080f00000, 0x0000000080f00000|100%| O|  |TAMS 0x0000000080f00000, 0x0000000080e00000| Untracked 
|  15|0x0000000080f00000, 0x0000000081000000, 0x0000000081000000|100%| O|  |TAMS 0x0000000081000000, 0x0000000080f00000| Untracked 
|  16|0x0000000081000000, 0x0000000081100000, 0x0000000081100000|100%|HS|  |TAMS 0x0000000081100000, 0x0000000081000000| Complete 
|  17|0x0000000081100000, 0x0000000081200000, 0x0000000081200000|100%|HS|  |TAMS 0x0000000081200000, 0x0000000081100000| Complete 
|  18|0x0000000081200000, 0x0000000081300000, 0x0000000081300000|100%| O|  |TAMS 0x0000000081300000, 0x0000000081200000| Untracked 
|  19|0x0000000081300000, 0x0000000081400000, 0x0000000081400000|100%| O|  |TAMS 0x0000000081400000, 0x0000000081300000| Untracked 
|  20|0x0000000081400000, 0x0000000081500000, 0x0000000081500000|100%| O|  |TAMS 0x0000000081500000, 0x0000000081400000| Untracked 
|  21|0x0000000081500000, 0x0000000081600000, 0x0000000081600000|100%|HS|  |TAMS 0x0000000081600000, 0x0000000081500000| Complete 
|  22|0x0000000081600000, 0x0000000081700000, 0x0000000081700000|100%|HC|  |TAMS 0x0000000081700000, 0x0000000081600000| Complete 
|  23|0x0000000081700000, 0x0000000081800000, 0x0000000081800000|100%|HC|  |TAMS 0x0000000081800000, 0x0000000081700000| Complete 
|  24|0x0000000081800000, 0x0000000081900000, 0x0000000081900000|100%|HS|  |TAMS 0x0000000081900000, 0x0000000081800000| Complete 
|  25|0x0000000081900000, 0x0000000081a00000, 0x0000000081a00000|100%|HC|  |TAMS 0x0000000081a00000, 0x0000000081900000| Complete 
|  26|0x0000000081a00000, 0x0000000081b00000, 0x0000000081b00000|100%| O|  |TAMS 0x0000000081b00000, 0x0000000081a00000| Untracked 
|  27|0x0000000081b00000, 0x0000000081c00000, 0x0000000081c00000|100%| O|  |TAMS 0x0000000081c00000, 0x0000000081b00000| Untracked 
|  28|0x0000000081c00000, 0x0000000081d00000, 0x0000000081d00000|100%| O|  |TAMS 0x0000000081d00000, 0x0000000081c00000| Untracked 
|  29|0x0000000081d00000, 0x0000000081e00000, 0x0000000081e00000|100%| O|  |TAMS 0x0000000081e00000, 0x0000000081d00000| Untracked 
|  30|0x0000000081e00000, 0x0000000081f00000, 0x0000000081f00000|100%| O|  |TAMS 0x0000000081f00000, 0x0000000081e00000| Untracked 
|  31|0x0000000081f00000, 0x0000000082000000, 0x0000000082000000|100%| O|  |TAMS 0x0000000081f00000, 0x0000000081f00000| Untracked 
|  32|0x0000000082000000, 0x0000000082100000, 0x0000000082100000|100%| O|  |TAMS 0x0000000082100000, 0x0000000082000000| Untracked 
|  33|0x0000000082100000, 0x0000000082200000, 0x0000000082200000|100%| O|  |TAMS 0x0000000082200000, 0x0000000082100000| Untracked 
|  34|0x0000000082200000, 0x0000000082300000, 0x0000000082300000|100%| O|  |TAMS 0x0000000082300000, 0x0000000082200000| Untracked 
|  35|0x0000000082300000, 0x0000000082400000, 0x0000000082400000|100%| O|  |TAMS 0x0000000082400000, 0x0000000082300000| Untracked 
|  36|0x0000000082400000, 0x0000000082500000, 0x0000000082500000|100%| O|  |TAMS 0x0000000082500000, 0x0000000082400000| Untracked 
|  37|0x0000000082500000, 0x0000000082600000, 0x0000000082600000|100%| O|  |TAMS 0x0000000082600000, 0x0000000082500000| Untracked 
|  38|0x0000000082600000, 0x0000000082700000, 0x0000000082700000|100%| O|  |TAMS 0x0000000082700000, 0x0000000082600000| Untracked 
|  39|0x0000000082700000, 0x0000000082800000, 0x0000000082800000|100%| O|  |TAMS 0x0000000082800000, 0x0000000082700000| Untracked 
|  40|0x0000000082800000, 0x0000000082900000, 0x0000000082900000|100%| O|  |TAMS 0x0000000082900000, 0x0000000082800000| Untracked 
|  41|0x0000000082900000, 0x0000000082a00000, 0x0000000082a00000|100%| O|  |TAMS 0x0000000082a00000, 0x0000000082900000| Untracked 
|  42|0x0000000082a00000, 0x0000000082b00000, 0x0000000082b00000|100%| O|  |TAMS 0x0000000082b00000, 0x0000000082a00000| Untracked 
|  43|0x0000000082b00000, 0x0000000082c00000, 0x0000000082c00000|100%| O|  |TAMS 0x0000000082c00000, 0x0000000082b00000| Untracked 
|  44|0x0000000082c00000, 0x0000000082d00000, 0x0000000082d00000|100%| O|  |TAMS 0x0000000082d00000, 0x0000000082c00000| Untracked 
|  45|0x0000000082d00000, 0x0000000082e00000, 0x0000000082e00000|100%| O|  |TAMS 0x0000000082e00000, 0x0000000082d00000| Untracked 
|  46|0x0000000082e00000, 0x0000000082f00000, 0x0000000082f00000|100%| O|  |TAMS 0x0000000082f00000, 0x0000000082e00000| Untracked 
|  47|0x0000000082f00000, 0x0000000083000000, 0x0000000083000000|100%| O|  |TAMS 0x0000000083000000, 0x0000000082f00000| Untracked 
|  48|0x0000000083000000, 0x0000000083100000, 0x0000000083100000|100%| O|  |TAMS 0x0000000083100000, 0x0000000083000000| Untracked 
|  49|0x0000000083100000, 0x0000000083200000, 0x0000000083200000|100%| O|  |TAMS 0x0000000083200000, 0x0000000083100000| Untracked 
|  50|0x0000000083200000, 0x0000000083300000, 0x0000000083300000|100%| O|  |TAMS 0x0000000083300000, 0x0000000083200000| Untracked 
|  51|0x0000000083300000, 0x0000000083400000, 0x0000000083400000|100%| O|  |TAMS 0x0000000083400000, 0x0000000083300000| Untracked 
|  52|0x0000000083400000, 0x0000000083500000, 0x0000000083500000|100%| O|  |TAMS 0x0000000083500000, 0x0000000083400000| Untracked 
|  53|0x0000000083500000, 0x0000000083600000, 0x0000000083600000|100%| O|  |TAMS 0x0000000083600000, 0x0000000083500000| Untracked 
|  54|0x0000000083600000, 0x0000000083700000, 0x0000000083700000|100%| O|  |TAMS 0x0000000083700000, 0x0000000083600000| Untracked 
|  55|0x0000000083700000, 0x0000000083800000, 0x0000000083800000|100%| O|  |TAMS 0x0000000083800000, 0x0000000083700000| Untracked 
|  56|0x0000000083800000, 0x0000000083900000, 0x0000000083900000|100%| O|  |TAMS 0x0000000083900000, 0x0000000083800000| Untracked 
|  57|0x0000000083900000, 0x0000000083a00000, 0x0000000083a00000|100%| O|  |TAMS 0x0000000083900000, 0x0000000083900000| Untracked 
|  58|0x0000000083a00000, 0x0000000083b00000, 0x0000000083b00000|100%| O|  |TAMS 0x0000000083b00000, 0x0000000083a00000| Untracked 
|  59|0x0000000083b00000, 0x0000000083c00000, 0x0000000083c00000|100%| O|  |TAMS 0x0000000083c00000, 0x0000000083b00000| Untracked 
|  60|0x0000000083c00000, 0x0000000083d00000, 0x0000000083d00000|100%| O|  |TAMS 0x0000000083d00000, 0x0000000083c00000| Untracked 
|  61|0x0000000083d00000, 0x0000000083e00000, 0x0000000083e00000|100%| O|  |TAMS 0x0000000083e00000, 0x0000000083d00000| Untracked 
|  62|0x0000000083e00000, 0x0000000083f00000, 0x0000000083f00000|100%| O|  |TAMS 0x0000000083f00000, 0x0000000083e00000| Untracked 
|  63|0x0000000083f00000, 0x0000000084000000, 0x0000000084000000|100%| O|  |TAMS 0x0000000084000000, 0x0000000083f00000| Untracked 
|  64|0x0000000084000000, 0x0000000084100000, 0x0000000084100000|100%| O|  |TAMS 0x0000000084100000, 0x0000000084000000| Untracked 
|  65|0x0000000084100000, 0x0000000084200000, 0x0000000084200000|100%| O|  |TAMS 0x0000000084200000, 0x0000000084100000| Untracked 
|  66|0x0000000084200000, 0x0000000084300000, 0x0000000084300000|100%| O|  |TAMS 0x0000000084200000, 0x0000000084200000| Untracked 
|  67|0x0000000084300000, 0x0000000084400000, 0x0000000084400000|100%| O|  |TAMS 0x0000000084400000, 0x0000000084300000| Untracked 
|  68|0x0000000084400000, 0x0000000084500000, 0x0000000084500000|100%| O|  |TAMS 0x0000000084500000, 0x0000000084400000| Untracked 
|  69|0x0000000084500000, 0x0000000084600000, 0x0000000084600000|100%| O|  |TAMS 0x0000000084600000, 0x0000000084500000| Untracked 
|  70|0x0000000084600000, 0x0000000084700000, 0x0000000084700000|100%| O|  |TAMS 0x0000000084700000, 0x0000000084600000| Untracked 
|  71|0x0000000084700000, 0x0000000084800000, 0x0000000084800000|100%| O|  |TAMS 0x0000000084700000, 0x0000000084700000| Untracked 
|  72|0x0000000084800000, 0x0000000084900000, 0x0000000084900000|100%| O|  |TAMS 0x0000000084900000, 0x0000000084800000| Untracked 
|  73|0x0000000084900000, 0x0000000084a00000, 0x0000000084a00000|100%| O|  |TAMS 0x0000000084a00000, 0x0000000084900000| Untracked 
|  74|0x0000000084a00000, 0x0000000084b00000, 0x0000000084b00000|100%| O|  |TAMS 0x0000000084b00000, 0x0000000084a00000| Untracked 
|  75|0x0000000084b00000, 0x0000000084c00000, 0x0000000084c00000|100%| O|  |TAMS 0x0000000084b00000, 0x0000000084b00000| Untracked 
|  76|0x0000000084c00000, 0x0000000084d00000, 0x0000000084d00000|100%| O|  |TAMS 0x0000000084d00000, 0x0000000084c00000| Untracked 
|  77|0x0000000084d00000, 0x0000000084e00000, 0x0000000084e00000|100%| O|  |TAMS 0x0000000084e00000, 0x0000000084d00000| Untracked 
|  78|0x0000000084e00000, 0x0000000084f00000, 0x0000000084f00000|100%| O|  |TAMS 0x0000000084f00000, 0x0000000084e00000| Untracked 
|  79|0x0000000084f00000, 0x0000000085000000, 0x0000000085000000|100%| O|  |TAMS 0x0000000085000000, 0x0000000084f00000| Untracked 
|  80|0x0000000085000000, 0x0000000085100000, 0x0000000085100000|100%| O|  |TAMS 0x0000000085100000, 0x0000000085000000| Untracked 
|  81|0x0000000085100000, 0x0000000085200000, 0x0000000085200000|100%| O|  |TAMS 0x0000000085200000, 0x0000000085100000| Untracked 
|  82|0x0000000085200000, 0x0000000085300000, 0x0000000085300000|100%| O|  |TAMS 0x0000000085300000, 0x0000000085200000| Untracked 
|  83|0x0000000085300000, 0x0000000085400000, 0x0000000085400000|100%| O|  |TAMS 0x0000000085400000, 0x0000000085300000| Untracked 
|  84|0x0000000085400000, 0x0000000085500000, 0x0000000085500000|100%| O|  |TAMS 0x0000000085400000, 0x0000000085400000| Untracked 
|  85|0x0000000085500000, 0x0000000085600000, 0x0000000085600000|100%| O|  |TAMS 0x0000000085600000, 0x0000000085500000| Untracked 
|  86|0x0000000085600000, 0x0000000085700000, 0x0000000085700000|100%| O|  |TAMS 0x0000000085700000, 0x0000000085600000| Untracked 
|  87|0x0000000085700000, 0x0000000085800000, 0x0000000085800000|100%| O|  |TAMS 0x0000000085800000, 0x0000000085700000| Untracked 
|  88|0x0000000085800000, 0x0000000085900000, 0x0000000085900000|100%| O|  |TAMS 0x0000000085800000, 0x0000000085800000| Untracked 
|  89|0x0000000085900000, 0x0000000085a00000, 0x0000000085a00000|100%| O|  |TAMS 0x0000000085a00000, 0x0000000085900000| Untracked 
|  90|0x0000000085a00000, 0x0000000085b00000, 0x0000000085b00000|100%| O|  |TAMS 0x0000000085b00000, 0x0000000085a00000| Untracked 
|  91|0x0000000085b00000, 0x0000000085c00000, 0x0000000085c00000|100%| O|  |TAMS 0x0000000085c00000, 0x0000000085b00000| Untracked 
|  92|0x0000000085c00000, 0x0000000085d00000, 0x0000000085d00000|100%| O|  |TAMS 0x0000000085c00000, 0x0000000085c00000| Untracked 
|  93|0x0000000085d00000, 0x0000000085e00000, 0x0000000085e00000|100%| O|  |TAMS 0x0000000085d00000, 0x0000000085d00000| Untracked 
|  94|0x0000000085e00000, 0x0000000085f00000, 0x0000000085f00000|100%| O|  |TAMS 0x0000000085f00000, 0x0000000085e00000| Untracked 
|  95|0x0000000085f00000, 0x0000000086000000, 0x0000000086000000|100%| O|  |TAMS 0x0000000085f00000, 0x0000000085f00000| Untracked 
|  96|0x0000000086000000, 0x00000000860b2800, 0x0000000086100000| 69%| O|  |TAMS 0x0000000086000000, 0x0000000086000000| Untracked 
|  97|0x0000000086100000, 0x0000000086200000, 0x0000000086200000|100%| O|  |TAMS 0x0000000086200000, 0x0000000086100000| Untracked 
|  98|0x0000000086200000, 0x0000000086300000, 0x0000000086300000|100%|HS|  |TAMS 0x0000000086200000, 0x0000000086200000| Complete 
|  99|0x0000000086300000, 0x0000000086400000, 0x0000000086400000|100%|HC|  |TAMS 0x0000000086300000, 0x0000000086300000| Complete 
| 100|0x0000000086400000, 0x0000000086400000, 0x0000000086500000|  0%| F|  |TAMS 0x0000000086400000, 0x0000000086400000| Untracked 
| 101|0x0000000086500000, 0x0000000086500000, 0x0000000086600000|  0%| F|  |TAMS 0x0000000086500000, 0x0000000086500000| Untracked 
| 102|0x0000000086600000, 0x0000000086600000, 0x0000000086700000|  0%| F|  |TAMS 0x0000000086600000, 0x0000000086600000| Untracked 
| 103|0x0000000086700000, 0x0000000086800000, 0x0000000086800000|100%| O|  |TAMS 0x0000000086800000, 0x0000000086700000| Untracked 
| 104|0x0000000086800000, 0x0000000086900000, 0x0000000086900000|100%| O|  |TAMS 0x0000000086900000, 0x0000000086800000| Untracked 
| 105|0x0000000086900000, 0x0000000086a00000, 0x0000000086a00000|100%| O|  |TAMS 0x0000000086a00000, 0x0000000086900000| Untracked 
| 106|0x0000000086a00000, 0x0000000086a00000, 0x0000000086b00000|  0%| F|  |TAMS 0x0000000086a00000, 0x0000000086a00000| Untracked 
| 107|0x0000000086b00000, 0x0000000086c00000, 0x0000000086c00000|100%| O|  |TAMS 0x0000000086c00000, 0x0000000086b00000| Untracked 
| 108|0x0000000086c00000, 0x0000000086d00000, 0x0000000086d00000|100%| O|  |TAMS 0x0000000086d00000, 0x0000000086c00000| Untracked 
| 109|0x0000000086d00000, 0x0000000086e00000, 0x0000000086e00000|100%| O|  |TAMS 0x0000000086e00000, 0x0000000086d00000| Untracked 
| 110|0x0000000086e00000, 0x0000000086f00000, 0x0000000086f00000|100%| O|  |TAMS 0x0000000086e00000, 0x0000000086e00000| Untracked 
| 111|0x0000000086f00000, 0x0000000087000000, 0x0000000087000000|100%| O|  |TAMS 0x0000000087000000, 0x0000000086f00000| Untracked 
| 112|0x0000000087000000, 0x0000000087000000, 0x0000000087100000|  0%| F|  |TAMS 0x0000000087000000, 0x0000000087000000| Untracked 
| 113|0x0000000087100000, 0x0000000087100000, 0x0000000087200000|  0%| F|  |TAMS 0x0000000087100000, 0x0000000087100000| Untracked 
| 114|0x0000000087200000, 0x0000000087300000, 0x0000000087300000|100%| O|  |TAMS 0x0000000087300000, 0x0000000087200000| Untracked 
| 115|0x0000000087300000, 0x0000000087400000, 0x0000000087400000|100%| O|  |TAMS 0x0000000087400000, 0x0000000087300000| Untracked 
| 116|0x0000000087400000, 0x0000000087500000, 0x0000000087500000|100%| O|  |TAMS 0x0000000087500000, 0x0000000087400000| Untracked 
| 117|0x0000000087500000, 0x0000000087600000, 0x0000000087600000|100%| O|  |TAMS 0x0000000087600000, 0x0000000087500000| Untracked 
| 118|0x0000000087600000, 0x0000000087600000, 0x0000000087700000|  0%| F|  |TAMS 0x0000000087600000, 0x0000000087600000| Untracked 
| 119|0x0000000087700000, 0x0000000087700000, 0x0000000087800000|  0%| F|  |TAMS 0x0000000087700000, 0x0000000087700000| Untracked 
| 120|0x0000000087800000, 0x0000000087900000, 0x0000000087900000|100%| O|  |TAMS 0x0000000087900000, 0x0000000087800000| Untracked 
| 121|0x0000000087900000, 0x0000000087900000, 0x0000000087a00000|  0%| F|  |TAMS 0x0000000087900000, 0x0000000087900000| Untracked 
| 122|0x0000000087a00000, 0x0000000087a00000, 0x0000000087b00000|  0%| F|  |TAMS 0x0000000087a00000, 0x0000000087a00000| Untracked 
| 123|0x0000000087b00000, 0x0000000087b00000, 0x0000000087c00000|  0%| F|  |TAMS 0x0000000087b00000, 0x0000000087b00000| Untracked 
| 124|0x0000000087c00000, 0x0000000087c00000, 0x0000000087d00000|  0%| F|  |TAMS 0x0000000087c00000, 0x0000000087c00000| Untracked 
| 125|0x0000000087d00000, 0x0000000087d00000, 0x0000000087e00000|  0%| F|  |TAMS 0x0000000087d00000, 0x0000000087d00000| Untracked 
| 126|0x0000000087e00000, 0x0000000087f00000, 0x0000000087f00000|100%| O|  |TAMS 0x0000000087e00000, 0x0000000087e00000| Untracked 
| 127|0x0000000087f00000, 0x0000000088000000, 0x0000000088000000|100%| O|  |TAMS 0x0000000087f00000, 0x0000000087f00000| Untracked 
| 128|0x0000000088000000, 0x0000000088100000, 0x0000000088100000|100%| O|  |TAMS 0x0000000088000000, 0x0000000088000000| Untracked 
| 129|0x0000000088100000, 0x0000000088200000, 0x0000000088200000|100%| O|  |TAMS 0x0000000088100000, 0x0000000088100000| Untracked 
| 130|0x0000000088200000, 0x0000000088300000, 0x0000000088300000|100%| O|  |TAMS 0x0000000088200000, 0x0000000088200000| Untracked 
| 131|0x0000000088300000, 0x0000000088400000, 0x0000000088400000|100%| O|  |TAMS 0x0000000088300000, 0x0000000088300000| Untracked 
| 132|0x0000000088400000, 0x0000000088500000, 0x0000000088500000|100%| O|  |TAMS 0x0000000088400000, 0x0000000088400000| Untracked 
| 133|0x0000000088500000, 0x0000000088600000, 0x0000000088600000|100%| O|  |TAMS 0x0000000088500000, 0x0000000088500000| Untracked 
| 134|0x0000000088600000, 0x0000000088700000, 0x0000000088700000|100%| O|  |TAMS 0x0000000088700000, 0x0000000088600000| Untracked 
| 135|0x0000000088700000, 0x0000000088800000, 0x0000000088800000|100%| O|  |TAMS 0x0000000088700000, 0x0000000088700000| Untracked 
| 136|0x0000000088800000, 0x0000000088900000, 0x0000000088900000|100%| O|  |TAMS 0x0000000088800000, 0x0000000088800000| Untracked 
| 137|0x0000000088900000, 0x0000000088a00000, 0x0000000088a00000|100%| O|  |TAMS 0x0000000088900000, 0x0000000088900000| Untracked 
| 138|0x0000000088a00000, 0x0000000088a00000, 0x0000000088b00000|  0%| F|  |TAMS 0x0000000088a00000, 0x0000000088a00000| Untracked 
| 139|0x0000000088b00000, 0x0000000088b00000, 0x0000000088c00000|  0%| F|  |TAMS 0x0000000088b00000, 0x0000000088b00000| Untracked 
| 140|0x0000000088c00000, 0x0000000088c00000, 0x0000000088d00000|  0%| F|  |TAMS 0x0000000088c00000, 0x0000000088c00000| Untracked 
| 141|0x0000000088d00000, 0x0000000088e00000, 0x0000000088e00000|100%| O|  |TAMS 0x0000000088e00000, 0x0000000088d00000| Untracked 
| 142|0x0000000088e00000, 0x0000000088f00000, 0x0000000088f00000|100%| O|  |TAMS 0x0000000088f00000, 0x0000000088e00000| Untracked 
| 143|0x0000000088f00000, 0x0000000088f00000, 0x0000000089000000|  0%| F|  |TAMS 0x0000000088f00000, 0x0000000088f00000| Untracked 
| 144|0x0000000089000000, 0x0000000089100000, 0x0000000089100000|100%| O|  |TAMS 0x0000000089100000, 0x0000000089000000| Untracked 
| 145|0x0000000089100000, 0x0000000089200000, 0x0000000089200000|100%| O|  |TAMS 0x0000000089200000, 0x0000000089100000| Untracked 
| 146|0x0000000089200000, 0x0000000089200000, 0x0000000089300000|  0%| F|  |TAMS 0x0000000089200000, 0x0000000089200000| Untracked 
| 147|0x0000000089300000, 0x0000000089300000, 0x0000000089400000|  0%| F|  |TAMS 0x0000000089300000, 0x0000000089300000| Untracked 
| 148|0x0000000089400000, 0x0000000089400000, 0x0000000089500000|  0%| F|  |TAMS 0x0000000089400000, 0x0000000089400000| Untracked 
| 149|0x0000000089500000, 0x0000000089600000, 0x0000000089600000|100%| O|  |TAMS 0x0000000089600000, 0x0000000089500000| Untracked 
| 150|0x0000000089600000, 0x0000000089600000, 0x0000000089700000|  0%| F|  |TAMS 0x0000000089600000, 0x0000000089600000| Untracked 
| 151|0x0000000089700000, 0x0000000089700000, 0x0000000089800000|  0%| F|  |TAMS 0x0000000089700000, 0x0000000089700000| Untracked 
| 152|0x0000000089800000, 0x0000000089800000, 0x0000000089900000|  0%| F|  |TAMS 0x0000000089800000, 0x0000000089800000| Untracked 
| 153|0x0000000089900000, 0x0000000089900000, 0x0000000089a00000|  0%| F|  |TAMS 0x0000000089900000, 0x0000000089900000| Untracked 
| 154|0x0000000089a00000, 0x0000000089a00000, 0x0000000089b00000|  0%| F|  |TAMS 0x0000000089a00000, 0x0000000089a00000| Untracked 
| 155|0x0000000089b00000, 0x0000000089b00000, 0x0000000089c00000|  0%| F|  |TAMS 0x0000000089b00000, 0x0000000089b00000| Untracked 
| 156|0x0000000089c00000, 0x0000000089c00000, 0x0000000089d00000|  0%| F|  |TAMS 0x0000000089c00000, 0x0000000089c00000| Untracked 
| 157|0x0000000089d00000, 0x0000000089d00000, 0x0000000089e00000|  0%| F|  |TAMS 0x0000000089d00000, 0x0000000089d00000| Untracked 
| 158|0x0000000089e00000, 0x0000000089f00000, 0x0000000089f00000|100%| O|  |TAMS 0x0000000089f00000, 0x0000000089e00000| Untracked 
| 159|0x0000000089f00000, 0x0000000089f00000, 0x000000008a000000|  0%| F|  |TAMS 0x0000000089f00000, 0x0000000089f00000| Untracked 
| 160|0x000000008a000000, 0x000000008a000000, 0x000000008a100000|  0%| F|  |TAMS 0x000000008a000000, 0x000000008a000000| Untracked 
| 161|0x000000008a100000, 0x000000008a100000, 0x000000008a200000|  0%| F|  |TAMS 0x000000008a100000, 0x000000008a100000| Untracked 
| 162|0x000000008a200000, 0x000000008a200000, 0x000000008a300000|  0%| F|  |TAMS 0x000000008a200000, 0x000000008a200000| Untracked 
| 163|0x000000008a300000, 0x000000008a300000, 0x000000008a400000|  0%| F|  |TAMS 0x000000008a300000, 0x000000008a300000| Untracked 
| 164|0x000000008a400000, 0x000000008a400000, 0x000000008a500000|  0%| F|  |TAMS 0x000000008a400000, 0x000000008a400000| Untracked 
| 165|0x000000008a500000, 0x000000008a5e0430, 0x000000008a600000| 87%| S|CS|TAMS 0x000000008a500000, 0x000000008a500000| Complete 
| 166|0x000000008a600000, 0x000000008a700000, 0x000000008a700000|100%| S|CS|TAMS 0x000000008a600000, 0x000000008a600000| Complete 
| 167|0x000000008a700000, 0x000000008a800000, 0x000000008a800000|100%| S|CS|TAMS 0x000000008a700000, 0x000000008a700000| Complete 
| 168|0x000000008a800000, 0x000000008a900000, 0x000000008a900000|100%| S|CS|TAMS 0x000000008a800000, 0x000000008a800000| Complete 
| 169|0x000000008a900000, 0x000000008a900000, 0x000000008aa00000|  0%| F|  |TAMS 0x000000008a900000, 0x000000008a900000| Untracked 
| 170|0x000000008aa00000, 0x000000008aa00000, 0x000000008ab00000|  0%| F|  |TAMS 0x000000008aa00000, 0x000000008aa00000| Untracked 
| 171|0x000000008ab00000, 0x000000008ab00000, 0x000000008ac00000|  0%| F|  |TAMS 0x000000008ab00000, 0x000000008ab00000| Untracked 
| 172|0x000000008ac00000, 0x000000008ac00000, 0x000000008ad00000|  0%| F|  |TAMS 0x000000008ac00000, 0x000000008ac00000| Untracked 
| 173|0x000000008ad00000, 0x000000008ad00000, 0x000000008ae00000|  0%| F|  |TAMS 0x000000008ad00000, 0x000000008ad00000| Untracked 
| 174|0x000000008ae00000, 0x000000008ae00000, 0x000000008af00000|  0%| F|  |TAMS 0x000000008ae00000, 0x000000008ae00000| Untracked 
| 175|0x000000008af00000, 0x000000008af00000, 0x000000008b000000|  0%| F|  |TAMS 0x000000008af00000, 0x000000008af00000| Untracked 
| 176|0x000000008b000000, 0x000000008b000000, 0x000000008b100000|  0%| F|  |TAMS 0x000000008b000000, 0x000000008b000000| Untracked 
| 177|0x000000008b100000, 0x000000008b100000, 0x000000008b200000|  0%| F|  |TAMS 0x000000008b100000, 0x000000008b100000| Untracked 
| 178|0x000000008b200000, 0x000000008b200000, 0x000000008b300000|  0%| F|  |TAMS 0x000000008b200000, 0x000000008b200000| Untracked 
| 179|0x000000008b300000, 0x000000008b300000, 0x000000008b400000|  0%| F|  |TAMS 0x000000008b300000, 0x000000008b300000| Untracked 
| 180|0x000000008b400000, 0x000000008b400000, 0x000000008b500000|  0%| F|  |TAMS 0x000000008b400000, 0x000000008b400000| Untracked 
| 181|0x000000008b500000, 0x000000008b500000, 0x000000008b600000|  0%| F|  |TAMS 0x000000008b500000, 0x000000008b500000| Untracked 
| 182|0x000000008b600000, 0x000000008b600000, 0x000000008b700000|  0%| F|  |TAMS 0x000000008b600000, 0x000000008b600000| Untracked 
| 183|0x000000008b700000, 0x000000008b700000, 0x000000008b800000|  0%| F|  |TAMS 0x000000008b700000, 0x000000008b700000| Untracked 
| 184|0x000000008b800000, 0x000000008b800000, 0x000000008b900000|  0%| F|  |TAMS 0x000000008b800000, 0x000000008b800000| Untracked 
| 185|0x000000008b900000, 0x000000008b900000, 0x000000008ba00000|  0%| F|  |TAMS 0x000000008b900000, 0x000000008b900000| Untracked 
| 186|0x000000008ba00000, 0x000000008ba00000, 0x000000008bb00000|  0%| F|  |TAMS 0x000000008ba00000, 0x000000008ba00000| Untracked 
| 187|0x000000008bb00000, 0x000000008bb00000, 0x000000008bc00000|  0%| F|  |TAMS 0x000000008bb00000, 0x000000008bb00000| Untracked 
| 188|0x000000008bc00000, 0x000000008bc00000, 0x000000008bd00000|  0%| F|  |TAMS 0x000000008bc00000, 0x000000008bc00000| Untracked 
| 189|0x000000008bd00000, 0x000000008bd00000, 0x000000008be00000|  0%| F|  |TAMS 0x000000008bd00000, 0x000000008bd00000| Untracked 
| 190|0x000000008be00000, 0x000000008be00000, 0x000000008bf00000|  0%| F|  |TAMS 0x000000008be00000, 0x000000008be00000| Untracked 
| 191|0x000000008bf00000, 0x000000008bf00000, 0x000000008c000000|  0%| F|  |TAMS 0x000000008bf00000, 0x000000008bf00000| Untracked 
| 192|0x000000008c000000, 0x000000008c000000, 0x000000008c100000|  0%| F|  |TAMS 0x000000008c000000, 0x000000008c000000| Untracked 
| 193|0x000000008c100000, 0x000000008c100000, 0x000000008c200000|  0%| F|  |TAMS 0x000000008c100000, 0x000000008c100000| Untracked 
| 194|0x000000008c200000, 0x000000008c200000, 0x000000008c300000|  0%| F|  |TAMS 0x000000008c200000, 0x000000008c200000| Untracked 
| 195|0x000000008c300000, 0x000000008c300000, 0x000000008c400000|  0%| F|  |TAMS 0x000000008c300000, 0x000000008c300000| Untracked 
| 196|0x000000008c400000, 0x000000008c400000, 0x000000008c500000|  0%| F|  |TAMS 0x000000008c400000, 0x000000008c400000| Untracked 
| 197|0x000000008c500000, 0x000000008c500000, 0x000000008c600000|  0%| F|  |TAMS 0x000000008c500000, 0x000000008c500000| Untracked 
| 198|0x000000008c600000, 0x000000008c600000, 0x000000008c700000|  0%| F|  |TAMS 0x000000008c600000, 0x000000008c600000| Untracked 
| 199|0x000000008c700000, 0x000000008c700000, 0x000000008c800000|  0%| F|  |TAMS 0x000000008c700000, 0x000000008c700000| Untracked 
| 200|0x000000008c800000, 0x000000008c800000, 0x000000008c900000|  0%| F|  |TAMS 0x000000008c800000, 0x000000008c800000| Untracked 
| 201|0x000000008c900000, 0x000000008c900000, 0x000000008ca00000|  0%| F|  |TAMS 0x000000008c900000, 0x000000008c900000| Untracked 
| 202|0x000000008ca00000, 0x000000008ca00000, 0x000000008cb00000|  0%| F|  |TAMS 0x000000008ca00000, 0x000000008ca00000| Untracked 
| 203|0x000000008cb00000, 0x000000008cb00000, 0x000000008cc00000|  0%| F|  |TAMS 0x000000008cb00000, 0x000000008cb00000| Untracked 
| 204|0x000000008cc00000, 0x000000008cc00000, 0x000000008cd00000|  0%| F|  |TAMS 0x000000008cc00000, 0x000000008cc00000| Untracked 
| 205|0x000000008cd00000, 0x000000008cd00000, 0x000000008ce00000|  0%| F|  |TAMS 0x000000008cd00000, 0x000000008cd00000| Untracked 
| 206|0x000000008ce00000, 0x000000008ce00000, 0x000000008cf00000|  0%| F|  |TAMS 0x000000008ce00000, 0x000000008ce00000| Untracked 
| 207|0x000000008cf00000, 0x000000008cf87050, 0x000000008d000000| 52%| E|  |TAMS 0x000000008cf00000, 0x000000008cf00000| Complete 
| 208|0x000000008d000000, 0x000000008d100000, 0x000000008d100000|100%| E|CS|TAMS 0x000000008d000000, 0x000000008d000000| Complete 
| 209|0x000000008d100000, 0x000000008d200000, 0x000000008d200000|100%| E|CS|TAMS 0x000000008d100000, 0x000000008d100000| Complete 
| 210|0x000000008d200000, 0x000000008d300000, 0x000000008d300000|100%| E|CS|TAMS 0x000000008d200000, 0x000000008d200000| Complete 
| 211|0x000000008d300000, 0x000000008d400000, 0x000000008d400000|100%| E|CS|TAMS 0x000000008d300000, 0x000000008d300000| Complete 
| 212|0x000000008d400000, 0x000000008d500000, 0x000000008d500000|100%| E|CS|TAMS 0x000000008d400000, 0x000000008d400000| Complete 
| 213|0x000000008d500000, 0x000000008d600000, 0x000000008d600000|100%| E|CS|TAMS 0x000000008d500000, 0x000000008d500000| Complete 
| 214|0x000000008d600000, 0x000000008d700000, 0x000000008d700000|100%| E|CS|TAMS 0x000000008d600000, 0x000000008d600000| Complete 
| 215|0x000000008d700000, 0x000000008d800000, 0x000000008d800000|100%| E|CS|TAMS 0x000000008d700000, 0x000000008d700000| Complete 
| 216|0x000000008d800000, 0x000000008d900000, 0x000000008d900000|100%| E|CS|TAMS 0x000000008d800000, 0x000000008d800000| Complete 
| 217|0x000000008d900000, 0x000000008da00000, 0x000000008da00000|100%| E|CS|TAMS 0x000000008d900000, 0x000000008d900000| Complete 
| 218|0x000000008da00000, 0x000000008db00000, 0x000000008db00000|100%| E|CS|TAMS 0x000000008da00000, 0x000000008da00000| Complete 
| 219|0x000000008db00000, 0x000000008dc00000, 0x000000008dc00000|100%| E|CS|TAMS 0x000000008db00000, 0x000000008db00000| Complete 
| 220|0x000000008dc00000, 0x000000008dd00000, 0x000000008dd00000|100%| E|CS|TAMS 0x000000008dc00000, 0x000000008dc00000| Complete 
| 221|0x000000008dd00000, 0x000000008de00000, 0x000000008de00000|100%| E|CS|TAMS 0x000000008dd00000, 0x000000008dd00000| Complete 
| 222|0x000000008de00000, 0x000000008df00000, 0x000000008df00000|100%| E|CS|TAMS 0x000000008de00000, 0x000000008de00000| Complete 
| 223|0x000000008df00000, 0x000000008e000000, 0x000000008e000000|100%| E|CS|TAMS 0x000000008df00000, 0x000000008df00000| Complete 
| 224|0x000000008e000000, 0x000000008e100000, 0x000000008e100000|100%| E|CS|TAMS 0x000000008e000000, 0x000000008e000000| Complete 
| 225|0x000000008e100000, 0x000000008e200000, 0x000000008e200000|100%| E|CS|TAMS 0x000000008e100000, 0x000000008e100000| Complete 
| 226|0x000000008e200000, 0x000000008e300000, 0x000000008e300000|100%| E|CS|TAMS 0x000000008e200000, 0x000000008e200000| Complete 
| 227|0x000000008e300000, 0x000000008e400000, 0x000000008e400000|100%| E|CS|TAMS 0x000000008e300000, 0x000000008e300000| Complete 
| 228|0x000000008e400000, 0x000000008e500000, 0x000000008e500000|100%| E|CS|TAMS 0x000000008e400000, 0x000000008e400000| Complete 
| 229|0x000000008e500000, 0x000000008e600000, 0x000000008e600000|100%| E|CS|TAMS 0x000000008e500000, 0x000000008e500000| Complete 
| 230|0x000000008e600000, 0x000000008e700000, 0x000000008e700000|100%| E|CS|TAMS 0x000000008e600000, 0x000000008e600000| Complete 
| 231|0x000000008e700000, 0x000000008e800000, 0x000000008e800000|100%| E|CS|TAMS 0x000000008e700000, 0x000000008e700000| Complete 
| 232|0x000000008e800000, 0x000000008e900000, 0x000000008e900000|100%| E|CS|TAMS 0x000000008e800000, 0x000000008e800000| Complete 
| 233|0x000000008e900000, 0x000000008ea00000, 0x000000008ea00000|100%| E|CS|TAMS 0x000000008e900000, 0x000000008e900000| Complete 
| 234|0x000000008ea00000, 0x000000008eb00000, 0x000000008eb00000|100%| E|CS|TAMS 0x000000008ea00000, 0x000000008ea00000| Complete 
| 235|0x000000008eb00000, 0x000000008ec00000, 0x000000008ec00000|100%| E|CS|TAMS 0x000000008eb00000, 0x000000008eb00000| Complete 
| 236|0x000000008ec00000, 0x000000008ed00000, 0x000000008ed00000|100%| E|CS|TAMS 0x000000008ec00000, 0x000000008ec00000| Complete 
| 237|0x000000008ed00000, 0x000000008ee00000, 0x000000008ee00000|100%| E|CS|TAMS 0x000000008ed00000, 0x000000008ed00000| Complete 
| 238|0x000000008ee00000, 0x000000008ef00000, 0x000000008ef00000|100%| E|CS|TAMS 0x000000008ee00000, 0x000000008ee00000| Complete 
| 239|0x000000008ef00000, 0x000000008f000000, 0x000000008f000000|100%| E|CS|TAMS 0x000000008ef00000, 0x000000008ef00000| Complete 
| 240|0x000000008f000000, 0x000000008f100000, 0x000000008f100000|100%| E|CS|TAMS 0x000000008f000000, 0x000000008f000000| Complete 
| 241|0x000000008f100000, 0x000000008f200000, 0x000000008f200000|100%| E|CS|TAMS 0x000000008f100000, 0x000000008f100000| Complete 
| 242|0x000000008f200000, 0x000000008f300000, 0x000000008f300000|100%| E|CS|TAMS 0x000000008f200000, 0x000000008f200000| Complete 
| 243|0x000000008f300000, 0x000000008f400000, 0x000000008f400000|100%| E|CS|TAMS 0x000000008f300000, 0x000000008f300000| Complete 
| 244|0x000000008f400000, 0x000000008f500000, 0x000000008f500000|100%| E|CS|TAMS 0x000000008f400000, 0x000000008f400000| Complete 
| 245|0x000000008f500000, 0x000000008f600000, 0x000000008f600000|100%| E|CS|TAMS 0x000000008f500000, 0x000000008f500000| Complete 
| 246|0x000000008f600000, 0x000000008f700000, 0x000000008f700000|100%| E|CS|TAMS 0x000000008f600000, 0x000000008f600000| Complete 
| 247|0x000000008f700000, 0x000000008f800000, 0x000000008f800000|100%| E|CS|TAMS 0x000000008f700000, 0x000000008f700000| Complete 
| 248|0x000000008f800000, 0x000000008f900000, 0x000000008f900000|100%| E|CS|TAMS 0x000000008f800000, 0x000000008f800000| Complete 
| 249|0x000000008f900000, 0x000000008fa00000, 0x000000008fa00000|100%| E|CS|TAMS 0x000000008f900000, 0x000000008f900000| Complete 
| 250|0x000000008fa00000, 0x000000008fb00000, 0x000000008fb00000|100%| E|CS|TAMS 0x000000008fa00000, 0x000000008fa00000| Complete 
| 251|0x000000008fb00000, 0x000000008fc00000, 0x000000008fc00000|100%| E|  |TAMS 0x000000008fb00000, 0x000000008fb00000| Complete 
| 252|0x000000008fc00000, 0x000000008fd00000, 0x000000008fd00000|100%| E|CS|TAMS 0x000000008fc00000, 0x000000008fc00000| Complete 
| 253|0x000000008fd00000, 0x000000008fe00000, 0x000000008fe00000|100%| E|CS|TAMS 0x000000008fd00000, 0x000000008fd00000| Complete 
| 254|0x000000008fe00000, 0x000000008ff00000, 0x000000008ff00000|100%| E|CS|TAMS 0x000000008fe00000, 0x000000008fe00000| Complete 
| 255|0x000000008ff00000, 0x0000000090000000, 0x0000000090000000|100%| E|CS|TAMS 0x000000008ff00000, 0x000000008ff00000| Complete 
| 256|0x0000000090000000, 0x0000000090100000, 0x0000000090100000|100%| E|CS|TAMS 0x0000000090000000, 0x0000000090000000| Complete 
| 257|0x0000000090100000, 0x0000000090200000, 0x0000000090200000|100%| E|CS|TAMS 0x0000000090100000, 0x0000000090100000| Complete 
| 258|0x0000000090200000, 0x0000000090300000, 0x0000000090300000|100%| E|CS|TAMS 0x0000000090200000, 0x0000000090200000| Complete 
| 259|0x0000000090300000, 0x0000000090400000, 0x0000000090400000|100%| E|CS|TAMS 0x0000000090300000, 0x0000000090300000| Complete 
| 260|0x0000000090400000, 0x0000000090500000, 0x0000000090500000|100%| E|CS|TAMS 0x0000000090400000, 0x0000000090400000| Complete 
| 261|0x0000000090500000, 0x0000000090600000, 0x0000000090600000|100%| E|CS|TAMS 0x0000000090500000, 0x0000000090500000| Complete 
| 262|0x0000000090600000, 0x0000000090700000, 0x0000000090700000|100%| E|CS|TAMS 0x0000000090600000, 0x0000000090600000| Complete 
| 263|0x0000000090700000, 0x0000000090800000, 0x0000000090800000|100%| E|CS|TAMS 0x0000000090700000, 0x0000000090700000| Complete 
| 264|0x0000000090800000, 0x0000000090900000, 0x0000000090900000|100%| E|CS|TAMS 0x0000000090800000, 0x0000000090800000| Complete 
| 265|0x0000000090900000, 0x0000000090a00000, 0x0000000090a00000|100%| E|CS|TAMS 0x0000000090900000, 0x0000000090900000| Complete 
| 266|0x0000000090a00000, 0x0000000090b00000, 0x0000000090b00000|100%| E|CS|TAMS 0x0000000090a00000, 0x0000000090a00000| Complete 

Card table byte_map: [0x000001ca7c390000,0x000001ca7c790000] _byte_map_base: 0x000001ca7bf90000

Marking Bits (Prev, Next): (CMBitMap*) 0x000001ca694dc240, (CMBitMap*) 0x000001ca694dc208
 Prev Bits: [0x000001ca00000000, 0x000001ca02000000)
 Next Bits: [0x000001ca7cb90000, 0x000001ca7eb90000)

Polling page: 0x000001ca674c0000

Metaspace:

Usage:
  Non-class:     99.49 MB capacity,    97.51 MB ( 98%) used,     1.64 MB (  2%) free+waste,   350.69 KB ( <1%) overhead. 
      Class:     15.06 MB capacity,    14.00 MB ( 93%) used,   923.06 KB (  6%) free+waste,   157.00 KB (  1%) overhead. 
       Both:    114.55 MB capacity,   111.51 MB ( 97%) used,     2.54 MB (  2%) free+waste,   507.69 KB ( <1%) overhead. 

Virtual space:
  Non-class space:      100.00 MB reserved,      99.59 MB (>99%) committed 
      Class space:        1.00 GB reserved,      15.13 MB (  1%) committed 
             Both:        1.10 GB reserved,     114.71 MB ( 10%) committed 

Chunk freelists:
   Non-Class:  34.00 KB
       Class:  3.00 KB
        Both:  37.00 KB

MaxMetaspaceSize: 17179869184.00 GB
CompressedClassSpaceSize: 1.00 GB

CodeHeap 'non-profiled nmethods': size=120064Kb used=13035Kb max_used=13035Kb free=107028Kb
 bounds [0x000001ca74a50000, 0x000001ca75710000, 0x000001ca7bf90000]
CodeHeap 'profiled nmethods': size=120000Kb used=38710Kb max_used=38710Kb free=81289Kb
 bounds [0x000001ca6d520000, 0x000001ca6fb20000, 0x000001ca74a50000]
CodeHeap 'non-nmethods': size=5696Kb used=2343Kb max_used=2424Kb free=3352Kb
 bounds [0x000001ca6cf90000, 0x000001ca6d200000, 0x000001ca6d520000]
 total_blobs=18934 nmethods=17966 adapters=877
 compilation: enabled
              stopped_count=0, restarted_count=0
 full_count=0

Compilation events (20 events):
Event: 456.480 Thread 0x000001ca06612000 19135 %     4       org.jetbrains.kotlin.gradle.internal.kapt.incremental.ClasspathSnapshot::findAllImpacted @ 157 (602 bytes)
Event: 456.485 Thread 0x000001ca7f0b0800 nmethod 19154% 0x000001ca6fade710 code [0x000001ca6fadf680, 0x000001ca6faea628]
Event: 456.486 Thread 0x000001ca7f0b0800 19156 %     3       org.jetbrains.kotlin.gradle.internal.kapt.incremental.ClasspathEntryData::writeObject @ 65 (1252 bytes)
Event: 456.495 Thread 0x000001ca7f0b0800 nmethod 19156% 0x000001ca6faee090 code [0x000001ca6faef000, 0x000001ca6faf9ec8]
Event: 456.496 Thread 0x000001ca7f0b0800 19157       3       org.jetbrains.kotlin.gradle.internal.kapt.incremental.ClasspathEntryData::writeObject (1252 bytes)
Event: 456.507 Thread 0x000001ca7f0b0800 nmethod 19157 0x000001ca6fafd690 code [0x000001ca6fafe740, 0x000001ca6fb0a588]
Event: 456.520 Thread 0x000001ca7f0b0800 19159       3       java.util.AbstractMap::putAll (52 bytes)
Event: 456.520 Thread 0x000001ca7f0b0800 nmethod 19159 0x000001ca6df3bf10 code [0x000001ca6df3c140, 0x000001ca6df3c928]
Event: 456.542 Thread 0x000001ca7f0aa000 nmethod 19127% 0x000001ca756fcf10 code [0x000001ca756fd5c0, 0x000001ca75705350]
Event: 456.542 Thread 0x000001ca7f0aa000 19158       4       java.util.ComparableTimSort::binarySort (223 bytes)
Event: 456.556 Thread 0x000001ca7f0aa000 nmethod 19158 0x000001ca7570a510 code [0x000001ca7570a6c0, 0x000001ca7570b0b8]
Event: 456.556 Thread 0x000001ca7f0aa000 19161       4       java.io.ObjectOutputStream$BlockDataOutputStream::writeUTF (46 bytes)
Event: 456.559 Thread 0x000001ca7f0aa000 nmethod 19161 0x000001ca7570b490 code [0x000001ca7570b660, 0x000001ca7570b8d8]
Event: 456.559 Thread 0x000001ca7f0aa000 19162       4       java.io.ObjectOutputStream$BlockDataOutputStream::writeShort (47 bytes)
Event: 456.562 Thread 0x000001ca7f0aa000 nmethod 19162 0x000001ca7570bc10 code [0x000001ca7570bdc0, 0x000001ca7570bf58]
Event: 456.562 Thread 0x000001ca7f0aa000 19160       4       java.io.ObjectOutputStream$BlockDataOutputStream::write (152 bytes)
Event: 456.569 Thread 0x000001ca7f0aa000 nmethod 19160 0x000001ca7570c110 code [0x000001ca7570c2e0, 0x000001ca7570c818]
Event: 456.570 Thread 0x000001ca7f0aa000 19163 %     4       org.jetbrains.kotlin.gradle.internal.kapt.incremental.ClasspathEntryData::writeObject @ 636 (1252 bytes)
Event: 456.626 Thread 0x000001ca7f0b0800 19168   !   2       java.util.TreeMap::putAll (100 bytes)
Event: 456.627 Thread 0x000001ca7f0b0800 nmethod 19168 0x000001ca6df44990 code [0x000001ca6df44bc0, 0x000001ca6df45038]

GC Heap History (20 events):
Event: 448.712 GC heap before
{Heap before GC invocations=66 (full 0):
 garbage-first heap   total 227328K, used 188793K [0x0000000080000000, 0x0000000100000000)
  region size 1024K, 76 young (77824K), 5 survivors (5120K)
 Metaspace       used 109311K, capacity 112344K, committed 112604K, reserved 1146880K
  class space    used 13803K, capacity 14855K, committed 14976K, reserved 1048576K
}
Event: 448.725 GC heap after
{Heap after GC invocations=67 (full 0):
 garbage-first heap   total 227328K, used 120984K [0x0000000080000000, 0x0000000100000000)
  region size 1024K, 9 young (9216K), 9 survivors (9216K)
 Metaspace       used 109311K, capacity 112344K, committed 112604K, reserved 1146880K
  class space    used 13803K, capacity 14855K, committed 14976K, reserved 1048576K
}
Event: 449.629 GC heap before
{Heap before GC invocations=67 (full 0):
 garbage-first heap   total 227328K, used 191640K [0x0000000080000000, 0x0000000100000000)
  region size 1024K, 77 young (78848K), 9 survivors (9216K)
 Metaspace       used 110158K, capacity 113201K, committed 113500K, reserved 1148928K
  class space    used 13905K, capacity 14992K, committed 15104K, reserved 1048576K
}
Event: 449.657 GC heap after
{Heap after GC invocations=68 (full 0):
 garbage-first heap   total 227328K, used 136890K [0x0000000080000000, 0x0000000100000000)
  region size 1024K, 10 young (10240K), 10 survivors (10240K)
 Metaspace       used 110158K, capacity 113201K, committed 113500K, reserved 1148928K
  class space    used 13905K, capacity 14992K, committed 15104K, reserved 1048576K
}
Event: 450.526 GC heap before
{Heap before GC invocations=68 (full 0):
 garbage-first heap   total 227328K, used 199354K [0x0000000080000000, 0x0000000100000000)
  region size 1024K, 55 young (56320K), 10 survivors (10240K)
 Metaspace       used 112924K, capacity 115932K, committed 116060K, reserved 1150976K
  class space    used 14216K, capacity 15297K, committed 15360K, reserved 1048576K
}
Event: 450.548 GC heap after
{Heap after GC invocations=69 (full 0):
 garbage-first heap   total 227328K, used 142166K [0x0000000080000000, 0x0000000100000000)
  region size 1024K, 5 young (5120K), 5 survivors (5120K)
 Metaspace       used 112924K, capacity 115932K, committed 116060K, reserved 1150976K
  class space    used 14216K, capacity 15297K, committed 15360K, reserved 1048576K
}
Event: 451.053 GC heap before
{Heap before GC invocations=69 (full 0):
 garbage-first heap   total 227328K, used 183126K [0x0000000080000000, 0x0000000100000000)
  region size 1024K, 47 young (48128K), 5 survivors (5120K)
 Metaspace       used 112939K, capacity 116007K, committed 116316K, reserved 1150976K
  class space    used 14217K, capacity 15299K, committed 15360K, reserved 1048576K
}
Event: 451.066 GC heap after
{Heap after GC invocations=70 (full 0):
 garbage-first heap   total 227328K, used 141783K [0x0000000080000000, 0x0000000100000000)
  region size 1024K, 2 young (2048K), 2 survivors (2048K)
 Metaspace       used 112939K, capacity 116007K, committed 116316K, reserved 1150976K
  class space    used 14217K, capacity 15299K, committed 15360K, reserved 1048576K
}
Event: 451.524 GC heap before
{Heap before GC invocations=71 (full 0):
 garbage-first heap   total 227328K, used 187863K [0x0000000080000000, 0x0000000100000000)
  region size 1024K, 46 young (47104K), 2 survivors (2048K)
 Metaspace       used 113914K, capacity 116920K, committed 117212K, reserved 1150976K
  class space    used 14319K, capacity 15408K, committed 15488K, reserved 1048576K
}
Event: 451.532 GC heap after
{Heap after GC invocations=72 (full 0):
 garbage-first heap   total 227328K, used 142153K [0x0000000080000000, 0x0000000100000000)
  region size 1024K, 3 young (3072K), 3 survivors (3072K)
 Metaspace       used 113914K, capacity 116920K, committed 117212K, reserved 1150976K
  class space    used 14319K, capacity 15408K, committed 15488K, reserved 1048576K
}
Event: 451.568 GC heap before
{Heap before GC invocations=72 (full 0):
 garbage-first heap   total 227328K, used 149321K [0x0000000080000000, 0x0000000100000000)
  region size 1024K, 11 young (11264K), 3 survivors (3072K)
 Metaspace       used 113922K, capacity 116932K, committed 117212K, reserved 1150976K
  class space    used 14322K, capacity 15412K, committed 15488K, reserved 1048576K
}
Event: 451.586 GC heap after
{Heap after GC invocations=73 (full 0):
 garbage-first heap   total 227328K, used 126979K [0x0000000080000000, 0x0000000100000000)
  region size 1024K, 2 young (2048K), 2 survivors (2048K)
 Metaspace       used 113922K, capacity 116932K, committed 117212K, reserved 1150976K
  class space    used 14322K, capacity 15412K, committed 15488K, reserved 1048576K
}
Event: 451.621 GC heap before
{Heap before GC invocations=73 (full 0):
 garbage-first heap   total 227328K, used 135171K [0x0000000080000000, 0x0000000100000000)
  region size 1024K, 11 young (11264K), 2 survivors (2048K)
 Metaspace       used 113922K, capacity 116932K, committed 117212K, reserved 1150976K
  class space    used 14322K, capacity 15412K, committed 15488K, reserved 1048576K
}
Event: 451.635 GC heap after
{Heap after GC invocations=74 (full 0):
 garbage-first heap   total 227328K, used 125653K [0x0000000080000000, 0x0000000100000000)
  region size 1024K, 1 young (1024K), 1 survivors (1024K)
 Metaspace       used 113922K, capacity 116932K, committed 117212K, reserved 1150976K
  class space    used 14322K, capacity 15412K, committed 15488K, reserved 1048576K
}
Event: 452.857 GC heap before
{Heap before GC invocations=74 (full 0):
 garbage-first heap   total 227328K, used 178901K [0x0000000080000000, 0x0000000100000000)
  region size 1024K, 54 young (55296K), 1 survivors (1024K)
 Metaspace       used 113934K, capacity 116932K, committed 117212K, reserved 1150976K
  class space    used 14322K, capacity 15412K, committed 15488K, reserved 1048576K
}
Event: 452.868 GC heap after
{Heap after GC invocations=75 (full 0):
 garbage-first heap   total 227328K, used 131845K [0x0000000080000000, 0x0000000100000000)
  region size 1024K, 7 young (7168K), 7 survivors (7168K)
 Metaspace       used 113934K, capacity 116932K, committed 117212K, reserved 1150976K
  class space    used 14322K, capacity 15412K, committed 15488K, reserved 1048576K
}
Event: 452.960 GC heap before
{Heap before GC invocations=75 (full 0):
 garbage-first heap   total 227328K, used 182021K [0x0000000080000000, 0x0000000100000000)
  region size 1024K, 57 young (58368K), 7 survivors (7168K)
 Metaspace       used 113943K, capacity 116996K, committed 117212K, reserved 1150976K
  class space    used 14322K, capacity 15412K, committed 15488K, reserved 1048576K
}
Event: 452.971 GC heap after
{Heap after GC invocations=76 (full 0):
 garbage-first heap   total 227328K, used 134858K [0x0000000080000000, 0x0000000100000000)
  region size 1024K, 3 young (3072K), 3 survivors (3072K)
 Metaspace       used 113943K, capacity 116996K, committed 117212K, reserved 1150976K
  class space    used 14322K, capacity 15412K, committed 15488K, reserved 1048576K
}
Event: 455.569 GC heap before
{Heap before GC invocations=76 (full 0):
 garbage-first heap   total 227328K, used 185034K [0x0000000080000000, 0x0000000100000000)
  region size 1024K, 53 young (54272K), 3 survivors (3072K)
 Metaspace       used 113994K, capacity 117070K, committed 117212K, reserved 1150976K
  class space    used 14323K, capacity 15414K, committed 15488K, reserved 1048576K
}
Event: 455.580 GC heap after
{Heap after GC invocations=77 (full 0):
 garbage-first heap   total 273408K, used 135755K [0x0000000080000000, 0x0000000100000000)
  region size 1024K, 4 young (4096K), 4 survivors (4096K)
 Metaspace       used 113994K, capacity 117070K, committed 117212K, reserved 1150976K
  class space    used 14323K, capacity 15414K, committed 15488K, reserved 1048576K
}

Deoptimization events (20 events):
Event: 456.400 Thread 0x000001ca10742800 Uncommon trap: trap_request=0xffffff4d fr.pc=0x000001ca74df8100 relative=0x00000000000003a0
Event: 456.400 Thread 0x000001ca10742800 Uncommon trap: reason=unstable_if action=reinterpret pc=0x000001ca74df8100 method=java.io.WinNTFileSystem.prefixLength(Ljava/lang/String;)I @ 11 c2
Event: 456.400 Thread 0x000001ca10742800 DEOPT PACKING pc=0x000001ca74df8100 sp=0x00000093f16fad70
Event: 456.400 Thread 0x000001ca10742800 DEOPT UNPACKING pc=0x000001ca6cfb78af sp=0x00000093f16facc0 mode 2
Event: 456.448 Thread 0x000001ca10742800 Uncommon trap: trap_request=0xffffff4d fr.pc=0x000001ca753c7d20 relative=0x0000000000000100
Event: 456.448 Thread 0x000001ca10742800 Uncommon trap: reason=unstable_if action=reinterpret pc=0x000001ca753c7d20 method=java.io.ObjectOutputStream$BlockDataOutputStream.writeInt(I)V @ 9 c2
Event: 456.448 Thread 0x000001ca10742800 DEOPT PACKING pc=0x000001ca753c7d20 sp=0x00000093f16fa890
Event: 456.448 Thread 0x000001ca10742800 DEOPT UNPACKING pc=0x000001ca6cfb78af sp=0x00000093f16fa828 mode 2
Event: 456.467 Thread 0x000001ca10742800 Uncommon trap: trap_request=0xffffff4d fr.pc=0x000001ca753902a4 relative=0x0000000000000164
Event: 456.467 Thread 0x000001ca10742800 Uncommon trap: reason=unstable_if action=reinterpret pc=0x000001ca753902a4 method=java.io.ObjectOutputStream$BlockDataOutputStream.writeShort(I)V @ 9 c2
Event: 456.467 Thread 0x000001ca10742800 DEOPT PACKING pc=0x000001ca753902a4 sp=0x00000093f16fa840
Event: 456.467 Thread 0x000001ca10742800 DEOPT UNPACKING pc=0x000001ca6cfb78af sp=0x00000093f16fa780 mode 2
Event: 456.467 Thread 0x000001ca10742800 Uncommon trap: trap_request=0xffffff4d fr.pc=0x000001ca751e507c relative=0x00000000000000dc
Event: 456.467 Thread 0x000001ca10742800 Uncommon trap: reason=unstable_if action=reinterpret pc=0x000001ca751e507c method=java.io.ObjectOutputStream$BlockDataOutputStream.writeShort(I)V @ 9 c2
Event: 456.467 Thread 0x000001ca10742800 DEOPT PACKING pc=0x000001ca751e507c sp=0x00000093f16fa7c0
Event: 456.467 Thread 0x000001ca10742800 DEOPT UNPACKING pc=0x000001ca6cfb78af sp=0x00000093f16fa768 mode 2
Event: 456.498 Thread 0x000001ca10742800 DEOPT PACKING pc=0x000001ca6f892d9b sp=0x00000093f16fad50
Event: 456.498 Thread 0x000001ca10742800 DEOPT UNPACKING pc=0x000001ca6cfb76ce sp=0x00000093f16fa1e8 mode 0
Event: 456.538 Thread 0x000001ca10742800 DEOPT PACKING pc=0x000001ca6f892d9b sp=0x00000093f16fad70
Event: 456.538 Thread 0x000001ca10742800 DEOPT UNPACKING pc=0x000001ca6cfb76ce sp=0x00000093f16fa208 mode 0

Classes redefined (0 events):
No events

Internal exceptions (20 events):
Event: 448.209 Thread 0x000001ca0be5b800 Exception <a 'sun/nio/fs/WindowsException'{0x000000008cca7f40}> (0x000000008cca7f40) thrown at [./src/hotspot/share/prims/jni.cpp, line 615]
Event: 448.209 Thread 0x000001ca0be5b800 Exception <a 'sun/nio/fs/WindowsException'{0x000000008cca7fc0}> (0x000000008cca7fc0) thrown at [./src/hotspot/share/prims/jni.cpp, line 615]
Event: 448.209 Thread 0x000001ca0be5b800 Exception <a 'sun/nio/fs/WindowsException'{0x000000008ccaa9c0}> (0x000000008ccaa9c0) thrown at [./src/hotspot/share/prims/jni.cpp, line 615]
Event: 448.209 Thread 0x000001ca0be5b800 Exception <a 'sun/nio/fs/WindowsException'{0x000000008ccaaa40}> (0x000000008ccaaa40) thrown at [./src/hotspot/share/prims/jni.cpp, line 615]
Event: 448.209 Thread 0x000001ca0be5b800 Exception <a 'sun/nio/fs/WindowsException'{0x000000008ccac8a0}> (0x000000008ccac8a0) thrown at [./src/hotspot/share/prims/jni.cpp, line 615]
Event: 448.209 Thread 0x000001ca0be5b800 Exception <a 'sun/nio/fs/WindowsException'{0x000000008ccac920}> (0x000000008ccac920) thrown at [./src/hotspot/share/prims/jni.cpp, line 615]
Event: 448.209 Thread 0x000001ca0be5b800 Exception <a 'sun/nio/fs/WindowsException'{0x000000008ccafb50}> (0x000000008ccafb50) thrown at [./src/hotspot/share/prims/jni.cpp, line 615]
Event: 448.209 Thread 0x000001ca0be5b800 Exception <a 'sun/nio/fs/WindowsException'{0x000000008ccafbd0}> (0x000000008ccafbd0) thrown at [./src/hotspot/share/prims/jni.cpp, line 615]
Event: 448.209 Thread 0x000001ca0be5b800 Exception <a 'sun/nio/fs/WindowsException'{0x000000008ccb1a68}> (0x000000008ccb1a68) thrown at [./src/hotspot/share/prims/jni.cpp, line 615]
Event: 448.209 Thread 0x000001ca0be5b800 Exception <a 'sun/nio/fs/WindowsException'{0x000000008ccb1ae8}> (0x000000008ccb1ae8) thrown at [./src/hotspot/share/prims/jni.cpp, line 615]
Event: 449.286 Thread 0x000001ca10742000 Implicit null exception at 0x000001ca74d00104 to 0x000001ca74d002fc
Event: 450.366 Thread 0x000001ca10742000 Exception <a 'java/lang/NoSuchMethodError'{0x000000008c1af4f0}: <clinit>> (0x000000008c1af4f0) thrown at [./src/hotspot/share/prims/jni.cpp, line 1362]
Event: 450.367 Thread 0x000001ca10742000 Exception <a 'java/lang/NoSuchMethodError'{0x000000008c1c1cf0}: <clinit>> (0x000000008c1c1cf0) thrown at [./src/hotspot/share/prims/jni.cpp, line 1362]
Event: 452.898 Thread 0x000001ca08290800 Exception <a 'sun/nio/fs/WindowsException'{0x000000008d36ff30}> (0x000000008d36ff30) thrown at [./src/hotspot/share/prims/jni.cpp, line 615]
Event: 452.898 Thread 0x000001ca08290800 Exception <a 'sun/nio/fs/WindowsException'{0x000000008d370290}> (0x000000008d370290) thrown at [./src/hotspot/share/prims/jni.cpp, line 615]
Event: 452.898 Thread 0x000001ca08290800 Exception <a 'sun/nio/fs/WindowsException'{0x000000008d370378}> (0x000000008d370378) thrown at [./src/hotspot/share/prims/jni.cpp, line 615]
Event: 453.162 Thread 0x000001ca10742800 Exception <a 'sun/nio/fs/WindowsException'{0x000000008bea9748}> (0x000000008bea9748) thrown at [./src/hotspot/share/prims/jni.cpp, line 615]
Event: 453.162 Thread 0x000001ca10742800 Exception <a 'sun/nio/fs/WindowsException'{0x000000008beaa0c0}> (0x000000008beaa0c0) thrown at [./src/hotspot/share/prims/jni.cpp, line 615]
Event: 453.338 Thread 0x000001ca08293000 Exception <a 'java/lang/InterruptedException'{0x000000008b1bec50}> (0x000000008b1bec50) thrown at [./src/hotspot/share/runtime/objectMonitor.cpp, line 1635]
Event: 455.906 Thread 0x000001ca10742800 Exception <a 'java/lang/NoSuchMethodError'{0x000000008f03ae08}: <clinit>> (0x000000008f03ae08) thrown at [./src/hotspot/share/prims/jni.cpp, line 1362]

Events (20 events):
Event: 456.391 loading class org/jetbrains/kotlin/gradle/internal/kapt/incremental/ClasspathSnapshot
Event: 456.391 loading class org/jetbrains/kotlin/gradle/internal/kapt/incremental/ClasspathSnapshot done
Event: 456.393 loading class org/jetbrains/kotlin/gradle/internal/KaptTask$findClasspathChanges$previousSnapshot$previousAndCurrentDataFiles$1
Event: 456.393 loading class org/jetbrains/kotlin/gradle/internal/KaptTask$findClasspathChanges$previousSnapshot$previousAndCurrentDataFiles$1 done
Event: 456.400 loading class org/jetbrains/kotlin/gradle/internal/kapt/incremental/UnknownSnapshot
Event: 456.400 loading class org/jetbrains/kotlin/gradle/internal/kapt/incremental/UnknownSnapshot done
Event: 456.404 Thread 0x000001ca09d15800 Thread exited: 0x000001ca09d15800
Event: 456.440 loading class org/jetbrains/kotlin/gradle/internal/kapt/incremental/KaptClasspathChanges$Known
Event: 456.440 loading class org/jetbrains/kotlin/gradle/internal/kapt/incremental/KaptClasspathChanges$Known done
Event: 456.440 loading class org/jetbrains/kotlin/gradle/internal/kapt/incremental/KaptClasspathChanges
Event: 456.440 loading class org/jetbrains/kotlin/gradle/internal/kapt/incremental/KaptClasspathChanges done
Event: 456.441 loading class org/jetbrains/kotlin/gradle/internal/kapt/incremental/KaptClasspathChanges$Unknown
Event: 456.441 loading class org/jetbrains/kotlin/gradle/internal/kapt/incremental/KaptClasspathChanges$Unknown done
Event: 456.444 Executing VM operation: BulkRevokeBias
Event: 456.446 Executing VM operation: BulkRevokeBias done
Event: 456.456 Thread 0x000001ca06612000 Thread added: 0x000001ca06612000
Event: 456.629 loading class org/jetbrains/kotlin/gradle/internal/kapt/incremental/KaptIncrementalChanges$Known
Event: 456.629 loading class org/jetbrains/kotlin/gradle/internal/kapt/incremental/KaptIncrementalChanges$Known done
Event: 456.629 loading class org/jetbrains/kotlin/gradle/internal/kapt/incremental/KaptIncrementalChanges$Unknown
Event: 456.629 loading class org/jetbrains/kotlin/gradle/internal/kapt/incremental/KaptIncrementalChanges$Unknown done


Dynamic libraries:
0x00007ff692900000 - 0x00007ff69290a000 	C:\Program Files\Android\Android Studio1\jre\bin\java.exe
0x00007ffcb40c0000 - 0x00007ffcb42c7000 	C:\Windows\SYSTEM32\ntdll.dll
0x00007ffcb2850000 - 0x00007ffcb290d000 	C:\Windows\System32\KERNEL32.DLL
0x00007ffcb15a0000 - 0x00007ffcb1914000 	C:\Windows\System32\KERNELBASE.dll
0x00007ffcb1b50000 - 0x00007ffcb1c61000 	C:\Windows\System32\ucrtbase.dll
0x00007ffca25b0000 - 0x00007ffca25c9000 	C:\Program Files\Android\Android Studio1\jre\bin\jli.dll
0x00007ffca2590000 - 0x00007ffca25a7000 	C:\Program Files\Android\Android Studio1\jre\bin\VCRUNTIME140.dll
0x00007ffcb3dc0000 - 0x00007ffcb3f6c000 	C:\Windows\System32\USER32.dll
0x00007ffcb1ea0000 - 0x00007ffcb1ec6000 	C:\Windows\System32\win32u.dll
0x00007ffc9b370000 - 0x00007ffc9b615000 	C:\Windows\WinSxS\amd64_microsoft.windows.common-controls_6595b64144ccf1df_6.0.22000.120_none_9d947278b86cc467\COMCTL32.dll
0x00007ffcb30e0000 - 0x00007ffcb3109000 	C:\Windows\System32\GDI32.dll
0x00007ffcb3aa0000 - 0x00007ffcb3b43000 	C:\Windows\System32\msvcrt.dll
0x00007ffcb1c70000 - 0x00007ffcb1d82000 	C:\Windows\System32\gdi32full.dll
0x00007ffcb1d90000 - 0x00007ffcb1e2d000 	C:\Windows\System32\msvcp_win.dll
0x00007ffcb2720000 - 0x00007ffcb2751000 	C:\Windows\System32\IMM32.DLL
0x00007ffca24f0000 - 0x00007ffca258d000 	C:\Program Files\Android\Android Studio1\jre\bin\msvcp140.dll
0x00007ffc5d600000 - 0x00007ffc5e0cf000 	C:\Program Files\Android\Android Studio1\jre\bin\server\jvm.dll
0x00007ffcb3c70000 - 0x00007ffcb3d1c000 	C:\Windows\System32\ADVAPI32.dll
0x00007ffcb3d20000 - 0x00007ffcb3dbd000 	C:\Windows\System32\sechost.dll
0x00007ffcb3970000 - 0x00007ffcb3a91000 	C:\Windows\System32\RPCRT4.dll
0x00007ffcb31b0000 - 0x00007ffcb31b8000 	C:\Windows\System32\PSAPI.DLL
0x00007ffca3a30000 - 0x00007ffca3a63000 	C:\Windows\SYSTEM32\WINMM.dll
0x00007ffc9a860000 - 0x00007ffc9a869000 	C:\Windows\SYSTEM32\WSOCK32.dll
0x00007ffcaf350000 - 0x00007ffcaf35a000 	C:\Windows\SYSTEM32\VERSION.dll
0x00007ffcb3b50000 - 0x00007ffcb3bbf000 	C:\Windows\System32\WS2_32.dll
0x00007ffcb07c0000 - 0x00007ffcb07d8000 	C:\Windows\SYSTEM32\kernel.appcore.dll
0x00007ffc88350000 - 0x00007ffc88361000 	C:\Program Files\Android\Android Studio1\jre\bin\verify.dll
0x00007ffc98ab0000 - 0x00007ffc98cd1000 	C:\Windows\SYSTEM32\DBGHELP.DLL
0x00007ffc98a50000 - 0x00007ffc98a81000 	C:\Windows\SYSTEM32\dbgcore.DLL
0x00007ffcb1ed0000 - 0x00007ffcb1f50000 	C:\Windows\System32\bcryptPrimitives.dll
0x00007ffc85c80000 - 0x00007ffc85ca9000 	C:\Program Files\Android\Android Studio1\jre\bin\java.dll
0x00007ffc9a080000 - 0x00007ffc9a08b000 	C:\Program Files\Android\Android Studio1\jre\bin\jimage.dll
0x00007ffc866e0000 - 0x00007ffc866f8000 	C:\Program Files\Android\Android Studio1\jre\bin\zip.dll
0x00007ffcb31c0000 - 0x00007ffcb3969000 	C:\Windows\System32\SHELL32.dll
0x00007ffcaf760000 - 0x00007ffcaffc2000 	C:\Windows\SYSTEM32\windows.storage.dll
0x00007ffcb2930000 - 0x00007ffcb2ca8000 	C:\Windows\System32\combase.dll
0x00007ffcaf5f0000 - 0x00007ffcaf756000 	C:\Windows\SYSTEM32\wintypes.dll
0x00007ffcb3f90000 - 0x00007ffcb407a000 	C:\Windows\System32\SHCORE.dll
0x00007ffcb1f70000 - 0x00007ffcb1fcd000 	C:\Windows\System32\shlwapi.dll
0x00007ffcb14d0000 - 0x00007ffcb14f1000 	C:\Windows\SYSTEM32\profapi.dll
0x00007ffc85c60000 - 0x00007ffc85c7a000 	C:\Program Files\Android\Android Studio1\jre\bin\net.dll
0x00007ffcab8e0000 - 0x00007ffcab9ec000 	C:\Windows\SYSTEM32\WINHTTP.dll
0x00007ffcb0bd0000 - 0x00007ffcb0c37000 	C:\Windows\system32\mswsock.dll
0x00007ffc85af0000 - 0x00007ffc85b04000 	C:\Program Files\Android\Android Studio1\jre\bin\nio.dll
0x00007ffca25d0000 - 0x00007ffca25f7000 	C:\Users\Acer\.gradle\native\f6784746aeab05261644944871eae4fe03e0ef1612fff0a4a95f87b438bc6780\windows-amd64\native-platform.dll
0x00007ffc99e40000 - 0x00007ffc99e4a000 	C:\Program Files\Android\Android Studio1\jre\bin\management.dll
0x00007ffc98e30000 - 0x00007ffc98e3c000 	C:\Program Files\Android\Android Studio1\jre\bin\management_ext.dll
0x00007ffcb0e20000 - 0x00007ffcb0e38000 	C:\Windows\SYSTEM32\CRYPTSP.dll
0x00007ffcb0720000 - 0x00007ffcb0755000 	C:\Windows\system32\rsaenh.dll
0x00007ffcb0cc0000 - 0x00007ffcb0ce9000 	C:\Windows\SYSTEM32\USERENV.dll
0x00007ffcb0f90000 - 0x00007ffcb0fb7000 	C:\Windows\SYSTEM32\bcrypt.dll
0x00007ffcb0e10000 - 0x00007ffcb0e1c000 	C:\Windows\SYSTEM32\CRYPTBASE.dll
0x00007ffcb0300000 - 0x00007ffcb032d000 	C:\Windows\SYSTEM32\IPHLPAPI.DLL
0x00007ffcb3110000 - 0x00007ffcb3119000 	C:\Windows\System32\NSI.dll
0x00007ffcabf50000 - 0x00007ffcabf69000 	C:\Windows\SYSTEM32\dhcpcsvc6.DLL
0x00007ffcac070000 - 0x00007ffcac08e000 	C:\Windows\SYSTEM32\dhcpcsvc.DLL
0x00007ffcb0370000 - 0x00007ffcb0457000 	C:\Windows\SYSTEM32\DNSAPI.dll
0x00007ffcab8d0000 - 0x00007ffcab8dc000 	C:\Windows\SYSTEM32\WINNSI.DLL
0x00007ffcaf440000 - 0x00007ffcaf448000 	C:\Program Files\Android\Android Studio1\jre\bin\rmi.dll
0x00007ffc7c560000 - 0x00007ffc7c587000 	C:\Program Files\Android\Android Studio1\jre\bin\sunec.dll

dbghelp: loaded successfully - version: 4.0.5 - missing functions: none
symbol engine: initialized successfully - sym options: 0x614 - pdb path: .;C:\Program Files\Android\Android Studio1\jre\bin;C:\Windows\SYSTEM32;C:\Windows\WinSxS\amd64_microsoft.windows.common-controls_6595b64144ccf1df_6.0.22000.120_none_9d947278b86cc467;C:\Program Files\Android\Android Studio1\jre\bin\server;C:\Users\Acer\.gradle\native\f6784746aeab05261644944871eae4fe03e0ef1612fff0a4a95f87b438bc6780\windows-amd64

VM Arguments:
jvm_args: --add-opens=java.base/java.util=ALL-UNNAMED --add-opens=java.base/java.lang=ALL-UNNAMED --add-opens=java.base/java.lang.invoke=ALL-UNNAMED --add-opens=java.prefs/java.util.prefs=ALL-UNNAMED -Xmx2048m -Dfile.encoding=UTF-8 -Duser.country=RU -Duser.language=ru -Duser.variant 
java_command: org.gradle.launcher.daemon.bootstrap.GradleDaemon 6.5
java_class_path (initial): C:\Users\Acer\.gradle\wrapper\dists\gradle-6.5-bin\6nifqtx7604sqp1q6g8wikw7p\gradle-6.5\lib\gradle-launcher-6.5.jar
Launcher Type: SUN_STANDARD

[Global flags]
     intx CICompilerCount                          = 3                                         {product} {ergonomic}
     uint ConcGCThreads                            = 1                                         {product} {ergonomic}
     uint G1ConcRefinementThreads                  = 4                                         {product} {ergonomic}
   size_t G1HeapRegionSize                         = 1048576                                   {product} {ergonomic}
    uintx GCDrainStackTargetSize                   = 64                                        {product} {ergonomic}
   size_t InitialHeapSize                          = 134217728                                 {product} {ergonomic}
   size_t MarkStackSize                            = 4194304                                   {product} {ergonomic}
   size_t MaxHeapSize                              = 2147483648                                {product} {command line}
   size_t MaxNewSize                               = 1287651328                                {product} {ergonomic}
   size_t MinHeapDeltaBytes                        = 1048576                                   {product} {ergonomic}
    uintx NonNMethodCodeHeapSize                   = 5830732                                {pd product} {ergonomic}
    uintx NonProfiledCodeHeapSize                  = 122913754                              {pd product} {ergonomic}
    uintx ProfiledCodeHeapSize                     = 122913754                              {pd product} {ergonomic}
    uintx ReservedCodeCacheSize                    = 251658240                              {pd product} {ergonomic}
     bool SegmentedCodeCache                       = true                                      {product} {ergonomic}
     bool UseCompressedClassPointers               = true                                 {lp64_product} {ergonomic}
     bool UseCompressedOops                        = true                                 {lp64_product} {ergonomic}
     bool UseG1GC                                  = true                                      {product} {ergonomic}
     bool UseLargePagesIndividualAllocation        = false                                  {pd product} {ergonomic}

Logging:
Log output configuration:
 #0: stdout all=warning uptime,level,tags
 #1: stderr all=off uptime,level,tags

Environment Variables:
PATH=C:\Program Files\Common Files\Oracle\Java\javapath;C:\Windows\system32;C:\Windows;C:\Windows\System32\Wbem;C:\Windows\System32\WindowsPowerShell\v1.0\;C:\Windows\System32\OpenSSH\;C:\Program Files (x86)\NVIDIA Corporation\PhysX\Common;C:\Program Files\Git\cmd;C:\Users\Acer\AppData\Local\Microsoft\WindowsApps;
USERNAME=Acer
OS=Windows_NT
PROCESSOR_IDENTIFIER=Intel64 Family 6 Model 142 Stepping 9, GenuineIntel



---------------  S Y S T E M  ---------------

OS: Windows 10 , 64 bit Build 22000 (10.0.22000.120)
OS uptime: 1 days 6:44 hours

CPU:total 4 (initial active 4) (2 cores per cpu, 2 threads per core) family 6 model 142 stepping 9 microcode 0xde, cmov, cx8, fxsr, mmx, sse, sse2, sse3, ssse3, sse4.1, sse4.2, popcnt, avx, avx2, aes, clmul, erms, 3dnowpref, lzcnt, ht, tsc, tscinvbit, bmi1, bmi2, adx, fma

Memory: 4k page, system-wide physical 8069M (412M free)
TotalPageFile size 8069M (AvailPageFile size 5M)
current process WorkingSet (physical memory assigned to process): 590M, peak: 592M
current process commit charge ("private bytes"): 626M, peak: 627M

vm_info: OpenJDK 64-Bit Server VM (11.0.10+0-b96-7249189) for windows-amd64 JRE (11.0.10+0-b96-7249189), built on Mar 31 2021 21:44:00 by "builder" with MS VC++ 14.0 (VS2015)

END.
