#
# There is insufficient memory for the Java Runtime Environment to continue.
# Native memory allocation (malloc) failed to allocate 1400976 bytes for Chunk::new
# Possible reasons:
#   The system is out of physical RAM or swap space
#   The process is running with CompressedOops enabled, and the Java Heap may be blocking the growth of the native heap
# Possible solutions:
#   Reduce memory load on the system
#   Increase physical memory or swap space
#   Check if swap backing store is full
#   Decrease Java heap size (-Xmx/-Xms)
#   Decrease number of Java threads
#   Decrease Java thread stack sizes (-Xss)
#   Set larger code cache with -XX:ReservedCodeCacheSize=
#   JVM is running with Unscaled Compressed Oops mode in which the Java heap is
#     placed in the first 4GB address space. The Java Heap base address is the
#     maximum limit for the native heap growth. Please use -XX:HeapBaseMinAddress
#     to set the Java Heap base and to place the Java Heap above 4GB virtual address.
# This output file may be truncated or incomplete.
#
#  Out of Memory Error (./src/hotspot/share/memory/arena.cpp:197), pid=4028, tid=7336
#
# JRE version: OpenJDK Runtime Environment (11.0.10) (build 11.0.10+0-b96-7249189)
# Java VM: OpenJDK 64-Bit Server VM (11.0.10+0-b96-7249189, mixed mode, tiered, compressed oops, g1 gc, windows-amd64)
# No core dump will be written. Minidumps are not enabled by default on client versions of Windows
#

---------------  S U M M A R Y ------------

Command Line: --add-opens=java.base/java.util=ALL-UNNAMED --add-opens=java.base/java.lang=ALL-UNNAMED --add-opens=java.base/java.lang.invoke=ALL-UNNAMED --add-opens=java.prefs/java.util.prefs=ALL-UNNAMED -Xmx2048m -Dfile.encoding=UTF-8 -Duser.country=RU -Duser.language=ru -Duser.variant org.gradle.launcher.daemon.bootstrap.GradleDaemon 6.5

Host: Intel(R) Core(TM) i5-7200U CPU @ 2.50GHz, 4 cores, 7G,  Windows 10 , 64 bit Build 22000 (10.0.22000.120)
Time: Sat Aug 28 13:51:51 2021 RTZ 2 (зима) elapsed time: 2631.968930 seconds (0d 0h 43m 51s)

---------------  T H R E A D  ---------------

Current thread (0x0000020b1aa30000):  JavaThread "C2 CompilerThread1" daemon [_thread_in_native, id=7336, stack(0x0000001faf000000,0x0000001faf100000)]


Current CompileTask:
C2:2631968 29450  s    4       org.gradle.internal.component.external.model.AbstractLazyModuleComponentResolveMetadata::getVariantsForGraphTraversal (20 bytes)

Stack: [0x0000001faf000000,0x0000001faf100000]
Native frames: (J=compiled Java code, j=interpreted, Vv=VM code, C=native code)
V  [jvm.dll+0x5ecfaa]
V  [jvm.dll+0x722bd5]
V  [jvm.dll+0x72412d]
V  [jvm.dll+0x7247e3]
V  [jvm.dll+0x242928]
V  [jvm.dll+0xbc4fc]
V  [jvm.dll+0xbca0c]
V  [jvm.dll+0x352d7d]
V  [jvm.dll+0x19800c]
V  [jvm.dll+0x1fb70e]
V  [jvm.dll+0x1fa7f4]
V  [jvm.dll+0x18354c]
V  [jvm.dll+0x208ee7]
V  [jvm.dll+0x207731]
V  [jvm.dll+0x6eb1cf]
V  [jvm.dll+0x6e3d45]
V  [jvm.dll+0x5ebe96]
C  [ucrtbase.dll+0x26c0c]
C  [KERNEL32.DLL+0x154e0]
C  [ntdll.dll+0x485b]


---------------  P R O C E S S  ---------------

Threads class SMR info:
_java_thread_list=0x0000020b0f138380, length=164, elements={
0x0000020b735bb000, 0x0000020b7e18f800, 0x0000020b7e19b000, 0x0000020b7e1b1000,
0x0000020b7e1b2000, 0x0000020b7e1b3800, 0x0000020b7e1b8800, 0x0000020b7e1c5000,
0x0000020b7e1c6000, 0x0000020b7ec96000, 0x0000020b0f16e000, 0x0000020b0f92e800,
0x0000020b0f9aa000, 0x0000020b0ffe2000, 0x0000020b0ffe3000, 0x0000020b0ffe6000,
0x0000020b0ffe5000, 0x0000020b7f0e5800, 0x0000020b11d5c800, 0x0000020b15b4a000,
0x0000020b15b4b000, 0x0000020b15b46000, 0x0000020b15b49800, 0x0000020b15b47800,
0x0000020b7f505000, 0x0000020b10b0d000, 0x0000020b10b0e000, 0x0000020b10b15800,
0x0000020b10b14800, 0x0000020b10b16000, 0x0000020b108e8000, 0x0000020b108e3000,
0x0000020b108e6800, 0x0000020b108e7000, 0x0000020b108e2800, 0x0000020b108e9000,
0x0000020b108e4000, 0x0000020b108ea800, 0x0000020b108e5000, 0x0000020b108eb800,
0x0000020b108e5800, 0x0000020b108ee000, 0x0000020b108ef800, 0x0000020b108ee800,
0x0000020b108f0000, 0x0000020b108ec000, 0x0000020b108ed000, 0x0000020b108f1000,
0x0000020b7f4fe000, 0x0000020b7f4f9800, 0x0000020b7f4fc000, 0x0000020b7f4fd000,
0x0000020b7f4fe800, 0x0000020b7f4ff800, 0x0000020b7f500800, 0x0000020b7f4fb800,
0x0000020b7f4fa800, 0x0000020b7f506000, 0x0000020b7f502000, 0x0000020b7f502800,
0x0000020b7f501000, 0x0000020b7f503800, 0x0000020b7f507000, 0x0000020b7f507800,
0x0000020b7f504800, 0x0000020b7f508800, 0x0000020b17ec3800, 0x0000020b17ec5000,
0x0000020b17ec6000, 0x0000020b17ec4800, 0x0000020b17ec7000, 0x0000020b17ec1000,
0x0000020b17ec2800, 0x0000020b17ec7800, 0x0000020b17ec2000, 0x0000020b17ec8800,
0x0000020b17ecd800, 0x0000020b17ecb000, 0x0000020b17ecb800, 0x0000020b17ec9800,
0x0000020b17ecc800, 0x0000020b17ece000, 0x0000020b17ecf000, 0x0000020b17ed0000,
0x0000020b11d5e000, 0x0000020b11d5b000, 0x0000020b11d5f000, 0x0000020b11d5b800,
0x0000020b11d59800, 0x0000020b11d60000, 0x0000020b11d5a000, 0x0000020b11d60800,
0x0000020b11d62800, 0x0000020b11d64000, 0x0000020b11d63000, 0x0000020b11d67000,
0x0000020b11d64800, 0x0000020b11d61800, 0x0000020b11d65800, 0x0000020b11d68000,
0x0000020b15b4c800, 0x0000020b15b47000, 0x0000020b15b50000, 0x0000020b15b50800,
0x0000020b15b51800, 0x0000020b15b4b800, 0x0000020b15b52800, 0x0000020b15b53000,
0x0000020b15b4d800, 0x0000020b15b54800, 0x0000020b15b4f000, 0x0000020b7f0e0800,
0x0000020b7f0e3000, 0x0000020b7f0e2000, 0x0000020b7f0e4800, 0x0000020b7f0e0000,
0x0000020b7f0e6800, 0x0000020b0ffe3800, 0x0000020b0ffe4800, 0x0000020b0ffe0800,
0x0000020b0ffe7000, 0x0000020b0ffe1000, 0x0000020b16594000, 0x0000020b16595000,
0x0000020b16590800, 0x0000020b16593000, 0x0000020b16590000, 0x0000020b1658f000,
0x0000020b16595800, 0x0000020b16592800, 0x0000020b16596800, 0x0000020b16597800,
0x0000020b16591800, 0x0000020b16599000, 0x0000020b16599800, 0x0000020b1659d000,
0x0000020b1659e000, 0x0000020b1659a800, 0x0000020b1659c000, 0x0000020b1659b800,
0x0000020b16598000, 0x0000020b1b5b5000, 0x0000020b1b5b4000, 0x0000020b1b5b9000,
0x0000020b1b5b8000, 0x0000020b1b5b3800, 0x0000020b1b5b7800, 0x0000020b1b5ba800,
0x0000020b1b5ba000, 0x0000020b1b5b5800, 0x0000020b1b5bb800, 0x0000020b1b5bc800,
0x0000020b1b5b6800, 0x0000020b1b5c2000, 0x0000020b1b5be000, 0x0000020b1b5bd000,
0x0000020b1b5bf800, 0x0000020b1b5c0800, 0x0000020b1b5be800, 0x0000020b1b5c1000,
0x0000020b10b0f000, 0x0000020b10b0f800, 0x0000020b10b0b000, 0x0000020b1aa30000
}

Java Threads: ( => current thread )
  0x0000020b735bb000 JavaThread "main" [_thread_blocked, id=2724, stack(0x0000001facc00000,0x0000001facd00000)]
  0x0000020b7e18f800 JavaThread "Reference Handler" daemon [_thread_blocked, id=3660, stack(0x0000001fad300000,0x0000001fad400000)]
  0x0000020b7e19b000 JavaThread "Finalizer" daemon [_thread_blocked, id=4472, stack(0x0000001fad400000,0x0000001fad500000)]
  0x0000020b7e1b1000 JavaThread "Signal Dispatcher" daemon [_thread_blocked, id=7960, stack(0x0000001fad500000,0x0000001fad600000)]
  0x0000020b7e1b2000 JavaThread "Attach Listener" daemon [_thread_blocked, id=3120, stack(0x0000001fad600000,0x0000001fad700000)]
  0x0000020b7e1b3800 JavaThread "Service Thread" daemon [_thread_blocked, id=9044, stack(0x0000001fad700000,0x0000001fad800000)]
  0x0000020b7e1b8800 JavaThread "C2 CompilerThread0" daemon [_thread_in_native, id=8464, stack(0x0000001fad800000,0x0000001fad900000)]
  0x0000020b7e1c5000 JavaThread "C1 CompilerThread0" daemon [_thread_blocked, id=8920, stack(0x0000001fad900000,0x0000001fada00000)]
  0x0000020b7e1c6000 JavaThread "Sweeper thread" daemon [_thread_blocked, id=4216, stack(0x0000001fada00000,0x0000001fadb00000)]
  0x0000020b7ec96000 JavaThread "Common-Cleaner" daemon [_thread_blocked, id=2860, stack(0x0000001fadb00000,0x0000001fadc00000)]
  0x0000020b0f16e000 JavaThread "Daemon health stats" [_thread_blocked, id=4476, stack(0x0000001fae000000,0x0000001fae100000)]
  0x0000020b0f92e800 JavaThread "Incoming local TCP Connector on port 2081" [_thread_in_native, id=5280, stack(0x0000001fae200000,0x0000001fae300000)]
  0x0000020b0f9aa000 JavaThread "Daemon periodic checks" [_thread_blocked, id=8084, stack(0x0000001fae300000,0x0000001fae400000)]
  0x0000020b0ffe2000 JavaThread "Cache worker for journal cache (C:\Users\Acer\.gradle\caches\journal-1)" [_thread_blocked, id=7748, stack(0x0000001faeb00000,0x0000001faec00000)]
  0x0000020b0ffe3000 JavaThread "File lock request listener" [_thread_in_native, id=7484, stack(0x0000001faec00000,0x0000001faed00000)]
  0x0000020b0ffe6000 JavaThread "Cache worker for file hash cache (C:\Users\Acer\.gradle\caches\6.5\fileHashes)" [_thread_blocked, id=4792, stack(0x0000001faee00000,0x0000001faef00000)]
  0x0000020b0ffe5000 JavaThread "Cache worker for execution history cache (C:\Users\Acer\.gradle\caches\6.5\executionHistory)" [_thread_blocked, id=7684, stack(0x0000001faf300000,0x0000001faf400000)]
  0x0000020b7f0e5800 JavaThread "Cache worker for file content cache (C:\Users\Acer\.gradle\caches\6.5\fileContent)" [_thread_blocked, id=5636, stack(0x0000001faf500000,0x0000001faf600000)]
  0x0000020b11d5c800 JavaThread "Memory manager" [_thread_blocked, id=4428, stack(0x0000001fb7500000,0x0000001fb7600000)]
  0x0000020b15b4a000 JavaThread "RMI Scheduler(0)" daemon [_thread_blocked, id=6324, stack(0x0000001fac900000,0x0000001faca00000)]
  0x0000020b15b4b000 JavaThread "RMI GC Daemon" daemon [_thread_blocked, id=6412, stack(0x0000001fae900000,0x0000001faea00000)]
  0x0000020b15b46000 JavaThread "RMI TCP Accept-0" daemon [_thread_in_native, id=3780, stack(0x0000001faf600000,0x0000001faf700000)]
  0x0000020b15b49800 JavaThread "RMI Reaper" [_thread_blocked, id=2160, stack(0x0000001fb8200000,0x0000001fb8300000)]
  0x0000020b15b47800 JavaThread "Cache worker for Java compile cache (C:\Users\Acer\.gradle\caches\6.5\javaCompile)" [_thread_blocked, id=4724, stack(0x0000001fafc00000,0x0000001fafd00000)]
  0x0000020b7f505000 JavaThread "ForkJoinPool.commonPool-worker-3" daemon [_thread_blocked, id=7004, stack(0x0000001fb7c00000,0x0000001fb7d00000)]
  0x0000020b10b0d000 JavaThread "Daemon Thread 9" [_thread_blocked, id=4596, stack(0x0000001faca00000,0x0000001facb00000)]
  0x0000020b10b0e000 JavaThread "Daemon worker Thread 9" [_thread_in_native, id=7316, stack(0x0000001fae100000,0x0000001fae200000)]
  0x0000020b10b15800 JavaThread "jar transforms Thread 977" [_thread_blocked, id=4244, stack(0x0000001faf800000,0x0000001faf900000)]
  0x0000020b10b14800 JavaThread "jar transforms Thread 978" [_thread_blocked, id=4344, stack(0x0000001faf900000,0x0000001fafa00000)]
  0x0000020b10b16000 JavaThread "jar transforms Thread 979" [_thread_blocked, id=8420, stack(0x0000001fafa00000,0x0000001fafb00000)]
  0x0000020b108e8000 JavaThread "jar transforms Thread 980" [_thread_blocked, id=5872, stack(0x0000001fafb00000,0x0000001fafc00000)]
  0x0000020b108e3000 JavaThread "jar transforms Thread 981" [_thread_blocked, id=2040, stack(0x0000001fafd00000,0x0000001fafe00000)]
  0x0000020b108e6800 JavaThread "jar transforms Thread 982" [_thread_blocked, id=9160, stack(0x0000001fafe00000,0x0000001faff00000)]
  0x0000020b108e7000 JavaThread "jar transforms Thread 983" [_thread_blocked, id=7244, stack(0x0000001faff00000,0x0000001fb0000000)]
  0x0000020b108e2800 JavaThread "jar transforms Thread 984" [_thread_blocked, id=8176, stack(0x0000001fb0000000,0x0000001fb0100000)]
  0x0000020b108e9000 JavaThread "jar transforms Thread 985" [_thread_blocked, id=5564, stack(0x0000001fb0100000,0x0000001fb0200000)]
  0x0000020b108e4000 JavaThread "jar transforms Thread 986" [_thread_blocked, id=1076, stack(0x0000001fb0200000,0x0000001fb0300000)]
  0x0000020b108ea800 JavaThread "jar transforms Thread 987" [_thread_blocked, id=7832, stack(0x0000001fb0300000,0x0000001fb0400000)]
  0x0000020b108e5000 JavaThread "jar transforms Thread 988" [_thread_blocked, id=7532, stack(0x0000001fb0400000,0x0000001fb0500000)]
  0x0000020b108eb800 JavaThread "jar transforms Thread 989" [_thread_blocked, id=6372, stack(0x0000001fb0500000,0x0000001fb0600000)]
  0x0000020b108e5800 JavaThread "jar transforms Thread 990" [_thread_blocked, id=8984, stack(0x0000001fb0600000,0x0000001fb0700000)]
  0x0000020b108ee000 JavaThread "jar transforms Thread 991" [_thread_blocked, id=8260, stack(0x0000001fb0700000,0x0000001fb0800000)]
  0x0000020b108ef800 JavaThread "jar transforms Thread 992" [_thread_blocked, id=8616, stack(0x0000001fb0800000,0x0000001fb0900000)]
  0x0000020b108ee800 JavaThread "jar transforms Thread 993" [_thread_blocked, id=7640, stack(0x0000001fb0900000,0x0000001fb0a00000)]
  0x0000020b108f0000 JavaThread "jar transforms Thread 994" [_thread_blocked, id=6596, stack(0x0000001fb0a00000,0x0000001fb0b00000)]
  0x0000020b108ec000 JavaThread "jar transforms Thread 995" [_thread_blocked, id=5520, stack(0x0000001fb0b00000,0x0000001fb0c00000)]
  0x0000020b108ed000 JavaThread "jar transforms Thread 996" [_thread_blocked, id=6184, stack(0x0000001fb0c00000,0x0000001fb0d00000)]
  0x0000020b108f1000 JavaThread "jar transforms Thread 997" [_thread_blocked, id=7132, stack(0x0000001fb0d00000,0x0000001fb0e00000)]
  0x0000020b7f4fe000 JavaThread "jar transforms Thread 998" [_thread_blocked, id=8624, stack(0x0000001fb0e00000,0x0000001fb0f00000)]
  0x0000020b7f4f9800 JavaThread "jar transforms Thread 999" [_thread_blocked, id=5732, stack(0x0000001fb0f00000,0x0000001fb1000000)]
  0x0000020b7f4fc000 JavaThread "jar transforms Thread 1000" [_thread_blocked, id=7552, stack(0x0000001fb1000000,0x0000001fb1100000)]
  0x0000020b7f4fd000 JavaThread "jar transforms Thread 1001" [_thread_blocked, id=1584, stack(0x0000001fb1100000,0x0000001fb1200000)]
  0x0000020b7f4fe800 JavaThread "jar transforms Thread 1002" [_thread_blocked, id=8604, stack(0x0000001fb1200000,0x0000001fb1300000)]
  0x0000020b7f4ff800 JavaThread "jar transforms Thread 1003" [_thread_blocked, id=2684, stack(0x0000001fb1300000,0x0000001fb1400000)]
  0x0000020b7f500800 JavaThread "jar transforms Thread 1004" [_thread_blocked, id=6000, stack(0x0000001fb1400000,0x0000001fb1500000)]
  0x0000020b7f4fb800 JavaThread "jar transforms Thread 1005" [_thread_blocked, id=6996, stack(0x0000001fb1500000,0x0000001fb1600000)]
  0x0000020b7f4fa800 JavaThread "jar transforms Thread 1006" [_thread_blocked, id=3004, stack(0x0000001fb1600000,0x0000001fb1700000)]
  0x0000020b7f506000 JavaThread "jar transforms Thread 1007" [_thread_blocked, id=8848, stack(0x0000001fb1700000,0x0000001fb1800000)]
  0x0000020b7f502000 JavaThread "jar transforms Thread 1008" [_thread_blocked, id=2144, stack(0x0000001fb1800000,0x0000001fb1900000)]
  0x0000020b7f502800 JavaThread "jar transforms Thread 1009" [_thread_blocked, id=2404, stack(0x0000001fb1900000,0x0000001fb1a00000)]
  0x0000020b7f501000 JavaThread "jar transforms Thread 1010" [_thread_blocked, id=3316, stack(0x0000001fb1a00000,0x0000001fb1b00000)]
  0x0000020b7f503800 JavaThread "jar transforms Thread 1011" [_thread_blocked, id=8864, stack(0x0000001fb1b00000,0x0000001fb1c00000)]
  0x0000020b7f507000 JavaThread "jar transforms Thread 1012" [_thread_blocked, id=9148, stack(0x0000001fb1c00000,0x0000001fb1d00000)]
  0x0000020b7f507800 JavaThread "jar transforms Thread 1013" [_thread_blocked, id=2068, stack(0x0000001fb1d00000,0x0000001fb1e00000)]
  0x0000020b7f504800 JavaThread "jar transforms Thread 1014" [_thread_blocked, id=3152, stack(0x0000001fb1e00000,0x0000001fb1f00000)]
  0x0000020b7f508800 JavaThread "jar transforms Thread 1015" [_thread_blocked, id=6668, stack(0x0000001fb1f00000,0x0000001fb2000000)]
  0x0000020b17ec3800 JavaThread "jar transforms Thread 1016" [_thread_blocked, id=1204, stack(0x0000001fb2000000,0x0000001fb2100000)]
  0x0000020b17ec5000 JavaThread "jar transforms Thread 1017" [_thread_blocked, id=7620, stack(0x0000001fb2100000,0x0000001fb2200000)]
  0x0000020b17ec6000 JavaThread "jar transforms Thread 1018" [_thread_blocked, id=3720, stack(0x0000001fb2200000,0x0000001fb2300000)]
  0x0000020b17ec4800 JavaThread "jar transforms Thread 1019" [_thread_blocked, id=6380, stack(0x0000001fb2300000,0x0000001fb2400000)]
  0x0000020b17ec7000 JavaThread "jar transforms Thread 1020" [_thread_blocked, id=6352, stack(0x0000001fb2400000,0x0000001fb2500000)]
  0x0000020b17ec1000 JavaThread "jar transforms Thread 1021" [_thread_blocked, id=6056, stack(0x0000001fb2500000,0x0000001fb2600000)]
  0x0000020b17ec2800 JavaThread "jar transforms Thread 1022" [_thread_blocked, id=7056, stack(0x0000001fb2600000,0x0000001fb2700000)]
  0x0000020b17ec7800 JavaThread "jar transforms Thread 1023" [_thread_blocked, id=5128, stack(0x0000001fb2700000,0x0000001fb2800000)]
  0x0000020b17ec2000 JavaThread "jar transforms Thread 1024" [_thread_blocked, id=5360, stack(0x0000001fb2800000,0x0000001fb2900000)]
  0x0000020b17ec8800 JavaThread "jar transforms Thread 1025" [_thread_blocked, id=5336, stack(0x0000001fb2900000,0x0000001fb2a00000)]
  0x0000020b17ecd800 JavaThread "jar transforms Thread 1026" [_thread_blocked, id=6172, stack(0x0000001fb2a00000,0x0000001fb2b00000)]
  0x0000020b17ecb000 JavaThread "jar transforms Thread 1027" [_thread_blocked, id=1372, stack(0x0000001fb2b00000,0x0000001fb2c00000)]
  0x0000020b17ecb800 JavaThread "jar transforms Thread 1028" [_thread_blocked, id=3952, stack(0x0000001fb2c00000,0x0000001fb2d00000)]
  0x0000020b17ec9800 JavaThread "jar transforms Thread 1029" [_thread_blocked, id=9200, stack(0x0000001fb2d00000,0x0000001fb2e00000)]
  0x0000020b17ecc800 JavaThread "jar transforms Thread 1030" [_thread_blocked, id=6460, stack(0x0000001fb2e00000,0x0000001fb2f00000)]
  0x0000020b17ece000 JavaThread "jar transforms Thread 1031" [_thread_blocked, id=2924, stack(0x0000001fb2f00000,0x0000001fb3000000)]
  0x0000020b17ecf000 JavaThread "jar transforms Thread 1032" [_thread_blocked, id=8288, stack(0x0000001fb3000000,0x0000001fb3100000)]
  0x0000020b17ed0000 JavaThread "jar transforms Thread 1033" [_thread_blocked, id=9088, stack(0x0000001fb3100000,0x0000001fb3200000)]
  0x0000020b11d5e000 JavaThread "jar transforms Thread 1034" [_thread_blocked, id=4388, stack(0x0000001fb3200000,0x0000001fb3300000)]
  0x0000020b11d5b000 JavaThread "jar transforms Thread 1035" [_thread_blocked, id=4024, stack(0x0000001fb3300000,0x0000001fb3400000)]
  0x0000020b11d5f000 JavaThread "jar transforms Thread 1036" [_thread_blocked, id=8964, stack(0x0000001fb3400000,0x0000001fb3500000)]
  0x0000020b11d5b800 JavaThread "jar transforms Thread 1037" [_thread_blocked, id=4588, stack(0x0000001fb3500000,0x0000001fb3600000)]
  0x0000020b11d59800 JavaThread "jar transforms Thread 1038" [_thread_blocked, id=9056, stack(0x0000001fb3600000,0x0000001fb3700000)]
  0x0000020b11d60000 JavaThread "jar transforms Thread 1039" [_thread_blocked, id=3380, stack(0x0000001fb3700000,0x0000001fb3800000)]
  0x0000020b11d5a000 JavaThread "jar transforms Thread 1040" [_thread_blocked, id=2676, stack(0x0000001fb3800000,0x0000001fb3900000)]
  0x0000020b11d60800 JavaThread "jar transforms Thread 1041" [_thread_blocked, id=524, stack(0x0000001fb3900000,0x0000001fb3a00000)]
  0x0000020b11d62800 JavaThread "jar transforms Thread 1042" [_thread_blocked, id=7124, stack(0x0000001fb3a00000,0x0000001fb3b00000)]
  0x0000020b11d64000 JavaThread "jar transforms Thread 1043" [_thread_blocked, id=8480, stack(0x0000001fb3b00000,0x0000001fb3c00000)]
  0x0000020b11d63000 JavaThread "jar transforms Thread 1044" [_thread_blocked, id=7296, stack(0x0000001fb3c00000,0x0000001fb3d00000)]
  0x0000020b11d67000 JavaThread "jar transforms Thread 1045" [_thread_blocked, id=7664, stack(0x0000001fb3d00000,0x0000001fb3e00000)]
  0x0000020b11d64800 JavaThread "jar transforms Thread 1046" [_thread_blocked, id=3880, stack(0x0000001fb3e00000,0x0000001fb3f00000)]
  0x0000020b11d61800 JavaThread "jar transforms Thread 1047" [_thread_blocked, id=6540, stack(0x0000001fb3f00000,0x0000001fb4000000)]
  0x0000020b11d65800 JavaThread "jar transforms Thread 1048" [_thread_blocked, id=8708, stack(0x0000001fb4000000,0x0000001fb4100000)]
  0x0000020b11d68000 JavaThread "jar transforms Thread 1049" [_thread_blocked, id=5320, stack(0x0000001fb4100000,0x0000001fb4200000)]
  0x0000020b15b4c800 JavaThread "jar transforms Thread 1050" [_thread_blocked, id=9184, stack(0x0000001fb4200000,0x0000001fb4300000)]
  0x0000020b15b47000 JavaThread "jar transforms Thread 1051" [_thread_blocked, id=4352, stack(0x0000001fb4300000,0x0000001fb4400000)]
  0x0000020b15b50000 JavaThread "jar transforms Thread 1052" [_thread_blocked, id=6604, stack(0x0000001fb4400000,0x0000001fb4500000)]
  0x0000020b15b50800 JavaThread "jar transforms Thread 1053" [_thread_blocked, id=4816, stack(0x0000001fb4500000,0x0000001fb4600000)]
  0x0000020b15b51800 JavaThread "jar transforms Thread 1054" [_thread_blocked, id=1012, stack(0x0000001fb4600000,0x0000001fb4700000)]
  0x0000020b15b4b800 JavaThread "jar transforms Thread 1055" [_thread_blocked, id=9000, stack(0x0000001fb4700000,0x0000001fb4800000)]
  0x0000020b15b52800 JavaThread "jar transforms Thread 1056" [_thread_blocked, id=512, stack(0x0000001fb4800000,0x0000001fb4900000)]
  0x0000020b15b53000 JavaThread "jar transforms Thread 1057" [_thread_blocked, id=492, stack(0x0000001fb4900000,0x0000001fb4a00000)]
  0x0000020b15b4d800 JavaThread "jar transforms Thread 1058" [_thread_blocked, id=1496, stack(0x0000001fb4a00000,0x0000001fb4b00000)]
  0x0000020b15b54800 JavaThread "jar transforms Thread 1059" [_thread_blocked, id=3372, stack(0x0000001fb4b00000,0x0000001fb4c00000)]
  0x0000020b15b4f000 JavaThread "jar transforms Thread 1060" [_thread_blocked, id=5568, stack(0x0000001fb4c00000,0x0000001fb4d00000)]
  0x0000020b7f0e0800 JavaThread "jar transforms Thread 1061" [_thread_blocked, id=8936, stack(0x0000001fb4d00000,0x0000001fb4e00000)]
  0x0000020b7f0e3000 JavaThread "jar transforms Thread 1062" [_thread_blocked, id=2300, stack(0x0000001fb4e00000,0x0000001fb4f00000)]
  0x0000020b7f0e2000 JavaThread "jar transforms Thread 1063" [_thread_blocked, id=2720, stack(0x0000001fb4f00000,0x0000001fb5000000)]
  0x0000020b7f0e4800 JavaThread "jar transforms Thread 1064" [_thread_blocked, id=7324, stack(0x0000001fb5000000,0x0000001fb5100000)]
  0x0000020b7f0e0000 JavaThread "jar transforms Thread 1065" [_thread_blocked, id=6160, stack(0x0000001fb5100000,0x0000001fb5200000)]
  0x0000020b7f0e6800 JavaThread "jar transforms Thread 1066" [_thread_blocked, id=7016, stack(0x0000001fb5200000,0x0000001fb5300000)]
  0x0000020b0ffe3800 JavaThread "jar transforms Thread 1067" [_thread_blocked, id=5992, stack(0x0000001fb5300000,0x0000001fb5400000)]
  0x0000020b0ffe4800 JavaThread "jar transforms Thread 1068" [_thread_blocked, id=4956, stack(0x0000001fb5400000,0x0000001fb5500000)]
  0x0000020b0ffe0800 JavaThread "jar transforms Thread 1069" [_thread_blocked, id=3928, stack(0x0000001fb5500000,0x0000001fb5600000)]
  0x0000020b0ffe7000 JavaThread "jar transforms Thread 1070" [_thread_blocked, id=7504, stack(0x0000001fb5600000,0x0000001fb5700000)]
  0x0000020b0ffe1000 JavaThread "jar transforms Thread 1071" [_thread_blocked, id=6888, stack(0x0000001fb5700000,0x0000001fb5800000)]
  0x0000020b16594000 JavaThread "jar transforms Thread 1072" [_thread_blocked, id=8784, stack(0x0000001fb5800000,0x0000001fb5900000)]
  0x0000020b16595000 JavaThread "jar transforms Thread 1073" [_thread_blocked, id=7564, stack(0x0000001fb5900000,0x0000001fb5a00000)]
  0x0000020b16590800 JavaThread "jar transforms Thread 1074" [_thread_blocked, id=6452, stack(0x0000001fb5a00000,0x0000001fb5b00000)]
  0x0000020b16593000 JavaThread "jar transforms Thread 1075" [_thread_blocked, id=528, stack(0x0000001fb5b00000,0x0000001fb5c00000)]
  0x0000020b16590000 JavaThread "jar transforms Thread 1076" [_thread_blocked, id=5312, stack(0x0000001fb5c00000,0x0000001fb5d00000)]
  0x0000020b1658f000 JavaThread "jar transforms Thread 1077" [_thread_blocked, id=8528, stack(0x0000001fb5d00000,0x0000001fb5e00000)]
  0x0000020b16595800 JavaThread "jar transforms Thread 1078" [_thread_blocked, id=3688, stack(0x0000001fb5e00000,0x0000001fb5f00000)]
  0x0000020b16592800 JavaThread "jar transforms Thread 1079" [_thread_blocked, id=3900, stack(0x0000001fb5f00000,0x0000001fb6000000)]
  0x0000020b16596800 JavaThread "jar transforms Thread 1080" [_thread_blocked, id=8424, stack(0x0000001fb6000000,0x0000001fb6100000)]
  0x0000020b16597800 JavaThread "jar transforms Thread 1081" [_thread_blocked, id=6148, stack(0x0000001fb6100000,0x0000001fb6200000)]
  0x0000020b16591800 JavaThread "jar transforms Thread 1082" [_thread_blocked, id=1864, stack(0x0000001fb6200000,0x0000001fb6300000)]
  0x0000020b16599000 JavaThread "jar transforms Thread 1083" [_thread_blocked, id=3272, stack(0x0000001fb6300000,0x0000001fb6400000)]
  0x0000020b16599800 JavaThread "jar transforms Thread 1084" [_thread_blocked, id=7160, stack(0x0000001fb6400000,0x0000001fb6500000)]
  0x0000020b1659d000 JavaThread "jar transforms Thread 1085" [_thread_blocked, id=6432, stack(0x0000001fb6500000,0x0000001fb6600000)]
  0x0000020b1659e000 JavaThread "jar transforms Thread 1086" [_thread_blocked, id=5004, stack(0x0000001fb6600000,0x0000001fb6700000)]
  0x0000020b1659a800 JavaThread "jar transforms Thread 1087" [_thread_blocked, id=140, stack(0x0000001fb6700000,0x0000001fb6800000)]
  0x0000020b1659c000 JavaThread "jar transforms Thread 1088" [_thread_blocked, id=2448, stack(0x0000001fb6800000,0x0000001fb6900000)]
  0x0000020b1659b800 JavaThread "jar transforms Thread 1089" [_thread_blocked, id=408, stack(0x0000001fb6900000,0x0000001fb6a00000)]
  0x0000020b16598000 JavaThread "jar transforms Thread 1090" [_thread_blocked, id=7256, stack(0x0000001fb6a00000,0x0000001fb6b00000)]
  0x0000020b1b5b5000 JavaThread "jar transforms Thread 1091" [_thread_blocked, id=8968, stack(0x0000001fb6b00000,0x0000001fb6c00000)]
  0x0000020b1b5b4000 JavaThread "jar transforms Thread 1092" [_thread_blocked, id=544, stack(0x0000001fb6c00000,0x0000001fb6d00000)]
  0x0000020b1b5b9000 JavaThread "jar transforms Thread 1093" [_thread_blocked, id=5100, stack(0x0000001fb6d00000,0x0000001fb6e00000)]
  0x0000020b1b5b8000 JavaThread "jar transforms Thread 1094" [_thread_blocked, id=3024, stack(0x0000001fb6e00000,0x0000001fb6f00000)]
  0x0000020b1b5b3800 JavaThread "jar transforms Thread 1095" [_thread_blocked, id=2804, stack(0x0000001fb6f00000,0x0000001fb7000000)]
  0x0000020b1b5b7800 JavaThread "jar transforms Thread 1096" [_thread_blocked, id=7272, stack(0x0000001fb7000000,0x0000001fb7100000)]
  0x0000020b1b5ba800 JavaThread "jar transforms Thread 1097" [_thread_blocked, id=1980, stack(0x0000001fb7100000,0x0000001fb7200000)]
  0x0000020b1b5ba000 JavaThread "jar transforms Thread 1098" [_thread_blocked, id=3760, stack(0x0000001fb7200000,0x0000001fb7300000)]
  0x0000020b1b5b5800 JavaThread "Handler for socket connection from /127.0.0.1:2081 to /127.0.0.1:7216" [_thread_in_native, id=4980, stack(0x0000001facb00000,0x0000001facc00000)]
  0x0000020b1b5bb800 JavaThread "Cancel handler" [_thread_blocked, id=5868, stack(0x0000001fadd00000,0x0000001fade00000)]
  0x0000020b1b5bc800 JavaThread "Asynchronous log dispatcher for DefaultDaemonConnection: socket connection from /127.0.0.1:2081 to /127.0.0.1:7216" [_thread_blocked, id=6052, stack(0x0000001fae400000,0x0000001fae500000)]
  0x0000020b1b5b6800 JavaThread "Stdin handler" [_thread_blocked, id=1484, stack(0x0000001fae500000,0x0000001fae600000)]
  0x0000020b1b5c2000 JavaThread "Thread-1352" [_thread_blocked, id=5388, stack(0x0000001fae600000,0x0000001fae700000)]
  0x0000020b1b5be000 JavaThread "Cache worker for file hash cache (D:\proyektim_kvartirabor\Kvartirabor\.gradle\6.5\fileHashes)" [_thread_blocked, id=8268, stack(0x0000001fae700000,0x0000001fae800000)]
  0x0000020b1b5bd000 JavaThread "Cache worker for checksums cache (D:\proyektim_kvartirabor\Kvartirabor\.gradle\checksums)" [_thread_blocked, id=6204, stack(0x0000001fae800000,0x0000001fae900000)]
  0x0000020b1b5bf800 JavaThread "Cache worker for cache directory md-supplier (C:\Users\Acer\.gradle\caches\6.5\md-supplier)" [_thread_blocked, id=4460, stack(0x0000001faea00000,0x0000001faeb00000)]
  0x0000020b1b5c0800 JavaThread "Cache worker for cache directory md-rule (C:\Users\Acer\.gradle\caches\6.5\md-rule)" [_thread_blocked, id=5660, stack(0x0000001faef00000,0x0000001faf000000)]
  0x0000020b1b5be800 JavaThread "Cache worker for Build Output Cleanup Cache (D:\proyektim_kvartirabor\Kvartirabor\.gradle\buildOutputCleanup)" [_thread_blocked, id=4564, stack(0x0000001faf100000,0x0000001faf200000)]
  0x0000020b1b5c1000 JavaThread "Build operations" [_thread_blocked, id=6308, stack(0x0000001faf200000,0x0000001faf300000)]
  0x0000020b10b0f000 JavaThread "Build operations Thread 2" [_thread_blocked, id=4284, stack(0x0000001faf400000,0x0000001faf500000)]
  0x0000020b10b0f800 JavaThread "Build operations Thread 3" [_thread_blocked, id=4464, stack(0x0000001faf700000,0x0000001faf800000)]
  0x0000020b10b0b000 JavaThread "Build operations Thread 4" [_thread_blocked, id=8024, stack(0x0000001fb7300000,0x0000001fb7400000)]
=>0x0000020b1aa30000 JavaThread "C2 CompilerThread1" daemon [_thread_in_native, id=7336, stack(0x0000001faf000000,0x0000001faf100000)]

Other Threads:
  0x0000020b7e18c000 VMThread "VM Thread" [stack: 0x0000001fad200000,0x0000001fad300000] [id=6892]
  0x0000020b7ecc4800 WatcherThread [stack: 0x0000001fadc00000,0x0000001fadd00000] [id=8152]
  0x0000020b735d4000 GCTaskThread "GC Thread#0" [stack: 0x0000001facd00000,0x0000001face00000] [id=584]
  0x0000020b7f05e800 GCTaskThread "GC Thread#1" [stack: 0x0000001fade00000,0x0000001fadf00000] [id=4100]
  0x0000020b7f408800 GCTaskThread "GC Thread#2" [stack: 0x0000001fadf00000,0x0000001fae000000] [id=8504]
  0x0000020b1011a800 GCTaskThread "GC Thread#3" [stack: 0x0000001faed00000,0x0000001faee00000] [id=2296]
  0x0000020b73605000 ConcurrentGCThread "G1 Main Marker" [stack: 0x0000001face00000,0x0000001facf00000] [id=8592]
  0x0000020b73607000 ConcurrentGCThread "G1 Conc#0" [stack: 0x0000001facf00000,0x0000001fad000000] [id=5476]
  0x0000020b7369b000 ConcurrentGCThread "G1 Refine#0" [stack: 0x0000001fad000000,0x0000001fad100000] [id=4448]
  0x0000020b10d61800 ConcurrentGCThread "G1 Refine#1" [stack: 0x0000001fb7b00000,0x0000001fb7c00000] [id=2216]
  0x0000020b7369c000 ConcurrentGCThread "G1 Young RemSet Sampling" [stack: 0x0000001fad100000,0x0000001fad200000] [id=516]

Threads with active compile tasks:
C2 CompilerThread02631997 29521       4       java.lang.ThreadLocal$ThreadLocalMap::set (136 bytes)
C1 CompilerThread02631997 29524       3       org.objectweb.asm.ByteVector::encodeUtf8 (337 bytes)
C2 CompilerThread12631997 29450  s    4       org.gradle.internal.component.external.model.AbstractLazyModuleComponentResolveMetadata::getVariantsForGraphTraversal (20 bytes)

VM state:not at safepoint (normal execution)

VM Mutex/Monitor currently owned by a thread:  ([mutex/lock_event])
[0x0000020b735b7090] CompileStatistics_lock - owner thread: 0x0000000000000000

Heap address: 0x0000000080000000, size: 2048 MB, Compressed Oops mode: 32-bit
Narrow klass base: 0x0000000000000000, Narrow klass shift: 3
Compressed class space size: 1073741824 Address: 0x0000000100000000

Heap:
 garbage-first heap   total 284672K, used 206074K [0x0000000080000000, 0x0000000100000000)
  region size 1024K, 74 young (75776K), 1 survivors (1024K)
 Metaspace       used 141881K, capacity 146331K, committed 146556K, reserved 1177600K
  class space    used 17087K, capacity 18607K, committed 18636K, reserved 1048576K
Heap Regions: E=young(eden), S=young(survivor), O=old, HS=humongous(starts), HC=humongous(continues), CS=collection set, F=free, A=archive, TAMS=top-at-mark-start (previous, next)
|   0|0x0000000080000000, 0x0000000080100000, 0x0000000080100000|100%| O|  |TAMS 0x0000000080100000, 0x0000000080000000| Untracked 
|   1|0x0000000080100000, 0x0000000080200000, 0x0000000080200000|100%| O|  |TAMS 0x0000000080200000, 0x0000000080100000| Untracked 
|   2|0x0000000080200000, 0x0000000080300000, 0x0000000080300000|100%| O|  |TAMS 0x0000000080300000, 0x0000000080200000| Untracked 
|   3|0x0000000080300000, 0x0000000080400000, 0x0000000080400000|100%|HS|  |TAMS 0x0000000080400000, 0x0000000080300000| Complete 
|   4|0x0000000080400000, 0x0000000080500000, 0x0000000080500000|100%|HC|  |TAMS 0x0000000080500000, 0x0000000080400000| Complete 
|   5|0x0000000080500000, 0x0000000080600000, 0x0000000080600000|100%|HC|  |TAMS 0x0000000080600000, 0x0000000080500000| Complete 
|   6|0x0000000080600000, 0x0000000080700000, 0x0000000080700000|100%| O|  |TAMS 0x0000000080700000, 0x0000000080600000| Untracked 
|   7|0x0000000080700000, 0x0000000080800000, 0x0000000080800000|100%| O|  |TAMS 0x0000000080800000, 0x0000000080700000| Untracked 
|   8|0x0000000080800000, 0x0000000080900000, 0x0000000080900000|100%| O|  |TAMS 0x0000000080900000, 0x0000000080800000| Untracked 
|   9|0x0000000080900000, 0x0000000080a00000, 0x0000000080a00000|100%| O|  |TAMS 0x0000000080a00000, 0x0000000080900000| Untracked 
|  10|0x0000000080a00000, 0x0000000080b00000, 0x0000000080b00000|100%| O|  |TAMS 0x0000000080b00000, 0x0000000080a00000| Untracked 
|  11|0x0000000080b00000, 0x0000000080c00000, 0x0000000080c00000|100%| O|  |TAMS 0x0000000080c00000, 0x0000000080b00000| Untracked 
|  12|0x0000000080c00000, 0x0000000080d00000, 0x0000000080d00000|100%| O|  |TAMS 0x0000000080d00000, 0x0000000080c00000| Untracked 
|  13|0x0000000080d00000, 0x0000000080e00000, 0x0000000080e00000|100%|HS|  |TAMS 0x0000000080e00000, 0x0000000080d00000| Complete 
|  14|0x0000000080e00000, 0x0000000080f00000, 0x0000000080f00000|100%|HS|  |TAMS 0x0000000080f00000, 0x0000000080e00000| Complete 
|  15|0x0000000080f00000, 0x0000000081000000, 0x0000000081000000|100%| O|  |TAMS 0x0000000081000000, 0x0000000080f00000| Untracked 
|  16|0x0000000081000000, 0x0000000081100000, 0x0000000081100000|100%| O|  |TAMS 0x0000000081100000, 0x0000000081000000| Untracked 
|  17|0x0000000081100000, 0x0000000081200000, 0x0000000081200000|100%| O|  |TAMS 0x0000000081200000, 0x0000000081100000| Untracked 
|  18|0x0000000081200000, 0x0000000081300000, 0x0000000081300000|100%| O|  |TAMS 0x0000000081300000, 0x0000000081200000| Untracked 
|  19|0x0000000081300000, 0x0000000081400000, 0x0000000081400000|100%|HS|  |TAMS 0x0000000081400000, 0x0000000081300000| Complete 
|  20|0x0000000081400000, 0x0000000081500000, 0x0000000081500000|100%|HC|  |TAMS 0x0000000081500000, 0x0000000081400000| Complete 
|  21|0x0000000081500000, 0x0000000081600000, 0x0000000081600000|100%|HC|  |TAMS 0x0000000081600000, 0x0000000081500000| Complete 
|  22|0x0000000081600000, 0x0000000081700000, 0x0000000081700000|100%|HS|  |TAMS 0x0000000081700000, 0x0000000081600000| Complete 
|  23|0x0000000081700000, 0x0000000081800000, 0x0000000081800000|100%|HC|  |TAMS 0x0000000081800000, 0x0000000081700000| Complete 
|  24|0x0000000081800000, 0x0000000081900000, 0x0000000081900000|100%| O|  |TAMS 0x0000000081900000, 0x0000000081800000| Untracked 
|  25|0x0000000081900000, 0x0000000081a00000, 0x0000000081a00000|100%| O|  |TAMS 0x0000000081a00000, 0x0000000081900000| Untracked 
|  26|0x0000000081a00000, 0x0000000081b00000, 0x0000000081b00000|100%| O|  |TAMS 0x0000000081b00000, 0x0000000081a00000| Untracked 
|  27|0x0000000081b00000, 0x0000000081c00000, 0x0000000081c00000|100%| O|  |TAMS 0x0000000081c00000, 0x0000000081b00000| Untracked 
|  28|0x0000000081c00000, 0x0000000081d00000, 0x0000000081d00000|100%| O|  |TAMS 0x0000000081d00000, 0x0000000081c00000| Untracked 
|  29|0x0000000081d00000, 0x0000000081e00000, 0x0000000081e00000|100%| O|  |TAMS 0x0000000081e00000, 0x0000000081d00000| Untracked 
|  30|0x0000000081e00000, 0x0000000081f00000, 0x0000000081f00000|100%| O|  |TAMS 0x0000000081f00000, 0x0000000081e00000| Untracked 
|  31|0x0000000081f00000, 0x0000000082000000, 0x0000000082000000|100%| O|  |TAMS 0x0000000082000000, 0x0000000081f00000| Untracked 
|  32|0x0000000082000000, 0x0000000082100000, 0x0000000082100000|100%| O|  |TAMS 0x0000000082100000, 0x0000000082000000| Untracked 
|  33|0x0000000082100000, 0x0000000082200000, 0x0000000082200000|100%| O|  |TAMS 0x0000000082200000, 0x0000000082100000| Untracked 
|  34|0x0000000082200000, 0x0000000082300000, 0x0000000082300000|100%| O|  |TAMS 0x0000000082300000, 0x0000000082200000| Untracked 
|  35|0x0000000082300000, 0x0000000082400000, 0x0000000082400000|100%| O|  |TAMS 0x0000000082400000, 0x0000000082300000| Untracked 
|  36|0x0000000082400000, 0x0000000082500000, 0x0000000082500000|100%| O|  |TAMS 0x0000000082500000, 0x0000000082400000| Untracked 
|  37|0x0000000082500000, 0x0000000082600000, 0x0000000082600000|100%| O|  |TAMS 0x0000000082600000, 0x0000000082500000| Untracked 
|  38|0x0000000082600000, 0x0000000082671e00, 0x0000000082700000| 44%| O|  |TAMS 0x0000000082600000, 0x0000000082600000| Untracked 
|  39|0x0000000082700000, 0x0000000082800000, 0x0000000082800000|100%| O|  |TAMS 0x0000000082800000, 0x0000000082700000| Untracked 
|  40|0x0000000082800000, 0x0000000082900000, 0x0000000082900000|100%| O|  |TAMS 0x0000000082900000, 0x0000000082800000| Untracked 
|  41|0x0000000082900000, 0x0000000082a00000, 0x0000000082a00000|100%| O|  |TAMS 0x0000000082a00000, 0x0000000082900000| Untracked 
|  42|0x0000000082a00000, 0x0000000082b00000, 0x0000000082b00000|100%| O|  |TAMS 0x0000000082b00000, 0x0000000082a00000| Untracked 
|  43|0x0000000082b00000, 0x0000000082c00000, 0x0000000082c00000|100%| O|  |TAMS 0x0000000082c00000, 0x0000000082b00000| Untracked 
|  44|0x0000000082c00000, 0x0000000082d00000, 0x0000000082d00000|100%| O|  |TAMS 0x0000000082d00000, 0x0000000082c00000| Untracked 
|  45|0x0000000082d00000, 0x0000000082e00000, 0x0000000082e00000|100%| O|  |TAMS 0x0000000082e00000, 0x0000000082d00000| Untracked 
|  46|0x0000000082e00000, 0x0000000082f00000, 0x0000000082f00000|100%| O|  |TAMS 0x0000000082f00000, 0x0000000082e00000| Untracked 
|  47|0x0000000082f00000, 0x0000000083000000, 0x0000000083000000|100%| O|  |TAMS 0x0000000083000000, 0x0000000082f00000| Untracked 
|  48|0x0000000083000000, 0x0000000083100000, 0x0000000083100000|100%| O|  |TAMS 0x0000000083100000, 0x0000000083000000| Untracked 
|  49|0x0000000083100000, 0x0000000083200000, 0x0000000083200000|100%| O|  |TAMS 0x0000000083200000, 0x0000000083100000| Untracked 
|  50|0x0000000083200000, 0x0000000083200000, 0x0000000083300000|  0%| F|  |TAMS 0x0000000083200000, 0x0000000083200000| Untracked 
|  51|0x0000000083300000, 0x0000000083300000, 0x0000000083400000|  0%| F|  |TAMS 0x0000000083300000, 0x0000000083300000| Untracked 
|  52|0x0000000083400000, 0x0000000083500000, 0x0000000083500000|100%| O|  |TAMS 0x0000000083500000, 0x0000000083400000| Untracked 
|  53|0x0000000083500000, 0x0000000083500000, 0x0000000083600000|  0%| F|  |TAMS 0x0000000083500000, 0x0000000083500000| Untracked 
|  54|0x0000000083600000, 0x0000000083700000, 0x0000000083700000|100%| O|  |TAMS 0x0000000083700000, 0x0000000083600000| Untracked 
|  55|0x0000000083700000, 0x0000000083800000, 0x0000000083800000|100%| O|  |TAMS 0x0000000083800000, 0x0000000083700000| Untracked 
|  56|0x0000000083800000, 0x0000000083800000, 0x0000000083900000|  0%| F|  |TAMS 0x0000000083800000, 0x0000000083800000| Untracked 
|  57|0x0000000083900000, 0x0000000083900000, 0x0000000083a00000|  0%| F|  |TAMS 0x0000000083900000, 0x0000000083900000| Untracked 
|  58|0x0000000083a00000, 0x0000000083b00000, 0x0000000083b00000|100%|HS|  |TAMS 0x0000000083b00000, 0x0000000083a00000| Complete 
|  59|0x0000000083b00000, 0x0000000083c00000, 0x0000000083c00000|100%|HC|  |TAMS 0x0000000083c00000, 0x0000000083b00000| Complete 
|  60|0x0000000083c00000, 0x0000000083d00000, 0x0000000083d00000|100%| O|  |TAMS 0x0000000083d00000, 0x0000000083c00000| Untracked 
|  61|0x0000000083d00000, 0x0000000083e00000, 0x0000000083e00000|100%| O|  |TAMS 0x0000000083e00000, 0x0000000083d00000| Untracked 
|  62|0x0000000083e00000, 0x0000000083f00000, 0x0000000083f00000|100%| O|  |TAMS 0x0000000083f00000, 0x0000000083e00000| Untracked 
|  63|0x0000000083f00000, 0x0000000084000000, 0x0000000084000000|100%|HS|  |TAMS 0x0000000084000000, 0x0000000083f00000| Complete 
|  64|0x0000000084000000, 0x0000000084100000, 0x0000000084100000|100%|HC|  |TAMS 0x0000000084100000, 0x0000000084000000| Complete 
|  65|0x0000000084100000, 0x0000000084200000, 0x0000000084200000|100%|HC|  |TAMS 0x0000000084200000, 0x0000000084100000| Complete 
|  66|0x0000000084200000, 0x0000000084200000, 0x0000000084300000|  0%| F|  |TAMS 0x0000000084200000, 0x0000000084200000| Untracked 
|  67|0x0000000084300000, 0x0000000084300000, 0x0000000084400000|  0%| F|  |TAMS 0x0000000084300000, 0x0000000084300000| Untracked 
|  68|0x0000000084400000, 0x0000000084500000, 0x0000000084500000|100%| O|  |TAMS 0x0000000084500000, 0x0000000084400000| Untracked 
|  69|0x0000000084500000, 0x0000000084600000, 0x0000000084600000|100%| O|  |TAMS 0x0000000084600000, 0x0000000084500000| Untracked 
|  70|0x0000000084600000, 0x0000000084700000, 0x0000000084700000|100%| O|  |TAMS 0x0000000084700000, 0x0000000084600000| Untracked 
|  71|0x0000000084700000, 0x0000000084800000, 0x0000000084800000|100%| O|  |TAMS 0x0000000084800000, 0x0000000084700000| Untracked 
|  72|0x0000000084800000, 0x0000000084900000, 0x0000000084900000|100%| O|  |TAMS 0x0000000084900000, 0x0000000084800000| Untracked 
|  73|0x0000000084900000, 0x0000000084a00000, 0x0000000084a00000|100%| O|  |TAMS 0x0000000084a00000, 0x0000000084900000| Untracked 
|  74|0x0000000084a00000, 0x0000000084b00000, 0x0000000084b00000|100%| O|  |TAMS 0x0000000084b00000, 0x0000000084a00000| Untracked 
|  75|0x0000000084b00000, 0x0000000084b00000, 0x0000000084c00000|  0%| F|  |TAMS 0x0000000084b00000, 0x0000000084b00000| Untracked 
|  76|0x0000000084c00000, 0x0000000084d00000, 0x0000000084d00000|100%| O|  |TAMS 0x0000000084d00000, 0x0000000084c00000| Untracked 
|  77|0x0000000084d00000, 0x0000000084e00000, 0x0000000084e00000|100%| O|  |TAMS 0x0000000084e00000, 0x0000000084d00000| Untracked 
|  78|0x0000000084e00000, 0x0000000084e00000, 0x0000000084f00000|  0%| F|  |TAMS 0x0000000084e00000, 0x0000000084e00000| Untracked 
|  79|0x0000000084f00000, 0x0000000084f00000, 0x0000000085000000|  0%| F|  |TAMS 0x0000000084f00000, 0x0000000084f00000| Untracked 
|  80|0x0000000085000000, 0x0000000085000000, 0x0000000085100000|  0%| F|  |TAMS 0x0000000085000000, 0x0000000085000000| Untracked 
|  81|0x0000000085100000, 0x0000000085200000, 0x0000000085200000|100%| O|  |TAMS 0x0000000085200000, 0x0000000085100000| Untracked 
|  82|0x0000000085200000, 0x0000000085200000, 0x0000000085300000|  0%| F|  |TAMS 0x0000000085200000, 0x0000000085200000| Untracked 
|  83|0x0000000085300000, 0x0000000085400000, 0x0000000085400000|100%| O|  |TAMS 0x0000000085400000, 0x0000000085300000| Untracked 
|  84|0x0000000085400000, 0x0000000085500000, 0x0000000085500000|100%| O|  |TAMS 0x0000000085500000, 0x0000000085400000| Untracked 
|  85|0x0000000085500000, 0x0000000085600000, 0x0000000085600000|100%| O|  |TAMS 0x0000000085600000, 0x0000000085500000| Untracked 
|  86|0x0000000085600000, 0x0000000085600000, 0x0000000085700000|  0%| F|  |TAMS 0x0000000085600000, 0x0000000085600000| Untracked 
|  87|0x0000000085700000, 0x0000000085700000, 0x0000000085800000|  0%| F|  |TAMS 0x0000000085700000, 0x0000000085700000| Untracked 
|  88|0x0000000085800000, 0x0000000085900000, 0x0000000085900000|100%| O|  |TAMS 0x0000000085900000, 0x0000000085800000| Untracked 
|  89|0x0000000085900000, 0x0000000085a00000, 0x0000000085a00000|100%| O|  |TAMS 0x0000000085a00000, 0x0000000085900000| Untracked 
|  90|0x0000000085a00000, 0x0000000085a00000, 0x0000000085b00000|  0%| F|  |TAMS 0x0000000085a00000, 0x0000000085a00000| Untracked 
|  91|0x0000000085b00000, 0x0000000085c00000, 0x0000000085c00000|100%| O|  |TAMS 0x0000000085c00000, 0x0000000085b00000| Untracked 
|  92|0x0000000085c00000, 0x0000000085d00000, 0x0000000085d00000|100%| O|  |TAMS 0x0000000085d00000, 0x0000000085c00000| Untracked 
|  93|0x0000000085d00000, 0x0000000085e00000, 0x0000000085e00000|100%| O|  |TAMS 0x0000000085e00000, 0x0000000085d00000| Untracked 
|  94|0x0000000085e00000, 0x0000000085f00000, 0x0000000085f00000|100%| O|  |TAMS 0x0000000085f00000, 0x0000000085e00000| Untracked 
|  95|0x0000000085f00000, 0x0000000086000000, 0x0000000086000000|100%| O|  |TAMS 0x0000000086000000, 0x0000000085f00000| Untracked 
|  96|0x0000000086000000, 0x0000000086100000, 0x0000000086100000|100%|HS|  |TAMS 0x0000000086100000, 0x0000000086000000| Complete 
|  97|0x0000000086100000, 0x0000000086200000, 0x0000000086200000|100%|HC|  |TAMS 0x0000000086200000, 0x0000000086100000| Complete 
|  98|0x0000000086200000, 0x0000000086300000, 0x0000000086300000|100%|HC|  |TAMS 0x0000000086300000, 0x0000000086200000| Complete 
|  99|0x0000000086300000, 0x0000000086400000, 0x0000000086400000|100%|HC|  |TAMS 0x0000000086400000, 0x0000000086300000| Complete 
| 100|0x0000000086400000, 0x0000000086500000, 0x0000000086500000|100%|HC|  |TAMS 0x0000000086500000, 0x0000000086400000| Complete 
| 101|0x0000000086500000, 0x0000000086600000, 0x0000000086600000|100%| O|  |TAMS 0x0000000086600000, 0x0000000086500000| Untracked 
| 102|0x0000000086600000, 0x0000000086700000, 0x0000000086700000|100%| O|  |TAMS 0x0000000086700000, 0x0000000086600000| Untracked 
| 103|0x0000000086700000, 0x0000000086800000, 0x0000000086800000|100%| O|  |TAMS 0x0000000086800000, 0x0000000086700000| Untracked 
| 104|0x0000000086800000, 0x0000000086900000, 0x0000000086900000|100%|HS|  |TAMS 0x0000000086900000, 0x0000000086800000| Complete 
| 105|0x0000000086900000, 0x0000000086a00000, 0x0000000086a00000|100%| O|  |TAMS 0x0000000086a00000, 0x0000000086900000| Untracked 
| 106|0x0000000086a00000, 0x0000000086b00000, 0x0000000086b00000|100%| O|  |TAMS 0x0000000086b00000, 0x0000000086a00000| Untracked 
| 107|0x0000000086b00000, 0x0000000086c00000, 0x0000000086c00000|100%| O|  |TAMS 0x0000000086c00000, 0x0000000086b00000| Untracked 
| 108|0x0000000086c00000, 0x0000000086d00000, 0x0000000086d00000|100%| O|  |TAMS 0x0000000086d00000, 0x0000000086c00000| Untracked 
| 109|0x0000000086d00000, 0x0000000086e00000, 0x0000000086e00000|100%| O|  |TAMS 0x0000000086e00000, 0x0000000086d00000| Untracked 
| 110|0x0000000086e00000, 0x0000000086f00000, 0x0000000086f00000|100%| O|  |TAMS 0x0000000086f00000, 0x0000000086e00000| Untracked 
| 111|0x0000000086f00000, 0x0000000087000000, 0x0000000087000000|100%| O|  |TAMS 0x0000000087000000, 0x0000000086f00000| Untracked 
| 112|0x0000000087000000, 0x0000000087100000, 0x0000000087100000|100%| O|  |TAMS 0x0000000087100000, 0x0000000087000000| Untracked 
| 113|0x0000000087100000, 0x0000000087200000, 0x0000000087200000|100%| O|  |TAMS 0x0000000087200000, 0x0000000087100000| Untracked 
| 114|0x0000000087200000, 0x0000000087300000, 0x0000000087300000|100%| O|  |TAMS 0x0000000087300000, 0x0000000087200000| Untracked 
| 115|0x0000000087300000, 0x0000000087400000, 0x0000000087400000|100%| O|  |TAMS 0x0000000087400000, 0x0000000087300000| Untracked 
| 116|0x0000000087400000, 0x0000000087500000, 0x0000000087500000|100%| O|  |TAMS 0x0000000087500000, 0x0000000087400000| Untracked 
| 117|0x0000000087500000, 0x0000000087600000, 0x0000000087600000|100%| O|  |TAMS 0x0000000087600000, 0x0000000087500000| Untracked 
| 118|0x0000000087600000, 0x0000000087700000, 0x0000000087700000|100%| O|  |TAMS 0x0000000087700000, 0x0000000087600000| Untracked 
| 119|0x0000000087700000, 0x0000000087800000, 0x0000000087800000|100%| O|  |TAMS 0x0000000087800000, 0x0000000087700000| Untracked 
| 120|0x0000000087800000, 0x0000000087900000, 0x0000000087900000|100%| O|  |TAMS 0x0000000087900000, 0x0000000087800000| Untracked 
| 121|0x0000000087900000, 0x0000000087a00000, 0x0000000087a00000|100%| O|  |TAMS 0x0000000087a00000, 0x0000000087900000| Untracked 
| 122|0x0000000087a00000, 0x0000000087b00000, 0x0000000087b00000|100%| O|  |TAMS 0x0000000087b00000, 0x0000000087a00000| Untracked 
| 123|0x0000000087b00000, 0x0000000087c00000, 0x0000000087c00000|100%| O|  |TAMS 0x0000000087c00000, 0x0000000087b00000| Untracked 
| 124|0x0000000087c00000, 0x0000000087d00000, 0x0000000087d00000|100%| O|  |TAMS 0x0000000087d00000, 0x0000000087c00000| Untracked 
| 125|0x0000000087d00000, 0x0000000087e00000, 0x0000000087e00000|100%| O|  |TAMS 0x0000000087e00000, 0x0000000087d00000| Untracked 
| 126|0x0000000087e00000, 0x0000000087f00000, 0x0000000087f00000|100%| O|  |TAMS 0x0000000087f00000, 0x0000000087e00000| Untracked 
| 127|0x0000000087f00000, 0x0000000088000000, 0x0000000088000000|100%| O|  |TAMS 0x0000000088000000, 0x0000000087f00000| Untracked 
| 128|0x0000000088000000, 0x0000000088100000, 0x0000000088100000|100%| O|  |TAMS 0x0000000088100000, 0x0000000088000000| Untracked 
| 129|0x0000000088100000, 0x0000000088200000, 0x0000000088200000|100%| O|  |TAMS 0x0000000088200000, 0x0000000088100000| Untracked 
| 130|0x0000000088200000, 0x0000000088300000, 0x0000000088300000|100%| O|  |TAMS 0x0000000088300000, 0x0000000088200000| Untracked 
| 131|0x0000000088300000, 0x0000000088400000, 0x0000000088400000|100%| O|  |TAMS 0x0000000088400000, 0x0000000088300000| Untracked 
| 132|0x0000000088400000, 0x0000000088500000, 0x0000000088500000|100%| O|  |TAMS 0x0000000088500000, 0x0000000088400000| Untracked 
| 133|0x0000000088500000, 0x0000000088600000, 0x0000000088600000|100%| O|  |TAMS 0x0000000088600000, 0x0000000088500000| Untracked 
| 134|0x0000000088600000, 0x0000000088700000, 0x0000000088700000|100%| O|  |TAMS 0x0000000088700000, 0x0000000088600000| Untracked 
| 135|0x0000000088700000, 0x0000000088800000, 0x0000000088800000|100%| O|  |TAMS 0x0000000088800000, 0x0000000088700000| Untracked 
| 136|0x0000000088800000, 0x0000000088900000, 0x0000000088900000|100%| O|  |TAMS 0x0000000088900000, 0x0000000088800000| Untracked 
| 137|0x0000000088900000, 0x0000000088a00000, 0x0000000088a00000|100%| O|  |TAMS 0x0000000088a00000, 0x0000000088900000| Untracked 
| 138|0x0000000088a00000, 0x0000000088b00000, 0x0000000088b00000|100%| O|  |TAMS 0x0000000088b00000, 0x0000000088a00000| Untracked 
| 139|0x0000000088b00000, 0x0000000088c00000, 0x0000000088c00000|100%| O|  |TAMS 0x0000000088c00000, 0x0000000088b00000| Untracked 
| 140|0x0000000088c00000, 0x0000000088d00000, 0x0000000088d00000|100%| O|  |TAMS 0x0000000088d00000, 0x0000000088c00000| Untracked 
| 141|0x0000000088d00000, 0x0000000088e00000, 0x0000000088e00000|100%| O|  |TAMS 0x0000000088e00000, 0x0000000088d00000| Untracked 
| 142|0x0000000088e00000, 0x0000000088f00000, 0x0000000088f00000|100%| O|  |TAMS 0x0000000088f00000, 0x0000000088e00000| Untracked 
| 143|0x0000000088f00000, 0x0000000088f00000, 0x0000000089000000|  0%| F|  |TAMS 0x0000000088f00000, 0x0000000088f00000| Untracked 
| 144|0x0000000089000000, 0x0000000089000000, 0x0000000089100000|  0%| F|  |TAMS 0x0000000089000000, 0x0000000089000000| Untracked 
| 145|0x0000000089100000, 0x0000000089100000, 0x0000000089200000|  0%| F|  |TAMS 0x0000000089100000, 0x0000000089100000| Untracked 
| 146|0x0000000089200000, 0x0000000089200000, 0x0000000089300000|  0%| F|  |TAMS 0x0000000089200000, 0x0000000089200000| Untracked 
| 147|0x0000000089300000, 0x0000000089300000, 0x0000000089400000|  0%| F|  |TAMS 0x0000000089300000, 0x0000000089300000| Untracked 
| 148|0x0000000089400000, 0x0000000089400000, 0x0000000089500000|  0%| F|  |TAMS 0x0000000089400000, 0x0000000089400000| Untracked 
| 149|0x0000000089500000, 0x0000000089600000, 0x0000000089600000|100%| O|  |TAMS 0x0000000089600000, 0x0000000089500000| Untracked 
| 150|0x0000000089600000, 0x0000000089600000, 0x0000000089700000|  0%| F|  |TAMS 0x0000000089600000, 0x0000000089600000| Untracked 
| 151|0x0000000089700000, 0x0000000089700000, 0x0000000089800000|  0%| F|  |TAMS 0x0000000089700000, 0x0000000089700000| Untracked 
| 152|0x0000000089800000, 0x0000000089800000, 0x0000000089900000|  0%| F|  |TAMS 0x0000000089800000, 0x0000000089800000| Untracked 
| 153|0x0000000089900000, 0x0000000089900000, 0x0000000089a00000|  0%| F|  |TAMS 0x0000000089900000, 0x0000000089900000| Untracked 
| 154|0x0000000089a00000, 0x0000000089a00000, 0x0000000089b00000|  0%| F|  |TAMS 0x0000000089a00000, 0x0000000089a00000| Untracked 
| 155|0x0000000089b00000, 0x0000000089b00000, 0x0000000089c00000|  0%| F|  |TAMS 0x0000000089b00000, 0x0000000089b00000| Untracked 
| 156|0x0000000089c00000, 0x0000000089d00000, 0x0000000089d00000|100%| O|  |TAMS 0x0000000089d00000, 0x0000000089c00000| Untracked 
| 157|0x0000000089d00000, 0x0000000089d00000, 0x0000000089e00000|  0%| F|  |TAMS 0x0000000089d00000, 0x0000000089d00000| Untracked 
| 158|0x0000000089e00000, 0x0000000089e00000, 0x0000000089f00000|  0%| F|  |TAMS 0x0000000089e00000, 0x0000000089e00000| Untracked 
| 159|0x0000000089f00000, 0x0000000089f00000, 0x000000008a000000|  0%| F|  |TAMS 0x0000000089f00000, 0x0000000089f00000| Untracked 
| 160|0x000000008a000000, 0x000000008a000000, 0x000000008a100000|  0%| F|  |TAMS 0x000000008a000000, 0x000000008a000000| Untracked 
| 161|0x000000008a100000, 0x000000008a100000, 0x000000008a200000|  0%| F|  |TAMS 0x000000008a100000, 0x000000008a100000| Untracked 
| 162|0x000000008a200000, 0x000000008a200000, 0x000000008a300000|  0%| F|  |TAMS 0x000000008a200000, 0x000000008a200000| Untracked 
| 163|0x000000008a300000, 0x000000008a300000, 0x000000008a400000|  0%| F|  |TAMS 0x000000008a300000, 0x000000008a300000| Untracked 
| 164|0x000000008a400000, 0x000000008a400000, 0x000000008a500000|  0%| F|  |TAMS 0x000000008a400000, 0x000000008a400000| Untracked 
| 165|0x000000008a500000, 0x000000008a500000, 0x000000008a600000|  0%| F|  |TAMS 0x000000008a500000, 0x000000008a500000| Untracked 
| 166|0x000000008a600000, 0x000000008a600000, 0x000000008a700000|  0%| F|  |TAMS 0x000000008a600000, 0x000000008a600000| Untracked 
| 167|0x000000008a700000, 0x000000008a700000, 0x000000008a800000|  0%| F|  |TAMS 0x000000008a700000, 0x000000008a700000| Untracked 
| 168|0x000000008a800000, 0x000000008a800000, 0x000000008a900000|  0%| F|  |TAMS 0x000000008a800000, 0x000000008a800000| Untracked 
| 169|0x000000008a900000, 0x000000008a900000, 0x000000008aa00000|  0%| F|  |TAMS 0x000000008a900000, 0x000000008a900000| Untracked 
| 170|0x000000008aa00000, 0x000000008aa00000, 0x000000008ab00000|  0%| F|  |TAMS 0x000000008aa00000, 0x000000008aa00000| Untracked 
| 171|0x000000008ab00000, 0x000000008ab00000, 0x000000008ac00000|  0%| F|  |TAMS 0x000000008ab00000, 0x000000008ab00000| Untracked 
| 172|0x000000008ac00000, 0x000000008ac00000, 0x000000008ad00000|  0%| F|  |TAMS 0x000000008ac00000, 0x000000008ac00000| Untracked 
| 173|0x000000008ad00000, 0x000000008ad00000, 0x000000008ae00000|  0%| F|  |TAMS 0x000000008ad00000, 0x000000008ad00000| Untracked 
| 174|0x000000008ae00000, 0x000000008ae00000, 0x000000008af00000|  0%| F|  |TAMS 0x000000008ae00000, 0x000000008ae00000| Untracked 
| 175|0x000000008af00000, 0x000000008af00000, 0x000000008b000000|  0%| F|  |TAMS 0x000000008af00000, 0x000000008af00000| Untracked 
| 176|0x000000008b000000, 0x000000008b000000, 0x000000008b100000|  0%| F|  |TAMS 0x000000008b000000, 0x000000008b000000| Untracked 
| 177|0x000000008b100000, 0x000000008b100000, 0x000000008b200000|  0%| F|  |TAMS 0x000000008b100000, 0x000000008b100000| Untracked 
| 178|0x000000008b200000, 0x000000008b200000, 0x000000008b300000|  0%| F|  |TAMS 0x000000008b200000, 0x000000008b200000| Untracked 
| 179|0x000000008b300000, 0x000000008b300000, 0x000000008b400000|  0%| F|  |TAMS 0x000000008b300000, 0x000000008b300000| Untracked 
| 180|0x000000008b400000, 0x000000008b400000, 0x000000008b500000|  0%| F|  |TAMS 0x000000008b400000, 0x000000008b400000| Untracked 
| 181|0x000000008b500000, 0x000000008b500000, 0x000000008b600000|  0%| F|  |TAMS 0x000000008b500000, 0x000000008b500000| Untracked 
| 182|0x000000008b600000, 0x000000008b600000, 0x000000008b700000|  0%| F|  |TAMS 0x000000008b600000, 0x000000008b600000| Untracked 
| 183|0x000000008b700000, 0x000000008b700000, 0x000000008b800000|  0%| F|  |TAMS 0x000000008b700000, 0x000000008b700000| Untracked 
| 184|0x000000008b800000, 0x000000008b800000, 0x000000008b900000|  0%| F|  |TAMS 0x000000008b800000, 0x000000008b800000| Untracked 
| 185|0x000000008b900000, 0x000000008b900000, 0x000000008ba00000|  0%| F|  |TAMS 0x000000008b900000, 0x000000008b900000| Untracked 
| 186|0x000000008ba00000, 0x000000008ba00000, 0x000000008bb00000|  0%| F|  |TAMS 0x000000008ba00000, 0x000000008ba00000| Untracked 
| 187|0x000000008bb00000, 0x000000008bb00000, 0x000000008bc00000|  0%| F|  |TAMS 0x000000008bb00000, 0x000000008bb00000| Untracked 
| 188|0x000000008bc00000, 0x000000008bc00000, 0x000000008bd00000|  0%| F|  |TAMS 0x000000008bc00000, 0x000000008bc00000| Untracked 
| 189|0x000000008bd00000, 0x000000008bd00000, 0x000000008be00000|  0%| F|  |TAMS 0x000000008bd00000, 0x000000008bd00000| Untracked 
| 190|0x000000008be00000, 0x000000008be00000, 0x000000008bf00000|  0%| F|  |TAMS 0x000000008be00000, 0x000000008be00000| Untracked 
| 191|0x000000008bf00000, 0x000000008bf00000, 0x000000008c000000|  0%| F|  |TAMS 0x000000008bf00000, 0x000000008bf00000| Untracked 
| 192|0x000000008c000000, 0x000000008c000000, 0x000000008c100000|  0%| F|  |TAMS 0x000000008c000000, 0x000000008c000000| Untracked 
| 193|0x000000008c100000, 0x000000008c100000, 0x000000008c200000|  0%| F|  |TAMS 0x000000008c100000, 0x000000008c100000| Untracked 
| 194|0x000000008c200000, 0x000000008c200000, 0x000000008c300000|  0%| F|  |TAMS 0x000000008c200000, 0x000000008c200000| Untracked 
| 195|0x000000008c300000, 0x000000008c300000, 0x000000008c400000|  0%| F|  |TAMS 0x000000008c300000, 0x000000008c300000| Untracked 
| 196|0x000000008c400000, 0x000000008c400000, 0x000000008c500000|  0%| F|  |TAMS 0x000000008c400000, 0x000000008c400000| Untracked 
| 197|0x000000008c500000, 0x000000008c500000, 0x000000008c600000|  0%| F|  |TAMS 0x000000008c500000, 0x000000008c500000| Untracked 
| 198|0x000000008c600000, 0x000000008c600000, 0x000000008c700000|  0%| F|  |TAMS 0x000000008c600000, 0x000000008c600000| Untracked 
| 199|0x000000008c700000, 0x000000008c700000, 0x000000008c800000|  0%| F|  |TAMS 0x000000008c700000, 0x000000008c700000| Untracked 
| 200|0x000000008c800000, 0x000000008c800000, 0x000000008c900000|  0%| F|  |TAMS 0x000000008c800000, 0x000000008c800000| Untracked 
| 201|0x000000008c900000, 0x000000008c900000, 0x000000008ca00000|  0%| F|  |TAMS 0x000000008c900000, 0x000000008c900000| Untracked 
| 202|0x000000008ca00000, 0x000000008ca00000, 0x000000008cb00000|  0%| F|  |TAMS 0x000000008ca00000, 0x000000008ca00000| Untracked 
| 203|0x000000008cb00000, 0x000000008cb80800, 0x000000008cc00000| 50%| E|  |TAMS 0x000000008cb00000, 0x000000008cb00000| Complete 
| 204|0x000000008cc00000, 0x000000008cd00000, 0x000000008cd00000|100%| E|CS|TAMS 0x000000008cc00000, 0x000000008cc00000| Complete 
| 205|0x000000008cd00000, 0x000000008ce00000, 0x000000008ce00000|100%| E|CS|TAMS 0x000000008cd00000, 0x000000008cd00000| Complete 
| 206|0x000000008ce00000, 0x000000008cf00000, 0x000000008cf00000|100%| E|CS|TAMS 0x000000008ce00000, 0x000000008ce00000| Complete 
| 207|0x000000008cf00000, 0x000000008d000000, 0x000000008d000000|100%| E|CS|TAMS 0x000000008cf00000, 0x000000008cf00000| Complete 
| 208|0x000000008d000000, 0x000000008d100000, 0x000000008d100000|100%| E|CS|TAMS 0x000000008d000000, 0x000000008d000000| Complete 
| 209|0x000000008d100000, 0x000000008d200000, 0x000000008d200000|100%| E|CS|TAMS 0x000000008d100000, 0x000000008d100000| Complete 
| 210|0x000000008d200000, 0x000000008d300000, 0x000000008d300000|100%| E|CS|TAMS 0x000000008d200000, 0x000000008d200000| Complete 
| 211|0x000000008d300000, 0x000000008d400000, 0x000000008d400000|100%| E|CS|TAMS 0x000000008d300000, 0x000000008d300000| Complete 
| 212|0x000000008d400000, 0x000000008d500000, 0x000000008d500000|100%| E|CS|TAMS 0x000000008d400000, 0x000000008d400000| Complete 
| 213|0x000000008d500000, 0x000000008d600000, 0x000000008d600000|100%| E|CS|TAMS 0x000000008d500000, 0x000000008d500000| Complete 
| 214|0x000000008d600000, 0x000000008d700000, 0x000000008d700000|100%| E|CS|TAMS 0x000000008d600000, 0x000000008d600000| Complete 
| 215|0x000000008d700000, 0x000000008d800000, 0x000000008d800000|100%| E|  |TAMS 0x000000008d700000, 0x000000008d700000| Complete 
| 216|0x000000008d800000, 0x000000008d900000, 0x000000008d900000|100%| E|CS|TAMS 0x000000008d800000, 0x000000008d800000| Complete 
| 217|0x000000008d900000, 0x000000008da00000, 0x000000008da00000|100%| E|CS|TAMS 0x000000008d900000, 0x000000008d900000| Complete 
| 218|0x000000008da00000, 0x000000008db00000, 0x000000008db00000|100%| E|CS|TAMS 0x000000008da00000, 0x000000008da00000| Complete 
| 219|0x000000008db00000, 0x000000008dc00000, 0x000000008dc00000|100%| E|CS|TAMS 0x000000008db00000, 0x000000008db00000| Complete 
| 220|0x000000008dc00000, 0x000000008dd00000, 0x000000008dd00000|100%| E|CS|TAMS 0x000000008dc00000, 0x000000008dc00000| Complete 
| 221|0x000000008dd00000, 0x000000008de00000, 0x000000008de00000|100%| E|CS|TAMS 0x000000008dd00000, 0x000000008dd00000| Complete 
| 222|0x000000008de00000, 0x000000008df00000, 0x000000008df00000|100%| E|CS|TAMS 0x000000008de00000, 0x000000008de00000| Complete 
| 223|0x000000008df00000, 0x000000008e000000, 0x000000008e000000|100%| E|CS|TAMS 0x000000008df00000, 0x000000008df00000| Complete 
| 224|0x000000008e000000, 0x000000008e100000, 0x000000008e100000|100%| E|CS|TAMS 0x000000008e000000, 0x000000008e000000| Complete 
| 225|0x000000008e100000, 0x000000008e200000, 0x000000008e200000|100%| E|CS|TAMS 0x000000008e100000, 0x000000008e100000| Complete 
| 226|0x000000008e200000, 0x000000008e300000, 0x000000008e300000|100%| E|CS|TAMS 0x000000008e200000, 0x000000008e200000| Complete 
| 227|0x000000008e300000, 0x000000008e400000, 0x000000008e400000|100%| E|CS|TAMS 0x000000008e300000, 0x000000008e300000| Complete 
| 228|0x000000008e400000, 0x000000008e500000, 0x000000008e500000|100%| E|CS|TAMS 0x000000008e400000, 0x000000008e400000| Complete 
| 229|0x000000008e500000, 0x000000008e600000, 0x000000008e600000|100%| E|CS|TAMS 0x000000008e500000, 0x000000008e500000| Complete 
| 230|0x000000008e600000, 0x000000008e700000, 0x000000008e700000|100%| E|CS|TAMS 0x000000008e600000, 0x000000008e600000| Complete 
| 231|0x000000008e700000, 0x000000008e800000, 0x000000008e800000|100%| E|CS|TAMS 0x000000008e700000, 0x000000008e700000| Complete 
| 232|0x000000008e800000, 0x000000008e900000, 0x000000008e900000|100%| E|CS|TAMS 0x000000008e800000, 0x000000008e800000| Complete 
| 233|0x000000008e900000, 0x000000008ea00000, 0x000000008ea00000|100%| E|CS|TAMS 0x000000008e900000, 0x000000008e900000| Complete 
| 234|0x000000008ea00000, 0x000000008eb00000, 0x000000008eb00000|100%| E|CS|TAMS 0x000000008ea00000, 0x000000008ea00000| Complete 
| 235|0x000000008eb00000, 0x000000008ec00000, 0x000000008ec00000|100%| E|CS|TAMS 0x000000008eb00000, 0x000000008eb00000| Complete 
| 236|0x000000008ec00000, 0x000000008ed00000, 0x000000008ed00000|100%| E|CS|TAMS 0x000000008ec00000, 0x000000008ec00000| Complete 
| 237|0x000000008ed00000, 0x000000008ee00000, 0x000000008ee00000|100%| E|CS|TAMS 0x000000008ed00000, 0x000000008ed00000| Complete 
| 238|0x000000008ee00000, 0x000000008ef00000, 0x000000008ef00000|100%| E|CS|TAMS 0x000000008ee00000, 0x000000008ee00000| Complete 
| 239|0x000000008ef00000, 0x000000008f000000, 0x000000008f000000|100%| E|CS|TAMS 0x000000008ef00000, 0x000000008ef00000| Complete 
| 240|0x000000008f000000, 0x000000008f100000, 0x000000008f100000|100%| E|CS|TAMS 0x000000008f000000, 0x000000008f000000| Complete 
| 241|0x000000008f100000, 0x000000008f200000, 0x000000008f200000|100%| E|CS|TAMS 0x000000008f100000, 0x000000008f100000| Complete 
| 242|0x000000008f200000, 0x000000008f300000, 0x000000008f300000|100%| E|CS|TAMS 0x000000008f200000, 0x000000008f200000| Complete 
| 243|0x000000008f300000, 0x000000008f400000, 0x000000008f400000|100%| E|CS|TAMS 0x000000008f300000, 0x000000008f300000| Complete 
| 244|0x000000008f400000, 0x000000008f500000, 0x000000008f500000|100%| E|CS|TAMS 0x000000008f400000, 0x000000008f400000| Complete 
| 245|0x000000008f500000, 0x000000008f600000, 0x000000008f600000|100%| E|CS|TAMS 0x000000008f500000, 0x000000008f500000| Complete 
| 246|0x000000008f600000, 0x000000008f700000, 0x000000008f700000|100%| E|CS|TAMS 0x000000008f600000, 0x000000008f600000| Complete 
| 247|0x000000008f700000, 0x000000008f800000, 0x000000008f800000|100%| E|CS|TAMS 0x000000008f700000, 0x000000008f700000| Complete 
| 248|0x000000008f800000, 0x000000008f900000, 0x000000008f900000|100%| E|CS|TAMS 0x000000008f800000, 0x000000008f800000| Complete 
| 249|0x000000008f900000, 0x000000008fa00000, 0x000000008fa00000|100%| E|CS|TAMS 0x000000008f900000, 0x000000008f900000| Complete 
| 250|0x000000008fa00000, 0x000000008fb00000, 0x000000008fb00000|100%| E|CS|TAMS 0x000000008fa00000, 0x000000008fa00000| Complete 
| 251|0x000000008fb00000, 0x000000008fc00000, 0x000000008fc00000|100%| E|CS|TAMS 0x000000008fb00000, 0x000000008fb00000| Complete 
| 252|0x000000008fc00000, 0x000000008fd00000, 0x000000008fd00000|100%| E|CS|TAMS 0x000000008fc00000, 0x000000008fc00000| Complete 
| 253|0x000000008fd00000, 0x000000008fe00000, 0x000000008fe00000|100%| E|CS|TAMS 0x000000008fd00000, 0x000000008fd00000| Complete 
| 254|0x000000008fe00000, 0x000000008ff00000, 0x000000008ff00000|100%| E|CS|TAMS 0x000000008fe00000, 0x000000008fe00000| Complete 
| 255|0x000000008ff00000, 0x0000000090000000, 0x0000000090000000|100%| E|CS|TAMS 0x000000008ff00000, 0x000000008ff00000| Complete 
| 256|0x0000000090000000, 0x0000000090100000, 0x0000000090100000|100%| E|CS|TAMS 0x0000000090000000, 0x0000000090000000| Complete 
| 257|0x0000000090100000, 0x0000000090200000, 0x0000000090200000|100%| E|CS|TAMS 0x0000000090100000, 0x0000000090100000| Complete 
| 258|0x0000000090200000, 0x0000000090300000, 0x0000000090300000|100%| E|CS|TAMS 0x0000000090200000, 0x0000000090200000| Complete 
| 259|0x0000000090300000, 0x0000000090400000, 0x0000000090400000|100%| E|CS|TAMS 0x0000000090300000, 0x0000000090300000| Complete 
| 260|0x0000000090400000, 0x0000000090500000, 0x0000000090500000|100%| E|CS|TAMS 0x0000000090400000, 0x0000000090400000| Complete 
| 261|0x0000000090500000, 0x0000000090600000, 0x0000000090600000|100%| E|CS|TAMS 0x0000000090500000, 0x0000000090500000| Complete 
| 262|0x0000000090600000, 0x0000000090700000, 0x0000000090700000|100%| E|CS|TAMS 0x0000000090600000, 0x0000000090600000| Complete 
| 263|0x0000000090700000, 0x0000000090800000, 0x0000000090800000|100%| E|CS|TAMS 0x0000000090700000, 0x0000000090700000| Complete 
| 264|0x0000000090800000, 0x0000000090900000, 0x0000000090900000|100%| E|CS|TAMS 0x0000000090800000, 0x0000000090800000| Complete 
| 265|0x0000000090900000, 0x00000000909ccbb8, 0x0000000090a00000| 79%| S|CS|TAMS 0x0000000090900000, 0x0000000090900000| Complete 
| 266|0x0000000090a00000, 0x0000000090b00000, 0x0000000090b00000|100%| E|CS|TAMS 0x0000000090a00000, 0x0000000090a00000| Complete 
| 267|0x0000000090b00000, 0x0000000090c00000, 0x0000000090c00000|100%| E|CS|TAMS 0x0000000090b00000, 0x0000000090b00000| Complete 
| 268|0x0000000090c00000, 0x0000000090d00000, 0x0000000090d00000|100%| E|CS|TAMS 0x0000000090c00000, 0x0000000090c00000| Complete 
| 269|0x0000000090d00000, 0x0000000090e00000, 0x0000000090e00000|100%| E|CS|TAMS 0x0000000090d00000, 0x0000000090d00000| Complete 
| 270|0x0000000090e00000, 0x0000000090f00000, 0x0000000090f00000|100%| E|CS|TAMS 0x0000000090e00000, 0x0000000090e00000| Complete 
| 271|0x0000000090f00000, 0x0000000091000000, 0x0000000091000000|100%| E|CS|TAMS 0x0000000090f00000, 0x0000000090f00000| Complete 
| 272|0x0000000091000000, 0x0000000091100000, 0x0000000091100000|100%| E|CS|TAMS 0x0000000091000000, 0x0000000091000000| Complete 
| 273|0x0000000091100000, 0x0000000091200000, 0x0000000091200000|100%| E|CS|TAMS 0x0000000091100000, 0x0000000091100000| Complete 
| 274|0x0000000091200000, 0x0000000091300000, 0x0000000091300000|100%| E|CS|TAMS 0x0000000091200000, 0x0000000091200000| Complete 
| 275|0x0000000091300000, 0x0000000091400000, 0x0000000091400000|100%| E|CS|TAMS 0x0000000091300000, 0x0000000091300000| Complete 
| 276|0x0000000091400000, 0x0000000091500000, 0x0000000091500000|100%| E|CS|TAMS 0x0000000091400000, 0x0000000091400000| Complete 
| 277|0x0000000091500000, 0x0000000091600000, 0x0000000091600000|100%| E|CS|TAMS 0x0000000091500000, 0x0000000091500000| Complete 

Card table byte_map: [0x0000020b774b0000,0x0000020b778b0000] _byte_map_base: 0x0000020b770b0000

Marking Bits (Prev, Next): (CMBitMap*) 0x0000020b735fc0e8, (CMBitMap*) 0x0000020b735fc120
 Prev Bits: [0x0000020b77cb0000, 0x0000020b79cb0000)
 Next Bits: [0x0000020b79cb0000, 0x0000020b7bcb0000)

Polling page: 0x0000020b72da0000

Metaspace:

Usage:
  Non-class:    124.73 MB capacity,   121.88 MB ( 98%) used,     2.38 MB (  2%) free+waste,   480.13 KB ( <1%) overhead. 
      Class:     18.17 MB capacity,    16.69 MB ( 92%) used,     1.28 MB (  7%) free+waste,   209.25 KB (  1%) overhead. 
       Both:    142.90 MB capacity,   138.57 MB ( 97%) used,     3.66 MB (  3%) free+waste,   689.38 KB ( <1%) overhead. 

Virtual space:
  Non-class space:      126.00 MB reserved,     124.92 MB (>99%) committed 
      Class space:        1.00 GB reserved,      18.20 MB (  2%) committed 
             Both:        1.12 GB reserved,     143.12 MB ( 12%) committed 

Chunk freelists:
   Non-Class:  4.00 KB
       Class:  17.00 KB
        Both:  21.00 KB

MaxMetaspaceSize: 17179869184.00 GB
CompressedClassSpaceSize: 1.00 GB

CodeHeap 'non-profiled nmethods': size=120064Kb used=20721Kb max_used=20721Kb free=99342Kb
 bounds [0x0000020b07ac0000, 0x0000020b08f00000, 0x0000020b0f000000]
CodeHeap 'profiled nmethods': size=120000Kb used=54922Kb max_used=54922Kb free=65077Kb
 bounds [0x0000020b00590000, 0x0000020b03b70000, 0x0000020b07ac0000]
CodeHeap 'non-nmethods': size=5696Kb used=2386Kb max_used=2459Kb free=3309Kb
 bounds [0x0000020b00000000, 0x0000020b00270000, 0x0000020b00590000]
 total_blobs=26096 nmethods=25075 adapters=929
 compilation: enabled
              stopped_count=0, restarted_count=0
 full_count=0

Compilation events (20 events):
Event: 2631.747 Thread 0x0000020b7e1c5000 29510       1       org.gradle.api.internal.artifacts.repositories.resolver.DefaultMutableVariantFilesMetadata::getFiles (5 bytes)
Event: 2631.747 Thread 0x0000020b7e1c5000 nmethod 29510 0x0000020b08ef1910 code [0x0000020b08ef1ac0, 0x0000020b08ef1b78]
Event: 2631.753 Thread 0x0000020b7e1c5000 29511       2       org.gradle.internal.component.external.model.DefaultModuleComponentSelector::getDisplayName (109 bytes)
Event: 2631.754 Thread 0x0000020b7e1c5000 nmethod 29511 0x0000020b03b58910 code [0x0000020b03b58b80, 0x0000020b03b59098]
Event: 2631.763 Thread 0x0000020b7e1c5000 29513       2       java.lang.ThreadLocal$ThreadLocalMap::set (136 bytes)
Event: 2631.764 Thread 0x0000020b7e1c5000 nmethod 29513 0x0000020b03b59490 code [0x0000020b03b596a0, 0x0000020b03b59c68]
Event: 2631.764 Thread 0x0000020b7e1c5000 29514       2       com.google.common.cache.LocalCache::getIfPresent (49 bytes)
Event: 2631.764 Thread 0x0000020b7e1c5000 nmethod 29514 0x0000020b03b59f90 code [0x0000020b03b5a1a0, 0x0000020b03b5a4b8]
Event: 2631.770 Thread 0x0000020b7e1c5000 29515       2       org.gradle.internal.execution.steps.CaptureStateBeforeExecutionStep::fingerprintOutputFiles (15 bytes)
Event: 2631.771 Thread 0x0000020b7e1c5000 nmethod 29515 0x0000020b03b5a710 code [0x0000020b03b5a8e0, 0x0000020b03b5ab18]
Event: 2631.772 Thread 0x0000020b7e1c5000 29516       2       org.gradle.internal.execution.steps.CaptureStateBeforeExecutionStep::fingerprintInputFiles (22 bytes)
Event: 2631.773 Thread 0x0000020b7e1c5000 nmethod 29516 0x0000020b03b5ac90 code [0x0000020b03b5ae60, 0x0000020b03b5b148]
Event: 2631.816 Thread 0x0000020b7e1c5000 29517       2       com.google.common.collect.Maps$EntrySet::size (10 bytes)
Event: 2631.817 Thread 0x0000020b7e1c5000 nmethod 29517 0x0000020b03b5b310 code [0x0000020b03b5b4e0, 0x0000020b03b5b618]
Event: 2631.833 Thread 0x0000020b7e1c5000 29518       2       org.gradle.internal.execution.steps.CaptureStateBeforeExecutionStep::captureExecutionState (275 bytes)
Event: 2631.837 Thread 0x0000020b7e1c5000 nmethod 29518 0x0000020b03b5b710 code [0x0000020b03b5bb40, 0x0000020b03b5d5f8]
Event: 2631.852 Thread 0x0000020b7e1c5000 29519       2       com.google.common.collect.Maps$IteratorBasedAbstractMap::entrySet (9 bytes)
Event: 2631.853 Thread 0x0000020b7e1c5000 nmethod 29519 0x0000020b03b5e710 code [0x0000020b03b5e8c0, 0x0000020b03b5ea58]
Event: 2631.863 Thread 0x0000020b7e1c5000 29520       2       com.google.common.collect.ImmutableSortedMap::copyOfSorted (48 bytes)
Event: 2631.863 Thread 0x0000020b7e1c5000 nmethod 29520 0x0000020b03b5eb10 code [0x0000020b03b5ed60, 0x0000020b03b5f278]

GC Heap History (20 events):
Event: 2599.054 GC heap before
{Heap before GC invocations=225 (full 0):
 garbage-first heap   total 284672K, used 135190K [0x0000000080000000, 0x0000000100000000)
  region size 1024K, 13 young (13312K), 5 survivors (5120K)
 Metaspace       used 132126K, capacity 136090K, committed 136316K, reserved 1169408K
  class space    used 15886K, capacity 17260K, committed 17356K, reserved 1048576K
}
Event: 2599.074 GC heap after
{Heap after GC invocations=226 (full 0):
 garbage-first heap   total 284672K, used 118394K [0x0000000080000000, 0x0000000100000000)
  region size 1024K, 2 young (2048K), 2 survivors (2048K)
 Metaspace       used 132126K, capacity 136090K, committed 136316K, reserved 1169408K
  class space    used 15886K, capacity 17260K, committed 17356K, reserved 1048576K
}
Event: 2600.095 GC heap before
{Heap before GC invocations=226 (full 0):
 garbage-first heap   total 284672K, used 239226K [0x0000000080000000, 0x0000000100000000)
  region size 1024K, 121 young (123904K), 2 survivors (2048K)
 Metaspace       used 132140K, capacity 136097K, committed 136316K, reserved 1169408K
  class space    used 15886K, capacity 17261K, committed 17356K, reserved 1048576K
}
Event: 2600.107 GC heap after
{Heap after GC invocations=227 (full 0):
 garbage-first heap   total 284672K, used 121092K [0x0000000080000000, 0x0000000100000000)
  region size 1024K, 4 young (4096K), 4 survivors (4096K)
 Metaspace       used 132140K, capacity 136097K, committed 136316K, reserved 1169408K
  class space    used 15886K, capacity 17261K, committed 17356K, reserved 1048576K
}
Event: 2625.348 GC heap before
{Heap before GC invocations=228 (full 0):
 garbage-first heap   total 284672K, used 251140K [0x0000000080000000, 0x0000000100000000)
  region size 1024K, 122 young (124928K), 4 survivors (4096K)
 Metaspace       used 133509K, capacity 137784K, committed 137852K, reserved 1169408K
  class space    used 16091K, capacity 17551K, committed 17612K, reserved 1048576K
}
Event: 2625.366 GC heap after
{Heap after GC invocations=229 (full 0):
 garbage-first heap   total 284672K, used 136788K [0x0000000080000000, 0x0000000100000000)
  region size 1024K, 10 young (10240K), 10 survivors (10240K)
 Metaspace       used 133509K, capacity 137784K, committed 137852K, reserved 1169408K
  class space    used 16091K, capacity 17551K, committed 17612K, reserved 1048576K
}
Event: 2625.768 GC heap before
{Heap before GC invocations=229 (full 0):
 garbage-first heap   total 284672K, used 138836K [0x0000000080000000, 0x0000000100000000)
  region size 1024K, 13 young (13312K), 10 survivors (10240K)
 Metaspace       used 133512K, capacity 137784K, committed 137852K, reserved 1169408K
  class space    used 16091K, capacity 17551K, committed 17612K, reserved 1048576K
}
Event: 2625.782 GC heap after
{Heap after GC invocations=230 (full 0):
 garbage-first heap   total 284672K, used 136742K [0x0000000080000000, 0x0000000100000000)
  region size 1024K, 2 young (2048K), 2 survivors (2048K)
 Metaspace       used 133512K, capacity 137784K, committed 137852K, reserved 1169408K
  class space    used 16091K, capacity 17551K, committed 17612K, reserved 1048576K
}
Event: 2626.907 GC heap before
{Heap before GC invocations=230 (full 0):
 garbage-first heap   total 284672K, used 242214K [0x0000000080000000, 0x0000000100000000)
  region size 1024K, 105 young (107520K), 2 survivors (2048K)
 Metaspace       used 138445K, capacity 142798K, committed 142844K, reserved 1173504K
  class space    used 16790K, capacity 18240K, committed 18252K, reserved 1048576K
}
Event: 2626.926 GC heap after
{Heap after GC invocations=231 (full 0):
 garbage-first heap   total 284672K, used 143162K [0x0000000080000000, 0x0000000100000000)
  region size 1024K, 8 young (8192K), 8 survivors (8192K)
 Metaspace       used 138445K, capacity 142798K, committed 142844K, reserved 1173504K
  class space    used 16790K, capacity 18240K, committed 18252K, reserved 1048576K
}
Event: 2628.366 GC heap before
{Heap before GC invocations=232 (full 0):
 garbage-first heap   total 284672K, used 239418K [0x0000000080000000, 0x0000000100000000)
  region size 1024K, 102 young (104448K), 8 survivors (8192K)
 Metaspace       used 140280K, capacity 144654K, committed 144764K, reserved 1175552K
  class space    used 16909K, capacity 18368K, committed 18380K, reserved 1048576K
}
Event: 2628.381 GC heap after
{Heap after GC invocations=233 (full 0):
 garbage-first heap   total 284672K, used 144633K [0x0000000080000000, 0x0000000100000000)
  region size 1024K, 2 young (2048K), 2 survivors (2048K)
 Metaspace       used 140280K, capacity 144654K, committed 144764K, reserved 1175552K
  class space    used 16909K, capacity 18368K, committed 18380K, reserved 1048576K
}
Event: 2628.550 GC heap before
{Heap before GC invocations=233 (full 0):
 garbage-first heap   total 284672K, used 155897K [0x0000000080000000, 0x0000000100000000)
  region size 1024K, 13 young (13312K), 2 survivors (2048K)
 Metaspace       used 140280K, capacity 144654K, committed 144764K, reserved 1175552K
  class space    used 16909K, capacity 18368K, committed 18380K, reserved 1048576K
}
Event: 2628.568 GC heap after
{Heap after GC invocations=234 (full 0):
 garbage-first heap   total 284672K, used 134337K [0x0000000080000000, 0x0000000100000000)
  region size 1024K, 2 young (2048K), 2 survivors (2048K)
 Metaspace       used 140280K, capacity 144654K, committed 144764K, reserved 1175552K
  class space    used 16909K, capacity 18368K, committed 18380K, reserved 1048576K
}
Event: 2629.784 GC heap before
{Heap before GC invocations=234 (full 0):
 garbage-first heap   total 284672K, used 236737K [0x0000000080000000, 0x0000000100000000)
  region size 1024K, 102 young (104448K), 2 survivors (2048K)
 Metaspace       used 140280K, capacity 144654K, committed 144764K, reserved 1175552K
  class space    used 16909K, capacity 18368K, committed 18380K, reserved 1048576K
}
Event: 2629.790 GC heap after
{Heap after GC invocations=235 (full 0):
 garbage-first heap   total 284672K, used 134228K [0x0000000080000000, 0x0000000100000000)
  region size 1024K, 2 young (2048K), 2 survivors (2048K)
 Metaspace       used 140280K, capacity 144654K, committed 144764K, reserved 1175552K
  class space    used 16909K, capacity 18368K, committed 18380K, reserved 1048576K
}
Event: 2631.107 GC heap before
{Heap before GC invocations=236 (full 0):
 garbage-first heap   total 284672K, used 239700K [0x0000000080000000, 0x0000000100000000)
  region size 1024K, 105 young (107520K), 2 survivors (2048K)
 Metaspace       used 140280K, capacity 144654K, committed 144764K, reserved 1175552K
  class space    used 16909K, capacity 18368K, committed 18380K, reserved 1048576K
}
Event: 2631.110 GC heap after
{Heap after GC invocations=237 (full 0):
 garbage-first heap   total 284672K, used 133973K [0x0000000080000000, 0x0000000100000000)
  region size 1024K, 1 young (1024K), 1 survivors (1024K)
 Metaspace       used 140280K, capacity 144654K, committed 144764K, reserved 1175552K
  class space    used 16909K, capacity 18368K, committed 18380K, reserved 1048576K
}
Event: 2631.247 GC heap before
{Heap before GC invocations=237 (full 0):
 garbage-first heap   total 284672K, used 146261K [0x0000000080000000, 0x0000000100000000)
  region size 1024K, 13 young (13312K), 1 survivors (1024K)
 Metaspace       used 140280K, capacity 144654K, committed 144764K, reserved 1175552K
  class space    used 16909K, capacity 18368K, committed 18380K, reserved 1048576K
}
Event: 2631.250 GC heap after
{Heap after GC invocations=238 (full 0):
 garbage-first heap   total 284672K, used 133370K [0x0000000080000000, 0x0000000100000000)
  region size 1024K, 1 young (1024K), 1 survivors (1024K)
 Metaspace       used 140280K, capacity 144654K, committed 144764K, reserved 1175552K
  class space    used 16909K, capacity 18368K, committed 18380K, reserved 1048576K
}

Deoptimization events (20 events):
Event: 2631.668 Thread 0x0000020b10b0e000 Uncommon trap: trap_request=0xffffff4d fr.pc=0x0000020b0870744c relative=0x00000000000051ec
Event: 2631.668 Thread 0x0000020b10b0e000 Uncommon trap: reason=unstable_if action=reinterpret pc=0x0000020b0870744c method=com.android.build.gradle.internal.dependency.ModelArtifactCompatibilityRule.execute(Lorg/gradle/api/attributes/CompatibilityCheckDetails;)V @ 53 c2
Event: 2631.668 Thread 0x0000020b10b0e000 DEOPT PACKING pc=0x0000020b0870744c sp=0x0000001fae1fa970
Event: 2631.668 Thread 0x0000020b10b0e000 DEOPT UNPACKING pc=0x0000020b000278af sp=0x0000001fae1fa650 mode 2
Event: 2631.668 Thread 0x0000020b10b0e000 Uncommon trap: trap_request=0xffffff4d fr.pc=0x0000020b089b38b4 relative=0x00000000000019f4
Event: 2631.668 Thread 0x0000020b10b0e000 Uncommon trap: reason=unstable_if action=reinterpret pc=0x0000020b089b38b4 method=com.android.build.gradle.internal.dependency.ModelArtifactCompatibilityRule.execute(Lorg/gradle/api/attributes/CompatibilityCheckDetails;)V @ 53 c2
Event: 2631.668 Thread 0x0000020b10b0e000 DEOPT PACKING pc=0x0000020b089b38b4 sp=0x0000001fae1fa850
Event: 2631.668 Thread 0x0000020b10b0e000 DEOPT UNPACKING pc=0x0000020b000278af sp=0x0000001fae1fa638 mode 2
Event: 2631.693 Thread 0x0000020b10b0e000 Uncommon trap: trap_request=0xffffff4d fr.pc=0x0000020b08903b48 relative=0x0000000000000d08
Event: 2631.693 Thread 0x0000020b10b0e000 Uncommon trap: reason=unstable_if action=reinterpret pc=0x0000020b08903b48 method=com.google.common.collect.ImmutableSet$RegularSetBuilderImpl.add(Ljava/lang/Object;)Lcom/google/common/collect/ImmutableSet$SetBuilderImpl; @ 98 c2
Event: 2631.693 Thread 0x0000020b10b0e000 DEOPT PACKING pc=0x0000020b08903b48 sp=0x0000001fae1fb040
Event: 2631.693 Thread 0x0000020b10b0e000 DEOPT UNPACKING pc=0x0000020b000278af sp=0x0000001fae1fb000 mode 2
Event: 2631.722 Thread 0x0000020b10b0e000 Uncommon trap: trap_request=0xffffff4d fr.pc=0x0000020b086cb914 relative=0x0000000000000074
Event: 2631.722 Thread 0x0000020b10b0e000 Uncommon trap: reason=unstable_if action=reinterpret pc=0x0000020b086cb914 method=java.util.Collections.eq(Ljava/lang/Object;Ljava/lang/Object;)Z @ 1 c2
Event: 2631.722 Thread 0x0000020b10b0e000 DEOPT PACKING pc=0x0000020b086cb914 sp=0x0000001fae1f9950
Event: 2631.722 Thread 0x0000020b10b0e000 DEOPT UNPACKING pc=0x0000020b000278af sp=0x0000001fae1f9888 mode 2
Event: 2631.758 Thread 0x0000020b10b0e000 Uncommon trap: trap_request=0xfffffff4 fr.pc=0x0000020b07daef30 relative=0x0000000000000950
Event: 2631.758 Thread 0x0000020b10b0e000 Uncommon trap: reason=null_check action=make_not_entrant pc=0x0000020b07daef30 method=java.lang.ThreadLocal$ThreadLocalMap.set(Ljava/lang/ThreadLocal;Ljava/lang/Object;)V @ 36 c2
Event: 2631.758 Thread 0x0000020b10b0e000 DEOPT PACKING pc=0x0000020b07daef30 sp=0x0000001fae1f93d0
Event: 2631.758 Thread 0x0000020b10b0e000 DEOPT UNPACKING pc=0x0000020b000278af sp=0x0000001fae1f9380 mode 2

Classes redefined (0 events):
No events

Internal exceptions (20 events):
Event: 2631.289 Thread 0x0000020b10b0e000 Exception <a 'sun/nio/fs/WindowsException'{0x00000000913ff858}> (0x00000000913ff858) thrown at [./src/hotspot/share/prims/jni.cpp, line 615]
Event: 2631.289 Thread 0x0000020b10b0e000 Exception <a 'sun/nio/fs/WindowsException'{0x00000000913ff8d8}> (0x00000000913ff8d8) thrown at [./src/hotspot/share/prims/jni.cpp, line 615]
Event: 2631.289 Thread 0x0000020b10b0e000 Exception <a 'sun/nio/fs/WindowsException'{0x0000000091201cb8}> (0x0000000091201cb8) thrown at [./src/hotspot/share/prims/jni.cpp, line 615]
Event: 2631.289 Thread 0x0000020b10b0e000 Exception <a 'sun/nio/fs/WindowsException'{0x0000000091201d38}> (0x0000000091201d38) thrown at [./src/hotspot/share/prims/jni.cpp, line 615]
Event: 2631.289 Thread 0x0000020b10b0e000 Exception <a 'sun/nio/fs/WindowsException'{0x0000000091204ef0}> (0x0000000091204ef0) thrown at [./src/hotspot/share/prims/jni.cpp, line 615]
Event: 2631.289 Thread 0x0000020b10b0e000 Exception <a 'sun/nio/fs/WindowsException'{0x0000000091204f70}> (0x0000000091204f70) thrown at [./src/hotspot/share/prims/jni.cpp, line 615]
Event: 2631.289 Thread 0x0000020b10b0e000 Exception <a 'sun/nio/fs/WindowsException'{0x0000000091206d98}> (0x0000000091206d98) thrown at [./src/hotspot/share/prims/jni.cpp, line 615]
Event: 2631.289 Thread 0x0000020b10b0e000 Exception <a 'sun/nio/fs/WindowsException'{0x0000000091206e18}> (0x0000000091206e18) thrown at [./src/hotspot/share/prims/jni.cpp, line 615]
Event: 2631.290 Thread 0x0000020b10b0e000 Exception <a 'sun/nio/fs/WindowsException'{0x0000000091209818}> (0x0000000091209818) thrown at [./src/hotspot/share/prims/jni.cpp, line 615]
Event: 2631.290 Thread 0x0000020b10b0e000 Exception <a 'sun/nio/fs/WindowsException'{0x0000000091209898}> (0x0000000091209898) thrown at [./src/hotspot/share/prims/jni.cpp, line 615]
Event: 2631.290 Thread 0x0000020b10b0e000 Exception <a 'sun/nio/fs/WindowsException'{0x000000009120b708}> (0x000000009120b708) thrown at [./src/hotspot/share/prims/jni.cpp, line 615]
Event: 2631.290 Thread 0x0000020b10b0e000 Exception <a 'sun/nio/fs/WindowsException'{0x000000009120b788}> (0x000000009120b788) thrown at [./src/hotspot/share/prims/jni.cpp, line 615]
Event: 2631.290 Thread 0x0000020b10b0e000 Exception <a 'sun/nio/fs/WindowsException'{0x000000009120e9b8}> (0x000000009120e9b8) thrown at [./src/hotspot/share/prims/jni.cpp, line 615]
Event: 2631.290 Thread 0x0000020b10b0e000 Exception <a 'sun/nio/fs/WindowsException'{0x000000009120ea38}> (0x000000009120ea38) thrown at [./src/hotspot/share/prims/jni.cpp, line 615]
Event: 2631.290 Thread 0x0000020b10b0e000 Exception <a 'sun/nio/fs/WindowsException'{0x00000000912108e0}> (0x00000000912108e0) thrown at [./src/hotspot/share/prims/jni.cpp, line 615]
Event: 2631.290 Thread 0x0000020b10b0e000 Exception <a 'sun/nio/fs/WindowsException'{0x0000000091210960}> (0x0000000091210960) thrown at [./src/hotspot/share/prims/jni.cpp, line 615]
Event: 2631.331 Thread 0x0000020b10b0e000 Implicit null exception at 0x0000020b0890e9c3 to 0x0000020b0890f20c
Event: 2631.497 Thread 0x0000020b10b0e000 Exception <a 'java/lang/reflect/InvocationTargetException'{0x0000000090760fe0}> (0x0000000090760fe0) thrown at [./src/hotspot/share/runtime/reflection.cpp, line 1247]
Event: 2631.515 Thread 0x0000020b10b0e000 Implicit null exception at 0x0000020b08b73db2 to 0x0000020b08b74600
Event: 2631.758 Thread 0x0000020b10b0e000 Implicit null exception at 0x0000020b07dae681 to 0x0000020b07daef18

Events (20 events):
Event: 2631.698 loading class com/google/common/collect/ImmutableMultiset
Event: 2631.698 loading class com/google/common/collect/ImmutableMultiset done
Event: 2631.700 loading class com/google/common/collect/ImmutableMultisetGwtSerializationDependencies
Event: 2631.700 loading class com/google/common/collect/ImmutableMultisetGwtSerializationDependencies done
Event: 2631.700 loading class com/google/common/collect/ImmutableMultimap$Keys
Event: 2631.700 loading class com/google/common/collect/ImmutableMultimap$Keys done
Event: 2631.701 loading class com/google/common/collect/ImmutableMultimap$EntryCollection
Event: 2631.701 loading class com/google/common/collect/ImmutableMultimap$EntryCollection done
Event: 2631.701 loading class com/google/common/collect/ImmutableListMultimap
Event: 2631.701 loading class com/google/common/collect/ImmutableListMultimap done
Event: 2631.704 loading class com/google/common/collect/ImmutableMultimap$Builder
Event: 2631.704 loading class com/google/common/collect/ImmutableMultimap$Builder done
Event: 2631.761 Executing VM operation: RevokeBias
Event: 2631.761 Executing VM operation: RevokeBias done
Event: 2631.766 Executing VM operation: RevokeBias
Event: 2631.766 Executing VM operation: RevokeBias done
Event: 2631.766 Executing VM operation: RevokeBias
Event: 2631.766 Executing VM operation: RevokeBias done
Event: 2631.767 Executing VM operation: RevokeBias
Event: 2631.767 Executing VM operation: RevokeBias done


Dynamic libraries:
0x00007ff622a80000 - 0x00007ff622a8a000 	C:\Program Files\Android\Android Studio1\jre\bin\java.exe
0x00007ff8aedc0000 - 0x00007ff8aefc7000 	C:\Windows\SYSTEM32\ntdll.dll
0x00007ff8ae0f0000 - 0x00007ff8ae1ad000 	C:\Windows\System32\KERNEL32.DLL
0x00007ff8ac630000 - 0x00007ff8ac9a4000 	C:\Windows\System32\KERNELBASE.dll
0x00007ff8ac3f0000 - 0x00007ff8ac501000 	C:\Windows\System32\ucrtbase.dll
0x00007ff8a6840000 - 0x00007ff8a6857000 	C:\Program Files\Android\Android Studio1\jre\bin\VCRUNTIME140.dll
0x00007ff8a65b0000 - 0x00007ff8a65c9000 	C:\Program Files\Android\Android Studio1\jre\bin\jli.dll
0x00007ff8ae7f0000 - 0x00007ff8ae99c000 	C:\Windows\System32\USER32.dll
0x00007ff8ac2a0000 - 0x00007ff8ac2c6000 	C:\Windows\System32\win32u.dll
0x00007ff88f780000 - 0x00007ff88fa25000 	C:\Windows\WinSxS\amd64_microsoft.windows.common-controls_6595b64144ccf1df_6.0.22000.120_none_9d947278b86cc467\COMCTL32.dll
0x00007ff8acdf0000 - 0x00007ff8ace93000 	C:\Windows\System32\msvcrt.dll
0x00007ff8ae9a0000 - 0x00007ff8ae9c9000 	C:\Windows\System32\GDI32.dll
0x00007ff8ac2d0000 - 0x00007ff8ac3e2000 	C:\Windows\System32\gdi32full.dll
0x00007ff8ac510000 - 0x00007ff8ac5ad000 	C:\Windows\System32\msvcp_win.dll
0x00007ff8ad320000 - 0x00007ff8ad351000 	C:\Windows\System32\IMM32.DLL
0x00007ff89ae90000 - 0x00007ff89af2d000 	C:\Program Files\Android\Android Studio1\jre\bin\msvcp140.dll
0x00007ff870ca0000 - 0x00007ff87176f000 	C:\Program Files\Android\Android Studio1\jre\bin\server\jvm.dll
0x00007ff8aebf0000 - 0x00007ff8aec9c000 	C:\Windows\System32\ADVAPI32.dll
0x00007ff8ae050000 - 0x00007ff8ae0ed000 	C:\Windows\System32\sechost.dll
0x00007ff8ae380000 - 0x00007ff8ae4a1000 	C:\Windows\System32\RPCRT4.dll
0x00007ff8ae370000 - 0x00007ff8ae378000 	C:\Windows\System32\PSAPI.DLL
0x00007ff8a1b10000 - 0x00007ff8a1b19000 	C:\Windows\SYSTEM32\WSOCK32.dll
0x00007ff8a6800000 - 0x00007ff8a6833000 	C:\Windows\SYSTEM32\WINMM.dll
0x00007ff8aed00000 - 0x00007ff8aed6f000 	C:\Windows\System32\WS2_32.dll
0x00007ff8a7ea0000 - 0x00007ff8a7eaa000 	C:\Windows\SYSTEM32\VERSION.dll
0x00007ff8ab4c0000 - 0x00007ff8ab4d8000 	C:\Windows\SYSTEM32\kernel.appcore.dll
0x00007ff891970000 - 0x00007ff891981000 	C:\Program Files\Android\Android Studio1\jre\bin\verify.dll
0x00007ff8a7740000 - 0x00007ff8a7961000 	C:\Windows\SYSTEM32\DBGHELP.DLL
0x00007ff8a76a0000 - 0x00007ff8a76d1000 	C:\Windows\SYSTEM32\dbgcore.DLL
0x00007ff8ac5b0000 - 0x00007ff8ac630000 	C:\Windows\System32\bcryptPrimitives.dll
0x00007ff890150000 - 0x00007ff890179000 	C:\Program Files\Android\Android Studio1\jre\bin\java.dll
0x00007ff8a1750000 - 0x00007ff8a175b000 	C:\Program Files\Android\Android Studio1\jre\bin\jimage.dll
0x00007ff890130000 - 0x00007ff890148000 	C:\Program Files\Android\Android Studio1\jre\bin\zip.dll
0x00007ff8ad360000 - 0x00007ff8adb09000 	C:\Windows\System32\SHELL32.dll
0x00007ff8aa460000 - 0x00007ff8aacc2000 	C:\Windows\SYSTEM32\windows.storage.dll
0x00007ff8adbf0000 - 0x00007ff8adf68000 	C:\Windows\System32\combase.dll
0x00007ff8aa2f0000 - 0x00007ff8aa456000 	C:\Windows\SYSTEM32\wintypes.dll
0x00007ff8ae9d0000 - 0x00007ff8aeaba000 	C:\Windows\System32\SHCORE.dll
0x00007ff8aeca0000 - 0x00007ff8aecfd000 	C:\Windows\System32\shlwapi.dll
0x00007ff8ac1d0000 - 0x00007ff8ac1f1000 	C:\Windows\SYSTEM32\profapi.dll
0x00007ff88e7f0000 - 0x00007ff88e80a000 	C:\Program Files\Android\Android Studio1\jre\bin\net.dll
0x00007ff8a8d60000 - 0x00007ff8a8e6c000 	C:\Windows\SYSTEM32\WINHTTP.dll
0x00007ff8ab8d0000 - 0x00007ff8ab937000 	C:\Windows\system32\mswsock.dll
0x00007ff88e7d0000 - 0x00007ff88e7e4000 	C:\Program Files\Android\Android Studio1\jre\bin\nio.dll
0x00007ff8a6c30000 - 0x00007ff8a6c57000 	C:\Users\Acer\.gradle\native\f6784746aeab05261644944871eae4fe03e0ef1612fff0a4a95f87b438bc6780\windows-amd64\native-platform.dll
0x00007ff89bfd0000 - 0x00007ff89bfda000 	C:\Program Files\Android\Android Studio1\jre\bin\management.dll
0x00007ff89bf90000 - 0x00007ff89bf9c000 	C:\Program Files\Android\Android Studio1\jre\bin\management_ext.dll
0x00007ff8abb20000 - 0x00007ff8abb38000 	C:\Windows\SYSTEM32\CRYPTSP.dll
0x00007ff8ab420000 - 0x00007ff8ab455000 	C:\Windows\system32\rsaenh.dll
0x00007ff8ab9c0000 - 0x00007ff8ab9e9000 	C:\Windows\SYSTEM32\USERENV.dll
0x00007ff8abc90000 - 0x00007ff8abcb7000 	C:\Windows\SYSTEM32\bcrypt.dll
0x00007ff8abb10000 - 0x00007ff8abb1c000 	C:\Windows\SYSTEM32\CRYPTBASE.dll
0x00007ff8ab040000 - 0x00007ff8ab06d000 	C:\Windows\SYSTEM32\IPHLPAPI.DLL
0x00007ff8ae360000 - 0x00007ff8ae369000 	C:\Windows\System32\NSI.dll
0x00007ff8a8ec0000 - 0x00007ff8a8ed9000 	C:\Windows\SYSTEM32\dhcpcsvc6.DLL
0x00007ff8a9090000 - 0x00007ff8a90ae000 	C:\Windows\SYSTEM32\dhcpcsvc.DLL
0x00007ff8ab070000 - 0x00007ff8ab157000 	C:\Windows\SYSTEM32\DNSAPI.dll
0x00007ff8a8e70000 - 0x00007ff8a8e7c000 	C:\Windows\SYSTEM32\WINNSI.DLL
0x00007ff8a6590000 - 0x00007ff8a65ae000 	C:\Users\Acer\AppData\Local\Temp\native-platform3604018963368232197dir\native-platform.dll
0x00007ff8a8b90000 - 0x00007ff8a8b98000 	C:\Program Files\Android\Android Studio1\jre\bin\rmi.dll
0x00007ff885100000 - 0x00007ff885127000 	C:\Program Files\Android\Android Studio1\jre\bin\sunec.dll

dbghelp: loaded successfully - version: 4.0.5 - missing functions: none
symbol engine: initialized successfully - sym options: 0x614 - pdb path: .;C:\Program Files\Android\Android Studio1\jre\bin;C:\Windows\SYSTEM32;C:\Windows\WinSxS\amd64_microsoft.windows.common-controls_6595b64144ccf1df_6.0.22000.120_none_9d947278b86cc467;C:\Program Files\Android\Android Studio1\jre\bin\server;C:\Users\Acer\.gradle\native\f6784746aeab05261644944871eae4fe03e0ef1612fff0a4a95f87b438bc6780\windows-amd64;C:\Users\Acer\AppData\Local\Temp\native-platform3604018963368232197dir

VM Arguments:
jvm_args: --add-opens=java.base/java.util=ALL-UNNAMED --add-opens=java.base/java.lang=ALL-UNNAMED --add-opens=java.base/java.lang.invoke=ALL-UNNAMED --add-opens=java.prefs/java.util.prefs=ALL-UNNAMED -Xmx2048m -Dfile.encoding=UTF-8 -Duser.country=RU -Duser.language=ru -Duser.variant 
java_command: org.gradle.launcher.daemon.bootstrap.GradleDaemon 6.5
java_class_path (initial): C:\Users\Acer\.gradle\wrapper\dists\gradle-6.5-bin\6nifqtx7604sqp1q6g8wikw7p\gradle-6.5\lib\gradle-launcher-6.5.jar
Launcher Type: SUN_STANDARD

[Global flags]
     intx CICompilerCount                          = 3                                         {product} {ergonomic}
     uint ConcGCThreads                            = 1                                         {product} {ergonomic}
     uint G1ConcRefinementThreads                  = 4                                         {product} {ergonomic}
   size_t G1HeapRegionSize                         = 1048576                                   {product} {ergonomic}
    uintx GCDrainStackTargetSize                   = 64                                        {product} {ergonomic}
   size_t InitialHeapSize                          = 134217728                                 {product} {ergonomic}
   size_t MarkStackSize                            = 4194304                                   {product} {ergonomic}
   size_t MaxHeapSize                              = 2147483648                                {product} {command line}
   size_t MaxNewSize                               = 1287651328                                {product} {ergonomic}
   size_t MinHeapDeltaBytes                        = 1048576                                   {product} {ergonomic}
    uintx NonNMethodCodeHeapSize                   = 5830732                                {pd product} {ergonomic}
    uintx NonProfiledCodeHeapSize                  = 122913754                              {pd product} {ergonomic}
    uintx ProfiledCodeHeapSize                     = 122913754                              {pd product} {ergonomic}
    uintx ReservedCodeCacheSize                    = 251658240                              {pd product} {ergonomic}
     bool SegmentedCodeCache                       = true                                      {product} {ergonomic}
     bool UseCompressedClassPointers               = true                                 {lp64_product} {ergonomic}
     bool UseCompressedOops                        = true                                 {lp64_product} {ergonomic}
     bool UseG1GC                                  = true                                      {product} {ergonomic}
     bool UseLargePagesIndividualAllocation        = false                                  {pd product} {ergonomic}

Logging:
Log output configuration:
 #0: stdout all=warning uptime,level,tags
 #1: stderr all=off uptime,level,tags

Environment Variables:
PATH=C:\Program Files\Common Files\Oracle\Java\javapath;C:\Windows\system32;C:\Windows;C:\Windows\System32\Wbem;C:\Windows\System32\WindowsPowerShell\v1.0\;C:\Windows\System32\OpenSSH\;C:\Program Files (x86)\NVIDIA Corporation\PhysX\Common;C:\Program Files\Git\cmd;C:\Users\Acer\AppData\Local\Microsoft\WindowsApps;
USERNAME=Acer
OS=Windows_NT
PROCESSOR_IDENTIFIER=Intel64 Family 6 Model 142 Stepping 9, GenuineIntel



---------------  S Y S T E M  ---------------

OS: Windows 10 , 64 bit Build 22000 (10.0.22000.120)
OS uptime: 2 days 0:52 hours

CPU:total 4 (initial active 4) (2 cores per cpu, 2 threads per core) family 6 model 142 stepping 9 microcode 0xde, cmov, cx8, fxsr, mmx, sse, sse2, sse3, ssse3, sse4.1, sse4.2, popcnt, avx, avx2, aes, clmul, erms, 3dnowpref, lzcnt, ht, tsc, tscinvbit, bmi1, bmi2, adx, fma

Memory: 4k page, system-wide physical 8069M (509M free)
TotalPageFile size 8069M (AvailPageFile size 1M)
current process WorkingSet (physical memory assigned to process): 648M, peak: 661M
current process commit charge ("private bytes"): 707M, peak: 712M

vm_info: OpenJDK 64-Bit Server VM (11.0.10+0-b96-7249189) for windows-amd64 JRE (11.0.10+0-b96-7249189), built on Mar 31 2021 21:44:00 by "builder" with MS VC++ 14.0 (VS2015)

END.
