#
# There is insufficient memory for the Java Runtime Environment to continue.
# Native memory allocation (malloc) failed to allocate 2721136 bytes for Chunk::new
# Possible reasons:
#   The system is out of physical RAM or swap space
#   The process is running with CompressedOops enabled, and the Java Heap may be blocking the growth of the native heap
# Possible solutions:
#   Reduce memory load on the system
#   Increase physical memory or swap space
#   Check if swap backing store is full
#   Decrease Java heap size (-Xmx/-Xms)
#   Decrease number of Java threads
#   Decrease Java thread stack sizes (-Xss)
#   Set larger code cache with -XX:ReservedCodeCacheSize=
#   JVM is running with Unscaled Compressed Oops mode in which the Java heap is
#     placed in the first 4GB address space. The Java Heap base address is the
#     maximum limit for the native heap growth. Please use -XX:HeapBaseMinAddress
#     to set the Java Heap base and to place the Java Heap above 4GB virtual address.
# This output file may be truncated or incomplete.
#
#  Out of Memory Error (./src/hotspot/share/memory/arena.cpp:197), pid=6380, tid=508
#
# JRE version: OpenJDK Runtime Environment (11.0.10) (build 11.0.10+0-b96-7249189)
# Java VM: OpenJDK 64-Bit Server VM (11.0.10+0-b96-7249189, mixed mode, tiered, compressed oops, g1 gc, windows-amd64)
# No core dump will be written. Minidumps are not enabled by default on client versions of Windows
#

---------------  S U M M A R Y ------------

Command Line: --add-opens=java.base/java.util=ALL-UNNAMED --add-opens=java.base/java.lang=ALL-UNNAMED --add-opens=java.base/java.lang.invoke=ALL-UNNAMED --add-opens=java.prefs/java.util.prefs=ALL-UNNAMED -Xmx2048m -Dfile.encoding=UTF-8 -Duser.country=RU -Duser.language=ru -Duser.variant org.gradle.launcher.daemon.bootstrap.GradleDaemon 6.5

Host: Intel(R) Core(TM) i5-7200U CPU @ 2.50GHz, 4 cores, 7G,  Windows 10 , 64 bit Build 22000 (10.0.22000.120)
Time: Sun Aug 29 00:25:05 2021 RTZ 2 (зима) elapsed time: 1499.808613 seconds (0d 0h 24m 59s)

---------------  T H R E A D  ---------------

Current thread (0x00000219edf59800):  JavaThread "C2 CompilerThread0" daemon [_thread_in_native, id=508, stack(0x000000d18a500000,0x000000d18a600000)]


Current CompileTask:
C2:1499808 19874   !   4       org.gradle.internal.snapshot.impl.DirectorySnapshotter$PathVisitor::snapshotFile (114 bytes)

Stack: [0x000000d18a500000,0x000000d18a600000]
Native frames: (J=compiled Java code, j=interpreted, Vv=VM code, C=native code)
V  [jvm.dll+0x5ecfaa]
V  [jvm.dll+0x722bd5]
V  [jvm.dll+0x72412d]
V  [jvm.dll+0x7247e3]
V  [jvm.dll+0x242928]
V  [jvm.dll+0xbc4fc]
V  [jvm.dll+0xbca0c]
V  [jvm.dll+0x352d7d]
V  [jvm.dll+0x19800c]
V  [jvm.dll+0x1fb70e]
V  [jvm.dll+0x1fa7f4]
V  [jvm.dll+0x18354c]
V  [jvm.dll+0x208ee7]
V  [jvm.dll+0x207731]
V  [jvm.dll+0x6eb1cf]
V  [jvm.dll+0x6e3d45]
V  [jvm.dll+0x5ebe96]
C  [ucrtbase.dll+0x26c0c]
C  [KERNEL32.DLL+0x154e0]
C  [ntdll.dll+0x485b]


---------------  P R O C E S S  ---------------

Threads class SMR info:
_java_thread_list=0x00000219f9162a10, length=174, elements={
0x00000219d23eb000, 0x00000219edf2f000, 0x00000219edf3a000, 0x00000219edf51000,
0x00000219edf52000, 0x00000219edf53800, 0x00000219edf59800, 0x00000219edf5e800,
0x00000219edf68800, 0x00000219eea7c000, 0x00000219f001a800, 0x00000219eeb36800,
0x00000219efdf4800, 0x00000219f072c800, 0x00000219f072f000, 0x00000219f072e000,
0x00000219f139b000, 0x00000219f139a000, 0x00000219f4031000, 0x00000219f402b000,
0x00000219f402c000, 0x00000219f4030000, 0x00000219f139c800, 0x00000219f1398800,
0x00000219f1397000, 0x00000219f139e000, 0x00000219f139f000, 0x00000219f139d800,
0x00000219f1399000, 0x00000219f13a0000, 0x00000219f13a5800, 0x00000219f13a0800,
0x00000219f13a1800, 0x00000219f13a2000, 0x00000219f13a3000, 0x00000219f13a4000,
0x00000219f13a4800, 0x00000219f0730000, 0x00000219f072a000, 0x00000219f0730800,
0x00000219f072b000, 0x00000219f072c000, 0x00000219f072d800, 0x00000219f33da000,
0x00000219f33d4000, 0x00000219f33d6800, 0x00000219f33da800, 0x00000219f33d5000,
0x00000219f33db800, 0x00000219f33d5800, 0x00000219f33d9000, 0x00000219f33dc000,
0x00000219f33dd000, 0x00000219f33d7800, 0x00000219f33d8000, 0x00000219f33e3000,
0x00000219f33de000, 0x00000219f33df800, 0x00000219f33e0800, 0x00000219f33de800,
0x00000219f33e1000, 0x00000219f33e2000, 0x00000219f6b15000, 0x00000219f6b17800,
0x00000219f6b16800, 0x00000219f6b18000, 0x00000219f6b13000, 0x00000219f6b14000,
0x00000219f6b15800, 0x00000219f6b1e000, 0x00000219f6b1e800, 0x00000219f6b19000,
0x00000219f6b1f800, 0x00000219f6b1a000, 0x00000219f6b1d000, 0x00000219f6b1a800,
0x00000219f6b20800, 0x00000219f6b21000, 0x00000219f6b1b800, 0x00000219f6b1c000,
0x00000219f6b22000, 0x00000219f4240800, 0x00000219f4243000, 0x00000219f4241800,
0x00000219f4244000, 0x00000219f4244800, 0x00000219f4242000, 0x00000219f4249800,
0x00000219f4248000, 0x00000219f424a800, 0x00000219f424b000, 0x00000219f4248800,
0x00000219f4245800, 0x00000219f424c000, 0x00000219f4246000, 0x00000219f424d000,
0x00000219f4247000, 0x00000219f424d800, 0x00000219f424e800, 0x00000219f424f000,
0x00000219f145a000, 0x00000219f145c000, 0x00000219f145d800, 0x00000219f1459800,
0x00000219f1457800, 0x00000219f145e000, 0x00000219f145b000, 0x00000219f1458800,
0x00000219f145c800, 0x00000219f1460800, 0x00000219f145f000, 0x00000219f1461800,
0x00000219f1463000, 0x00000219f1462800, 0x00000219f1464000, 0x00000219f1465000,
0x00000219f1465800, 0x00000219f1460000, 0x00000219f1466800, 0x00000219ef140000,
0x00000219ef140800, 0x00000219ef13b000, 0x00000219ef13f000, 0x00000219ef13c800,
0x00000219ef141800, 0x00000219ef13d800, 0x00000219ef13c000, 0x00000219ef13e800,
0x00000219ef144000, 0x00000219ef147000, 0x00000219ef148000, 0x00000219ef142800,
0x00000219ef145000, 0x00000219ef146800, 0x00000219ef149000, 0x00000219ef143000,
0x00000219ef149800, 0x00000219ef145800, 0x00000219f4280800, 0x00000219f4281800,
0x00000219f4284000, 0x00000219f4284800, 0x00000219f4286000, 0x00000219f64a8000,
0x00000219f64a9800, 0x00000219f64aa800, 0x00000219f64ab800, 0x00000219f64ac000,
0x00000219f64ad000, 0x00000219f64a7800, 0x00000219f64ae000, 0x00000219f64b4800,
0x00000219f64b2000, 0x00000219f64b3800, 0x00000219f64ae800, 0x00000219f64b1000,
0x00000219f64b5000, 0x00000219f64af800, 0x00000219f64b0800, 0x00000219f64b7000,
0x00000219f64b2800, 0x00000219f64ba000, 0x00000219f64bb000, 0x00000219f64b9000,
0x00000219f64be000, 0x00000219f64b8800, 0x00000219f64bb800, 0x00000219f64b6000,
0x00000219f64c0000, 0x00000219f64c1800, 0x00000219f64bc800, 0x00000219f64c3000,
0x00000219f64bd800, 0x00000219f64c6800
}

Java Threads: ( => current thread )
  0x00000219d23eb000 JavaThread "main" [_thread_blocked, id=9116, stack(0x000000d189900000,0x000000d189a00000)]
  0x00000219edf2f000 JavaThread "Reference Handler" daemon [_thread_blocked, id=8556, stack(0x000000d18a000000,0x000000d18a100000)]
  0x00000219edf3a000 JavaThread "Finalizer" daemon [_thread_blocked, id=2068, stack(0x000000d18a100000,0x000000d18a200000)]
  0x00000219edf51000 JavaThread "Signal Dispatcher" daemon [_thread_blocked, id=5788, stack(0x000000d18a200000,0x000000d18a300000)]
  0x00000219edf52000 JavaThread "Attach Listener" daemon [_thread_blocked, id=8020, stack(0x000000d18a300000,0x000000d18a400000)]
  0x00000219edf53800 JavaThread "Service Thread" daemon [_thread_blocked, id=5428, stack(0x000000d18a400000,0x000000d18a500000)]
=>0x00000219edf59800 JavaThread "C2 CompilerThread0" daemon [_thread_in_native, id=508, stack(0x000000d18a500000,0x000000d18a600000)]
  0x00000219edf5e800 JavaThread "C1 CompilerThread0" daemon [_thread_blocked, id=1332, stack(0x000000d18a600000,0x000000d18a700000)]
  0x00000219edf68800 JavaThread "Sweeper thread" daemon [_thread_blocked, id=8988, stack(0x000000d18a700000,0x000000d18a800000)]
  0x00000219eea7c000 JavaThread "Common-Cleaner" daemon [_thread_blocked, id=976, stack(0x000000d18a800000,0x000000d18a900000)]
  0x00000219f001a800 JavaThread "Daemon health stats" [_thread_blocked, id=2976, stack(0x000000d18ad00000,0x000000d18ae00000)]
  0x00000219eeb36800 JavaThread "Incoming local TCP Connector on port 10186" [_thread_in_native, id=4344, stack(0x000000d18af00000,0x000000d18b000000)]
  0x00000219efdf4800 JavaThread "Daemon periodic checks" [_thread_blocked, id=276, stack(0x000000d18b000000,0x000000d18b100000)]
  0x00000219f072c800 JavaThread "Cache worker for journal cache (C:\Users\Acer\.gradle\caches\journal-1)" [_thread_blocked, id=2196, stack(0x000000d18b900000,0x000000d18ba00000)]
  0x00000219f072f000 JavaThread "File lock request listener" [_thread_in_native, id=7448, stack(0x000000d18ba00000,0x000000d18bb00000)]
  0x00000219f072e000 JavaThread "Cache worker for file hash cache (C:\Users\Acer\.gradle\caches\6.5\fileHashes)" [_thread_blocked, id=3560, stack(0x000000d18bc00000,0x000000d18bd00000)]
  0x00000219f139b000 JavaThread "Cache worker for execution history cache (C:\Users\Acer\.gradle\caches\6.5\executionHistory)" [_thread_blocked, id=3772, stack(0x000000d18d500000,0x000000d18d600000)]
  0x00000219f139a000 JavaThread "Cache worker for file content cache (C:\Users\Acer\.gradle\caches\6.5\fileContent)" [_thread_blocked, id=8256, stack(0x000000d18d600000,0x000000d18d700000)]
  0x00000219f4031000 JavaThread "Memory manager" [_thread_blocked, id=7800, stack(0x000000d194200000,0x000000d194300000)]
  0x00000219f402b000 JavaThread "Daemon Thread 2" [_thread_blocked, id=2588, stack(0x000000d189600000,0x000000d189700000)]
  0x00000219f402c000 JavaThread "Daemon worker Thread 2" [_thread_in_native, id=4076, stack(0x000000d18aa00000,0x000000d18ab00000)]
  0x00000219f4030000 JavaThread "jar transforms Thread 123" [_thread_blocked, id=6324, stack(0x000000d18b700000,0x000000d18b800000)]
  0x00000219f139c800 JavaThread "jar transforms Thread 124" [_thread_blocked, id=8928, stack(0x000000d18c100000,0x000000d18c200000)]
  0x00000219f1398800 JavaThread "jar transforms Thread 125" [_thread_blocked, id=5228, stack(0x000000d18c200000,0x000000d18c300000)]
  0x00000219f1397000 JavaThread "jar transforms Thread 126" [_thread_blocked, id=2316, stack(0x000000d18c300000,0x000000d18c400000)]
  0x00000219f139e000 JavaThread "jar transforms Thread 127" [_thread_blocked, id=6668, stack(0x000000d18c400000,0x000000d18c500000)]
  0x00000219f139f000 JavaThread "jar transforms Thread 128" [_thread_blocked, id=3924, stack(0x000000d18c500000,0x000000d18c600000)]
  0x00000219f139d800 JavaThread "jar transforms Thread 129" [_thread_blocked, id=8568, stack(0x000000d18c600000,0x000000d18c700000)]
  0x00000219f1399000 JavaThread "jar transforms Thread 130" [_thread_blocked, id=8260, stack(0x000000d18c700000,0x000000d18c800000)]
  0x00000219f13a0000 JavaThread "jar transforms Thread 131" [_thread_blocked, id=8808, stack(0x000000d18c800000,0x000000d18c900000)]
  0x00000219f13a5800 JavaThread "jar transforms Thread 132" [_thread_blocked, id=4484, stack(0x000000d18c900000,0x000000d18ca00000)]
  0x00000219f13a0800 JavaThread "jar transforms Thread 133" [_thread_blocked, id=7932, stack(0x000000d18ca00000,0x000000d18cb00000)]
  0x00000219f13a1800 JavaThread "jar transforms Thread 134" [_thread_blocked, id=6208, stack(0x000000d18cb00000,0x000000d18cc00000)]
  0x00000219f13a2000 JavaThread "jar transforms Thread 135" [_thread_blocked, id=6552, stack(0x000000d18cc00000,0x000000d18cd00000)]
  0x00000219f13a3000 JavaThread "jar transforms Thread 136" [_thread_blocked, id=404, stack(0x000000d18cd00000,0x000000d18ce00000)]
  0x00000219f13a4000 JavaThread "jar transforms Thread 137" [_thread_blocked, id=1060, stack(0x000000d18ce00000,0x000000d18cf00000)]
  0x00000219f13a4800 JavaThread "jar transforms Thread 138" [_thread_blocked, id=8936, stack(0x000000d18cf00000,0x000000d18d000000)]
  0x00000219f0730000 JavaThread "jar transforms Thread 139" [_thread_blocked, id=3284, stack(0x000000d18d000000,0x000000d18d100000)]
  0x00000219f072a000 JavaThread "jar transforms Thread 140" [_thread_blocked, id=3312, stack(0x000000d18d100000,0x000000d18d200000)]
  0x00000219f0730800 JavaThread "jar transforms Thread 141" [_thread_blocked, id=7084, stack(0x000000d18d200000,0x000000d18d300000)]
  0x00000219f072b000 JavaThread "jar transforms Thread 142" [_thread_blocked, id=8116, stack(0x000000d18d300000,0x000000d18d400000)]
  0x00000219f072c000 JavaThread "jar transforms Thread 143" [_thread_blocked, id=8052, stack(0x000000d18d400000,0x000000d18d500000)]
  0x00000219f072d800 JavaThread "jar transforms Thread 144" [_thread_blocked, id=8532, stack(0x000000d18d700000,0x000000d18d800000)]
  0x00000219f33da000 JavaThread "jar transforms Thread 145" [_thread_blocked, id=4384, stack(0x000000d18d800000,0x000000d18d900000)]
  0x00000219f33d4000 JavaThread "jar transforms Thread 146" [_thread_blocked, id=4004, stack(0x000000d18d900000,0x000000d18da00000)]
  0x00000219f33d6800 JavaThread "jar transforms Thread 147" [_thread_blocked, id=2820, stack(0x000000d18da00000,0x000000d18db00000)]
  0x00000219f33da800 JavaThread "jar transforms Thread 148" [_thread_blocked, id=2356, stack(0x000000d18db00000,0x000000d18dc00000)]
  0x00000219f33d5000 JavaThread "jar transforms Thread 149" [_thread_blocked, id=8160, stack(0x000000d18dc00000,0x000000d18dd00000)]
  0x00000219f33db800 JavaThread "jar transforms Thread 150" [_thread_blocked, id=4268, stack(0x000000d18dd00000,0x000000d18de00000)]
  0x00000219f33d5800 JavaThread "jar transforms Thread 151" [_thread_blocked, id=6084, stack(0x000000d18de00000,0x000000d18df00000)]
  0x00000219f33d9000 JavaThread "jar transforms Thread 152" [_thread_blocked, id=2352, stack(0x000000d18df00000,0x000000d18e000000)]
  0x00000219f33dc000 JavaThread "jar transforms Thread 153" [_thread_blocked, id=3244, stack(0x000000d18e000000,0x000000d18e100000)]
  0x00000219f33dd000 JavaThread "jar transforms Thread 154" [_thread_blocked, id=3764, stack(0x000000d18e100000,0x000000d18e200000)]
  0x00000219f33d7800 JavaThread "jar transforms Thread 155" [_thread_blocked, id=1176, stack(0x000000d18e200000,0x000000d18e300000)]
  0x00000219f33d8000 JavaThread "jar transforms Thread 156" [_thread_blocked, id=6088, stack(0x000000d18e300000,0x000000d18e400000)]
  0x00000219f33e3000 JavaThread "jar transforms Thread 157" [_thread_blocked, id=5892, stack(0x000000d18e400000,0x000000d18e500000)]
  0x00000219f33de000 JavaThread "jar transforms Thread 158" [_thread_blocked, id=6948, stack(0x000000d18e500000,0x000000d18e600000)]
  0x00000219f33df800 JavaThread "jar transforms Thread 159" [_thread_blocked, id=9040, stack(0x000000d18e600000,0x000000d18e700000)]
  0x00000219f33e0800 JavaThread "jar transforms Thread 160" [_thread_blocked, id=5592, stack(0x000000d18e700000,0x000000d18e800000)]
  0x00000219f33de800 JavaThread "jar transforms Thread 161" [_thread_blocked, id=1344, stack(0x000000d18e800000,0x000000d18e900000)]
  0x00000219f33e1000 JavaThread "jar transforms Thread 162" [_thread_blocked, id=9104, stack(0x000000d18e900000,0x000000d18ea00000)]
  0x00000219f33e2000 JavaThread "jar transforms Thread 163" [_thread_blocked, id=5192, stack(0x000000d18ea00000,0x000000d18eb00000)]
  0x00000219f6b15000 JavaThread "jar transforms Thread 164" [_thread_blocked, id=3296, stack(0x000000d18eb00000,0x000000d18ec00000)]
  0x00000219f6b17800 JavaThread "jar transforms Thread 165" [_thread_blocked, id=6920, stack(0x000000d18ec00000,0x000000d18ed00000)]
  0x00000219f6b16800 JavaThread "jar transforms Thread 166" [_thread_blocked, id=1304, stack(0x000000d18ed00000,0x000000d18ee00000)]
  0x00000219f6b18000 JavaThread "jar transforms Thread 167" [_thread_blocked, id=6572, stack(0x000000d18ee00000,0x000000d18ef00000)]
  0x00000219f6b13000 JavaThread "jar transforms Thread 168" [_thread_blocked, id=7868, stack(0x000000d18ef00000,0x000000d18f000000)]
  0x00000219f6b14000 JavaThread "jar transforms Thread 169" [_thread_blocked, id=8460, stack(0x000000d18f000000,0x000000d18f100000)]
  0x00000219f6b15800 JavaThread "jar transforms Thread 170" [_thread_blocked, id=7760, stack(0x000000d18f100000,0x000000d18f200000)]
  0x00000219f6b1e000 JavaThread "jar transforms Thread 171" [_thread_blocked, id=7292, stack(0x000000d18f200000,0x000000d18f300000)]
  0x00000219f6b1e800 JavaThread "jar transforms Thread 172" [_thread_blocked, id=3196, stack(0x000000d18f300000,0x000000d18f400000)]
  0x00000219f6b19000 JavaThread "jar transforms Thread 173" [_thread_blocked, id=9012, stack(0x000000d18f400000,0x000000d18f500000)]
  0x00000219f6b1f800 JavaThread "jar transforms Thread 174" [_thread_blocked, id=7108, stack(0x000000d18f500000,0x000000d18f600000)]
  0x00000219f6b1a000 JavaThread "jar transforms Thread 175" [_thread_blocked, id=7840, stack(0x000000d18f600000,0x000000d18f700000)]
  0x00000219f6b1d000 JavaThread "jar transforms Thread 176" [_thread_blocked, id=4408, stack(0x000000d18f700000,0x000000d18f800000)]
  0x00000219f6b1a800 JavaThread "jar transforms Thread 177" [_thread_blocked, id=5200, stack(0x000000d18f800000,0x000000d18f900000)]
  0x00000219f6b20800 JavaThread "jar transforms Thread 178" [_thread_blocked, id=6496, stack(0x000000d18f900000,0x000000d18fa00000)]
  0x00000219f6b21000 JavaThread "jar transforms Thread 179" [_thread_blocked, id=5764, stack(0x000000d18fa00000,0x000000d18fb00000)]
  0x00000219f6b1b800 JavaThread "jar transforms Thread 180" [_thread_blocked, id=4880, stack(0x000000d18fb00000,0x000000d18fc00000)]
  0x00000219f6b1c000 JavaThread "jar transforms Thread 181" [_thread_blocked, id=5656, stack(0x000000d18fc00000,0x000000d18fd00000)]
  0x00000219f6b22000 JavaThread "jar transforms Thread 182" [_thread_blocked, id=6420, stack(0x000000d18fd00000,0x000000d18fe00000)]
  0x00000219f4240800 JavaThread "jar transforms Thread 183" [_thread_blocked, id=5672, stack(0x000000d18fe00000,0x000000d18ff00000)]
  0x00000219f4243000 JavaThread "jar transforms Thread 184" [_thread_blocked, id=528, stack(0x000000d18ff00000,0x000000d190000000)]
  0x00000219f4241800 JavaThread "jar transforms Thread 185" [_thread_blocked, id=8096, stack(0x000000d190000000,0x000000d190100000)]
  0x00000219f4244000 JavaThread "jar transforms Thread 186" [_thread_blocked, id=5688, stack(0x000000d190100000,0x000000d190200000)]
  0x00000219f4244800 JavaThread "jar transforms Thread 187" [_thread_blocked, id=5396, stack(0x000000d190200000,0x000000d190300000)]
  0x00000219f4242000 JavaThread "jar transforms Thread 188" [_thread_blocked, id=3272, stack(0x000000d190300000,0x000000d190400000)]
  0x00000219f4249800 JavaThread "jar transforms Thread 189" [_thread_blocked, id=6820, stack(0x000000d190400000,0x000000d190500000)]
  0x00000219f4248000 JavaThread "jar transforms Thread 190" [_thread_blocked, id=784, stack(0x000000d190500000,0x000000d190600000)]
  0x00000219f424a800 JavaThread "jar transforms Thread 191" [_thread_blocked, id=7884, stack(0x000000d190600000,0x000000d190700000)]
  0x00000219f424b000 JavaThread "jar transforms Thread 192" [_thread_blocked, id=8676, stack(0x000000d190700000,0x000000d190800000)]
  0x00000219f4248800 JavaThread "jar transforms Thread 193" [_thread_blocked, id=2360, stack(0x000000d190800000,0x000000d190900000)]
  0x00000219f4245800 JavaThread "jar transforms Thread 194" [_thread_blocked, id=5488, stack(0x000000d190900000,0x000000d190a00000)]
  0x00000219f424c000 JavaThread "jar transforms Thread 195" [_thread_blocked, id=4084, stack(0x000000d190a00000,0x000000d190b00000)]
  0x00000219f4246000 JavaThread "jar transforms Thread 196" [_thread_blocked, id=2136, stack(0x000000d190b00000,0x000000d190c00000)]
  0x00000219f424d000 JavaThread "jar transforms Thread 197" [_thread_blocked, id=2420, stack(0x000000d190c00000,0x000000d190d00000)]
  0x00000219f4247000 JavaThread "jar transforms Thread 198" [_thread_blocked, id=3960, stack(0x000000d190d00000,0x000000d190e00000)]
  0x00000219f424d800 JavaThread "jar transforms Thread 199" [_thread_blocked, id=5528, stack(0x000000d190e00000,0x000000d190f00000)]
  0x00000219f424e800 JavaThread "jar transforms Thread 200" [_thread_blocked, id=548, stack(0x000000d190f00000,0x000000d191000000)]
  0x00000219f424f000 JavaThread "jar transforms Thread 201" [_thread_blocked, id=8380, stack(0x000000d191000000,0x000000d191100000)]
  0x00000219f145a000 JavaThread "jar transforms Thread 202" [_thread_blocked, id=7596, stack(0x000000d191100000,0x000000d191200000)]
  0x00000219f145c000 JavaThread "jar transforms Thread 203" [_thread_blocked, id=604, stack(0x000000d191200000,0x000000d191300000)]
  0x00000219f145d800 JavaThread "jar transforms Thread 204" [_thread_blocked, id=6856, stack(0x000000d191300000,0x000000d191400000)]
  0x00000219f1459800 JavaThread "jar transforms Thread 205" [_thread_blocked, id=4780, stack(0x000000d191400000,0x000000d191500000)]
  0x00000219f1457800 JavaThread "jar transforms Thread 206" [_thread_blocked, id=4816, stack(0x000000d191500000,0x000000d191600000)]
  0x00000219f145e000 JavaThread "jar transforms Thread 207" [_thread_blocked, id=4640, stack(0x000000d191600000,0x000000d191700000)]
  0x00000219f145b000 JavaThread "jar transforms Thread 208" [_thread_blocked, id=3596, stack(0x000000d191700000,0x000000d191800000)]
  0x00000219f1458800 JavaThread "jar transforms Thread 209" [_thread_blocked, id=4664, stack(0x000000d191800000,0x000000d191900000)]
  0x00000219f145c800 JavaThread "jar transforms Thread 210" [_thread_blocked, id=8496, stack(0x000000d191900000,0x000000d191a00000)]
  0x00000219f1460800 JavaThread "jar transforms Thread 211" [_thread_blocked, id=6884, stack(0x000000d191a00000,0x000000d191b00000)]
  0x00000219f145f000 JavaThread "jar transforms Thread 212" [_thread_blocked, id=6364, stack(0x000000d191b00000,0x000000d191c00000)]
  0x00000219f1461800 JavaThread "jar transforms Thread 213" [_thread_blocked, id=7464, stack(0x000000d191c00000,0x000000d191d00000)]
  0x00000219f1463000 JavaThread "jar transforms Thread 214" [_thread_blocked, id=1900, stack(0x000000d191d00000,0x000000d191e00000)]
  0x00000219f1462800 JavaThread "jar transforms Thread 215" [_thread_blocked, id=4312, stack(0x000000d191e00000,0x000000d191f00000)]
  0x00000219f1464000 JavaThread "jar transforms Thread 216" [_thread_blocked, id=6308, stack(0x000000d191f00000,0x000000d192000000)]
  0x00000219f1465000 JavaThread "jar transforms Thread 217" [_thread_blocked, id=1656, stack(0x000000d192000000,0x000000d192100000)]
  0x00000219f1465800 JavaThread "jar transforms Thread 218" [_thread_blocked, id=9080, stack(0x000000d192100000,0x000000d192200000)]
  0x00000219f1460000 JavaThread "jar transforms Thread 219" [_thread_blocked, id=7392, stack(0x000000d192200000,0x000000d192300000)]
  0x00000219f1466800 JavaThread "jar transforms Thread 220" [_thread_blocked, id=7584, stack(0x000000d192300000,0x000000d192400000)]
  0x00000219ef140000 JavaThread "jar transforms Thread 221" [_thread_blocked, id=8364, stack(0x000000d192400000,0x000000d192500000)]
  0x00000219ef140800 JavaThread "jar transforms Thread 222" [_thread_blocked, id=704, stack(0x000000d192500000,0x000000d192600000)]
  0x00000219ef13b000 JavaThread "jar transforms Thread 223" [_thread_blocked, id=7344, stack(0x000000d192600000,0x000000d192700000)]
  0x00000219ef13f000 JavaThread "jar transforms Thread 224" [_thread_blocked, id=5000, stack(0x000000d192700000,0x000000d192800000)]
  0x00000219ef13c800 JavaThread "jar transforms Thread 225" [_thread_blocked, id=3844, stack(0x000000d192800000,0x000000d192900000)]
  0x00000219ef141800 JavaThread "jar transforms Thread 226" [_thread_blocked, id=5380, stack(0x000000d192900000,0x000000d192a00000)]
  0x00000219ef13d800 JavaThread "jar transforms Thread 227" [_thread_blocked, id=5804, stack(0x000000d192a00000,0x000000d192b00000)]
  0x00000219ef13c000 JavaThread "jar transforms Thread 228" [_thread_blocked, id=7996, stack(0x000000d192b00000,0x000000d192c00000)]
  0x00000219ef13e800 JavaThread "jar transforms Thread 229" [_thread_blocked, id=8996, stack(0x000000d192c00000,0x000000d192d00000)]
  0x00000219ef144000 JavaThread "jar transforms Thread 230" [_thread_blocked, id=8776, stack(0x000000d192d00000,0x000000d192e00000)]
  0x00000219ef147000 JavaThread "jar transforms Thread 231" [_thread_blocked, id=8980, stack(0x000000d192e00000,0x000000d192f00000)]
  0x00000219ef148000 JavaThread "jar transforms Thread 232" [_thread_blocked, id=2160, stack(0x000000d192f00000,0x000000d193000000)]
  0x00000219ef142800 JavaThread "jar transforms Thread 233" [_thread_blocked, id=7400, stack(0x000000d193000000,0x000000d193100000)]
  0x00000219ef145000 JavaThread "jar transforms Thread 234" [_thread_blocked, id=9072, stack(0x000000d193100000,0x000000d193200000)]
  0x00000219ef146800 JavaThread "jar transforms Thread 235" [_thread_blocked, id=1772, stack(0x000000d193200000,0x000000d193300000)]
  0x00000219ef149000 JavaThread "jar transforms Thread 236" [_thread_blocked, id=6880, stack(0x000000d193300000,0x000000d193400000)]
  0x00000219ef143000 JavaThread "jar transforms Thread 237" [_thread_blocked, id=4696, stack(0x000000d193400000,0x000000d193500000)]
  0x00000219ef149800 JavaThread "jar transforms Thread 238" [_thread_blocked, id=6584, stack(0x000000d193500000,0x000000d193600000)]
  0x00000219ef145800 JavaThread "jar transforms Thread 239" [_thread_blocked, id=6808, stack(0x000000d193600000,0x000000d193700000)]
  0x00000219f4280800 JavaThread "jar transforms Thread 240" [_thread_blocked, id=7912, stack(0x000000d193700000,0x000000d193800000)]
  0x00000219f4281800 JavaThread "jar transforms Thread 241" [_thread_blocked, id=1932, stack(0x000000d193800000,0x000000d193900000)]
  0x00000219f4284000 JavaThread "jar transforms Thread 242" [_thread_blocked, id=7308, stack(0x000000d193900000,0x000000d193a00000)]
  0x00000219f4284800 JavaThread "jar transforms Thread 243" [_thread_blocked, id=7588, stack(0x000000d193a00000,0x000000d193b00000)]
  0x00000219f4286000 JavaThread "jar transforms Thread 244" [_thread_blocked, id=408, stack(0x000000d193b00000,0x000000d193c00000)]
  0x00000219f64a8000 JavaThread "Handler for socket connection from /127.0.0.1:10186 to /127.0.0.1:1949" [_thread_in_native, id=8632, stack(0x000000d189700000,0x000000d189800000)]
  0x00000219f64a9800 JavaThread "Cancel handler" [_thread_blocked, id=7564, stack(0x000000d189800000,0x000000d189900000)]
  0x00000219f64aa800 JavaThread "Asynchronous log dispatcher for DefaultDaemonConnection: socket connection from /127.0.0.1:10186 to /127.0.0.1:1949" [_thread_blocked, id=7384, stack(0x000000d18ae00000,0x000000d18af00000)]
  0x00000219f64ab800 JavaThread "Stdin handler" [_thread_blocked, id=8872, stack(0x000000d18b100000,0x000000d18b200000)]
  0x00000219f64ac000 JavaThread "Thread-297" [_thread_blocked, id=4356, stack(0x000000d18b200000,0x000000d18b300000)]
  0x00000219f64ad000 JavaThread "Cache worker for file hash cache (D:\proyektim_kvartirabor\Kvartirabor\.gradle\6.5\fileHashes)" [_thread_blocked, id=8132, stack(0x000000d18b300000,0x000000d18b400000)]
  0x00000219f64a7800 JavaThread "Cache worker for checksums cache (D:\proyektim_kvartirabor\Kvartirabor\.gradle\checksums)" [_thread_blocked, id=6876, stack(0x000000d18b400000,0x000000d18b500000)]
  0x00000219f64ae000 JavaThread "Cache worker for cache directory md-supplier (C:\Users\Acer\.gradle\caches\6.5\md-supplier)" [_thread_blocked, id=5012, stack(0x000000d18b500000,0x000000d18b600000)]
  0x00000219f64b4800 JavaThread "Cache worker for cache directory md-rule (C:\Users\Acer\.gradle\caches\6.5\md-rule)" [_thread_blocked, id=5640, stack(0x000000d18b600000,0x000000d18b700000)]
  0x00000219f64b2000 JavaThread "Build operations" [_thread_blocked, id=7208, stack(0x000000d18bd00000,0x000000d18be00000)]
  0x00000219f64b3800 JavaThread "Build operations Thread 2" [_thread_blocked, id=7752, stack(0x000000d18be00000,0x000000d18bf00000)]
  0x00000219f64ae800 JavaThread "Build operations Thread 3" [_thread_blocked, id=8492, stack(0x000000d18bf00000,0x000000d18c000000)]
  0x00000219f64b1000 JavaThread "Build operations Thread 4" [_thread_blocked, id=820, stack(0x000000d18c000000,0x000000d18c100000)]
  0x00000219f64b5000 JavaThread "Cache worker for Build Output Cleanup Cache (D:\proyektim_kvartirabor\Kvartirabor\.gradle\buildOutputCleanup)" [_thread_blocked, id=5512, stack(0x000000d193c00000,0x000000d193d00000)]
  0x00000219f64af800 JavaThread "Cache worker for file content cache (D:\proyektim_kvartirabor\Kvartirabor\.gradle\6.5\fileContent)" [_thread_blocked, id=1188, stack(0x000000d193d00000,0x000000d193e00000)]
  0x00000219f64b0800 JavaThread "Execution worker for ':'" [_thread_blocked, id=5144, stack(0x000000d193e00000,0x000000d193f00000)]
  0x00000219f64b7000 JavaThread "Execution worker for ':' Thread 2" [_thread_blocked, id=8732, stack(0x000000d193f00000,0x000000d194000000)]
  0x00000219f64b2800 JavaThread "Execution worker for ':' Thread 3" [_thread_blocked, id=5332, stack(0x000000d194000000,0x000000d194100000)]
  0x00000219f64ba000 JavaThread "Cache worker for execution history cache (D:\proyektim_kvartirabor\Kvartirabor\.gradle\6.5\executionHistory)" [_thread_blocked, id=6860, stack(0x000000d194100000,0x000000d194200000)]
  0x00000219f64bb000 JavaThread "WorkerExecutor Queue" [_thread_blocked, id=7032, stack(0x000000d194300000,0x000000d194400000)]
  0x00000219f64b9000 JavaThread "WorkerExecutor Queue Thread 2" [_thread_blocked, id=8516, stack(0x000000d194400000,0x000000d194500000)]
  0x00000219f64be000 JavaThread "pool-6-thread-1" [_thread_blocked, id=2228, stack(0x000000d194500000,0x000000d194600000)]
  0x00000219f64b8800 JavaThread "stderr" [_thread_in_native, id=4132, stack(0x000000d194600000,0x000000d194700000)]
  0x00000219f64bb800 JavaThread "stdout" [_thread_in_native, id=5860, stack(0x000000d194700000,0x000000d194800000)]
  0x00000219f64b6000 JavaThread "C2 CompilerThread1" daemon [_thread_in_native, id=2064, stack(0x000000d18b800000,0x000000d18b900000)]
  0x00000219f64c0000 JavaThread "RMI Scheduler(0)" daemon [_thread_blocked, id=32, stack(0x000000d194800000,0x000000d194900000)]
  0x00000219f64c1800 JavaThread "RMI GC Daemon" daemon [_thread_blocked, id=3160, stack(0x000000d194a00000,0x000000d194b00000)]
  0x00000219f64bc800 JavaThread "RMI TCP Accept-0" daemon [_thread_in_native, id=8812, stack(0x000000d194b00000,0x000000d194c00000)]
  0x00000219f64c3000 JavaThread "RMI Reaper" [_thread_blocked, id=2272, stack(0x000000d194c00000,0x000000d194d00000)]
  0x00000219f64bd800 JavaThread "RMI TCP Connection(1)-127.0.0.1" daemon [_thread_in_native, id=8248, stack(0x000000d194d00000,0x000000d194e00000)]
  0x00000219f64c6800 JavaThread "WorkerExecutor Queue Thread 3" [_thread_blocked, id=8432, stack(0x000000d194900000,0x000000d194a00000)]

Other Threads:
  0x00000219edf2a800 VMThread "VM Thread" [stack: 0x000000d189f00000,0x000000d18a000000] [id=7984]
  0x00000219eeaa2000 WatcherThread [stack: 0x000000d18a900000,0x000000d18aa00000] [id=1700]
  0x00000219d2404800 GCTaskThread "GC Thread#0" [stack: 0x000000d189a00000,0x000000d189b00000] [id=7960]
  0x00000219ef066800 GCTaskThread "GC Thread#1" [stack: 0x000000d18ab00000,0x000000d18ac00000] [id=6592]
  0x00000219ef1b0800 GCTaskThread "GC Thread#2" [stack: 0x000000d18ac00000,0x000000d18ad00000] [id=9092]
  0x00000219ef9e0800 GCTaskThread "GC Thread#3" [stack: 0x000000d18bb00000,0x000000d18bc00000] [id=4060]
  0x00000219d2435000 ConcurrentGCThread "G1 Main Marker" [stack: 0x000000d189b00000,0x000000d189c00000] [id=7352]
  0x00000219d2437800 ConcurrentGCThread "G1 Conc#0" [stack: 0x000000d189c00000,0x000000d189d00000] [id=8852]
  0x00000219d24c8800 ConcurrentGCThread "G1 Refine#0" [stack: 0x000000d189d00000,0x000000d189e00000] [id=8408]
  0x00000219d24c9800 ConcurrentGCThread "G1 Young RemSet Sampling" [stack: 0x000000d189e00000,0x000000d189f00000] [id=284]

Threads with active compile tasks:
C2 CompilerThread01499830 19874   !   4       org.gradle.internal.snapshot.impl.DirectorySnapshotter$PathVisitor::snapshotFile (114 bytes)
C2 CompilerThread11499830 19872   !   4       org.gradle.internal.snapshot.impl.DirectorySnapshotter$PathVisitor::visitFile (161 bytes)

VM state:not at safepoint (normal execution)

VM Mutex/Monitor currently owned by a thread: None

Heap address: 0x0000000080000000, size: 2048 MB, Compressed Oops mode: 32-bit
Narrow klass base: 0x0000000000000000, Narrow klass shift: 3
Compressed class space size: 1073741824 Address: 0x0000000100000000

Heap:
 garbage-first heap   total 273408K, used 218838K [0x0000000080000000, 0x0000000100000000)
  region size 1024K, 15 young (15360K), 6 survivors (6144K)
 Metaspace       used 149044K, capacity 153052K, committed 153304K, reserved 1183744K
  class space    used 18338K, capacity 19686K, committed 19712K, reserved 1048576K
Heap Regions: E=young(eden), S=young(survivor), O=old, HS=humongous(starts), HC=humongous(continues), CS=collection set, F=free, A=archive, TAMS=top-at-mark-start (previous, next)
|   0|0x0000000080000000, 0x0000000080100000, 0x0000000080100000|100%| O|  |TAMS 0x0000000080100000, 0x0000000080000000| Untracked 
|   1|0x0000000080100000, 0x0000000080200000, 0x0000000080200000|100%| O|  |TAMS 0x0000000080200000, 0x0000000080100000| Untracked 
|   2|0x0000000080200000, 0x0000000080300000, 0x0000000080300000|100%| O|  |TAMS 0x0000000080300000, 0x0000000080200000| Untracked 
|   3|0x0000000080300000, 0x0000000080400000, 0x0000000080400000|100%|HS|  |TAMS 0x0000000080400000, 0x0000000080300000| Complete 
|   4|0x0000000080400000, 0x0000000080500000, 0x0000000080500000|100%|HC|  |TAMS 0x0000000080500000, 0x0000000080400000| Complete 
|   5|0x0000000080500000, 0x0000000080600000, 0x0000000080600000|100%|HC|  |TAMS 0x0000000080600000, 0x0000000080500000| Complete 
|   6|0x0000000080600000, 0x0000000080700000, 0x0000000080700000|100%| O|  |TAMS 0x0000000080700000, 0x0000000080600000| Untracked 
|   7|0x0000000080700000, 0x0000000080800000, 0x0000000080800000|100%| O|  |TAMS 0x0000000080800000, 0x0000000080700000| Untracked 
|   8|0x0000000080800000, 0x0000000080900000, 0x0000000080900000|100%| O|  |TAMS 0x0000000080900000, 0x0000000080800000| Untracked 
|   9|0x0000000080900000, 0x0000000080a00000, 0x0000000080a00000|100%| O|  |TAMS 0x0000000080a00000, 0x0000000080900000| Untracked 
|  10|0x0000000080a00000, 0x0000000080b00000, 0x0000000080b00000|100%| O|  |TAMS 0x0000000080b00000, 0x0000000080a00000| Untracked 
|  11|0x0000000080b00000, 0x0000000080c00000, 0x0000000080c00000|100%| O|  |TAMS 0x0000000080c00000, 0x0000000080b00000| Untracked 
|  12|0x0000000080c00000, 0x0000000080d00000, 0x0000000080d00000|100%| O|  |TAMS 0x0000000080d00000, 0x0000000080c00000| Untracked 
|  13|0x0000000080d00000, 0x0000000080e00000, 0x0000000080e00000|100%|HS|  |TAMS 0x0000000080e00000, 0x0000000080d00000| Complete 
|  14|0x0000000080e00000, 0x0000000080f00000, 0x0000000080f00000|100%|HC|  |TAMS 0x0000000080f00000, 0x0000000080e00000| Complete 
|  15|0x0000000080f00000, 0x0000000081000000, 0x0000000081000000|100%|HS|  |TAMS 0x0000000081000000, 0x0000000080f00000| Complete 
|  16|0x0000000081000000, 0x0000000081100000, 0x0000000081100000|100%|HC|  |TAMS 0x0000000081100000, 0x0000000081000000| Complete 
|  17|0x0000000081100000, 0x0000000081200000, 0x0000000081200000|100%|HC|  |TAMS 0x0000000081200000, 0x0000000081100000| Complete 
|  18|0x0000000081200000, 0x0000000081300000, 0x0000000081300000|100%|HS|  |TAMS 0x0000000081300000, 0x0000000081200000| Complete 
|  19|0x0000000081300000, 0x0000000081400000, 0x0000000081400000|100%|HC|  |TAMS 0x0000000081400000, 0x0000000081300000| Complete 
|  20|0x0000000081400000, 0x0000000081500000, 0x0000000081500000|100%|HC|  |TAMS 0x0000000081500000, 0x0000000081400000| Complete 
|  21|0x0000000081500000, 0x0000000081600000, 0x0000000081600000|100%|HC|  |TAMS 0x0000000081600000, 0x0000000081500000| Complete 
|  22|0x0000000081600000, 0x0000000081700000, 0x0000000081700000|100%|HC|  |TAMS 0x0000000081700000, 0x0000000081600000| Complete 
|  23|0x0000000081700000, 0x0000000081800000, 0x0000000081800000|100%| O|  |TAMS 0x0000000081800000, 0x0000000081700000| Untracked 
|  24|0x0000000081800000, 0x0000000081900000, 0x0000000081900000|100%| O|  |TAMS 0x0000000081800000, 0x0000000081800000| Untracked 
|  25|0x0000000081900000, 0x0000000081a00000, 0x0000000081a00000|100%| O|  |TAMS 0x0000000081a00000, 0x0000000081900000| Untracked 
|  26|0x0000000081a00000, 0x0000000081b00000, 0x0000000081b00000|100%| O|  |TAMS 0x0000000081b00000, 0x0000000081a00000| Untracked 
|  27|0x0000000081b00000, 0x0000000081c00000, 0x0000000081c00000|100%| O|  |TAMS 0x0000000081c00000, 0x0000000081b00000| Untracked 
|  28|0x0000000081c00000, 0x0000000081d00000, 0x0000000081d00000|100%| O|  |TAMS 0x0000000081d00000, 0x0000000081c00000| Untracked 
|  29|0x0000000081d00000, 0x0000000081e00000, 0x0000000081e00000|100%| O|  |TAMS 0x0000000081e00000, 0x0000000081d00000| Untracked 
|  30|0x0000000081e00000, 0x0000000081f00000, 0x0000000081f00000|100%| O|  |TAMS 0x0000000081f00000, 0x0000000081e00000| Untracked 
|  31|0x0000000081f00000, 0x0000000082000000, 0x0000000082000000|100%| O|  |TAMS 0x0000000082000000, 0x0000000081f00000| Untracked 
|  32|0x0000000082000000, 0x0000000082100000, 0x0000000082100000|100%| O|  |TAMS 0x0000000082100000, 0x0000000082000000| Untracked 
|  33|0x0000000082100000, 0x0000000082200000, 0x0000000082200000|100%| O|  |TAMS 0x0000000082200000, 0x0000000082100000| Untracked 
|  34|0x0000000082200000, 0x0000000082300000, 0x0000000082300000|100%|HS|  |TAMS 0x0000000082300000, 0x0000000082200000| Complete 
|  35|0x0000000082300000, 0x0000000082400000, 0x0000000082400000|100%|HS|  |TAMS 0x0000000082400000, 0x0000000082300000| Complete 
|  36|0x0000000082400000, 0x0000000082500000, 0x0000000082500000|100%|HS|  |TAMS 0x0000000082500000, 0x0000000082400000| Complete 
|  37|0x0000000082500000, 0x0000000082600000, 0x0000000082600000|100%|HC|  |TAMS 0x0000000082600000, 0x0000000082500000| Complete 
|  38|0x0000000082600000, 0x0000000082700000, 0x0000000082700000|100%|HC|  |TAMS 0x0000000082700000, 0x0000000082600000| Complete 
|  39|0x0000000082700000, 0x0000000082800000, 0x0000000082800000|100%|HS|  |TAMS 0x0000000082800000, 0x0000000082700000| Complete 
|  40|0x0000000082800000, 0x0000000082900000, 0x0000000082900000|100%|HC|  |TAMS 0x0000000082900000, 0x0000000082800000| Complete 
|  41|0x0000000082900000, 0x0000000082a00000, 0x0000000082a00000|100%| O|  |TAMS 0x0000000082a00000, 0x0000000082900000| Untracked 
|  42|0x0000000082a00000, 0x0000000082b00000, 0x0000000082b00000|100%| O|  |TAMS 0x0000000082b00000, 0x0000000082a00000| Untracked 
|  43|0x0000000082b00000, 0x0000000082c00000, 0x0000000082c00000|100%| O|  |TAMS 0x0000000082c00000, 0x0000000082b00000| Untracked 
|  44|0x0000000082c00000, 0x0000000082d00000, 0x0000000082d00000|100%| O|  |TAMS 0x0000000082d00000, 0x0000000082c00000| Untracked 
|  45|0x0000000082d00000, 0x0000000082e00000, 0x0000000082e00000|100%| O|  |TAMS 0x0000000082e00000, 0x0000000082d00000| Untracked 
|  46|0x0000000082e00000, 0x0000000082f00000, 0x0000000082f00000|100%| O|  |TAMS 0x0000000082f00000, 0x0000000082e00000| Untracked 
|  47|0x0000000082f00000, 0x0000000083000000, 0x0000000083000000|100%| O|  |TAMS 0x0000000083000000, 0x0000000082f00000| Untracked 
|  48|0x0000000083000000, 0x0000000083100000, 0x0000000083100000|100%| O|  |TAMS 0x0000000083100000, 0x0000000083000000| Untracked 
|  49|0x0000000083100000, 0x0000000083200000, 0x0000000083200000|100%| O|  |TAMS 0x0000000083200000, 0x0000000083100000| Untracked 
|  50|0x0000000083200000, 0x0000000083300000, 0x0000000083300000|100%| O|  |TAMS 0x0000000083300000, 0x0000000083200000| Untracked 
|  51|0x0000000083300000, 0x0000000083400000, 0x0000000083400000|100%| O|  |TAMS 0x0000000083400000, 0x0000000083300000| Untracked 
|  52|0x0000000083400000, 0x0000000083500000, 0x0000000083500000|100%| O|  |TAMS 0x0000000083500000, 0x0000000083400000| Untracked 
|  53|0x0000000083500000, 0x0000000083600000, 0x0000000083600000|100%| O|  |TAMS 0x0000000083600000, 0x0000000083500000| Untracked 
|  54|0x0000000083600000, 0x0000000083700000, 0x0000000083700000|100%| O|  |TAMS 0x0000000083700000, 0x0000000083600000| Untracked 
|  55|0x0000000083700000, 0x0000000083800000, 0x0000000083800000|100%| O|  |TAMS 0x0000000083800000, 0x0000000083700000| Untracked 
|  56|0x0000000083800000, 0x0000000083900000, 0x0000000083900000|100%| O|  |TAMS 0x0000000083900000, 0x0000000083800000| Untracked 
|  57|0x0000000083900000, 0x0000000083a00000, 0x0000000083a00000|100%| O|  |TAMS 0x0000000083900000, 0x0000000083900000| Untracked 
|  58|0x0000000083a00000, 0x0000000083b00000, 0x0000000083b00000|100%| O|  |TAMS 0x0000000083b00000, 0x0000000083a00000| Untracked 
|  59|0x0000000083b00000, 0x0000000083c00000, 0x0000000083c00000|100%| O|  |TAMS 0x0000000083c00000, 0x0000000083b00000| Untracked 
|  60|0x0000000083c00000, 0x0000000083d00000, 0x0000000083d00000|100%| O|  |TAMS 0x0000000083d00000, 0x0000000083c00000| Untracked 
|  61|0x0000000083d00000, 0x0000000083e00000, 0x0000000083e00000|100%| O|  |TAMS 0x0000000083e00000, 0x0000000083d00000| Untracked 
|  62|0x0000000083e00000, 0x0000000083f00000, 0x0000000083f00000|100%| O|  |TAMS 0x0000000083f00000, 0x0000000083e00000| Untracked 
|  63|0x0000000083f00000, 0x0000000084000000, 0x0000000084000000|100%| O|  |TAMS 0x0000000084000000, 0x0000000083f00000| Untracked 
|  64|0x0000000084000000, 0x0000000084100000, 0x0000000084100000|100%| O|  |TAMS 0x0000000084100000, 0x0000000084000000| Untracked 
|  65|0x0000000084100000, 0x0000000084200000, 0x0000000084200000|100%| O|  |TAMS 0x0000000084200000, 0x0000000084100000| Untracked 
|  66|0x0000000084200000, 0x0000000084300000, 0x0000000084300000|100%| O|  |TAMS 0x0000000084300000, 0x0000000084200000| Untracked 
|  67|0x0000000084300000, 0x0000000084400000, 0x0000000084400000|100%| O|  |TAMS 0x0000000084400000, 0x0000000084300000| Untracked 
|  68|0x0000000084400000, 0x0000000084500000, 0x0000000084500000|100%| O|  |TAMS 0x0000000084500000, 0x0000000084400000| Untracked 
|  69|0x0000000084500000, 0x0000000084600000, 0x0000000084600000|100%| O|  |TAMS 0x0000000084600000, 0x0000000084500000| Untracked 
|  70|0x0000000084600000, 0x0000000084700000, 0x0000000084700000|100%| O|  |TAMS 0x0000000084700000, 0x0000000084600000| Untracked 
|  71|0x0000000084700000, 0x0000000084800000, 0x0000000084800000|100%| O|  |TAMS 0x0000000084800000, 0x0000000084700000| Untracked 
|  72|0x0000000084800000, 0x0000000084900000, 0x0000000084900000|100%| O|  |TAMS 0x0000000084900000, 0x0000000084800000| Untracked 
|  73|0x0000000084900000, 0x0000000084a00000, 0x0000000084a00000|100%| O|  |TAMS 0x0000000084a00000, 0x0000000084900000| Untracked 
|  74|0x0000000084a00000, 0x0000000084b00000, 0x0000000084b00000|100%| O|  |TAMS 0x0000000084b00000, 0x0000000084a00000| Untracked 
|  75|0x0000000084b00000, 0x0000000084c00000, 0x0000000084c00000|100%| O|  |TAMS 0x0000000084c00000, 0x0000000084b00000| Untracked 
|  76|0x0000000084c00000, 0x0000000084d00000, 0x0000000084d00000|100%| O|  |TAMS 0x0000000084d00000, 0x0000000084c00000| Untracked 
|  77|0x0000000084d00000, 0x0000000084e00000, 0x0000000084e00000|100%| O|  |TAMS 0x0000000084e00000, 0x0000000084d00000| Untracked 
|  78|0x0000000084e00000, 0x0000000084f00000, 0x0000000084f00000|100%| O|  |TAMS 0x0000000084f00000, 0x0000000084e00000| Untracked 
|  79|0x0000000084f00000, 0x0000000085000000, 0x0000000085000000|100%| O|  |TAMS 0x0000000085000000, 0x0000000084f00000| Untracked 
|  80|0x0000000085000000, 0x0000000085100000, 0x0000000085100000|100%| O|  |TAMS 0x0000000085100000, 0x0000000085000000| Untracked 
|  81|0x0000000085100000, 0x0000000085200000, 0x0000000085200000|100%| O|  |TAMS 0x0000000085100000, 0x0000000085100000| Untracked 
|  82|0x0000000085200000, 0x0000000085300000, 0x0000000085300000|100%| O|  |TAMS 0x0000000085300000, 0x0000000085200000| Untracked 
|  83|0x0000000085300000, 0x0000000085400000, 0x0000000085400000|100%| O|  |TAMS 0x0000000085400000, 0x0000000085300000| Untracked 
|  84|0x0000000085400000, 0x0000000085500000, 0x0000000085500000|100%| O|  |TAMS 0x0000000085500000, 0x0000000085400000| Untracked 
|  85|0x0000000085500000, 0x0000000085600000, 0x0000000085600000|100%| O|  |TAMS 0x0000000085600000, 0x0000000085500000| Untracked 
|  86|0x0000000085600000, 0x0000000085700000, 0x0000000085700000|100%| O|  |TAMS 0x0000000085700000, 0x0000000085600000| Untracked 
|  87|0x0000000085700000, 0x0000000085800000, 0x0000000085800000|100%| O|  |TAMS 0x0000000085800000, 0x0000000085700000| Untracked 
|  88|0x0000000085800000, 0x0000000085900000, 0x0000000085900000|100%| O|  |TAMS 0x0000000085900000, 0x0000000085800000| Untracked 
|  89|0x0000000085900000, 0x0000000085a00000, 0x0000000085a00000|100%| O|  |TAMS 0x0000000085a00000, 0x0000000085900000| Untracked 
|  90|0x0000000085a00000, 0x0000000085b00000, 0x0000000085b00000|100%| O|  |TAMS 0x0000000085b00000, 0x0000000085a00000| Untracked 
|  91|0x0000000085b00000, 0x0000000085c00000, 0x0000000085c00000|100%| O|  |TAMS 0x0000000085c00000, 0x0000000085b00000| Untracked 
|  92|0x0000000085c00000, 0x0000000085d00000, 0x0000000085d00000|100%| O|  |TAMS 0x0000000085d00000, 0x0000000085c00000| Untracked 
|  93|0x0000000085d00000, 0x0000000085e00000, 0x0000000085e00000|100%| O|  |TAMS 0x0000000085e00000, 0x0000000085d00000| Untracked 
|  94|0x0000000085e00000, 0x0000000085f00000, 0x0000000085f00000|100%| O|  |TAMS 0x0000000085f00000, 0x0000000085e00000| Untracked 
|  95|0x0000000085f00000, 0x0000000086000000, 0x0000000086000000|100%| O|  |TAMS 0x0000000086000000, 0x0000000085f00000| Untracked 
|  96|0x0000000086000000, 0x0000000086100000, 0x0000000086100000|100%| O|  |TAMS 0x0000000086100000, 0x0000000086000000| Untracked 
|  97|0x0000000086100000, 0x0000000086200000, 0x0000000086200000|100%| O|  |TAMS 0x0000000086200000, 0x0000000086100000| Untracked 
|  98|0x0000000086200000, 0x0000000086300000, 0x0000000086300000|100%|HS|  |TAMS 0x0000000086300000, 0x0000000086200000| Complete 
|  99|0x0000000086300000, 0x0000000086400000, 0x0000000086400000|100%| O|  |TAMS 0x0000000086400000, 0x0000000086300000| Untracked 
| 100|0x0000000086400000, 0x0000000086500000, 0x0000000086500000|100%| O|  |TAMS 0x0000000086500000, 0x0000000086400000| Untracked 
| 101|0x0000000086500000, 0x0000000086600000, 0x0000000086600000|100%| O|  |TAMS 0x0000000086600000, 0x0000000086500000| Untracked 
| 102|0x0000000086600000, 0x0000000086700000, 0x0000000086700000|100%| O|  |TAMS 0x0000000086700000, 0x0000000086600000| Untracked 
| 103|0x0000000086700000, 0x0000000086800000, 0x0000000086800000|100%| O|  |TAMS 0x0000000086800000, 0x0000000086700000| Untracked 
| 104|0x0000000086800000, 0x0000000086900000, 0x0000000086900000|100%| O|  |TAMS 0x0000000086900000, 0x0000000086800000| Untracked 
| 105|0x0000000086900000, 0x0000000086a00000, 0x0000000086a00000|100%|HS|  |TAMS 0x0000000086a00000, 0x0000000086900000| Complete 
| 106|0x0000000086a00000, 0x0000000086b00000, 0x0000000086b00000|100%|HC|  |TAMS 0x0000000086b00000, 0x0000000086a00000| Complete 
| 107|0x0000000086b00000, 0x0000000086c00000, 0x0000000086c00000|100%|HC|  |TAMS 0x0000000086c00000, 0x0000000086b00000| Complete 
| 108|0x0000000086c00000, 0x0000000086d00000, 0x0000000086d00000|100%| O|  |TAMS 0x0000000086d00000, 0x0000000086c00000| Untracked 
| 109|0x0000000086d00000, 0x0000000086e00000, 0x0000000086e00000|100%| O|  |TAMS 0x0000000086e00000, 0x0000000086d00000| Untracked 
| 110|0x0000000086e00000, 0x0000000086f00000, 0x0000000086f00000|100%| O|  |TAMS 0x0000000086f00000, 0x0000000086e00000| Untracked 
| 111|0x0000000086f00000, 0x0000000087000000, 0x0000000087000000|100%| O|  |TAMS 0x0000000087000000, 0x0000000086f00000| Untracked 
| 112|0x0000000087000000, 0x0000000087100000, 0x0000000087100000|100%| O|  |TAMS 0x0000000087100000, 0x0000000087000000| Untracked 
| 113|0x0000000087100000, 0x0000000087200000, 0x0000000087200000|100%| O|  |TAMS 0x0000000087200000, 0x0000000087100000| Untracked 
| 114|0x0000000087200000, 0x0000000087300000, 0x0000000087300000|100%| O|  |TAMS 0x0000000087300000, 0x0000000087200000| Untracked 
| 115|0x0000000087300000, 0x0000000087400000, 0x0000000087400000|100%| O|  |TAMS 0x0000000087400000, 0x0000000087300000| Untracked 
| 116|0x0000000087400000, 0x0000000087500000, 0x0000000087500000|100%| O|  |TAMS 0x0000000087500000, 0x0000000087400000| Untracked 
| 117|0x0000000087500000, 0x0000000087600000, 0x0000000087600000|100%| O|  |TAMS 0x0000000087600000, 0x0000000087500000| Untracked 
| 118|0x0000000087600000, 0x0000000087700000, 0x0000000087700000|100%| O|  |TAMS 0x0000000087700000, 0x0000000087600000| Untracked 
| 119|0x0000000087700000, 0x0000000087800000, 0x0000000087800000|100%| O|  |TAMS 0x0000000087800000, 0x0000000087700000| Untracked 
| 120|0x0000000087800000, 0x0000000087900000, 0x0000000087900000|100%| O|  |TAMS 0x0000000087900000, 0x0000000087800000| Untracked 
| 121|0x0000000087900000, 0x0000000087a00000, 0x0000000087a00000|100%| O|  |TAMS 0x0000000087900000, 0x0000000087900000| Untracked 
| 122|0x0000000087a00000, 0x0000000087b00000, 0x0000000087b00000|100%| O|  |TAMS 0x0000000087b00000, 0x0000000087a00000| Untracked 
| 123|0x0000000087b00000, 0x0000000087c00000, 0x0000000087c00000|100%| O|  |TAMS 0x0000000087c00000, 0x0000000087b00000| Untracked 
| 124|0x0000000087c00000, 0x0000000087d00000, 0x0000000087d00000|100%| O|  |TAMS 0x0000000087d00000, 0x0000000087c00000| Untracked 
| 125|0x0000000087d00000, 0x0000000087e00000, 0x0000000087e00000|100%| O|  |TAMS 0x0000000087e00000, 0x0000000087d00000| Untracked 
| 126|0x0000000087e00000, 0x0000000087f00000, 0x0000000087f00000|100%| O|  |TAMS 0x0000000087f00000, 0x0000000087e00000| Untracked 
| 127|0x0000000087f00000, 0x0000000088000000, 0x0000000088000000|100%| O|  |TAMS 0x0000000088000000, 0x0000000087f00000| Untracked 
| 128|0x0000000088000000, 0x0000000088100000, 0x0000000088100000|100%| O|  |TAMS 0x0000000088100000, 0x0000000088000000| Untracked 
| 129|0x0000000088100000, 0x0000000088200000, 0x0000000088200000|100%| O|  |TAMS 0x0000000088200000, 0x0000000088100000| Untracked 
| 130|0x0000000088200000, 0x0000000088300000, 0x0000000088300000|100%| O|  |TAMS 0x0000000088300000, 0x0000000088200000| Untracked 
| 131|0x0000000088300000, 0x0000000088400000, 0x0000000088400000|100%| O|  |TAMS 0x0000000088400000, 0x0000000088300000| Untracked 
| 132|0x0000000088400000, 0x0000000088500000, 0x0000000088500000|100%| O|  |TAMS 0x0000000088500000, 0x0000000088400000| Untracked 
| 133|0x0000000088500000, 0x0000000088600000, 0x0000000088600000|100%| O|  |TAMS 0x0000000088600000, 0x0000000088500000| Untracked 
| 134|0x0000000088600000, 0x0000000088700000, 0x0000000088700000|100%| O|  |TAMS 0x0000000088700000, 0x0000000088600000| Untracked 
| 135|0x0000000088700000, 0x0000000088800000, 0x0000000088800000|100%| O|  |TAMS 0x0000000088800000, 0x0000000088700000| Untracked 
| 136|0x0000000088800000, 0x0000000088900000, 0x0000000088900000|100%| O|  |TAMS 0x0000000088900000, 0x0000000088800000| Untracked 
| 137|0x0000000088900000, 0x0000000088a00000, 0x0000000088a00000|100%| O|  |TAMS 0x0000000088a00000, 0x0000000088900000| Untracked 
| 138|0x0000000088a00000, 0x0000000088b00000, 0x0000000088b00000|100%| O|  |TAMS 0x0000000088b00000, 0x0000000088a00000| Untracked 
| 139|0x0000000088b00000, 0x0000000088c00000, 0x0000000088c00000|100%| O|  |TAMS 0x0000000088c00000, 0x0000000088b00000| Untracked 
| 140|0x0000000088c00000, 0x0000000088d00000, 0x0000000088d00000|100%| O|  |TAMS 0x0000000088d00000, 0x0000000088c00000| Untracked 
| 141|0x0000000088d00000, 0x0000000088e00000, 0x0000000088e00000|100%| O|  |TAMS 0x0000000088e00000, 0x0000000088d00000| Untracked 
| 142|0x0000000088e00000, 0x0000000088f00000, 0x0000000088f00000|100%| O|  |TAMS 0x0000000088f00000, 0x0000000088e00000| Untracked 
| 143|0x0000000088f00000, 0x0000000089000000, 0x0000000089000000|100%| O|  |TAMS 0x0000000089000000, 0x0000000088f00000| Untracked 
| 144|0x0000000089000000, 0x0000000089100000, 0x0000000089100000|100%| O|  |TAMS 0x0000000089100000, 0x0000000089000000| Untracked 
| 145|0x0000000089100000, 0x0000000089200000, 0x0000000089200000|100%| O|  |TAMS 0x0000000089100000, 0x0000000089100000| Untracked 
| 146|0x0000000089200000, 0x0000000089300000, 0x0000000089300000|100%| O|  |TAMS 0x00000000892fde00, 0x0000000089200000| Untracked 
| 147|0x0000000089300000, 0x0000000089400000, 0x0000000089400000|100%| O|  |TAMS 0x0000000089300000, 0x0000000089300000| Untracked 
| 148|0x0000000089400000, 0x0000000089500000, 0x0000000089500000|100%| O|  |TAMS 0x0000000089400000, 0x0000000089400000| Untracked 
| 149|0x0000000089500000, 0x0000000089600000, 0x0000000089600000|100%| O|  |TAMS 0x0000000089500000, 0x0000000089500000| Untracked 
| 150|0x0000000089600000, 0x0000000089700000, 0x0000000089700000|100%| O|  |TAMS 0x0000000089600000, 0x0000000089600000| Untracked 
| 151|0x0000000089700000, 0x0000000089800000, 0x0000000089800000|100%| O|  |TAMS 0x0000000089700000, 0x0000000089700000| Untracked 
| 152|0x0000000089800000, 0x0000000089900000, 0x0000000089900000|100%| O|  |TAMS 0x0000000089800000, 0x0000000089800000| Untracked 
| 153|0x0000000089900000, 0x0000000089a00000, 0x0000000089a00000|100%| O|  |TAMS 0x0000000089900000, 0x0000000089900000| Untracked 
| 154|0x0000000089a00000, 0x0000000089b00000, 0x0000000089b00000|100%| O|  |TAMS 0x0000000089a00000, 0x0000000089a00000| Untracked 
| 155|0x0000000089b00000, 0x0000000089c00000, 0x0000000089c00000|100%| O|  |TAMS 0x0000000089b00000, 0x0000000089b00000| Untracked 
| 156|0x0000000089c00000, 0x0000000089d00000, 0x0000000089d00000|100%| O|  |TAMS 0x0000000089c00000, 0x0000000089c00000| Untracked 
| 157|0x0000000089d00000, 0x0000000089e00000, 0x0000000089e00000|100%| O|  |TAMS 0x0000000089d00000, 0x0000000089d00000| Untracked 
| 158|0x0000000089e00000, 0x0000000089f00000, 0x0000000089f00000|100%| O|  |TAMS 0x0000000089e00000, 0x0000000089e00000| Untracked 
| 159|0x0000000089f00000, 0x000000008a000000, 0x000000008a000000|100%| O|  |TAMS 0x0000000089f00000, 0x0000000089f00000| Untracked 
| 160|0x000000008a000000, 0x000000008a100000, 0x000000008a100000|100%| O|  |TAMS 0x000000008a000000, 0x000000008a000000| Untracked 
| 161|0x000000008a100000, 0x000000008a200000, 0x000000008a200000|100%| O|  |TAMS 0x000000008a100000, 0x000000008a100000| Untracked 
| 162|0x000000008a200000, 0x000000008a300000, 0x000000008a300000|100%| O|  |TAMS 0x000000008a200000, 0x000000008a200000| Untracked 
| 163|0x000000008a300000, 0x000000008a400000, 0x000000008a400000|100%| O|  |TAMS 0x000000008a300000, 0x000000008a300000| Untracked 
| 164|0x000000008a400000, 0x000000008a500000, 0x000000008a500000|100%| O|  |TAMS 0x000000008a400000, 0x000000008a400000| Untracked 
| 165|0x000000008a500000, 0x000000008a600000, 0x000000008a600000|100%| O|  |TAMS 0x000000008a500000, 0x000000008a500000| Untracked 
| 166|0x000000008a600000, 0x000000008a700000, 0x000000008a700000|100%| O|  |TAMS 0x000000008a600000, 0x000000008a600000| Untracked 
| 167|0x000000008a700000, 0x000000008a800000, 0x000000008a800000|100%| O|  |TAMS 0x000000008a700000, 0x000000008a700000| Untracked 
| 168|0x000000008a800000, 0x000000008a900000, 0x000000008a900000|100%| O|  |TAMS 0x000000008a800000, 0x000000008a800000| Untracked 
| 169|0x000000008a900000, 0x000000008aa00000, 0x000000008aa00000|100%| O|  |TAMS 0x000000008a900000, 0x000000008a900000| Untracked 
| 170|0x000000008aa00000, 0x000000008ab00000, 0x000000008ab00000|100%| O|  |TAMS 0x000000008aa00000, 0x000000008aa00000| Untracked 
| 171|0x000000008ab00000, 0x000000008ac00000, 0x000000008ac00000|100%| O|  |TAMS 0x000000008ab00000, 0x000000008ab00000| Untracked 
| 172|0x000000008ac00000, 0x000000008ad00000, 0x000000008ad00000|100%| O|  |TAMS 0x000000008ac00000, 0x000000008ac00000| Untracked 
| 173|0x000000008ad00000, 0x000000008ae00000, 0x000000008ae00000|100%| O|  |TAMS 0x000000008ad00000, 0x000000008ad00000| Untracked 
| 174|0x000000008ae00000, 0x000000008af00000, 0x000000008af00000|100%| O|  |TAMS 0x000000008ae00000, 0x000000008ae00000| Untracked 
| 175|0x000000008af00000, 0x000000008b000000, 0x000000008b000000|100%| O|  |TAMS 0x000000008af00000, 0x000000008af00000| Untracked 
| 176|0x000000008b000000, 0x000000008b100000, 0x000000008b100000|100%| O|  |TAMS 0x000000008b000000, 0x000000008b000000| Untracked 
| 177|0x000000008b100000, 0x000000008b200000, 0x000000008b200000|100%| O|  |TAMS 0x000000008b100000, 0x000000008b100000| Untracked 
| 178|0x000000008b200000, 0x000000008b300000, 0x000000008b300000|100%| O|  |TAMS 0x000000008b200000, 0x000000008b200000| Untracked 
| 179|0x000000008b300000, 0x000000008b400000, 0x000000008b400000|100%| O|  |TAMS 0x000000008b300000, 0x000000008b300000| Untracked 
| 180|0x000000008b400000, 0x000000008b500000, 0x000000008b500000|100%| O|  |TAMS 0x000000008b400000, 0x000000008b400000| Untracked 
| 181|0x000000008b500000, 0x000000008b600000, 0x000000008b600000|100%| O|  |TAMS 0x000000008b500000, 0x000000008b500000| Untracked 
| 182|0x000000008b600000, 0x000000008b700000, 0x000000008b700000|100%| O|  |TAMS 0x000000008b600000, 0x000000008b600000| Untracked 
| 183|0x000000008b700000, 0x000000008b800000, 0x000000008b800000|100%| O|  |TAMS 0x000000008b700000, 0x000000008b700000| Untracked 
| 184|0x000000008b800000, 0x000000008b900000, 0x000000008b900000|100%| O|  |TAMS 0x000000008b800000, 0x000000008b800000| Untracked 
| 185|0x000000008b900000, 0x000000008ba00000, 0x000000008ba00000|100%| O|  |TAMS 0x000000008b900000, 0x000000008b900000| Untracked 
| 186|0x000000008ba00000, 0x000000008bb00000, 0x000000008bb00000|100%| O|  |TAMS 0x000000008ba00000, 0x000000008ba00000| Untracked 
| 187|0x000000008bb00000, 0x000000008bc00000, 0x000000008bc00000|100%| O|  |TAMS 0x000000008bb00000, 0x000000008bb00000| Untracked 
| 188|0x000000008bc00000, 0x000000008bd00000, 0x000000008bd00000|100%|HS|  |TAMS 0x000000008bc00000, 0x000000008bc00000| Complete 
| 189|0x000000008bd00000, 0x000000008be00000, 0x000000008be00000|100%|HC|  |TAMS 0x000000008bd00000, 0x000000008bd00000| Complete 
| 190|0x000000008be00000, 0x000000008bf00000, 0x000000008bf00000|100%|HS|  |TAMS 0x000000008be00000, 0x000000008be00000| Complete 
| 191|0x000000008bf00000, 0x000000008c000000, 0x000000008c000000|100%| O|  |TAMS 0x000000008bf00000, 0x000000008bf00000| Untracked 
| 192|0x000000008c000000, 0x000000008c100000, 0x000000008c100000|100%| O|  |TAMS 0x000000008c000000, 0x000000008c000000| Untracked 
| 193|0x000000008c100000, 0x000000008c200000, 0x000000008c200000|100%| O|  |TAMS 0x000000008c100000, 0x000000008c100000| Untracked 
| 194|0x000000008c200000, 0x000000008c300000, 0x000000008c300000|100%| O|  |TAMS 0x000000008c200000, 0x000000008c200000| Untracked 
| 195|0x000000008c300000, 0x000000008c400000, 0x000000008c400000|100%| O|  |TAMS 0x000000008c300000, 0x000000008c300000| Untracked 
| 196|0x000000008c400000, 0x000000008c500000, 0x000000008c500000|100%| O|  |TAMS 0x000000008c400000, 0x000000008c400000| Untracked 
| 197|0x000000008c500000, 0x000000008c600000, 0x000000008c600000|100%| O|  |TAMS 0x000000008c500000, 0x000000008c500000| Untracked 
| 198|0x000000008c600000, 0x000000008c700000, 0x000000008c700000|100%| O|  |TAMS 0x000000008c600000, 0x000000008c600000| Untracked 
| 199|0x000000008c700000, 0x000000008c7b5800, 0x000000008c800000| 70%| O|  |TAMS 0x000000008c700000, 0x000000008c700000| Untracked 
| 200|0x000000008c800000, 0x000000008c800000, 0x000000008c900000|  0%| F|  |TAMS 0x000000008c800000, 0x000000008c800000| Untracked 
| 201|0x000000008c900000, 0x000000008c900000, 0x000000008ca00000|  0%| F|  |TAMS 0x000000008c900000, 0x000000008c900000| Untracked 
| 202|0x000000008ca00000, 0x000000008ca00000, 0x000000008cb00000|  0%| F|  |TAMS 0x000000008ca00000, 0x000000008ca00000| Untracked 
| 203|0x000000008cb00000, 0x000000008cb00000, 0x000000008cc00000|  0%| F|  |TAMS 0x000000008cb00000, 0x000000008cb00000| Untracked 
| 204|0x000000008cc00000, 0x000000008cc00000, 0x000000008cd00000|  0%| F|  |TAMS 0x000000008cc00000, 0x000000008cc00000| Untracked 
| 205|0x000000008cd00000, 0x000000008cd00000, 0x000000008ce00000|  0%| F|  |TAMS 0x000000008cd00000, 0x000000008cd00000| Untracked 
| 206|0x000000008ce00000, 0x000000008ce00000, 0x000000008cf00000|  0%| F|  |TAMS 0x000000008ce00000, 0x000000008ce00000| Untracked 
| 207|0x000000008cf00000, 0x000000008cf00000, 0x000000008d000000|  0%| F|  |TAMS 0x000000008cf00000, 0x000000008cf00000| Untracked 
| 208|0x000000008d000000, 0x000000008d000000, 0x000000008d100000|  0%| F|  |TAMS 0x000000008d000000, 0x000000008d000000| Untracked 
| 209|0x000000008d100000, 0x000000008d100000, 0x000000008d200000|  0%| F|  |TAMS 0x000000008d100000, 0x000000008d100000| Untracked 
| 210|0x000000008d200000, 0x000000008d200000, 0x000000008d300000|  0%| F|  |TAMS 0x000000008d200000, 0x000000008d200000| Untracked 
| 211|0x000000008d300000, 0x000000008d300000, 0x000000008d400000|  0%| F|  |TAMS 0x000000008d300000, 0x000000008d300000| Untracked 
| 212|0x000000008d400000, 0x000000008d400000, 0x000000008d500000|  0%| F|  |TAMS 0x000000008d400000, 0x000000008d400000| Untracked 
| 213|0x000000008d500000, 0x000000008d500000, 0x000000008d600000|  0%| F|  |TAMS 0x000000008d500000, 0x000000008d500000| Untracked 
| 214|0x000000008d600000, 0x000000008d600000, 0x000000008d700000|  0%| F|  |TAMS 0x000000008d600000, 0x000000008d600000| Untracked 
| 215|0x000000008d700000, 0x000000008d700000, 0x000000008d800000|  0%| F|  |TAMS 0x000000008d700000, 0x000000008d700000| Untracked 
| 216|0x000000008d800000, 0x000000008d800000, 0x000000008d900000|  0%| F|  |TAMS 0x000000008d800000, 0x000000008d800000| Untracked 
| 217|0x000000008d900000, 0x000000008d900000, 0x000000008da00000|  0%| F|  |TAMS 0x000000008d900000, 0x000000008d900000| Untracked 
| 218|0x000000008da00000, 0x000000008da00000, 0x000000008db00000|  0%| F|  |TAMS 0x000000008da00000, 0x000000008da00000| Untracked 
| 219|0x000000008db00000, 0x000000008db00000, 0x000000008dc00000|  0%| F|  |TAMS 0x000000008db00000, 0x000000008db00000| Untracked 
| 220|0x000000008dc00000, 0x000000008dc00000, 0x000000008dd00000|  0%| F|  |TAMS 0x000000008dc00000, 0x000000008dc00000| Untracked 
| 221|0x000000008dd00000, 0x000000008dd00000, 0x000000008de00000|  0%| F|  |TAMS 0x000000008dd00000, 0x000000008dd00000| Untracked 
| 222|0x000000008de00000, 0x000000008de00000, 0x000000008df00000|  0%| F|  |TAMS 0x000000008de00000, 0x000000008de00000| Untracked 
| 223|0x000000008df00000, 0x000000008df00000, 0x000000008e000000|  0%| F|  |TAMS 0x000000008df00000, 0x000000008df00000| Untracked 
| 224|0x000000008e000000, 0x000000008e000000, 0x000000008e100000|  0%| F|  |TAMS 0x000000008e000000, 0x000000008e000000| Untracked 
| 225|0x000000008e100000, 0x000000008e100000, 0x000000008e200000|  0%| F|  |TAMS 0x000000008e100000, 0x000000008e100000| Untracked 
| 226|0x000000008e200000, 0x000000008e300000, 0x000000008e300000|100%| S|CS|TAMS 0x000000008e200000, 0x000000008e200000| Complete 
| 227|0x000000008e300000, 0x000000008e400000, 0x000000008e400000|100%| S|CS|TAMS 0x000000008e300000, 0x000000008e300000| Complete 
| 228|0x000000008e400000, 0x000000008e500000, 0x000000008e500000|100%| S|CS|TAMS 0x000000008e400000, 0x000000008e400000| Complete 
| 229|0x000000008e500000, 0x000000008e600000, 0x000000008e600000|100%| S|CS|TAMS 0x000000008e500000, 0x000000008e500000| Complete 
| 230|0x000000008e600000, 0x000000008e700000, 0x000000008e700000|100%| S|CS|TAMS 0x000000008e600000, 0x000000008e600000| Complete 
| 231|0x000000008e700000, 0x000000008e800000, 0x000000008e800000|100%| S|CS|TAMS 0x000000008e700000, 0x000000008e700000| Complete 
| 232|0x000000008e800000, 0x000000008e800000, 0x000000008e900000|  0%| F|  |TAMS 0x000000008e800000, 0x000000008e800000| Untracked 
| 233|0x000000008e900000, 0x000000008e900000, 0x000000008ea00000|  0%| F|  |TAMS 0x000000008e900000, 0x000000008e900000| Untracked 
| 234|0x000000008ea00000, 0x000000008ea00000, 0x000000008eb00000|  0%| F|  |TAMS 0x000000008ea00000, 0x000000008ea00000| Untracked 
| 235|0x000000008eb00000, 0x000000008eb00000, 0x000000008ec00000|  0%| F|  |TAMS 0x000000008eb00000, 0x000000008eb00000| Untracked 
| 236|0x000000008ec00000, 0x000000008ec00000, 0x000000008ed00000|  0%| F|  |TAMS 0x000000008ec00000, 0x000000008ec00000| Untracked 
| 237|0x000000008ed00000, 0x000000008ed00000, 0x000000008ee00000|  0%| F|  |TAMS 0x000000008ed00000, 0x000000008ed00000| Untracked 
| 238|0x000000008ee00000, 0x000000008ee00000, 0x000000008ef00000|  0%| F|  |TAMS 0x000000008ee00000, 0x000000008ee00000| Untracked 
| 239|0x000000008ef00000, 0x000000008ef00000, 0x000000008f000000|  0%| F|  |TAMS 0x000000008ef00000, 0x000000008ef00000| Untracked 
| 240|0x000000008f000000, 0x000000008f000000, 0x000000008f100000|  0%| F|  |TAMS 0x000000008f000000, 0x000000008f000000| Untracked 
| 241|0x000000008f100000, 0x000000008f100000, 0x000000008f200000|  0%| F|  |TAMS 0x000000008f100000, 0x000000008f100000| Untracked 
| 242|0x000000008f200000, 0x000000008f200000, 0x000000008f300000|  0%| F|  |TAMS 0x000000008f200000, 0x000000008f200000| Untracked 
| 243|0x000000008f300000, 0x000000008f300000, 0x000000008f400000|  0%| F|  |TAMS 0x000000008f300000, 0x000000008f300000| Untracked 
| 244|0x000000008f400000, 0x000000008f400000, 0x000000008f500000|  0%| F|  |TAMS 0x000000008f400000, 0x000000008f400000| Untracked 
| 245|0x000000008f500000, 0x000000008f500000, 0x000000008f600000|  0%| F|  |TAMS 0x000000008f500000, 0x000000008f500000| Untracked 
| 246|0x000000008f600000, 0x000000008f600000, 0x000000008f700000|  0%| F|  |TAMS 0x000000008f600000, 0x000000008f600000| Untracked 
| 247|0x000000008f700000, 0x000000008f700000, 0x000000008f800000|  0%| F|  |TAMS 0x000000008f700000, 0x000000008f700000| Untracked 
| 248|0x000000008f800000, 0x000000008f800000, 0x000000008f900000|  0%| F|  |TAMS 0x000000008f800000, 0x000000008f800000| Untracked 
| 249|0x000000008f900000, 0x000000008f900000, 0x000000008fa00000|  0%| F|  |TAMS 0x000000008f900000, 0x000000008f900000| Untracked 
| 250|0x000000008fa00000, 0x000000008fa00000, 0x000000008fb00000|  0%| F|  |TAMS 0x000000008fa00000, 0x000000008fa00000| Untracked 
| 251|0x000000008fb00000, 0x000000008fb00000, 0x000000008fc00000|  0%| F|  |TAMS 0x000000008fb00000, 0x000000008fb00000| Untracked 
| 252|0x000000008fc00000, 0x000000008fc00000, 0x000000008fd00000|  0%| F|  |TAMS 0x000000008fc00000, 0x000000008fc00000| Untracked 
| 253|0x000000008fd00000, 0x000000008fd00000, 0x000000008fe00000|  0%| F|  |TAMS 0x000000008fd00000, 0x000000008fd00000| Untracked 
| 254|0x000000008fe00000, 0x000000008fe00000, 0x000000008ff00000|  0%| F|  |TAMS 0x000000008fe00000, 0x000000008fe00000| Untracked 
| 255|0x000000008ff00000, 0x000000008ff00000, 0x0000000090000000|  0%| F|  |TAMS 0x000000008ff00000, 0x000000008ff00000| Untracked 
| 256|0x0000000090000000, 0x0000000090000000, 0x0000000090100000|  0%| F|  |TAMS 0x0000000090000000, 0x0000000090000000| Untracked 
| 257|0x0000000090100000, 0x0000000090100000, 0x0000000090200000|  0%| F|  |TAMS 0x0000000090100000, 0x0000000090100000| Untracked 
| 258|0x0000000090200000, 0x00000000902c54e0, 0x0000000090300000| 77%| E|  |TAMS 0x0000000090200000, 0x0000000090200000| Complete 
| 259|0x0000000090300000, 0x0000000090400000, 0x0000000090400000|100%| E|CS|TAMS 0x0000000090300000, 0x0000000090300000| Complete 
| 260|0x0000000090400000, 0x0000000090500000, 0x0000000090500000|100%| E|CS|TAMS 0x0000000090400000, 0x0000000090400000| Complete 
| 261|0x0000000090500000, 0x0000000090600000, 0x0000000090600000|100%| E|CS|TAMS 0x0000000090500000, 0x0000000090500000| Complete 
| 262|0x0000000090600000, 0x0000000090700000, 0x0000000090700000|100%| E|CS|TAMS 0x0000000090600000, 0x0000000090600000| Complete 
| 263|0x0000000090700000, 0x0000000090800000, 0x0000000090800000|100%| E|CS|TAMS 0x0000000090700000, 0x0000000090700000| Complete 
| 264|0x0000000090800000, 0x0000000090900000, 0x0000000090900000|100%| E|CS|TAMS 0x0000000090800000, 0x0000000090800000| Complete 
| 265|0x0000000090900000, 0x0000000090a00000, 0x0000000090a00000|100%| E|CS|TAMS 0x0000000090900000, 0x0000000090900000| Complete 
| 266|0x0000000090a00000, 0x0000000090b00000, 0x0000000090b00000|100%| E|CS|TAMS 0x0000000090a00000, 0x0000000090a00000| Complete 

Card table byte_map: [0x00000219e70f0000,0x00000219e74f0000] _byte_map_base: 0x00000219e6cf0000

Marking Bits (Prev, Next): (CMBitMap*) 0x00000219d242c208, (CMBitMap*) 0x00000219d242c240
 Prev Bits: [0x00000219e78f0000, 0x00000219e98f0000)
 Next Bits: [0x00000219e98f0000, 0x00000219eb8f0000)

Polling page: 0x00000219d24d0000

Metaspace:

Usage:
  Non-class:    130.24 MB capacity,   127.64 MB ( 98%) used,     2.21 MB (  2%) free+waste,   394.56 KB ( <1%) overhead. 
      Class:     19.22 MB capacity,    17.91 MB ( 93%) used,     1.14 MB (  6%) free+waste,   178.75 KB ( <1%) overhead. 
       Both:    149.46 MB capacity,   145.55 MB ( 97%) used,     3.35 MB (  2%) free+waste,   573.31 KB ( <1%) overhead. 

Virtual space:
  Non-class space:      132.00 MB reserved,     130.46 MB ( 99%) committed 
      Class space:        1.00 GB reserved,      19.25 MB (  2%) committed 
             Both:        1.13 GB reserved,     149.71 MB ( 13%) committed 

Chunk freelists:
   Non-Class:  34.00 KB
       Class:  26.00 KB
        Both:  60.00 KB

MaxMetaspaceSize: 17179869184.00 GB
CompressedClassSpaceSize: 1.00 GB

CodeHeap 'non-profiled nmethods': size=120064Kb used=13979Kb max_used=13979Kb free=106084Kb
 bounds [0x00000219df190000, 0x00000219dff40000, 0x00000219e66d0000]
CodeHeap 'profiled nmethods': size=120000Kb used=41179Kb max_used=41275Kb free=78820Kb
 bounds [0x00000219d7c60000, 0x00000219da4d0000, 0x00000219df190000]
CodeHeap 'non-nmethods': size=5696Kb used=2367Kb max_used=2436Kb free=3328Kb
 bounds [0x00000219d76d0000, 0x00000219d7950000, 0x00000219d7c60000]
 total_blobs=19130 nmethods=18131 adapters=909
 compilation: enabled
              stopped_count=0, restarted_count=0
 full_count=0

Compilation events (20 events):
Event: 1499.225 Thread 0x00000219edf5e800 19878   !   3       org.gradle.internal.operations.DefaultBuildOperationExecutor::executeInParallel (149 bytes)
Event: 1499.228 Thread 0x00000219edf5e800 nmethod 19878 0x00000219da4bed90 code [0x00000219da4bf1c0, 0x00000219da4c1218]
Event: 1499.232 Thread 0x00000219edf59800 nmethod 19866 0x00000219dff22090 code [0x00000219dff22280, 0x00000219dff232a8]
Event: 1499.232 Thread 0x00000219edf59800 19879       4       com.google.common.cache.AbstractCache$SimpleStatsCounter::recordHits (12 bytes)
Event: 1499.234 Thread 0x00000219edf5e800 19881   !   3       java.util.zip.ZipFile::getInputStream (323 bytes)
Event: 1499.236 Thread 0x00000219edf5e800 nmethod 19881 0x00000219da4c1e10 code [0x00000219da4c2180, 0x00000219da4c3a78]
Event: 1499.236 Thread 0x00000219edf5e800 19882       3       org.gradle.api.file.RelativePath::<init> (8 bytes)
Event: 1499.236 Thread 0x00000219edf5e800 nmethod 19882 0x00000219d8ca2c10 code [0x00000219d8ca2dc0, 0x00000219d8ca2f08]
Event: 1499.238 Thread 0x00000219edf5e800 19883       3       org.gradle.internal.fingerprint.impl.PatternSetSnapshottingFilter$LogicalFileTreeElement::getRelativePath (47 bytes)
Event: 1499.239 Thread 0x00000219edf5e800 nmethod 19883 0x00000219d8d17590 code [0x00000219d8d17860, 0x00000219d8d18838]
Event: 1499.239 Thread 0x00000219edf5e800 19884   !   3       com.google.common.cache.LocalCache$Segment::get (210 bytes)
Event: 1499.242 Thread 0x00000219edf5e800 nmethod 19884 0x00000219da4c4890 code [0x00000219da4c4da0, 0x00000219da4c7638]
Event: 1499.247 Thread 0x00000219edf5e800 19885       3       kotlin.collections.AbstractIterator::next (30 bytes)
Event: 1499.248 Thread 0x00000219edf5e800 nmethod 19885 0x00000219d8ca2610 code [0x00000219d8ca27e0, 0x00000219d8ca2b18]
Event: 1499.253 Thread 0x00000219edf59800 nmethod 19879 0x00000219dff23a10 code [0x00000219dff23c20, 0x00000219dff24968]
Event: 1499.253 Thread 0x00000219edf59800 19873       4       sun.nio.fs.WindowsFileAttributes::isDirectory (25 bytes)
Event: 1499.253 Thread 0x00000219edf59800 nmethod 19873 0x00000219dff25010 code [0x00000219dff251a0, 0x00000219dff25238]
Event: 1499.253 Thread 0x00000219edf59800 19880       4       org.gradle.internal.snapshot.RegularFileSnapshot::<init> (25 bytes)
Event: 1499.258 Thread 0x00000219edf59800 nmethod 19880 0x00000219dff25310 code [0x00000219dff254a0, 0x00000219dff25918]
Event: 1499.258 Thread 0x00000219edf59800 19874   !   4       org.gradle.internal.snapshot.impl.DirectorySnapshotter$PathVisitor::snapshotFile (114 bytes)

GC Heap History (20 events):
Event: 1489.615 GC heap before
{Heap before GC invocations=82 (full 0):
 garbage-first heap   total 273408K, used 233649K [0x0000000080000000, 0x0000000100000000)
  region size 1024K, 52 young (53248K), 5 survivors (5120K)
 Metaspace       used 135959K, capacity 139430K, committed 139736K, reserved 1171456K
  class space    used 16946K, capacity 18091K, committed 18176K, reserved 1048576K
}
Event: 1489.621 GC heap after
{Heap after GC invocations=83 (full 0):
 garbage-first heap   total 273408K, used 185366K [0x0000000080000000, 0x0000000100000000)
  region size 1024K, 3 young (3072K), 3 survivors (3072K)
 Metaspace       used 135959K, capacity 139430K, committed 139736K, reserved 1171456K
  class space    used 16946K, capacity 18091K, committed 18176K, reserved 1048576K
}
Event: 1491.866 GC heap before
{Heap before GC invocations=83 (full 0):
 garbage-first heap   total 273408K, used 234518K [0x0000000080000000, 0x0000000100000000)
  region size 1024K, 51 young (52224K), 3 survivors (3072K)
 Metaspace       used 136977K, capacity 140464K, committed 140632K, reserved 1171456K
  class space    used 17054K, capacity 18239K, committed 18304K, reserved 1048576K
}
Event: 1491.882 GC heap after
{Heap after GC invocations=84 (full 0):
 garbage-first heap   total 273408K, used 188981K [0x0000000080000000, 0x0000000100000000)
  region size 1024K, 6 young (6144K), 6 survivors (6144K)
 Metaspace       used 136977K, capacity 140464K, committed 140632K, reserved 1171456K
  class space    used 17054K, capacity 18239K, committed 18304K, reserved 1048576K
}
Event: 1494.976 GC heap before
{Heap before GC invocations=84 (full 0):
 garbage-first heap   total 273408K, used 233013K [0x0000000080000000, 0x0000000100000000)
  region size 1024K, 50 young (51200K), 6 survivors (6144K)
 Metaspace       used 138758K, capacity 142451K, committed 142808K, reserved 1173504K
  class space    used 17319K, capacity 18583K, committed 18688K, reserved 1048576K
}
Event: 1494.985 GC heap after
{Heap after GC invocations=85 (full 0):
 garbage-first heap   total 273408K, used 189759K [0x0000000080000000, 0x0000000100000000)
  region size 1024K, 2 young (2048K), 2 survivors (2048K)
 Metaspace       used 138758K, capacity 142451K, committed 142808K, reserved 1173504K
  class space    used 17319K, capacity 18583K, committed 18688K, reserved 1048576K
}
Event: 1495.322 GC heap before
{Heap before GC invocations=85 (full 0):
 garbage-first heap   total 273408K, used 233791K [0x0000000080000000, 0x0000000100000000)
  region size 1024K, 46 young (47104K), 2 survivors (2048K)
 Metaspace       used 139125K, capacity 142837K, committed 143064K, reserved 1173504K
  class space    used 17335K, capacity 18584K, committed 18688K, reserved 1048576K
}
Event: 1495.326 GC heap after
{Heap after GC invocations=86 (full 0):
 garbage-first heap   total 273408K, used 189782K [0x0000000080000000, 0x0000000100000000)
  region size 1024K, 2 young (2048K), 2 survivors (2048K)
 Metaspace       used 139125K, capacity 142837K, committed 143064K, reserved 1173504K
  class space    used 17335K, capacity 18584K, committed 18688K, reserved 1048576K
}
Event: 1496.134 GC heap before
{Heap before GC invocations=86 (full 0):
 garbage-first heap   total 273408K, used 236886K [0x0000000080000000, 0x0000000100000000)
  region size 1024K, 47 young (48128K), 2 survivors (2048K)
 Metaspace       used 139484K, capacity 143293K, committed 143320K, reserved 1173504K
  class space    used 17369K, capacity 18667K, committed 18688K, reserved 1048576K
}
Event: 1496.140 GC heap after
{Heap after GC invocations=87 (full 0):
 garbage-first heap   total 273408K, used 190726K [0x0000000080000000, 0x0000000100000000)
  region size 1024K, 3 young (3072K), 3 survivors (3072K)
 Metaspace       used 139484K, capacity 143293K, committed 143320K, reserved 1173504K
  class space    used 17369K, capacity 18667K, committed 18688K, reserved 1048576K
}
Event: 1496.410 GC heap before
{Heap before GC invocations=87 (full 0):
 garbage-first heap   total 273408K, used 234758K [0x0000000080000000, 0x0000000100000000)
  region size 1024K, 47 young (48128K), 3 survivors (3072K)
 Metaspace       used 140680K, capacity 144546K, committed 144728K, reserved 1175552K
  class space    used 17483K, capacity 18740K, committed 18816K, reserved 1048576K
}
Event: 1496.416 GC heap after
{Heap after GC invocations=88 (full 0):
 garbage-first heap   total 273408K, used 192546K [0x0000000080000000, 0x0000000100000000)
  region size 1024K, 5 young (5120K), 5 survivors (5120K)
 Metaspace       used 140680K, capacity 144546K, committed 144728K, reserved 1175552K
  class space    used 17483K, capacity 18740K, committed 18816K, reserved 1048576K
}
Event: 1496.707 GC heap before
{Heap before GC invocations=88 (full 0):
 garbage-first heap   total 273408K, used 235554K [0x0000000080000000, 0x0000000100000000)
  region size 1024K, 48 young (49152K), 5 survivors (5120K)
 Metaspace       used 140971K, capacity 144880K, committed 144984K, reserved 1175552K
  class space    used 17519K, capacity 18806K, committed 18816K, reserved 1048576K
}
Event: 1496.717 GC heap after
{Heap after GC invocations=89 (full 0):
 garbage-first heap   total 273408K, used 193400K [0x0000000080000000, 0x0000000100000000)
  region size 1024K, 5 young (5120K), 5 survivors (5120K)
 Metaspace       used 140971K, capacity 144880K, committed 144984K, reserved 1175552K
  class space    used 17519K, capacity 18806K, committed 18816K, reserved 1048576K
}
Event: 1497.042 GC heap before
{Heap before GC invocations=89 (full 0):
 garbage-first heap   total 273408K, used 237432K [0x0000000080000000, 0x0000000100000000)
  region size 1024K, 48 young (49152K), 5 survivors (5120K)
 Metaspace       used 142287K, capacity 146199K, committed 146392K, reserved 1177600K
  class space    used 17596K, capacity 18882K, committed 18944K, reserved 1048576K
}
Event: 1497.049 GC heap after
{Heap after GC invocations=90 (full 0):
 garbage-first heap   total 273408K, used 194110K [0x0000000080000000, 0x0000000100000000)
  region size 1024K, 4 young (4096K), 4 survivors (4096K)
 Metaspace       used 142287K, capacity 146199K, committed 146392K, reserved 1177600K
  class space    used 17596K, capacity 18882K, committed 18944K, reserved 1048576K
}
Event: 1498.471 GC heap before
{Heap before GC invocations=90 (full 0):
 garbage-first heap   total 273408K, used 241214K [0x0000000080000000, 0x0000000100000000)
  region size 1024K, 47 young (48128K), 4 survivors (4096K)
 Metaspace       used 147728K, capacity 151702K, committed 151896K, reserved 1181696K
  class space    used 18227K, capacity 19545K, committed 19584K, reserved 1048576K
}
Event: 1498.481 GC heap after
{Heap after GC invocations=91 (full 0):
 garbage-first heap   total 273408K, used 200282K [0x0000000080000000, 0x0000000100000000)
  region size 1024K, 6 young (6144K), 6 survivors (6144K)
 Metaspace       used 147728K, capacity 151702K, committed 151896K, reserved 1181696K
  class space    used 18227K, capacity 19545K, committed 19584K, reserved 1048576K
}
Event: 1499.037 GC heap before
{Heap before GC invocations=91 (full 0):
 garbage-first heap   total 273408K, used 239194K [0x0000000080000000, 0x0000000100000000)
  region size 1024K, 41 young (41984K), 6 survivors (6144K)
 Metaspace       used 148868K, capacity 152932K, committed 153048K, reserved 1183744K
  class space    used 18329K, capacity 19649K, committed 19712K, reserved 1048576K
}
Event: 1499.053 GC heap after
{Heap after GC invocations=92 (full 0):
 garbage-first heap   total 273408K, used 210646K [0x0000000080000000, 0x0000000100000000)
  region size 1024K, 6 young (6144K), 6 survivors (6144K)
 Metaspace       used 148868K, capacity 152932K, committed 153048K, reserved 1183744K
  class space    used 18329K, capacity 19649K, committed 19712K, reserved 1048576K
}

Deoptimization events (20 events):
Event: 1498.978 Thread 0x00000219f64b9000 Uncommon trap: trap_request=0xffffffc6 fr.pc=0x00000219df92b684 relative=0x00000000000001a4
Event: 1498.978 Thread 0x00000219f64b9000 Uncommon trap: reason=bimorphic_or_optimized_type_check action=maybe_recompile pc=0x00000219df92b684 method=java.util.stream.ReduceOps$ReduceOp.evaluateSequential(Ljava/util/stream/PipelineHelper;Ljava/util/Spliterator;)Ljava/lang/Object; @ 2 c2
Event: 1498.978 Thread 0x00000219f64b9000 DEOPT PACKING pc=0x00000219df92b684 sp=0x000000d1944fcf50
Event: 1498.978 Thread 0x00000219f64b9000 DEOPT UNPACKING pc=0x00000219d76f78af sp=0x000000d1944fced0 mode 2
Event: 1499.234 Thread 0x00000219f402c000 Uncommon trap: trap_request=0xffffff6e fr.pc=0x00000219dfefbb0c relative=0x000000000000298c
Event: 1499.234 Thread 0x00000219f402c000 Uncommon trap: reason=speculate_class_check action=maybe_recompile pc=0x00000219dfefbb0c method=org.gradle.internal.snapshot.AbstractIncompleteSnapshotWithChildren.withReplacedChild(ILorg/gradle/internal/snapshot/FileSystemNode;Lorg/gradle/internal/snapsh
Event: 1499.234 Thread 0x00000219f402c000 DEOPT PACKING pc=0x00000219dfefbb0c sp=0x000000d18aaf9750
Event: 1499.234 Thread 0x00000219f402c000 DEOPT UNPACKING pc=0x00000219d76f78af sp=0x000000d18aaf93a0 mode 2
Event: 1499.240 Thread 0x00000219f402c000 Uncommon trap: trap_request=0xffffff6e fr.pc=0x00000219dfefbb0c relative=0x000000000000298c
Event: 1499.240 Thread 0x00000219f402c000 Uncommon trap: reason=speculate_class_check action=maybe_recompile pc=0x00000219dfefbb0c method=org.gradle.internal.snapshot.AbstractIncompleteSnapshotWithChildren.withReplacedChild(ILorg/gradle/internal/snapshot/FileSystemNode;Lorg/gradle/internal/snapsh
Event: 1499.240 Thread 0x00000219f402c000 DEOPT PACKING pc=0x00000219dfefbb0c sp=0x000000d18aaf97c0
Event: 1499.240 Thread 0x00000219f402c000 DEOPT UNPACKING pc=0x00000219d76f78af sp=0x000000d18aaf9410 mode 2
Event: 1499.241 Thread 0x00000219f402c000 Uncommon trap: trap_request=0xffffffde fr.pc=0x00000219dfbe4ff4 relative=0x0000000000000154
Event: 1499.241 Thread 0x00000219f402c000 Uncommon trap: reason=class_check action=maybe_recompile pc=0x00000219dfbe4ff4 method=com.google.common.collect.CompactHashMap$Itr.<init>(Lcom/google/common/collect/CompactHashMap;)V @ 25 c2
Event: 1499.241 Thread 0x00000219f402c000 DEOPT PACKING pc=0x00000219dfbe4ff4 sp=0x000000d18aaf9dc0
Event: 1499.241 Thread 0x00000219f402c000 DEOPT UNPACKING pc=0x00000219d76f78af sp=0x000000d18aaf9d68 mode 2
Event: 1499.242 Thread 0x00000219f402c000 Uncommon trap: trap_request=0xffffffde fr.pc=0x00000219dfbe4ff4 relative=0x0000000000000154
Event: 1499.242 Thread 0x00000219f402c000 Uncommon trap: reason=class_check action=maybe_recompile pc=0x00000219dfbe4ff4 method=com.google.common.collect.CompactHashMap$Itr.<init>(Lcom/google/common/collect/CompactHashMap;)V @ 25 c2
Event: 1499.242 Thread 0x00000219f402c000 DEOPT PACKING pc=0x00000219dfbe4ff4 sp=0x000000d18aaf8b00
Event: 1499.242 Thread 0x00000219f402c000 DEOPT UNPACKING pc=0x00000219d76f78af sp=0x000000d18aaf8aa8 mode 2

Classes redefined (0 events):
No events

Internal exceptions (20 events):
Event: 1498.966 Thread 0x00000219f64b9000 Exception <a 'sun/nio/fs/WindowsException'{0x000000008ea564f8}> (0x000000008ea564f8) thrown at [./src/hotspot/share/prims/jni.cpp, line 615]
Event: 1498.966 Thread 0x00000219f64b9000 Exception <a 'sun/nio/fs/WindowsException'{0x000000008ea56578}> (0x000000008ea56578) thrown at [./src/hotspot/share/prims/jni.cpp, line 615]
Event: 1499.220 Thread 0x00000219f402c000 Exception <a 'sun/nio/fs/WindowsException'{0x00000000904d7ee8}> (0x00000000904d7ee8) thrown at [./src/hotspot/share/prims/jni.cpp, line 615]
Event: 1499.221 Thread 0x00000219f402c000 Exception <a 'sun/nio/fs/WindowsException'{0x00000000904d9050}> (0x00000000904d9050) thrown at [./src/hotspot/share/prims/jni.cpp, line 615]
Event: 1499.230 Thread 0x00000219f402c000 Exception <a 'sun/nio/fs/WindowsException'{0x00000000903cadb8}> (0x00000000903cadb8) thrown at [./src/hotspot/share/prims/jni.cpp, line 615]
Event: 1499.230 Thread 0x00000219f402c000 Exception <a 'sun/nio/fs/WindowsException'{0x00000000903cbf48}> (0x00000000903cbf48) thrown at [./src/hotspot/share/prims/jni.cpp, line 615]
Event: 1499.231 Thread 0x00000219f402c000 Exception <a 'sun/nio/fs/WindowsException'{0x00000000903cdcb0}> (0x00000000903cdcb0) thrown at [./src/hotspot/share/prims/jni.cpp, line 615]
Event: 1499.231 Thread 0x00000219f402c000 Exception <a 'sun/nio/fs/WindowsException'{0x00000000903cee18}> (0x00000000903cee18) thrown at [./src/hotspot/share/prims/jni.cpp, line 615]
Event: 1499.237 Thread 0x00000219f402c000 Exception <a 'sun/nio/fs/WindowsException'{0x0000000090217b90}> (0x0000000090217b90) thrown at [./src/hotspot/share/prims/jni.cpp, line 615]
Event: 1499.237 Thread 0x00000219f402c000 Exception <a 'sun/nio/fs/WindowsException'{0x0000000090218d00}> (0x0000000090218d00) thrown at [./src/hotspot/share/prims/jni.cpp, line 615]
Event: 1499.237 Thread 0x00000219f402c000 Exception <a 'sun/nio/fs/WindowsException'{0x000000009021af80}> (0x000000009021af80) thrown at [./src/hotspot/share/prims/jni.cpp, line 615]
Event: 1499.237 Thread 0x00000219f402c000 Exception <a 'sun/nio/fs/WindowsException'{0x000000009021c0f0}> (0x000000009021c0f0) thrown at [./src/hotspot/share/prims/jni.cpp, line 615]
Event: 1499.237 Thread 0x00000219f402c000 Exception <a 'sun/nio/fs/WindowsException'{0x000000009021e250}> (0x000000009021e250) thrown at [./src/hotspot/share/prims/jni.cpp, line 615]
Event: 1499.237 Thread 0x00000219f402c000 Exception <a 'sun/nio/fs/WindowsException'{0x000000009021f3b8}> (0x000000009021f3b8) thrown at [./src/hotspot/share/prims/jni.cpp, line 615]
Event: 1499.237 Thread 0x00000219f402c000 Exception <a 'sun/nio/fs/WindowsException'{0x0000000090221728}> (0x0000000090221728) thrown at [./src/hotspot/share/prims/jni.cpp, line 615]
Event: 1499.237 Thread 0x00000219f402c000 Exception <a 'sun/nio/fs/WindowsException'{0x0000000090222890}> (0x0000000090222890) thrown at [./src/hotspot/share/prims/jni.cpp, line 615]
Event: 1499.237 Thread 0x00000219f402c000 Exception <a 'sun/nio/fs/WindowsException'{0x00000000902249f0}> (0x00000000902249f0) thrown at [./src/hotspot/share/prims/jni.cpp, line 615]
Event: 1499.237 Thread 0x00000219f402c000 Exception <a 'sun/nio/fs/WindowsException'{0x0000000090225b58}> (0x0000000090225b58) thrown at [./src/hotspot/share/prims/jni.cpp, line 615]
Event: 1499.238 Thread 0x00000219f402c000 Exception <a 'sun/nio/fs/WindowsException'{0x0000000090227cb8}> (0x0000000090227cb8) thrown at [./src/hotspot/share/prims/jni.cpp, line 615]
Event: 1499.238 Thread 0x00000219f402c000 Exception <a 'sun/nio/fs/WindowsException'{0x0000000090228e20}> (0x0000000090228e20) thrown at [./src/hotspot/share/prims/jni.cpp, line 615]

Events (20 events):
Event: 1499.100 loading class java/util/WeakHashMap$KeyIterator
Event: 1499.100 loading class java/util/WeakHashMap$HashIterator
Event: 1499.101 loading class java/util/WeakHashMap$HashIterator done
Event: 1499.101 loading class java/util/WeakHashMap$KeyIterator done
Event: 1499.101 loading class com/sun/tools/javac/util/ListBuffer
Event: 1499.101 loading class com/sun/tools/javac/util/ListBuffer done
Event: 1499.101 loading class com/sun/tools/javac/util/ListBuffer
Event: 1499.101 loading class com/sun/tools/javac/util/ListBuffer done
Event: 1499.101 loading class jdk/nio/zipfs/ZipFileSystem
Event: 1499.101 loading class jdk/nio/zipfs/ZipFileSystem done
Event: 1499.192 loading class org/jetbrains/kotlin/gradle/tasks/KotlinCompile$disableMultiModuleIC$2$1
Event: 1499.192 loading class org/jetbrains/kotlin/gradle/tasks/KotlinCompile$disableMultiModuleIC$2$1 done
Event: 1499.208 loading class org/gradle/api/internal/tasks/TaskStateInternal
Event: 1499.208 loading class org/gradle/api/internal/tasks/TaskStateInternal done
Event: 1499.233 loading class org/gradle/internal/snapshot/CompleteFileSystemLocationSnapshot
Event: 1499.233 loading class org/gradle/internal/snapshot/CompleteFileSystemLocationSnapshot done
Event: 1499.234 loading class org/gradle/internal/snapshot/CompleteFileSystemLocationSnapshot
Event: 1499.234 loading class org/gradle/internal/snapshot/CompleteFileSystemLocationSnapshot done
Event: 1499.234 loading class org/gradle/internal/fingerprint/impl/PatternSetSnapshottingFilter$LogicalFileTreeElement
Event: 1499.234 loading class org/gradle/internal/fingerprint/impl/PatternSetSnapshottingFilter$LogicalFileTreeElement done


Dynamic libraries:
0x00007ff794f80000 - 0x00007ff794f8a000 	C:\Program Files\Android\Android Studio1\jre\bin\java.exe
0x00007ff815e00000 - 0x00007ff816007000 	C:\Windows\SYSTEM32\ntdll.dll
0x00007ff814520000 - 0x00007ff8145dd000 	C:\Windows\System32\KERNEL32.DLL
0x00007ff8135b0000 - 0x00007ff813924000 	C:\Windows\System32\KERNELBASE.dll
0x00007ff813b70000 - 0x00007ff813c81000 	C:\Windows\System32\ucrtbase.dll
0x00007fffeef00000 - 0x00007fffeef17000 	C:\Program Files\Android\Android Studio1\jre\bin\VCRUNTIME140.dll
0x00007fffeef20000 - 0x00007fffeef39000 	C:\Program Files\Android\Android Studio1\jre\bin\jli.dll
0x00007ff815c10000 - 0x00007ff815dbc000 	C:\Windows\System32\USER32.dll
0x00007ff800ae0000 - 0x00007ff800d85000 	C:\Windows\WinSxS\amd64_microsoft.windows.common-controls_6595b64144ccf1df_6.0.22000.120_none_9d947278b86cc467\COMCTL32.dll
0x00007ff8132e0000 - 0x00007ff813306000 	C:\Windows\System32\win32u.dll
0x00007ff8149e0000 - 0x00007ff814a83000 	C:\Windows\System32\msvcrt.dll
0x00007ff814cc0000 - 0x00007ff814ce9000 	C:\Windows\System32\GDI32.dll
0x00007ff813930000 - 0x00007ff813a42000 	C:\Windows\System32\gdi32full.dll
0x00007ff813ad0000 - 0x00007ff813b6d000 	C:\Windows\System32\msvcp_win.dll
0x00007ff814990000 - 0x00007ff8149c1000 	C:\Windows\System32\IMM32.DLL
0x00007fffeedd0000 - 0x00007fffeee6d000 	C:\Program Files\Android\Android Studio1\jre\bin\msvcp140.dll
0x00007fffda040000 - 0x00007fffdab0f000 	C:\Program Files\Android\Android Studio1\jre\bin\server\jvm.dll
0x00007ff814220000 - 0x00007ff8142cc000 	C:\Windows\System32\ADVAPI32.dll
0x00007ff813c90000 - 0x00007ff813d2d000 	C:\Windows\System32\sechost.dll
0x00007ff815970000 - 0x00007ff815a91000 	C:\Windows\System32\RPCRT4.dll
0x00007ff814cb0000 - 0x00007ff814cb8000 	C:\Windows\System32\PSAPI.DLL
0x00007ff8054c0000 - 0x00007ff8054f3000 	C:\Windows\SYSTEM32\WINMM.dll
0x00007ff809ed0000 - 0x00007ff809ed9000 	C:\Windows\SYSTEM32\WSOCK32.dll
0x00007ff811180000 - 0x00007ff81118a000 	C:\Windows\SYSTEM32\VERSION.dll
0x00007ff814490000 - 0x00007ff8144ff000 	C:\Windows\System32\WS2_32.dll
0x00007ff812500000 - 0x00007ff812518000 	C:\Windows\SYSTEM32\kernel.appcore.dll
0x00007fffee950000 - 0x00007fffee961000 	C:\Program Files\Android\Android Studio1\jre\bin\verify.dll
0x00007ffffaf50000 - 0x00007ffffb171000 	C:\Windows\SYSTEM32\DBGHELP.DLL
0x00007ffffb770000 - 0x00007ffffb7a1000 	C:\Windows\SYSTEM32\dbgcore.DLL
0x00007ff813a50000 - 0x00007ff813ad0000 	C:\Windows\System32\bcryptPrimitives.dll
0x00007fffecae0000 - 0x00007fffecb09000 	C:\Program Files\Android\Android Studio1\jre\bin\java.dll
0x00007ffff4500000 - 0x00007ffff450b000 	C:\Program Files\Android\Android Studio1\jre\bin\jimage.dll
0x00007fffee2a0000 - 0x00007fffee2b8000 	C:\Program Files\Android\Android Studio1\jre\bin\zip.dll
0x00007ff8150d0000 - 0x00007ff815879000 	C:\Windows\System32\SHELL32.dll
0x00007ff8114a0000 - 0x00007ff811d02000 	C:\Windows\SYSTEM32\windows.storage.dll
0x00007ff814d50000 - 0x00007ff8150c8000 	C:\Windows\System32\combase.dll
0x00007ff811330000 - 0x00007ff811496000 	C:\Windows\SYSTEM32\wintypes.dll
0x00007ff815880000 - 0x00007ff81596a000 	C:\Windows\System32\SHCORE.dll
0x00007ff815aa0000 - 0x00007ff815afd000 	C:\Windows\System32\shlwapi.dll
0x00007ff813210000 - 0x00007ff813231000 	C:\Windows\SYSTEM32\profapi.dll
0x00007fffee140000 - 0x00007fffee15a000 	C:\Program Files\Android\Android Studio1\jre\bin\net.dll
0x00007ff80da60000 - 0x00007ff80db6c000 	C:\Windows\SYSTEM32\WINHTTP.dll
0x00007ff812910000 - 0x00007ff812977000 	C:\Windows\system32\mswsock.dll
0x00007fffecc30000 - 0x00007fffecc44000 	C:\Program Files\Android\Android Studio1\jre\bin\nio.dll
0x00007fffeef70000 - 0x00007fffeef97000 	C:\Users\Acer\.gradle\native\f6784746aeab05261644944871eae4fe03e0ef1612fff0a4a95f87b438bc6780\windows-amd64\native-platform.dll
0x00007fffecad0000 - 0x00007fffecada000 	C:\Program Files\Android\Android Studio1\jre\bin\management.dll
0x00007fffecac0000 - 0x00007fffecacc000 	C:\Program Files\Android\Android Studio1\jre\bin\management_ext.dll
0x00007ff812b60000 - 0x00007ff812b78000 	C:\Windows\SYSTEM32\CRYPTSP.dll
0x00007ff812460000 - 0x00007ff812495000 	C:\Windows\system32\rsaenh.dll
0x00007ff812a00000 - 0x00007ff812a29000 	C:\Windows\SYSTEM32\USERENV.dll
0x00007ff812cd0000 - 0x00007ff812cf7000 	C:\Windows\SYSTEM32\bcrypt.dll
0x00007ff812b50000 - 0x00007ff812b5c000 	C:\Windows\SYSTEM32\CRYPTBASE.dll
0x00007ff812040000 - 0x00007ff81206d000 	C:\Windows\SYSTEM32\IPHLPAPI.DLL
0x00007ff814a90000 - 0x00007ff814a99000 	C:\Windows\System32\NSI.dll
0x00007ff80db90000 - 0x00007ff80dba9000 	C:\Windows\SYSTEM32\dhcpcsvc6.DLL
0x00007ff80dc50000 - 0x00007ff80dc6e000 	C:\Windows\SYSTEM32\dhcpcsvc.DLL
0x00007ff812070000 - 0x00007ff812157000 	C:\Windows\SYSTEM32\DNSAPI.dll
0x00007ff80d250000 - 0x00007ff80d25c000 	C:\Windows\SYSTEM32\WINNSI.DLL
0x00007ff801730000 - 0x00007ff801738000 	C:\Program Files\Android\Android Studio1\jre\bin\rmi.dll

dbghelp: loaded successfully - version: 4.0.5 - missing functions: none
symbol engine: initialized successfully - sym options: 0x614 - pdb path: .;C:\Program Files\Android\Android Studio1\jre\bin;C:\Windows\SYSTEM32;C:\Windows\WinSxS\amd64_microsoft.windows.common-controls_6595b64144ccf1df_6.0.22000.120_none_9d947278b86cc467;C:\Program Files\Android\Android Studio1\jre\bin\server;C:\Users\Acer\.gradle\native\f6784746aeab05261644944871eae4fe03e0ef1612fff0a4a95f87b438bc6780\windows-amd64

VM Arguments:
jvm_args: --add-opens=java.base/java.util=ALL-UNNAMED --add-opens=java.base/java.lang=ALL-UNNAMED --add-opens=java.base/java.lang.invoke=ALL-UNNAMED --add-opens=java.prefs/java.util.prefs=ALL-UNNAMED -Xmx2048m -Dfile.encoding=UTF-8 -Duser.country=RU -Duser.language=ru -Duser.variant 
java_command: org.gradle.launcher.daemon.bootstrap.GradleDaemon 6.5
java_class_path (initial): C:\Users\Acer\.gradle\wrapper\dists\gradle-6.5-bin\6nifqtx7604sqp1q6g8wikw7p\gradle-6.5\lib\gradle-launcher-6.5.jar
Launcher Type: SUN_STANDARD

[Global flags]
     intx CICompilerCount                          = 3                                         {product} {ergonomic}
     uint ConcGCThreads                            = 1                                         {product} {ergonomic}
     uint G1ConcRefinementThreads                  = 4                                         {product} {ergonomic}
   size_t G1HeapRegionSize                         = 1048576                                   {product} {ergonomic}
    uintx GCDrainStackTargetSize                   = 64                                        {product} {ergonomic}
   size_t InitialHeapSize                          = 134217728                                 {product} {ergonomic}
   size_t MarkStackSize                            = 4194304                                   {product} {ergonomic}
   size_t MaxHeapSize                              = 2147483648                                {product} {command line}
   size_t MaxNewSize                               = 1287651328                                {product} {ergonomic}
   size_t MinHeapDeltaBytes                        = 1048576                                   {product} {ergonomic}
    uintx NonNMethodCodeHeapSize                   = 5830732                                {pd product} {ergonomic}
    uintx NonProfiledCodeHeapSize                  = 122913754                              {pd product} {ergonomic}
    uintx ProfiledCodeHeapSize                     = 122913754                              {pd product} {ergonomic}
    uintx ReservedCodeCacheSize                    = 251658240                              {pd product} {ergonomic}
     bool SegmentedCodeCache                       = true                                      {product} {ergonomic}
     bool UseCompressedClassPointers               = true                                 {lp64_product} {ergonomic}
     bool UseCompressedOops                        = true                                 {lp64_product} {ergonomic}
     bool UseG1GC                                  = true                                      {product} {ergonomic}
     bool UseLargePagesIndividualAllocation        = false                                  {pd product} {ergonomic}

Logging:
Log output configuration:
 #0: stdout all=warning uptime,level,tags
 #1: stderr all=off uptime,level,tags

Environment Variables:
PATH=C:\Program Files\Common Files\Oracle\Java\javapath;C:\Windows\system32;C:\Windows;C:\Windows\System32\Wbem;C:\Windows\System32\WindowsPowerShell\v1.0\;C:\Windows\System32\OpenSSH\;C:\Program Files (x86)\NVIDIA Corporation\PhysX\Common;C:\Program Files\Git\cmd;C:\Users\Acer\AppData\Local\Microsoft\WindowsApps;
USERNAME=Acer
OS=Windows_NT
PROCESSOR_IDENTIFIER=Intel64 Family 6 Model 142 Stepping 9, GenuineIntel



---------------  S Y S T E M  ---------------

OS: Windows 10 , 64 bit Build 22000 (10.0.22000.120)
OS uptime: 0 days 7:03 hours

CPU:total 4 (initial active 4) (2 cores per cpu, 2 threads per core) family 6 model 142 stepping 9 microcode 0xde, cmov, cx8, fxsr, mmx, sse, sse2, sse3, ssse3, sse4.1, sse4.2, popcnt, avx, avx2, aes, clmul, erms, 3dnowpref, lzcnt, ht, tsc, tscinvbit, bmi1, bmi2, adx, fma

Memory: 4k page, system-wide physical 8069M (350M free)
TotalPageFile size 8069M (AvailPageFile size 13M)
current process WorkingSet (physical memory assigned to process): 660M, peak: 670M
current process commit charge ("private bytes"): 700M, peak: 709M

vm_info: OpenJDK 64-Bit Server VM (11.0.10+0-b96-7249189) for windows-amd64 JRE (11.0.10+0-b96-7249189), built on Mar 31 2021 21:44:00 by "builder" with MS VC++ 14.0 (VS2015)

END.
