#
# There is insufficient memory for the Java Runtime Environment to continue.
# Native memory allocation (mmap) failed to map 89128960 bytes for Failed to commit area from 0x000000008f000000 to 0x0000000094500000 of length 89128960.
# Possible reasons:
#   The system is out of physical RAM or swap space
#   The process is running with CompressedOops enabled, and the Java Heap may be blocking the growth of the native heap
# Possible solutions:
#   Reduce memory load on the system
#   Increase physical memory or swap space
#   Check if swap backing store is full
#   Decrease Java heap size (-Xmx/-Xms)
#   Decrease number of Java threads
#   Decrease Java thread stack sizes (-Xss)
#   Set larger code cache with -XX:ReservedCodeCacheSize=
#   JVM is running with Unscaled Compressed Oops mode in which the Java heap is
#     placed in the first 4GB address space. The Java Heap base address is the
#     maximum limit for the native heap growth. Please use -XX:HeapBaseMinAddress
#     to set the Java Heap base and to place the Java Heap above 4GB virtual address.
# This output file may be truncated or incomplete.
#
#  Out of Memory Error (./src/hotspot/os/windows/os_windows.cpp:3301), pid=1320, tid=7816
#
# JRE version: OpenJDK Runtime Environment (11.0.10) (build 11.0.10+0-b96-7249189)
# Java VM: OpenJDK 64-Bit Server VM (11.0.10+0-b96-7249189, mixed mode, tiered, compressed oops, g1 gc, windows-amd64)
# No core dump will be written. Minidumps are not enabled by default on client versions of Windows
#

---------------  S U M M A R Y ------------

Command Line: --add-opens=java.base/java.util=ALL-UNNAMED --add-opens=java.base/java.lang=ALL-UNNAMED --add-opens=java.base/java.lang.invoke=ALL-UNNAMED --add-opens=java.prefs/java.util.prefs=ALL-UNNAMED -Xmx2048m -Dfile.encoding=UTF-8 -Duser.country=RU -Duser.language=ru -Duser.variant org.gradle.launcher.daemon.bootstrap.GradleDaemon 6.5

Host: Intel(R) Core(TM) i5-7200U CPU @ 2.50GHz, 4 cores, 7G,  Windows 10 , 64 bit Build 22000 (10.0.22000.120)
Time: Sat Aug 28 13:53:55 2021 RTZ 2 (зима) elapsed time: 73.178452 seconds (0d 0h 1m 13s)

---------------  T H R E A D  ---------------

Current thread (0x0000029dea2dd000):  VMThread "VM Thread" [stack: 0x000000fda3900000,0x000000fda3a00000] [id=7816]

Stack: [0x000000fda3900000,0x000000fda3a00000]
[error occurred during error reporting (printing stack bounds), id 0xc0000005, EXCEPTION_ACCESS_VIOLATION (0xc0000005) at pc=0x0000029dd41f0f2d]

Native frames: (J=compiled Java code, j=interpreted, Vv=VM code, C=native code)
V  [jvm.dll+0x5ecfaa]
V  [jvm.dll+0x722bd5]
V  [jvm.dll+0x72412d]
V  [jvm.dll+0x724745]
V  [jvm.dll+0x7246fb]
V  [jvm.dll+0x5ec348]
V  [jvm.dll+0x5ecad8]
C  [ntdll.dll+0xa826f]
C  [ntdll.dll+0x359ca]
C  [ntdll.dll+0xa727e]
C  0x0000029dd41f0f2d

VM_Operation (0x000000fda57fd680): G1CollectForAllocation, mode: safepoint, requested by thread 0x0000029def698800


---------------  P R O C E S S  ---------------

Threads class SMR info:
_java_thread_list=0x0000029df6bdd220, length=175, elements={
0x0000029dd06fa800, 0x0000029dea2e1000, 0x0000029dea2ec000, 0x0000029dea302000,
0x0000029dea303000, 0x0000029dea304800, 0x0000029dea309800, 0x0000029dea30a800,
0x0000029dea31e000, 0x0000029deadfb800, 0x0000029dec6da000, 0x0000029dec6d7800,
0x0000029dec6d6000, 0x0000029dec6d5000, 0x0000029dec6db800, 0x0000029deca1d000,
0x0000029deca1e000, 0x0000029deca1f000, 0x0000029deca1c800, 0x0000029deca19000,
0x0000029deca1f800, 0x0000029deca1a000, 0x0000029deca20800, 0x0000029deca1b000,
0x0000029deca23000, 0x0000029deca24800, 0x0000029deca25800, 0x0000029deca26000,
0x0000029deca27000, 0x0000029deca21800, 0x0000029deca22000, 0x0000029deca23800,
0x0000029ded226000, 0x0000029ded22a800, 0x0000029ded22c800, 0x0000029ded228000,
0x0000029ded227000, 0x0000029ded22e800, 0x0000029ded22f000, 0x0000029ded22d800,
0x0000029def69e800, 0x0000029def69b000, 0x0000029def69d800, 0x0000029def69f000,
0x0000029def69a000, 0x0000029def69c000, 0x0000029def699800, 0x0000029def69c800,
0x0000029def6a3000, 0x0000029def6a4000, 0x0000029def6a5800, 0x0000029def6a5000,
0x0000029def6a0000, 0x0000029def6a2800, 0x0000029def6a6800, 0x0000029def6a1000,
0x0000029def6a1800, 0x0000029deed39800, 0x0000029deed3a000, 0x0000029deed3c000,
0x0000029deed38000, 0x0000029deed36000, 0x0000029deed37000, 0x0000029deed3c800,
0x0000029deed3b000, 0x0000029deed3d800, 0x0000029deed3e800, 0x0000029deed38800,
0x0000029deed3f000, 0x0000029deed41800, 0x0000029deed40800, 0x0000029deed42800,
0x0000029deed43000, 0x0000029deed40000, 0x0000029deed44000, 0x0000029deed45000,
0x0000029ded2a6800, 0x0000029ded2a3000, 0x0000029ded2a5000, 0x0000029ded2a5800,
0x0000029ded2a4000, 0x0000029ded2a7800, 0x0000029ded2a1800, 0x0000029ded2a8000,
0x0000029ded2a2800, 0x0000029ded2ae000, 0x0000029ded2ae800, 0x0000029ded2ab800,
0x0000029ded2a9000, 0x0000029ded2aa800, 0x0000029ded2af800, 0x0000029ded2ac000,
0x0000029ded2ad000, 0x0000029ded2a9800, 0x0000029ded2b0000, 0x0000029def005800,
0x0000029def003000, 0x0000029deefff800, 0x0000029def001800, 0x0000029def002000,
0x0000029def004000, 0x0000029def004800, 0x0000029def006800, 0x0000029def000800,
0x0000029def009800, 0x0000029def00c000, 0x0000029def008000, 0x0000029def00a800,
0x0000029def00b000, 0x0000029def008800, 0x0000029def00d000, 0x0000029def007000,
0x0000029def00d800, 0x0000029def00e800, 0x0000029df07d3000, 0x0000029df07d4000,
0x0000029df07d7000, 0x0000029df07d4800, 0x0000029df07d5800, 0x0000029df07d6800,
0x0000029df07d1800, 0x0000029df07d8000, 0x0000029df07d2000, 0x0000029df07dd000,
0x0000029df07dc000, 0x0000029df07de800, 0x0000029df07da800, 0x0000029df07dd800,
0x0000029df07d8800, 0x0000029df07db000, 0x0000029df07df800, 0x0000029df07d9800,
0x0000029df07e0000, 0x0000029def81b800, 0x0000029def81c000, 0x0000029def818000,
0x0000029def819800, 0x0000029def81d000, 0x0000029def819000, 0x0000029def817800,
0x0000029def81f800, 0x0000029def81e000, 0x0000029def820800, 0x0000029def824800,
0x0000029def825000, 0x0000029def822000, 0x0000029def823800, 0x0000029def821000,
0x0000029def822800, 0x0000029ded228800, 0x0000029ded22c000, 0x0000029ded22b000,
0x0000029ded233000, 0x0000029ded234000, 0x0000029ded235000, 0x0000029dec6d9000,
0x0000029dec6d6800, 0x0000029dec6d8000, 0x0000029dec6da800, 0x0000029deca18800,
0x0000029deca1b800, 0x0000029def698000, 0x0000029def698800, 0x0000029df64d4800,
0x0000029df64d0800, 0x0000029df64d2800, 0x0000029df64d1000, 0x0000029df64d5000,
0x0000029df64d7800, 0x0000029df64d2000, 0x0000029df64d8800, 0x0000029df64db000,
0x0000029df7349800, 0x0000029df64db800, 0x0000029df64dc800
}

Java Threads: ( => current thread )
  0x0000029dd06fa800 JavaThread "main" [_thread_blocked, id=6272, stack(0x000000fda3300000,0x000000fda3400000)]
  0x0000029dea2e1000 JavaThread "Reference Handler" daemon [_thread_blocked, id=2436, stack(0x000000fda3a00000,0x000000fda3b00000)]
  0x0000029dea2ec000 JavaThread "Finalizer" daemon [_thread_blocked, id=3404, stack(0x000000fda3b00000,0x000000fda3c00000)]
  0x0000029dea302000 JavaThread "Signal Dispatcher" daemon [_thread_blocked, id=1600, stack(0x000000fda3c00000,0x000000fda3d00000)]
  0x0000029dea303000 JavaThread "Attach Listener" daemon [_thread_blocked, id=8940, stack(0x000000fda3d00000,0x000000fda3e00000)]
  0x0000029dea304800 JavaThread "Service Thread" daemon [_thread_blocked, id=4036, stack(0x000000fda3e00000,0x000000fda3f00000)]
  0x0000029dea309800 JavaThread "C2 CompilerThread0" daemon [_thread_blocked, id=8688, stack(0x000000fda3f00000,0x000000fda4000000)]
  0x0000029dea30a800 JavaThread "C1 CompilerThread0" daemon [_thread_blocked, id=6800, stack(0x000000fda4000000,0x000000fda4100000)]
  0x0000029dea31e000 JavaThread "Sweeper thread" daemon [_thread_blocked, id=5692, stack(0x000000fda4100000,0x000000fda4200000)]
  0x0000029deadfb800 JavaThread "Common-Cleaner" daemon [_thread_blocked, id=3116, stack(0x000000fda4200000,0x000000fda4300000)]
  0x0000029dec6da000 JavaThread "Daemon health stats" [_thread_blocked, id=5660, stack(0x000000fda4700000,0x000000fda4800000)]
  0x0000029dec6d7800 JavaThread "Incoming local TCP Connector on port 6096" [_thread_in_native, id=7484, stack(0x000000fda4900000,0x000000fda4a00000)]
  0x0000029dec6d6000 JavaThread "Daemon periodic checks" [_thread_blocked, id=2296, stack(0x000000fda4a00000,0x000000fda4b00000)]
  0x0000029dec6d5000 JavaThread "Daemon" [_thread_blocked, id=4792, stack(0x000000fda4b00000,0x000000fda4c00000)]
  0x0000029dec6db800 JavaThread "Daemon worker" [_thread_blocked, id=4244, stack(0x000000fda4e00000,0x000000fda4f00000)]
  0x0000029deca1d000 JavaThread "Cache worker for journal cache (C:\Users\Acer\.gradle\caches\journal-1)" [_thread_blocked, id=4460, stack(0x000000fda5200000,0x000000fda5300000)]
  0x0000029deca1e000 JavaThread "File lock request listener" [_thread_in_native, id=6148, stack(0x000000fda5300000,0x000000fda5400000)]
  0x0000029deca1f000 JavaThread "Cache worker for file hash cache (C:\Users\Acer\.gradle\caches\6.5\fileHashes)" [_thread_blocked, id=4588, stack(0x000000fda5500000,0x000000fda5600000)]
  0x0000029deca1c800 JavaThread "jar transforms" [_thread_blocked, id=2300, stack(0x000000fda5800000,0x000000fda5900000)]
  0x0000029deca19000 JavaThread "jar transforms Thread 2" [_thread_blocked, id=6308, stack(0x000000fda5900000,0x000000fda5a00000)]
  0x0000029deca1f800 JavaThread "jar transforms Thread 3" [_thread_blocked, id=2720, stack(0x000000fda5a00000,0x000000fda5b00000)]
  0x0000029deca1a000 JavaThread "jar transforms Thread 4" [_thread_blocked, id=4284, stack(0x000000fda5b00000,0x000000fda5c00000)]
  0x0000029deca20800 JavaThread "jar transforms Thread 5" [_thread_blocked, id=6056, stack(0x000000fda5c00000,0x000000fda5d00000)]
  0x0000029deca1b000 JavaThread "jar transforms Thread 6" [_thread_blocked, id=8708, stack(0x000000fda5d00000,0x000000fda5e00000)]
  0x0000029deca23000 JavaThread "jar transforms Thread 7" [_thread_blocked, id=6000, stack(0x000000fda5e00000,0x000000fda5f00000)]
  0x0000029deca24800 JavaThread "jar transforms Thread 8" [_thread_blocked, id=7160, stack(0x000000fda5f00000,0x000000fda6000000)]
  0x0000029deca25800 JavaThread "jar transforms Thread 9" [_thread_blocked, id=8528, stack(0x000000fda6000000,0x000000fda6100000)]
  0x0000029deca26000 JavaThread "jar transforms Thread 10" [_thread_blocked, id=528, stack(0x000000fda6100000,0x000000fda6200000)]
  0x0000029deca27000 JavaThread "jar transforms Thread 11" [_thread_blocked, id=9088, stack(0x000000fda6200000,0x000000fda6300000)]
  0x0000029deca21800 JavaThread "jar transforms Thread 12" [_thread_blocked, id=3760, stack(0x000000fda6300000,0x000000fda6400000)]
  0x0000029deca22000 JavaThread "jar transforms Thread 13" [_thread_blocked, id=8624, stack(0x000000fda6400000,0x000000fda6500000)]
  0x0000029deca23800 JavaThread "jar transforms Thread 14" [_thread_blocked, id=5100, stack(0x000000fda6500000,0x000000fda6600000)]
  0x0000029ded226000 JavaThread "jar transforms Thread 15" [_thread_blocked, id=3316, stack(0x000000fda6600000,0x000000fda6700000)]
  0x0000029ded22a800 JavaThread "jar transforms Thread 16" [_thread_blocked, id=4024, stack(0x000000fda6700000,0x000000fda6800000)]
  0x0000029ded22c800 JavaThread "jar transforms Thread 17" [_thread_blocked, id=6172, stack(0x000000fda6800000,0x000000fda6900000)]
  0x0000029ded228000 JavaThread "jar transforms Thread 18" [_thread_blocked, id=9184, stack(0x000000fda6900000,0x000000fda6a00000)]
  0x0000029ded227000 JavaThread "jar transforms Thread 19" [_thread_blocked, id=7504, stack(0x000000fda6a00000,0x000000fda6b00000)]
  0x0000029ded22e800 JavaThread "jar transforms Thread 20" [_thread_blocked, id=408, stack(0x000000fda6b00000,0x000000fda6c00000)]
  0x0000029ded22f000 JavaThread "Cache worker for execution history cache (C:\Users\Acer\.gradle\caches\6.5\executionHistory)" [_thread_blocked, id=7316, stack(0x000000fda6f00000,0x000000fda7000000)]
  0x0000029ded22d800 JavaThread "Cache worker for file content cache (C:\Users\Acer\.gradle\caches\6.5\fileContent)" [_thread_blocked, id=9200, stack(0x000000fda7000000,0x000000fda7100000)]
  0x0000029def69e800 JavaThread "jar transforms Thread 21" [_thread_blocked, id=5128, stack(0x000000fda7600000,0x000000fda7700000)]
  0x0000029def69b000 JavaThread "jar transforms Thread 22" [_thread_blocked, id=2684, stack(0x000000fda7700000,0x000000fda7800000)]
  0x0000029def69d800 JavaThread "jar transforms Thread 23" [_thread_blocked, id=8968, stack(0x000000fda7800000,0x000000fda7900000)]
  0x0000029def69f000 JavaThread "jar transforms Thread 24" [_thread_blocked, id=8176, stack(0x000000fda7900000,0x000000fda7a00000)]
  0x0000029def69a000 JavaThread "jar transforms Thread 25" [_thread_blocked, id=5872, stack(0x000000fda7a00000,0x000000fda7b00000)]
  0x0000029def69c000 JavaThread "jar transforms Thread 26" [_thread_blocked, id=544, stack(0x000000fda7b00000,0x000000fda7c00000)]
  0x0000029def699800 JavaThread "jar transforms Thread 27" [_thread_blocked, id=8848, stack(0x000000fda7c00000,0x000000fda7d00000)]
  0x0000029def69c800 JavaThread "jar transforms Thread 28" [_thread_blocked, id=524, stack(0x000000fda7d00000,0x000000fda7e00000)]
  0x0000029def6a3000 JavaThread "jar transforms Thread 29" [_thread_blocked, id=3272, stack(0x000000fda7e00000,0x000000fda7f00000)]
  0x0000029def6a4000 JavaThread "jar transforms Thread 30" [_thread_blocked, id=6432, stack(0x000000fda7f00000,0x000000fda8000000)]
  0x0000029def6a5800 JavaThread "jar transforms Thread 31" [_thread_blocked, id=5004, stack(0x000000fda8000000,0x000000fda8100000)]
  0x0000029def6a5000 JavaThread "jar transforms Thread 32" [_thread_blocked, id=8864, stack(0x000000fda8100000,0x000000fda8200000)]
  0x0000029def6a0000 JavaThread "jar transforms Thread 33" [_thread_blocked, id=4596, stack(0x000000fda8200000,0x000000fda8300000)]
  0x0000029def6a2800 JavaThread "jar transforms Thread 34" [_thread_blocked, id=3880, stack(0x000000fda8300000,0x000000fda8400000)]
  0x0000029def6a6800 JavaThread "jar transforms Thread 35" [_thread_blocked, id=5568, stack(0x000000fda8400000,0x000000fda8500000)]
  0x0000029def6a1000 JavaThread "jar transforms Thread 36" [_thread_blocked, id=8964, stack(0x000000fda8500000,0x000000fda8600000)]
  0x0000029def6a1800 JavaThread "jar transforms Thread 37" [_thread_blocked, id=4724, stack(0x000000fda8600000,0x000000fda8700000)]
  0x0000029deed39800 JavaThread "jar transforms Thread 38" [_thread_blocked, id=3952, stack(0x000000fda8700000,0x000000fda8800000)]
  0x0000029deed3a000 JavaThread "jar transforms Thread 39" [_thread_blocked, id=6160, stack(0x000000fda8800000,0x000000fda8900000)]
  0x0000029deed3c000 JavaThread "jar transforms Thread 40" [_thread_blocked, id=2144, stack(0x000000fda8900000,0x000000fda8a00000)]
  0x0000029deed38000 JavaThread "jar transforms Thread 41" [_thread_blocked, id=1496, stack(0x000000fda8a00000,0x000000fda8b00000)]
  0x0000029deed36000 JavaThread "jar transforms Thread 42" [_thread_blocked, id=1584, stack(0x000000fda8b00000,0x000000fda8c00000)]
  0x0000029deed37000 JavaThread "jar transforms Thread 43" [_thread_blocked, id=7324, stack(0x000000fda8c00000,0x000000fda8d00000)]
  0x0000029deed3c800 JavaThread "jar transforms Thread 44" [_thread_blocked, id=8480, stack(0x000000fda8d00000,0x000000fda8e00000)]
  0x0000029deed3b000 JavaThread "jar transforms Thread 45" [_thread_blocked, id=3372, stack(0x000000fda8e00000,0x000000fda8f00000)]
  0x0000029deed3d800 JavaThread "jar transforms Thread 46" [_thread_blocked, id=2040, stack(0x000000fda8f00000,0x000000fda9000000)]
  0x0000029deed3e800 JavaThread "jar transforms Thread 47" [_thread_blocked, id=2404, stack(0x000000fda9000000,0x000000fda9100000)]
  0x0000029deed38800 JavaThread "jar transforms Thread 48" [_thread_blocked, id=8260, stack(0x000000fda9100000,0x000000fda9200000)]
  0x0000029deed3f000 JavaThread "jar transforms Thread 49" [_thread_blocked, id=1980, stack(0x000000fda9200000,0x000000fda9300000)]
  0x0000029deed41800 JavaThread "jar transforms Thread 50" [_thread_blocked, id=1372, stack(0x000000fda9300000,0x000000fda9400000)]
  0x0000029deed40800 JavaThread "jar transforms Thread 51" [_thread_blocked, id=3900, stack(0x000000fda9400000,0x000000fda9500000)]
  0x0000029deed42800 JavaThread "jar transforms Thread 52" [_thread_blocked, id=1812, stack(0x000000fda9500000,0x000000fda9600000)]
  0x0000029deed43000 JavaThread "jar transforms Thread 53" [_thread_blocked, id=7552, stack(0x000000fda9600000,0x000000fda9700000)]
  0x0000029deed40000 JavaThread "jar transforms Thread 54" [_thread_blocked, id=4464, stack(0x000000fda9700000,0x000000fda9800000)]
  0x0000029deed44000 JavaThread "jar transforms Thread 55" [_thread_blocked, id=6452, stack(0x000000fda9800000,0x000000fda9900000)]
  0x0000029deed45000 JavaThread "jar transforms Thread 56" [_thread_blocked, id=4428, stack(0x000000fda9900000,0x000000fda9a00000)]
  0x0000029ded2a6800 JavaThread "jar transforms Thread 57" [_thread_blocked, id=8288, stack(0x000000fda9a00000,0x000000fda9b00000)]
  0x0000029ded2a3000 JavaThread "jar transforms Thread 58" [_thread_blocked, id=6324, stack(0x000000fda9b00000,0x000000fda9c00000)]
  0x0000029ded2a5000 JavaThread "jar transforms Thread 59" [_thread_blocked, id=7124, stack(0x000000fda9c00000,0x000000fda9d00000)]
  0x0000029ded2a5800 JavaThread "jar transforms Thread 60" [_thread_blocked, id=6204, stack(0x000000fda9d00000,0x000000fda9e00000)]
  0x0000029ded2a4000 JavaThread "jar transforms Thread 61" [_thread_blocked, id=5360, stack(0x000000fda9e00000,0x000000fda9f00000)]
  0x0000029ded2a7800 JavaThread "jar transforms Thread 62" [_thread_blocked, id=4344, stack(0x000000fda9f00000,0x000000fdaa000000)]
  0x0000029ded2a1800 JavaThread "jar transforms Thread 63" [_thread_blocked, id=8784, stack(0x000000fdaa000000,0x000000fdaa100000)]
  0x0000029ded2a8000 JavaThread "jar transforms Thread 64" [_thread_blocked, id=7172, stack(0x000000fdaa100000,0x000000fdaa200000)]
  0x0000029ded2a2800 JavaThread "jar transforms Thread 65" [_thread_blocked, id=5280, stack(0x000000fdaa200000,0x000000fdaa300000)]
  0x0000029ded2ae000 JavaThread "jar transforms Thread 66" [_thread_blocked, id=4956, stack(0x000000fdaa300000,0x000000fdaa400000)]
  0x0000029ded2ae800 JavaThread "jar transforms Thread 67" [_thread_blocked, id=6412, stack(0x000000fdaa400000,0x000000fdaa500000)]
  0x0000029ded2ab800 JavaThread "jar transforms Thread 68" [_thread_blocked, id=2216, stack(0x000000fdaa500000,0x000000fdaa600000)]
  0x0000029ded2a9000 JavaThread "jar transforms Thread 69" [_thread_blocked, id=4980, stack(0x000000fdaa600000,0x000000fdaa700000)]
  0x0000029ded2aa800 JavaThread "jar transforms Thread 70" [_thread_blocked, id=8424, stack(0x000000fdaa700000,0x000000fdaa800000)]
  0x0000029ded2af800 JavaThread "jar transforms Thread 71" [_thread_blocked, id=8984, stack(0x000000fdaa800000,0x000000fdaa900000)]
  0x0000029ded2ac000 JavaThread "jar transforms Thread 72" [_thread_blocked, id=2068, stack(0x000000fdaa900000,0x000000fdaaa00000)]
  0x0000029ded2ad000 JavaThread "jar transforms Thread 73" [_thread_blocked, id=2160, stack(0x000000fdaaa00000,0x000000fdaab00000)]
  0x0000029ded2a9800 JavaThread "jar transforms Thread 74" [_thread_blocked, id=3780, stack(0x000000fdaab00000,0x000000fdaac00000)]
  0x0000029ded2b0000 JavaThread "jar transforms Thread 75" [_thread_blocked, id=7004, stack(0x000000fdaac00000,0x000000fdaad00000)]
  0x0000029def005800 JavaThread "jar transforms Thread 76" [_thread_blocked, id=6604, stack(0x000000fdaad00000,0x000000fdaae00000)]
  0x0000029def003000 JavaThread "jar transforms Thread 77" [_thread_blocked, id=5320, stack(0x000000fdaae00000,0x000000fdaaf00000)]
  0x0000029deefff800 JavaThread "jar transforms Thread 78" [_thread_blocked, id=9000, stack(0x000000fdaaf00000,0x000000fdab000000)]
  0x0000029def001800 JavaThread "jar transforms Thread 79" [_thread_blocked, id=6380, stack(0x000000fdab000000,0x000000fdab100000)]
  0x0000029def002000 JavaThread "jar transforms Thread 80" [_thread_blocked, id=3152, stack(0x000000fdab100000,0x000000fdab200000)]
  0x0000029def004000 JavaThread "jar transforms Thread 81" [_thread_blocked, id=7256, stack(0x000000fdab200000,0x000000fdab300000)]
  0x0000029def004800 JavaThread "jar transforms Thread 82" [_thread_blocked, id=512, stack(0x000000fdab300000,0x000000fdab400000)]
  0x0000029def006800 JavaThread "jar transforms Thread 83" [_thread_blocked, id=8936, stack(0x000000fdab400000,0x000000fdab500000)]
  0x0000029def000800 JavaThread "jar transforms Thread 84" [_thread_blocked, id=2448, stack(0x000000fdab500000,0x000000fdab600000)]
  0x0000029def009800 JavaThread "jar transforms Thread 85" [_thread_blocked, id=9148, stack(0x000000fdab600000,0x000000fdab700000)]
  0x0000029def00c000 JavaThread "jar transforms Thread 86" [_thread_blocked, id=5868, stack(0x000000fdab700000,0x000000fdab800000)]
  0x0000029def008000 JavaThread "jar transforms Thread 87" [_thread_blocked, id=7640, stack(0x000000fdab800000,0x000000fdab900000)]
  0x0000029def00a800 JavaThread "jar transforms Thread 88" [_thread_blocked, id=7244, stack(0x000000fdab900000,0x000000fdaba00000)]
  0x0000029def00b000 JavaThread "jar transforms Thread 89" [_thread_blocked, id=492, stack(0x000000fdaba00000,0x000000fdabb00000)]
  0x0000029def008800 JavaThread "jar transforms Thread 90" [_thread_blocked, id=5388, stack(0x000000fdabb00000,0x000000fdabc00000)]
  0x0000029def00d000 JavaThread "jar transforms Thread 91" [_thread_blocked, id=7132, stack(0x000000fdabc00000,0x000000fdabd00000)]
  0x0000029def007000 JavaThread "jar transforms Thread 92" [_thread_blocked, id=5336, stack(0x000000fdabd00000,0x000000fdabe00000)]
  0x0000029def00d800 JavaThread "jar transforms Thread 93" [_thread_blocked, id=5520, stack(0x000000fdabe00000,0x000000fdabf00000)]
  0x0000029def00e800 JavaThread "jar transforms Thread 94" [_thread_blocked, id=6996, stack(0x000000fdabf00000,0x000000fdac000000)]
  0x0000029df07d3000 JavaThread "jar transforms Thread 95" [_thread_blocked, id=4564, stack(0x000000fdac000000,0x000000fdac100000)]
  0x0000029df07d4000 JavaThread "jar transforms Thread 96" [_thread_blocked, id=1864, stack(0x000000fdac100000,0x000000fdac200000)]
  0x0000029df07d7000 JavaThread "jar transforms Thread 97" [_thread_blocked, id=7016, stack(0x000000fdac200000,0x000000fdac300000)]
  0x0000029df07d4800 JavaThread "jar transforms Thread 98" [_thread_blocked, id=1204, stack(0x000000fdac300000,0x000000fdac400000)]
  0x0000029df07d5800 JavaThread "jar transforms Thread 99" [_thread_blocked, id=5564, stack(0x000000fdac400000,0x000000fdac500000)]
  0x0000029df07d6800 JavaThread "jar transforms Thread 100" [_thread_blocked, id=5312, stack(0x000000fdac500000,0x000000fdac600000)]
  0x0000029df07d1800 JavaThread "jar transforms Thread 101" [_thread_blocked, id=4352, stack(0x000000fdac600000,0x000000fdac700000)]
  0x0000029df07d8000 JavaThread "jar transforms Thread 102" [_thread_blocked, id=5992, stack(0x000000fdac700000,0x000000fdac800000)]
  0x0000029df07d2000 JavaThread "jar transforms Thread 103" [_thread_blocked, id=7620, stack(0x000000fdac800000,0x000000fdac900000)]
  0x0000029df07dd000 JavaThread "jar transforms Thread 104" [_thread_blocked, id=3004, stack(0x000000fdac900000,0x000000fdaca00000)]
  0x0000029df07dc000 JavaThread "jar transforms Thread 105" [_thread_blocked, id=7056, stack(0x000000fdaca00000,0x000000fdacb00000)]
  0x0000029df07de800 JavaThread "jar transforms Thread 106" [_thread_blocked, id=6888, stack(0x000000fdacb00000,0x000000fdacc00000)]
  0x0000029df07da800 JavaThread "jar transforms Thread 107" [_thread_blocked, id=3928, stack(0x000000fdacc00000,0x000000fdacd00000)]
  0x0000029df07dd800 JavaThread "jar transforms Thread 108" [_thread_blocked, id=7532, stack(0x000000fdacd00000,0x000000fdace00000)]
  0x0000029df07d8800 JavaThread "jar transforms Thread 109" [_thread_blocked, id=8604, stack(0x000000fdace00000,0x000000fdacf00000)]
  0x0000029df07db000 JavaThread "jar transforms Thread 110" [_thread_blocked, id=7296, stack(0x000000fdacf00000,0x000000fdad000000)]
  0x0000029df07df800 JavaThread "jar transforms Thread 111" [_thread_blocked, id=2804, stack(0x000000fdad000000,0x000000fdad100000)]
  0x0000029df07d9800 JavaThread "jar transforms Thread 112" [_thread_blocked, id=2924, stack(0x000000fdad100000,0x000000fdad200000)]
  0x0000029df07e0000 JavaThread "jar transforms Thread 113" [_thread_blocked, id=6596, stack(0x000000fdad200000,0x000000fdad300000)]
  0x0000029def81b800 JavaThread "jar transforms Thread 114" [_thread_blocked, id=1076, stack(0x000000fdad300000,0x000000fdad400000)]
  0x0000029def81c000 JavaThread "jar transforms Thread 115" [_thread_blocked, id=6540, stack(0x000000fdad400000,0x000000fdad500000)]
  0x0000029def818000 JavaThread "jar transforms Thread 116" [_thread_blocked, id=8268, stack(0x000000fdad500000,0x000000fdad600000)]
  0x0000029def819800 JavaThread "jar transforms Thread 117" [_thread_blocked, id=6372, stack(0x000000fdad600000,0x000000fdad700000)]
  0x0000029def81d000 JavaThread "jar transforms Thread 118" [_thread_blocked, id=7336, stack(0x000000fdad700000,0x000000fdad800000)]
  0x0000029def819000 JavaThread "jar transforms Thread 119" [_thread_blocked, id=7736, stack(0x000000fdad800000,0x000000fdad900000)]
  0x0000029def817800 JavaThread "jar transforms Thread 120" [_thread_blocked, id=4592, stack(0x000000fdad900000,0x000000fdada00000)]
  0x0000029def81f800 JavaThread "jar transforms Thread 121" [_thread_blocked, id=2732, stack(0x000000fdada00000,0x000000fdadb00000)]
  0x0000029def81e000 JavaThread "jar transforms Thread 122" [_thread_blocked, id=8952, stack(0x000000fdadb00000,0x000000fdadc00000)]
  0x0000029def820800 JavaThread "Memory manager" [_thread_blocked, id=4492, stack(0x000000fdadc00000,0x000000fdadd00000)]
  0x0000029def824800 JavaThread "Handler for socket connection from /127.0.0.1:6096 to /127.0.0.1:14990" [_thread_in_native, id=8168, stack(0x000000fda4c00000,0x000000fda4d00000)]
  0x0000029def825000 JavaThread "Cancel handler" [_thread_blocked, id=4820, stack(0x000000fda4d00000,0x000000fda4e00000)]
  0x0000029def822000 JavaThread "Asynchronous log dispatcher for DefaultDaemonConnection: socket connection from /127.0.0.1:6096 to /127.0.0.1:14990" [_thread_blocked, id=8868, stack(0x000000fda4f00000,0x000000fda5000000)]
  0x0000029def823800 JavaThread "Stdin handler" [_thread_blocked, id=5036, stack(0x000000fda5000000,0x000000fda5100000)]
  0x0000029def821000 JavaThread "Thread-152" [_thread_blocked, id=9032, stack(0x000000fda5100000,0x000000fda5200000)]
  0x0000029def822800 JavaThread "Cache worker for file hash cache (D:\proyektim_kvartirabor\Kvartirabor\.gradle\6.5\fileHashes)" [_thread_blocked, id=8600, stack(0x000000fda5600000,0x000000fda5700000)]
  0x0000029ded228800 JavaThread "Cache worker for checksums cache (D:\proyektim_kvartirabor\Kvartirabor\.gradle\checksums)" [_thread_blocked, id=6096, stack(0x000000fda6c00000,0x000000fda6d00000)]
  0x0000029ded22c000 JavaThread "Cache worker for cache directory md-supplier (C:\Users\Acer\.gradle\caches\6.5\md-supplier)" [_thread_blocked, id=556, stack(0x000000fda6d00000,0x000000fda6e00000)]
  0x0000029ded22b000 JavaThread "Cache worker for cache directory md-rule (C:\Users\Acer\.gradle\caches\6.5\md-rule)" [_thread_blocked, id=7376, stack(0x000000fda6e00000,0x000000fda6f00000)]
  0x0000029ded233000 JavaThread "Build operations" [_thread_blocked, id=7896, stack(0x000000fda7100000,0x000000fda7200000)]
  0x0000029ded234000 JavaThread "Build operations Thread 2" [_thread_blocked, id=6436, stack(0x000000fda7200000,0x000000fda7300000)]
  0x0000029ded235000 JavaThread "Build operations Thread 3" [_thread_blocked, id=2352, stack(0x000000fda7300000,0x000000fda7400000)]
  0x0000029dec6d9000 JavaThread "Build operations Thread 4" [_thread_blocked, id=8736, stack(0x000000fda7400000,0x000000fda7500000)]
  0x0000029dec6d6800 JavaThread "Cache worker for Build Output Cleanup Cache (D:\proyektim_kvartirabor\Kvartirabor\.gradle\buildOutputCleanup)" [_thread_blocked, id=8856, stack(0x000000fda7500000,0x000000fda7600000)]
  0x0000029dec6d8000 JavaThread "Cache worker for file content cache (D:\proyektim_kvartirabor\Kvartirabor\.gradle\6.5\fileContent)" [_thread_blocked, id=9144, stack(0x000000fdade00000,0x000000fdadf00000)]
  0x0000029dec6da800 JavaThread "Execution worker for ':'" [_thread_blocked, id=2708, stack(0x000000fdadf00000,0x000000fdae000000)]
  0x0000029deca18800 JavaThread "Execution worker for ':' Thread 2" [_thread_blocked, id=4896, stack(0x000000fdae000000,0x000000fdae100000)]
  0x0000029deca1b800 JavaThread "Execution worker for ':' Thread 3" [_thread_blocked, id=1072, stack(0x000000fdae100000,0x000000fdae200000)]
  0x0000029def698000 JavaThread "Cache worker for execution history cache (D:\proyektim_kvartirabor\Kvartirabor\.gradle\6.5\executionHistory)" [_thread_blocked, id=4988, stack(0x000000fdae200000,0x000000fdae300000)]
  0x0000029def698800 JavaThread "WorkerExecutor Queue" [_thread_blocked, id=4408, stack(0x000000fda5700000,0x000000fda5800000)]
  0x0000029df64d4800 JavaThread "WorkerExecutor Queue Thread 2" [_thread_blocked, id=2584, stack(0x000000fdae300000,0x000000fdae400000)]
  0x0000029df64d0800 JavaThread "pool-4-thread-1" [_thread_blocked, id=8872, stack(0x000000fdae500000,0x000000fdae600000)]
  0x0000029df64d2800 JavaThread "stderr" [_thread_in_native, id=6924, stack(0x000000fdae600000,0x000000fdae700000)]
  0x0000029df64d1000 JavaThread "stdout" [_thread_in_native, id=3300, stack(0x000000fdae700000,0x000000fdae800000)]
  0x0000029df64d5000 JavaThread "RMI Scheduler(0)" daemon [_thread_blocked, id=4768, stack(0x000000fda3100000,0x000000fda3200000)]
  0x0000029df64d7800 JavaThread "RMI GC Daemon" daemon [_thread_blocked, id=8572, stack(0x000000fdae400000,0x000000fdae500000)]
  0x0000029df64d2000 JavaThread "RMI TCP Accept-0" daemon [_thread_in_native, id=5792, stack(0x000000fdae800000,0x000000fdae900000)]
  0x0000029df64d8800 JavaThread "RMI Reaper" [_thread_blocked, id=8024, stack(0x000000fdae900000,0x000000fdaea00000)]
  0x0000029df64db000 JavaThread "RMI TCP Connection(1)-127.0.0.1" daemon [_thread_in_native, id=8648, stack(0x000000fdaea00000,0x000000fdaeb00000)]
  0x0000029df7349800 JavaThread "C2 CompilerThread1" daemon [_thread_in_native, id=8592, stack(0x000000fda3000000,0x000000fda3100000)]
  0x0000029df64db800 JavaThread "WorkerExecutor Queue Thread 3" [_thread_blocked, id=9044, stack(0x000000fda3200000,0x000000fda3300000)]
  0x0000029df64dc800 JavaThread "WorkerExecutor Queue Thread 4" [_thread_blocked, id=5580, stack(0x000000fdaeb00000,0x000000fdaec00000)]

Other Threads:
=>0x0000029dea2dd000 VMThread "VM Thread" [stack: 0x000000fda3900000,0x000000fda3a00000] [id=7816]
  0x0000029deae4e800 WatcherThread [stack: 0x000000fda4300000,0x000000fda4400000] [id=4572]
  0x0000029dd0714000 GCTaskThread "GC Thread#0" [stack: 0x000000fda3400000,0x000000fda3500000] [id=1696]
  0x0000029deb1f8000 GCTaskThread "GC Thread#1" [stack: 0x000000fda4500000,0x000000fda4600000] [id=8084]
  0x0000029deb6f5800 GCTaskThread "GC Thread#2" [stack: 0x000000fda4600000,0x000000fda4700000] [id=2676]
  0x0000029deca36800 GCTaskThread "GC Thread#3" [stack: 0x000000fda5400000,0x000000fda5500000] [id=1012]
  0x0000029dd0744800 ConcurrentGCThread "G1 Main Marker" [stack: 0x000000fda3500000,0x000000fda3600000] [id=8548]
  0x0000029dd0747000 ConcurrentGCThread "G1 Conc#0" [stack: 0x000000fda3600000,0x000000fda3700000] [id=2548]
  0x0000029dd07d8000 ConcurrentGCThread "G1 Refine#0" [stack: 0x000000fda3700000,0x000000fda3800000] [id=5424]
  0x0000029dd07d9000 ConcurrentGCThread "G1 Young RemSet Sampling" [stack: 0x000000fda3800000,0x000000fda3900000] [id=5684]

Threads with active compile tasks:
C2 CompilerThread0  73189 16813 %     4       com.android.tools.r8.dex.n::m @ 64 (2044 bytes)
C2 CompilerThread1  73189 16667   !   4       java.nio.file.FileTreeWalker::visit (204 bytes)

VM state:at safepoint (normal execution)

VM Mutex/Monitor currently owned by a thread:  ([mutex/lock_event])
[0x0000029dd06f6540] Threads_lock - owner thread: 0x0000029dea2dd000
[0x0000029dd06f6a50] Heap_lock - owner thread: 0x0000029def698800

Heap address: 0x0000000080000000, size: 2048 MB, Compressed Oops mode: 32-bit
Narrow klass base: 0x0000000000000000, Narrow klass shift: 3
Compressed class space size: 1073741824 Address: 0x0000000100000000

Heap:
 garbage-first heap   total 332800K, used 204219K [0x0000000080000000, 0x0000000100000000)
  region size 1024K, 3 young (3072K), 3 survivors (3072K)
 Metaspace       used 125044K, capacity 128359K, committed 128600K, reserved 1161216K
  class space    used 15493K, capacity 16682K, committed 16768K, reserved 1048576K
Heap Regions: E=young(eden), S=young(survivor), O=old, HS=humongous(starts), HC=humongous(continues), CS=collection set, F=free, A=archive, TAMS=top-at-mark-start (previous, next)
|   0|0x0000000080000000, 0x0000000080100000, 0x0000000080100000|100%| O|  |TAMS 0x0000000080100000, 0x0000000080000000| Untracked 
|   1|0x0000000080100000, 0x0000000080200000, 0x0000000080200000|100%| O|  |TAMS 0x0000000080200000, 0x0000000080100000| Untracked 
|   2|0x0000000080200000, 0x0000000080300000, 0x0000000080300000|100%| O|  |TAMS 0x0000000080300000, 0x0000000080200000| Untracked 
|   3|0x0000000080300000, 0x0000000080400000, 0x0000000080400000|100%|HS|  |TAMS 0x0000000080400000, 0x0000000080300000| Complete 
|   4|0x0000000080400000, 0x0000000080500000, 0x0000000080500000|100%|HC|  |TAMS 0x0000000080500000, 0x0000000080400000| Complete 
|   5|0x0000000080500000, 0x0000000080600000, 0x0000000080600000|100%|HC|  |TAMS 0x0000000080600000, 0x0000000080500000| Complete 
|   6|0x0000000080600000, 0x0000000080700000, 0x0000000080700000|100%| O|  |TAMS 0x0000000080700000, 0x0000000080600000| Untracked 
|   7|0x0000000080700000, 0x0000000080800000, 0x0000000080800000|100%| O|  |TAMS 0x0000000080800000, 0x0000000080700000| Untracked 
|   8|0x0000000080800000, 0x0000000080900000, 0x0000000080900000|100%| O|  |TAMS 0x0000000080900000, 0x0000000080800000| Untracked 
|   9|0x0000000080900000, 0x0000000080a00000, 0x0000000080a00000|100%| O|  |TAMS 0x0000000080a00000, 0x0000000080900000| Untracked 
|  10|0x0000000080a00000, 0x0000000080b00000, 0x0000000080b00000|100%| O|  |TAMS 0x0000000080b00000, 0x0000000080a00000| Untracked 
|  11|0x0000000080b00000, 0x0000000080c00000, 0x0000000080c00000|100%| O|  |TAMS 0x0000000080c00000, 0x0000000080b00000| Untracked 
|  12|0x0000000080c00000, 0x0000000080d00000, 0x0000000080d00000|100%| O|  |TAMS 0x0000000080d00000, 0x0000000080c00000| Untracked 
|  13|0x0000000080d00000, 0x0000000080e00000, 0x0000000080e00000|100%|HS|  |TAMS 0x0000000080e00000, 0x0000000080d00000| Complete 
|  14|0x0000000080e00000, 0x0000000080f00000, 0x0000000080f00000|100%|HC|  |TAMS 0x0000000080f00000, 0x0000000080e00000| Complete 
|  15|0x0000000080f00000, 0x0000000081000000, 0x0000000081000000|100%|HS|  |TAMS 0x0000000081000000, 0x0000000080f00000| Complete 
|  16|0x0000000081000000, 0x0000000081100000, 0x0000000081100000|100%|HC|  |TAMS 0x0000000081100000, 0x0000000081000000| Complete 
|  17|0x0000000081100000, 0x0000000081200000, 0x0000000081200000|100%|HC|  |TAMS 0x0000000081200000, 0x0000000081100000| Complete 
|  18|0x0000000081200000, 0x0000000081300000, 0x0000000081300000|100%|HS|  |TAMS 0x0000000081300000, 0x0000000081200000| Complete 
|  19|0x0000000081300000, 0x0000000081400000, 0x0000000081400000|100%|HC|  |TAMS 0x0000000081400000, 0x0000000081300000| Complete 
|  20|0x0000000081400000, 0x0000000081500000, 0x0000000081500000|100%|HC|  |TAMS 0x0000000081500000, 0x0000000081400000| Complete 
|  21|0x0000000081500000, 0x0000000081600000, 0x0000000081600000|100%|HC|  |TAMS 0x0000000081600000, 0x0000000081500000| Complete 
|  22|0x0000000081600000, 0x0000000081700000, 0x0000000081700000|100%|HC|  |TAMS 0x0000000081700000, 0x0000000081600000| Complete 
|  23|0x0000000081700000, 0x0000000081800000, 0x0000000081800000|100%| O|  |TAMS 0x0000000081800000, 0x0000000081700000| Untracked 
|  24|0x0000000081800000, 0x0000000081900000, 0x0000000081900000|100%| O|  |TAMS 0x0000000081900000, 0x0000000081800000| Untracked 
|  25|0x0000000081900000, 0x0000000081a00000, 0x0000000081a00000|100%| O|  |TAMS 0x0000000081a00000, 0x0000000081900000| Untracked 
|  26|0x0000000081a00000, 0x0000000081b00000, 0x0000000081b00000|100%| O|  |TAMS 0x0000000081b00000, 0x0000000081a00000| Untracked 
|  27|0x0000000081b00000, 0x0000000081c00000, 0x0000000081c00000|100%| O|  |TAMS 0x0000000081c00000, 0x0000000081b00000| Untracked 
|  28|0x0000000081c00000, 0x0000000081d00000, 0x0000000081d00000|100%| O|  |TAMS 0x0000000081d00000, 0x0000000081c00000| Untracked 
|  29|0x0000000081d00000, 0x0000000081e00000, 0x0000000081e00000|100%| O|  |TAMS 0x0000000081e00000, 0x0000000081d00000| Untracked 
|  30|0x0000000081e00000, 0x0000000081f00000, 0x0000000081f00000|100%| O|  |TAMS 0x0000000081f00000, 0x0000000081e00000| Untracked 
|  31|0x0000000081f00000, 0x0000000082000000, 0x0000000082000000|100%| O|  |TAMS 0x0000000082000000, 0x0000000081f00000| Untracked 
|  32|0x0000000082000000, 0x0000000082100000, 0x0000000082100000|100%| O|  |TAMS 0x0000000082100000, 0x0000000082000000| Untracked 
|  33|0x0000000082100000, 0x0000000082200000, 0x0000000082200000|100%| O|  |TAMS 0x0000000082200000, 0x0000000082100000| Untracked 
|  34|0x0000000082200000, 0x0000000082300000, 0x0000000082300000|100%|HS|  |TAMS 0x0000000082300000, 0x0000000082200000| Complete 
|  35|0x0000000082300000, 0x0000000082400000, 0x0000000082400000|100%|HS|  |TAMS 0x0000000082400000, 0x0000000082300000| Complete 
|  36|0x0000000082400000, 0x0000000082500000, 0x0000000082500000|100%|HS|  |TAMS 0x0000000082500000, 0x0000000082400000| Complete 
|  37|0x0000000082500000, 0x0000000082600000, 0x0000000082600000|100%|HC|  |TAMS 0x0000000082600000, 0x0000000082500000| Complete 
|  38|0x0000000082600000, 0x0000000082700000, 0x0000000082700000|100%|HC|  |TAMS 0x0000000082700000, 0x0000000082600000| Complete 
|  39|0x0000000082700000, 0x0000000082800000, 0x0000000082800000|100%|HS|  |TAMS 0x0000000082800000, 0x0000000082700000| Complete 
|  40|0x0000000082800000, 0x0000000082900000, 0x0000000082900000|100%|HC|  |TAMS 0x0000000082900000, 0x0000000082800000| Complete 
|  41|0x0000000082900000, 0x0000000082a00000, 0x0000000082a00000|100%| O|  |TAMS 0x0000000082a00000, 0x0000000082900000| Untracked 
|  42|0x0000000082a00000, 0x0000000082b00000, 0x0000000082b00000|100%| O|  |TAMS 0x0000000082b00000, 0x0000000082a00000| Untracked 
|  43|0x0000000082b00000, 0x0000000082c00000, 0x0000000082c00000|100%| O|  |TAMS 0x0000000082c00000, 0x0000000082b00000| Untracked 
|  44|0x0000000082c00000, 0x0000000082d00000, 0x0000000082d00000|100%| O|  |TAMS 0x0000000082d00000, 0x0000000082c00000| Untracked 
|  45|0x0000000082d00000, 0x0000000082e00000, 0x0000000082e00000|100%| O|  |TAMS 0x0000000082e00000, 0x0000000082d00000| Untracked 
|  46|0x0000000082e00000, 0x0000000082f00000, 0x0000000082f00000|100%| O|  |TAMS 0x0000000082f00000, 0x0000000082e00000| Untracked 
|  47|0x0000000082f00000, 0x0000000083000000, 0x0000000083000000|100%| O|  |TAMS 0x0000000083000000, 0x0000000082f00000| Untracked 
|  48|0x0000000083000000, 0x0000000083100000, 0x0000000083100000|100%| O|  |TAMS 0x0000000083100000, 0x0000000083000000| Untracked 
|  49|0x0000000083100000, 0x0000000083200000, 0x0000000083200000|100%| O|  |TAMS 0x0000000083200000, 0x0000000083100000| Untracked 
|  50|0x0000000083200000, 0x0000000083300000, 0x0000000083300000|100%| O|  |TAMS 0x0000000083300000, 0x0000000083200000| Untracked 
|  51|0x0000000083300000, 0x0000000083400000, 0x0000000083400000|100%| O|  |TAMS 0x0000000083400000, 0x0000000083300000| Untracked 
|  52|0x0000000083400000, 0x0000000083500000, 0x0000000083500000|100%| O|  |TAMS 0x0000000083500000, 0x0000000083400000| Untracked 
|  53|0x0000000083500000, 0x0000000083600000, 0x0000000083600000|100%| O|  |TAMS 0x0000000083600000, 0x0000000083500000| Untracked 
|  54|0x0000000083600000, 0x0000000083700000, 0x0000000083700000|100%| O|  |TAMS 0x0000000083700000, 0x0000000083600000| Untracked 
|  55|0x0000000083700000, 0x0000000083800000, 0x0000000083800000|100%| O|  |TAMS 0x0000000083800000, 0x0000000083700000| Untracked 
|  56|0x0000000083800000, 0x0000000083900000, 0x0000000083900000|100%| O|  |TAMS 0x0000000083900000, 0x0000000083800000| Untracked 
|  57|0x0000000083900000, 0x0000000083a00000, 0x0000000083a00000|100%| O|  |TAMS 0x0000000083a00000, 0x0000000083900000| Untracked 
|  58|0x0000000083a00000, 0x0000000083b00000, 0x0000000083b00000|100%| O|  |TAMS 0x0000000083b00000, 0x0000000083a00000| Untracked 
|  59|0x0000000083b00000, 0x0000000083c00000, 0x0000000083c00000|100%| O|  |TAMS 0x0000000083c00000, 0x0000000083b00000| Untracked 
|  60|0x0000000083c00000, 0x0000000083d00000, 0x0000000083d00000|100%|HS|  |TAMS 0x0000000083d00000, 0x0000000083c00000| Complete 
|  61|0x0000000083d00000, 0x0000000083e00000, 0x0000000083e00000|100%| O|  |TAMS 0x0000000083e00000, 0x0000000083d00000| Untracked 
|  62|0x0000000083e00000, 0x0000000083f00000, 0x0000000083f00000|100%| O|  |TAMS 0x0000000083f00000, 0x0000000083e00000| Untracked 
|  63|0x0000000083f00000, 0x0000000084000000, 0x0000000084000000|100%| O|  |TAMS 0x0000000084000000, 0x0000000083f00000| Untracked 
|  64|0x0000000084000000, 0x0000000084100000, 0x0000000084100000|100%| O|  |TAMS 0x0000000084100000, 0x0000000084000000| Untracked 
|  65|0x0000000084100000, 0x0000000084200000, 0x0000000084200000|100%| O|  |TAMS 0x0000000084200000, 0x0000000084100000| Untracked 
|  66|0x0000000084200000, 0x0000000084300000, 0x0000000084300000|100%| O|  |TAMS 0x0000000084300000, 0x0000000084200000| Untracked 
|  67|0x0000000084300000, 0x0000000084400000, 0x0000000084400000|100%| O|  |TAMS 0x0000000084400000, 0x0000000084300000| Untracked 
|  68|0x0000000084400000, 0x0000000084500000, 0x0000000084500000|100%| O|  |TAMS 0x0000000084500000, 0x0000000084400000| Untracked 
|  69|0x0000000084500000, 0x0000000084600000, 0x0000000084600000|100%| O|  |TAMS 0x0000000084600000, 0x0000000084500000| Untracked 
|  70|0x0000000084600000, 0x0000000084700000, 0x0000000084700000|100%| O|  |TAMS 0x0000000084700000, 0x0000000084600000| Untracked 
|  71|0x0000000084700000, 0x0000000084800000, 0x0000000084800000|100%| O|  |TAMS 0x0000000084800000, 0x0000000084700000| Untracked 
|  72|0x0000000084800000, 0x0000000084900000, 0x0000000084900000|100%| O|  |TAMS 0x0000000084900000, 0x0000000084800000| Untracked 
|  73|0x0000000084900000, 0x0000000084a00000, 0x0000000084a00000|100%| O|  |TAMS 0x0000000084a00000, 0x0000000084900000| Untracked 
|  74|0x0000000084a00000, 0x0000000084b00000, 0x0000000084b00000|100%| O|  |TAMS 0x0000000084b00000, 0x0000000084a00000| Untracked 
|  75|0x0000000084b00000, 0x0000000084c00000, 0x0000000084c00000|100%| O|  |TAMS 0x0000000084c00000, 0x0000000084b00000| Untracked 
|  76|0x0000000084c00000, 0x0000000084d00000, 0x0000000084d00000|100%| O|  |TAMS 0x0000000084d00000, 0x0000000084c00000| Untracked 
|  77|0x0000000084d00000, 0x0000000084e00000, 0x0000000084e00000|100%| O|  |TAMS 0x0000000084e00000, 0x0000000084d00000| Untracked 
|  78|0x0000000084e00000, 0x0000000084f00000, 0x0000000084f00000|100%| O|  |TAMS 0x0000000084f00000, 0x0000000084e00000| Untracked 
|  79|0x0000000084f00000, 0x0000000085000000, 0x0000000085000000|100%| O|  |TAMS 0x0000000085000000, 0x0000000084f00000| Untracked 
|  80|0x0000000085000000, 0x0000000085100000, 0x0000000085100000|100%| O|  |TAMS 0x0000000085100000, 0x0000000085000000| Untracked 
|  81|0x0000000085100000, 0x0000000085200000, 0x0000000085200000|100%| O|  |TAMS 0x0000000085200000, 0x0000000085100000| Untracked 
|  82|0x0000000085200000, 0x0000000085300000, 0x0000000085300000|100%| O|  |TAMS 0x0000000085300000, 0x0000000085200000| Untracked 
|  83|0x0000000085300000, 0x0000000085400000, 0x0000000085400000|100%| O|  |TAMS 0x0000000085400000, 0x0000000085300000| Untracked 
|  84|0x0000000085400000, 0x0000000085500000, 0x0000000085500000|100%| O|  |TAMS 0x0000000085500000, 0x0000000085400000| Untracked 
|  85|0x0000000085500000, 0x0000000085600000, 0x0000000085600000|100%| O|  |TAMS 0x0000000085600000, 0x0000000085500000| Untracked 
|  86|0x0000000085600000, 0x0000000085700000, 0x0000000085700000|100%| O|  |TAMS 0x0000000085700000, 0x0000000085600000| Untracked 
|  87|0x0000000085700000, 0x0000000085800000, 0x0000000085800000|100%| O|  |TAMS 0x0000000085800000, 0x0000000085700000| Untracked 
|  88|0x0000000085800000, 0x0000000085900000, 0x0000000085900000|100%| O|  |TAMS 0x0000000085900000, 0x0000000085800000| Untracked 
|  89|0x0000000085900000, 0x0000000085a00000, 0x0000000085a00000|100%|HS|  |TAMS 0x0000000085a00000, 0x0000000085900000| Complete 
|  90|0x0000000085a00000, 0x0000000085b00000, 0x0000000085b00000|100%| O|  |TAMS 0x0000000085b00000, 0x0000000085a00000| Untracked 
|  91|0x0000000085b00000, 0x0000000085c00000, 0x0000000085c00000|100%| O|  |TAMS 0x0000000085c00000, 0x0000000085b00000| Untracked 
|  92|0x0000000085c00000, 0x0000000085d00000, 0x0000000085d00000|100%| O|  |TAMS 0x0000000085d00000, 0x0000000085c00000| Untracked 
|  93|0x0000000085d00000, 0x0000000085e00000, 0x0000000085e00000|100%| O|  |TAMS 0x0000000085e00000, 0x0000000085d00000| Untracked 
|  94|0x0000000085e00000, 0x0000000085f00000, 0x0000000085f00000|100%| O|  |TAMS 0x0000000085f00000, 0x0000000085e00000| Untracked 
|  95|0x0000000085f00000, 0x0000000086000000, 0x0000000086000000|100%| O|  |TAMS 0x0000000086000000, 0x0000000085f00000| Untracked 
|  96|0x0000000086000000, 0x0000000086100000, 0x0000000086100000|100%| O|  |TAMS 0x0000000086100000, 0x0000000086000000| Untracked 
|  97|0x0000000086100000, 0x0000000086200000, 0x0000000086200000|100%| O|  |TAMS 0x0000000086200000, 0x0000000086100000| Untracked 
|  98|0x0000000086200000, 0x0000000086300000, 0x0000000086300000|100%| O|  |TAMS 0x0000000086300000, 0x0000000086200000| Untracked 
|  99|0x0000000086300000, 0x0000000086400000, 0x0000000086400000|100%| O|  |TAMS 0x0000000086400000, 0x0000000086300000| Untracked 
| 100|0x0000000086400000, 0x0000000086500000, 0x0000000086500000|100%| O|  |TAMS 0x0000000086500000, 0x0000000086400000| Untracked 
| 101|0x0000000086500000, 0x0000000086600000, 0x0000000086600000|100%| O|  |TAMS 0x0000000086600000, 0x0000000086500000| Untracked 
| 102|0x0000000086600000, 0x0000000086700000, 0x0000000086700000|100%| O|  |TAMS 0x0000000086700000, 0x0000000086600000| Untracked 
| 103|0x0000000086700000, 0x0000000086800000, 0x0000000086800000|100%| O|  |TAMS 0x0000000086800000, 0x0000000086700000| Untracked 
| 104|0x0000000086800000, 0x0000000086900000, 0x0000000086900000|100%| O|  |TAMS 0x0000000086900000, 0x0000000086800000| Untracked 
| 105|0x0000000086900000, 0x0000000086a00000, 0x0000000086a00000|100%|HS|  |TAMS 0x0000000086a00000, 0x0000000086900000| Complete 
| 106|0x0000000086a00000, 0x0000000086b00000, 0x0000000086b00000|100%| O|  |TAMS 0x0000000086b00000, 0x0000000086a00000| Untracked 
| 107|0x0000000086b00000, 0x0000000086c00000, 0x0000000086c00000|100%| O|  |TAMS 0x0000000086c00000, 0x0000000086b00000| Untracked 
| 108|0x0000000086c00000, 0x0000000086d00000, 0x0000000086d00000|100%| O|  |TAMS 0x0000000086d00000, 0x0000000086c00000| Untracked 
| 109|0x0000000086d00000, 0x0000000086e00000, 0x0000000086e00000|100%| O|  |TAMS 0x0000000086e00000, 0x0000000086d00000| Untracked 
| 110|0x0000000086e00000, 0x0000000086f00000, 0x0000000086f00000|100%| O|  |TAMS 0x0000000086f00000, 0x0000000086e00000| Untracked 
| 111|0x0000000086f00000, 0x0000000087000000, 0x0000000087000000|100%| O|  |TAMS 0x0000000087000000, 0x0000000086f00000| Untracked 
| 112|0x0000000087000000, 0x0000000087100000, 0x0000000087100000|100%| O|  |TAMS 0x0000000087100000, 0x0000000087000000| Untracked 
| 113|0x0000000087100000, 0x0000000087200000, 0x0000000087200000|100%| O|  |TAMS 0x0000000087200000, 0x0000000087100000| Untracked 
| 114|0x0000000087200000, 0x0000000087300000, 0x0000000087300000|100%| O|  |TAMS 0x0000000087300000, 0x0000000087200000| Untracked 
| 115|0x0000000087300000, 0x0000000087400000, 0x0000000087400000|100%| O|  |TAMS 0x0000000087400000, 0x0000000087300000| Untracked 
| 116|0x0000000087400000, 0x0000000087500000, 0x0000000087500000|100%| O|  |TAMS 0x0000000087500000, 0x0000000087400000| Untracked 
| 117|0x0000000087500000, 0x0000000087600000, 0x0000000087600000|100%| O|  |TAMS 0x0000000087600000, 0x0000000087500000| Untracked 
| 118|0x0000000087600000, 0x0000000087700000, 0x0000000087700000|100%| O|  |TAMS 0x0000000087700000, 0x0000000087600000| Untracked 
| 119|0x0000000087700000, 0x0000000087800000, 0x0000000087800000|100%| O|  |TAMS 0x0000000087800000, 0x0000000087700000| Untracked 
| 120|0x0000000087800000, 0x0000000087900000, 0x0000000087900000|100%| O|  |TAMS 0x0000000087900000, 0x0000000087800000| Untracked 
| 121|0x0000000087900000, 0x0000000087a00000, 0x0000000087a00000|100%| O|  |TAMS 0x0000000087a00000, 0x0000000087900000| Untracked 
| 122|0x0000000087a00000, 0x0000000087b00000, 0x0000000087b00000|100%| O|  |TAMS 0x0000000087b00000, 0x0000000087a00000| Untracked 
| 123|0x0000000087b00000, 0x0000000087c00000, 0x0000000087c00000|100%| O|  |TAMS 0x0000000087c00000, 0x0000000087b00000| Untracked 
| 124|0x0000000087c00000, 0x0000000087d00000, 0x0000000087d00000|100%| O|  |TAMS 0x0000000087d00000, 0x0000000087c00000| Untracked 
| 125|0x0000000087d00000, 0x0000000087e00000, 0x0000000087e00000|100%| O|  |TAMS 0x0000000087e00000, 0x0000000087d00000| Untracked 
| 126|0x0000000087e00000, 0x0000000087f00000, 0x0000000087f00000|100%| O|  |TAMS 0x0000000087f00000, 0x0000000087e00000| Untracked 
| 127|0x0000000087f00000, 0x0000000088000000, 0x0000000088000000|100%| O|  |TAMS 0x0000000088000000, 0x0000000087f00000| Untracked 
| 128|0x0000000088000000, 0x0000000088100000, 0x0000000088100000|100%| O|  |TAMS 0x0000000088100000, 0x0000000088000000| Untracked 
| 129|0x0000000088100000, 0x0000000088200000, 0x0000000088200000|100%| O|  |TAMS 0x0000000088200000, 0x0000000088100000| Untracked 
| 130|0x0000000088200000, 0x0000000088300000, 0x0000000088300000|100%|HS|  |TAMS 0x0000000088300000, 0x0000000088200000| Complete 
| 131|0x0000000088300000, 0x0000000088400000, 0x0000000088400000|100%|HC|  |TAMS 0x0000000088400000, 0x0000000088300000| Complete 
| 132|0x0000000088400000, 0x0000000088500000, 0x0000000088500000|100%| O|  |TAMS 0x0000000088500000, 0x0000000088400000| Untracked 
| 133|0x0000000088500000, 0x0000000088600000, 0x0000000088600000|100%| O|  |TAMS 0x0000000088600000, 0x0000000088500000| Untracked 
| 134|0x0000000088600000, 0x0000000088700000, 0x0000000088700000|100%| O|  |TAMS 0x0000000088700000, 0x0000000088600000| Untracked 
| 135|0x0000000088700000, 0x0000000088800000, 0x0000000088800000|100%| O|  |TAMS 0x0000000088800000, 0x0000000088700000| Untracked 
| 136|0x0000000088800000, 0x0000000088900000, 0x0000000088900000|100%|HS|  |TAMS 0x0000000088900000, 0x0000000088800000| Complete 
| 137|0x0000000088900000, 0x0000000088a00000, 0x0000000088a00000|100%|HC|  |TAMS 0x0000000088a00000, 0x0000000088900000| Complete 
| 138|0x0000000088a00000, 0x0000000088b00000, 0x0000000088b00000|100%| O|  |TAMS 0x0000000088b00000, 0x0000000088a00000| Untracked 
| 139|0x0000000088b00000, 0x0000000088c00000, 0x0000000088c00000|100%| O|  |TAMS 0x0000000088c00000, 0x0000000088b00000| Untracked 
| 140|0x0000000088c00000, 0x0000000088d00000, 0x0000000088d00000|100%| O|  |TAMS 0x0000000088d00000, 0x0000000088c00000| Untracked 
| 141|0x0000000088d00000, 0x0000000088e00000, 0x0000000088e00000|100%| O|  |TAMS 0x0000000088e00000, 0x0000000088d00000| Untracked 
| 142|0x0000000088e00000, 0x0000000088f00000, 0x0000000088f00000|100%| O|  |TAMS 0x0000000088eed400, 0x0000000088e00000| Untracked 
| 143|0x0000000088f00000, 0x0000000089000000, 0x0000000089000000|100%|HS|  |TAMS 0x0000000088f00000, 0x0000000088f00000| Complete 
| 144|0x0000000089000000, 0x0000000089100000, 0x0000000089100000|100%|HS|  |TAMS 0x0000000089000000, 0x0000000089000000| Complete 
| 145|0x0000000089100000, 0x0000000089200000, 0x0000000089200000|100%|HC|  |TAMS 0x0000000089100000, 0x0000000089100000| Complete 
| 146|0x0000000089200000, 0x0000000089300000, 0x0000000089300000|100%|HS|  |TAMS 0x0000000089200000, 0x0000000089200000| Complete 
| 147|0x0000000089300000, 0x0000000089400000, 0x0000000089400000|100%|HC|  |TAMS 0x0000000089300000, 0x0000000089300000| Complete 
| 148|0x0000000089400000, 0x0000000089500000, 0x0000000089500000|100%|HS|  |TAMS 0x0000000089400000, 0x0000000089400000| Complete 
| 149|0x0000000089500000, 0x0000000089600000, 0x0000000089600000|100%|HS|  |TAMS 0x0000000089500000, 0x0000000089500000| Complete 
| 150|0x0000000089600000, 0x0000000089700000, 0x0000000089700000|100%|HS|  |TAMS 0x0000000089600000, 0x0000000089600000| Complete 
| 151|0x0000000089700000, 0x0000000089800000, 0x0000000089800000|100%|HC|  |TAMS 0x0000000089700000, 0x0000000089700000| Complete 
| 152|0x0000000089800000, 0x0000000089900000, 0x0000000089900000|100%|HC|  |TAMS 0x0000000089800000, 0x0000000089800000| Complete 
| 153|0x0000000089900000, 0x0000000089a00000, 0x0000000089a00000|100%| O|  |TAMS 0x0000000089a00000, 0x0000000089900000| Untracked 
| 154|0x0000000089a00000, 0x0000000089b00000, 0x0000000089b00000|100%| O|  |TAMS 0x0000000089b00000, 0x0000000089a00000| Untracked 
| 155|0x0000000089b00000, 0x0000000089c00000, 0x0000000089c00000|100%| O|  |TAMS 0x0000000089c00000, 0x0000000089b00000| Untracked 
| 156|0x0000000089c00000, 0x0000000089d00000, 0x0000000089d00000|100%| O|  |TAMS 0x0000000089d00000, 0x0000000089c00000| Untracked 
| 157|0x0000000089d00000, 0x0000000089e00000, 0x0000000089e00000|100%| O|  |TAMS 0x0000000089d00000, 0x0000000089d00000| Untracked 
| 158|0x0000000089e00000, 0x0000000089f00000, 0x0000000089f00000|100%| O|  |TAMS 0x0000000089e00000, 0x0000000089e00000| Untracked 
| 159|0x0000000089f00000, 0x000000008a000000, 0x000000008a000000|100%|HS|  |TAMS 0x0000000089f00000, 0x0000000089f00000| Complete 
| 160|0x000000008a000000, 0x000000008a100000, 0x000000008a100000|100%|HC|  |TAMS 0x000000008a000000, 0x000000008a000000| Complete 
| 161|0x000000008a100000, 0x000000008a200000, 0x000000008a200000|100%| O|  |TAMS 0x000000008a100000, 0x000000008a100000| Untracked 
| 162|0x000000008a200000, 0x000000008a300000, 0x000000008a300000|100%|HS|  |TAMS 0x000000008a200000, 0x000000008a200000| Complete 
| 163|0x000000008a300000, 0x000000008a400000, 0x000000008a400000|100%| O|  |TAMS 0x000000008a300000, 0x000000008a300000| Untracked 
| 164|0x000000008a400000, 0x000000008a500000, 0x000000008a500000|100%| O|  |TAMS 0x000000008a400000, 0x000000008a400000| Untracked 
| 165|0x000000008a500000, 0x000000008a600000, 0x000000008a600000|100%|HS|  |TAMS 0x000000008a500000, 0x000000008a500000| Complete 
| 166|0x000000008a600000, 0x000000008a700000, 0x000000008a700000|100%|HC|  |TAMS 0x000000008a600000, 0x000000008a600000| Complete 
| 167|0x000000008a700000, 0x000000008a800000, 0x000000008a800000|100%| O|  |TAMS 0x000000008a700000, 0x000000008a700000| Untracked 
| 168|0x000000008a800000, 0x000000008a900000, 0x000000008a900000|100%|HS|  |TAMS 0x000000008a800000, 0x000000008a800000| Complete 
| 169|0x000000008a900000, 0x000000008a96ec00, 0x000000008aa00000| 43%| O|  |TAMS 0x000000008a900000, 0x000000008a900000| Untracked 
| 170|0x000000008aa00000, 0x000000008ab00000, 0x000000008ab00000|100%|HS|  |TAMS 0x000000008aa00000, 0x000000008aa00000| Complete 
| 171|0x000000008ab00000, 0x000000008ab00000, 0x000000008ac00000|  0%| F|  |TAMS 0x000000008ab00000, 0x000000008ab00000| Untracked 
| 172|0x000000008ac00000, 0x000000008ad00000, 0x000000008ad00000|100%|HS|  |TAMS 0x000000008ac00000, 0x000000008ac00000| Complete 
| 173|0x000000008ad00000, 0x000000008ad00000, 0x000000008ae00000|  0%| F|  |TAMS 0x000000008ad00000, 0x000000008ad00000| Untracked 
| 174|0x000000008ae00000, 0x000000008ae00000, 0x000000008af00000|  0%| F|  |TAMS 0x000000008ae00000, 0x000000008ae00000| Untracked 
| 175|0x000000008af00000, 0x000000008b000000, 0x000000008b000000|100%|HS|  |TAMS 0x000000008af00000, 0x000000008af00000| Complete 
| 176|0x000000008b000000, 0x000000008b100000, 0x000000008b100000|100%|HC|  |TAMS 0x000000008b000000, 0x000000008b000000| Complete 
| 177|0x000000008b100000, 0x000000008b100000, 0x000000008b200000|  0%| F|  |TAMS 0x000000008b100000, 0x000000008b100000| Untracked 
| 178|0x000000008b200000, 0x000000008b200000, 0x000000008b300000|  0%| F|  |TAMS 0x000000008b200000, 0x000000008b200000| Untracked 
| 179|0x000000008b300000, 0x000000008b400000, 0x000000008b400000|100%|HS|  |TAMS 0x000000008b300000, 0x000000008b300000| Complete 
| 180|0x000000008b400000, 0x000000008b500000, 0x000000008b500000|100%|HC|  |TAMS 0x000000008b400000, 0x000000008b400000| Complete 
| 181|0x000000008b500000, 0x000000008b500000, 0x000000008b600000|  0%| F|  |TAMS 0x000000008b500000, 0x000000008b500000| Untracked 
| 182|0x000000008b600000, 0x000000008b700000, 0x000000008b700000|100%|HS|  |TAMS 0x000000008b600000, 0x000000008b600000| Complete 
| 183|0x000000008b700000, 0x000000008b700000, 0x000000008b800000|  0%| F|  |TAMS 0x000000008b700000, 0x000000008b700000| Untracked 
| 184|0x000000008b800000, 0x000000008b900000, 0x000000008b900000|100%|HS|  |TAMS 0x000000008b800000, 0x000000008b800000| Complete 
| 185|0x000000008b900000, 0x000000008ba00000, 0x000000008ba00000|100%| O|  |TAMS 0x000000008b900000, 0x000000008b900000| Untracked 
| 186|0x000000008ba00000, 0x000000008bb00000, 0x000000008bb00000|100%| O|  |TAMS 0x000000008ba00000, 0x000000008ba00000| Untracked 
| 187|0x000000008bb00000, 0x000000008bb00000, 0x000000008bc00000|  0%| F|  |TAMS 0x000000008bb00000, 0x000000008bb00000| Untracked 
| 188|0x000000008bc00000, 0x000000008bc00000, 0x000000008bd00000|  0%| F|  |TAMS 0x000000008bc00000, 0x000000008bc00000| Untracked 
| 189|0x000000008bd00000, 0x000000008bd00000, 0x000000008be00000|  0%| F|  |TAMS 0x000000008bd00000, 0x000000008bd00000| Untracked 
| 190|0x000000008be00000, 0x000000008be00000, 0x000000008bf00000|  0%| F|  |TAMS 0x000000008be00000, 0x000000008be00000| Untracked 
| 191|0x000000008bf00000, 0x000000008c000000, 0x000000008c000000|100%|HS|  |TAMS 0x000000008bf00000, 0x000000008bf00000| Complete 
| 192|0x000000008c000000, 0x000000008c100000, 0x000000008c100000|100%|HC|  |TAMS 0x000000008c000000, 0x000000008c000000| Complete 
| 193|0x000000008c100000, 0x000000008c200000, 0x000000008c200000|100%|HC|  |TAMS 0x000000008c100000, 0x000000008c100000| Complete 
| 194|0x000000008c200000, 0x000000008c200000, 0x000000008c300000|  0%| F|  |TAMS 0x000000008c200000, 0x000000008c200000| Untracked 
| 195|0x000000008c300000, 0x000000008c300000, 0x000000008c400000|  0%| F|  |TAMS 0x000000008c300000, 0x000000008c300000| Untracked 
| 196|0x000000008c400000, 0x000000008c400000, 0x000000008c500000|  0%| F|  |TAMS 0x000000008c400000, 0x000000008c400000| Untracked 
| 197|0x000000008c500000, 0x000000008c500000, 0x000000008c600000|  0%| F|  |TAMS 0x000000008c500000, 0x000000008c500000| Untracked 
| 198|0x000000008c600000, 0x000000008c600000, 0x000000008c700000|  0%| F|  |TAMS 0x000000008c600000, 0x000000008c600000| Untracked 
| 199|0x000000008c700000, 0x000000008c700000, 0x000000008c800000|  0%| F|  |TAMS 0x000000008c700000, 0x000000008c700000| Untracked 
| 200|0x000000008c800000, 0x000000008c800000, 0x000000008c900000|  0%| F|  |TAMS 0x000000008c800000, 0x000000008c800000| Untracked 
| 201|0x000000008c900000, 0x000000008c900000, 0x000000008ca00000|  0%| F|  |TAMS 0x000000008c900000, 0x000000008c900000| Untracked 
| 202|0x000000008ca00000, 0x000000008ca00000, 0x000000008cb00000|  0%| F|  |TAMS 0x000000008ca00000, 0x000000008ca00000| Untracked 
| 203|0x000000008cb00000, 0x000000008cb00000, 0x000000008cc00000|  0%| F|  |TAMS 0x000000008cb00000, 0x000000008cb00000| Untracked 
| 204|0x000000008cc00000, 0x000000008cc00000, 0x000000008cd00000|  0%| F|  |TAMS 0x000000008cc00000, 0x000000008cc00000| Untracked 
| 205|0x000000008cd00000, 0x000000008cd00000, 0x000000008ce00000|  0%| F|  |TAMS 0x000000008cd00000, 0x000000008cd00000| Untracked 
| 206|0x000000008ce00000, 0x000000008ce00000, 0x000000008cf00000|  0%| F|  |TAMS 0x000000008ce00000, 0x000000008ce00000| Untracked 
| 207|0x000000008cf00000, 0x000000008d000000, 0x000000008d000000|100%| S|CS|TAMS 0x000000008cf00000, 0x000000008cf00000| Complete 
| 208|0x000000008d000000, 0x000000008d100000, 0x000000008d100000|100%| S|CS|TAMS 0x000000008d000000, 0x000000008d000000| Complete 
| 209|0x000000008d100000, 0x000000008d200000, 0x000000008d200000|100%| S|CS|TAMS 0x000000008d100000, 0x000000008d100000| Complete 
| 210|0x000000008d200000, 0x000000008d200000, 0x000000008d300000|  0%| F|  |TAMS 0x000000008d200000, 0x000000008d200000| Untracked 
| 211|0x000000008d300000, 0x000000008d300000, 0x000000008d400000|  0%| F|  |TAMS 0x000000008d300000, 0x000000008d300000| Untracked 
| 212|0x000000008d400000, 0x000000008d400000, 0x000000008d500000|  0%| F|  |TAMS 0x000000008d400000, 0x000000008d400000| Untracked 
| 213|0x000000008d500000, 0x000000008d500000, 0x000000008d600000|  0%| F|  |TAMS 0x000000008d500000, 0x000000008d500000| Untracked 
| 214|0x000000008d600000, 0x000000008d600000, 0x000000008d700000|  0%| F|  |TAMS 0x000000008d600000, 0x000000008d600000| Untracked 
| 215|0x000000008d700000, 0x000000008d700000, 0x000000008d800000|  0%| F|  |TAMS 0x000000008d700000, 0x000000008d700000| Untracked 
| 216|0x000000008d800000, 0x000000008d800000, 0x000000008d900000|  0%| F|  |TAMS 0x000000008d800000, 0x000000008d800000| Untracked 
| 217|0x000000008d900000, 0x000000008d900000, 0x000000008da00000|  0%| F|  |TAMS 0x000000008d900000, 0x000000008d900000| Untracked 
| 218|0x000000008da00000, 0x000000008da00000, 0x000000008db00000|  0%| F|  |TAMS 0x000000008da00000, 0x000000008da00000| Untracked 
| 219|0x000000008db00000, 0x000000008db00000, 0x000000008dc00000|  0%| F|  |TAMS 0x000000008db00000, 0x000000008db00000| Untracked 
| 220|0x000000008dc00000, 0x000000008dc00000, 0x000000008dd00000|  0%| F|  |TAMS 0x000000008dc00000, 0x000000008dc00000| Untracked 
| 221|0x000000008dd00000, 0x000000008dd00000, 0x000000008de00000|  0%| F|  |TAMS 0x000000008dd00000, 0x000000008dd00000| Untracked 
| 222|0x000000008de00000, 0x000000008df00000, 0x000000008df00000|100%| O|  |TAMS 0x000000008de00000, 0x000000008de00000| Untracked 
| 223|0x000000008df00000, 0x000000008e000000, 0x000000008e000000|100%| O|  |TAMS 0x000000008df00000, 0x000000008df00000| Untracked 
| 224|0x000000008e000000, 0x000000008e000000, 0x000000008e100000|  0%| F|  |TAMS 0x000000008e000000, 0x000000008e000000| Untracked 
| 225|0x000000008e100000, 0x000000008e100000, 0x000000008e200000|  0%| F|  |TAMS 0x000000008e100000, 0x000000008e100000| Untracked 
| 226|0x000000008e200000, 0x000000008e200000, 0x000000008e300000|  0%| F|  |TAMS 0x000000008e200000, 0x000000008e200000| Untracked 
| 227|0x000000008e300000, 0x000000008e400000, 0x000000008e400000|100%| O|  |TAMS 0x000000008e300000, 0x000000008e300000| Untracked 
| 228|0x000000008e400000, 0x000000008e500000, 0x000000008e500000|100%| O|  |TAMS 0x000000008e400000, 0x000000008e400000| Untracked 
| 229|0x000000008e500000, 0x000000008e600000, 0x000000008e600000|100%| O|  |TAMS 0x000000008e500000, 0x000000008e500000| Untracked 
| 230|0x000000008e600000, 0x000000008e600000, 0x000000008e700000|  0%| F|  |TAMS 0x000000008e600000, 0x000000008e600000| Untracked 
| 231|0x000000008e700000, 0x000000008e800000, 0x000000008e800000|100%| O|  |TAMS 0x000000008e700000, 0x000000008e700000| Untracked 
| 232|0x000000008e800000, 0x000000008e900000, 0x000000008e900000|100%| O|  |TAMS 0x000000008e800000, 0x000000008e800000| Untracked 
| 233|0x000000008e900000, 0x000000008ea00000, 0x000000008ea00000|100%| O|  |TAMS 0x000000008e900000, 0x000000008e900000| Untracked 
| 234|0x000000008ea00000, 0x000000008eb00000, 0x000000008eb00000|100%| O|  |TAMS 0x000000008ea00000, 0x000000008ea00000| Untracked 
| 235|0x000000008eb00000, 0x000000008ec00000, 0x000000008ec00000|100%| O|  |TAMS 0x000000008eb00000, 0x000000008eb00000| Untracked 
| 236|0x000000008ec00000, 0x000000008ed00000, 0x000000008ed00000|100%| O|  |TAMS 0x000000008ec00000, 0x000000008ec00000| Untracked 
| 237|0x000000008ed00000, 0x000000008ee00000, 0x000000008ee00000|100%| O|  |TAMS 0x000000008ed00000, 0x000000008ed00000| Untracked 
| 238|0x000000008ee00000, 0x000000008ef00000, 0x000000008ef00000|100%| O|  |TAMS 0x000000008ee00000, 0x000000008ee00000| Untracked 
| 239|0x000000008ef00000, 0x000000008f000000, 0x000000008f000000|100%| O|  |TAMS 0x000000008ef00000, 0x000000008ef00000| Untracked 

Card table byte_map: [0x0000029de35f0000,0x0000029de39f0000] _byte_map_base: 0x0000029de31f0000

Marking Bits (Prev, Next): (CMBitMap*) 0x0000029dd073bed0, (CMBitMap*) 0x0000029dd073be98
 Prev Bits: [0x0000029de5df0000, 0x0000029de7df0000)
 Next Bits: [0x0000029de3df0000, 0x0000029de5df0000)

Polling page: 0x0000029dce670000

Metaspace:

Usage:
  Non-class:    109.06 MB capacity,   106.98 MB ( 98%) used,     1.75 MB (  2%) free+waste,   338.19 KB ( <1%) overhead. 
      Class:     16.29 MB capacity,    15.13 MB ( 93%) used,     1.01 MB (  6%) free+waste,   155.31 KB ( <1%) overhead. 
       Both:    125.35 MB capacity,   122.11 MB ( 97%) used,     2.76 MB (  2%) free+waste,   493.50 KB ( <1%) overhead. 

Virtual space:
  Non-class space:      110.00 MB reserved,     109.21 MB (>99%) committed 
      Class space:        1.00 GB reserved,      16.38 MB (  2%) committed 
             Both:        1.11 GB reserved,     125.59 MB ( 11%) committed 

Chunk freelists:
   Non-Class:  27.00 KB
       Class:  22.00 KB
        Both:  49.00 KB

MaxMetaspaceSize: 17179869184.00 GB
CompressedClassSpaceSize: 1.00 GB

CodeHeap 'non-profiled nmethods': size=120064Kb used=10633Kb max_used=11360Kb free=109430Kb
 bounds [0x0000029ddbcb0000, 0x0000029ddc7d0000, 0x0000029de31f0000]
CodeHeap 'profiled nmethods': size=120000Kb used=35874Kb max_used=37754Kb free=84125Kb
 bounds [0x0000029dd4780000, 0x0000029dd6c80000, 0x0000029ddbcb0000]
CodeHeap 'non-nmethods': size=5696Kb used=2380Kb max_used=2424Kb free=3315Kb
 bounds [0x0000029dd41f0000, 0x0000029dd4460000, 0x0000029dd4780000]
 total_blobs=16806 nmethods=15786 adapters=931
 compilation: enabled
              stopped_count=0, restarted_count=0
 full_count=0

Compilation events (20 events):
Event: 73.144 Thread 0x0000029dea309800 nmethod 16814 0x0000029ddbcd1190 code [0x0000029ddbcd1320, 0x0000029ddbcd15b8]
Event: 73.144 Thread 0x0000029dea309800 16813 %     4       com.android.tools.r8.dex.n::m @ 64 (2044 bytes)
Event: 73.148 Thread 0x0000029dea30a800 16832 %     3       com.android.tools.r8.graph.i0::a @ 8 (258 bytes)
Event: 73.148 Thread 0x0000029dea30a800 nmethod 16832% 0x0000029dd47cf390 code [0x0000029dd47cf5e0, 0x0000029dd47cff88]
Event: 73.148 Thread 0x0000029dea30a800 16833       3       com.android.tools.r8.graph.i0::a (258 bytes)
Event: 73.149 Thread 0x0000029dea30a800 nmethod 16833 0x0000029dd47cab10 code [0x0000029dd47cad40, 0x0000029dd47cb648]
Event: 73.151 Thread 0x0000029dea30a800 16834       2       com.android.tools.r8.q.a.b.m.a::n (207 bytes)
Event: 73.152 Thread 0x0000029dea30a800 nmethod 16834 0x0000029dd47d5510 code [0x0000029dd47d57a0, 0x0000029dd47d5eb8]
Event: 73.152 Thread 0x0000029dea30a800 16835       2       com.android.tools.r8.q.a.b.h::b (120 bytes)
Event: 73.153 Thread 0x0000029dea30a800 nmethod 16835 0x0000029dd47c8510 code [0x0000029dd47c8720, 0x0000029dd47c8c48]
Event: 73.153 Thread 0x0000029dea30a800 16836       2       com.android.tools.r8.q.a.b.l.d::a (286 bytes)
Event: 73.154 Thread 0x0000029dea30a800 nmethod 16836 0x0000029dd47d9910 code [0x0000029dd47d9ba0, 0x0000029dd47da598]
Event: 73.154 Thread 0x0000029dea30a800 16837       2       com.android.tools.r8.q.a.b.m.a::l (114 bytes)
Event: 73.155 Thread 0x0000029dea30a800 nmethod 16837 0x0000029dd47d4890 code [0x0000029dd47d4b00, 0x0000029dd47d5128]
Event: 73.157 Thread 0x0000029dea30a800 16838       2       com.android.tools.r8.q.a.b.l.d::a (125 bytes)
Event: 73.157 Thread 0x0000029dea30a800 nmethod 16838 0x0000029dd47cc410 code [0x0000029dd47cc5e0, 0x0000029dd47cc948]
Event: 73.160 Thread 0x0000029dea30a800 16840       2       com.android.tools.r8.q.a.b.l.d$c::k (60 bytes)
Event: 73.160 Thread 0x0000029dea30a800 nmethod 16840 0x0000029dd47cec10 code [0x0000029dd47cee00, 0x0000029dd47cf158]
Event: 73.160 Thread 0x0000029dea30a800 16841       2       com.android.tools.r8.dex.d::a (42 bytes)
Event: 73.161 Thread 0x0000029dea30a800 nmethod 16841 0x0000029dd47d9310 code [0x0000029dd47d9500, 0x0000029dd47d9768]

GC Heap History (20 events):
Event: 70.837 GC heap after
{Heap after GC invocations=57 (full 0):
 garbage-first heap   total 227328K, used 158085K [0x0000000080000000, 0x0000000100000000)
  region size 1024K, 2 young (2048K), 2 survivors (2048K)
 Metaspace       used 117486K, capacity 120628K, committed 120664K, reserved 1155072K
  class space    used 14593K, capacity 15715K, committed 15744K, reserved 1048576K
}
Event: 70.998 GC heap before
{Heap before GC invocations=57 (full 0):
 garbage-first heap   total 227328K, used 186757K [0x0000000080000000, 0x0000000100000000)
  region size 1024K, 29 young (29696K), 2 survivors (2048K)
 Metaspace       used 117503K, capacity 120693K, committed 120920K, reserved 1155072K
  class space    used 14593K, capacity 15715K, committed 15744K, reserved 1048576K
}
Event: 71.004 GC heap after
{Heap after GC invocations=58 (full 0):
 garbage-first heap   total 227328K, used 159374K [0x0000000080000000, 0x0000000100000000)
  region size 1024K, 4 young (4096K), 4 survivors (4096K)
 Metaspace       used 117503K, capacity 120693K, committed 120920K, reserved 1155072K
  class space    used 14593K, capacity 15715K, committed 15744K, reserved 1048576K
}
Event: 71.126 GC heap before
{Heap before GC invocations=58 (full 0):
 garbage-first heap   total 227328K, used 185998K [0x0000000080000000, 0x0000000100000000)
  region size 1024K, 31 young (31744K), 4 survivors (4096K)
 Metaspace       used 118222K, capacity 121469K, committed 121560K, reserved 1155072K
  class space    used 14691K, capacity 15845K, committed 15872K, reserved 1048576K
}
Event: 71.131 GC heap after
{Heap after GC invocations=59 (full 0):
 garbage-first heap   total 227328K, used 160757K [0x0000000080000000, 0x0000000100000000)
  region size 1024K, 3 young (3072K), 3 survivors (3072K)
 Metaspace       used 118222K, capacity 121469K, committed 121560K, reserved 1155072K
  class space    used 14691K, capacity 15845K, committed 15872K, reserved 1048576K
}
Event: 71.296 GC heap before
{Heap before GC invocations=59 (full 0):
 garbage-first heap   total 227328K, used 189429K [0x0000000080000000, 0x0000000100000000)
  region size 1024K, 32 young (32768K), 3 survivors (3072K)
 Metaspace       used 118980K, capacity 122349K, committed 122456K, reserved 1155072K
  class space    used 14805K, capacity 15945K, committed 16000K, reserved 1048576K
}
Event: 71.302 GC heap after
{Heap after GC invocations=60 (full 0):
 garbage-first heap   total 227328K, used 161716K [0x0000000080000000, 0x0000000100000000)
  region size 1024K, 3 young (3072K), 3 survivors (3072K)
 Metaspace       used 118980K, capacity 122349K, committed 122456K, reserved 1155072K
  class space    used 14805K, capacity 15945K, committed 16000K, reserved 1048576K
}
Event: 71.441 GC heap before
{Heap before GC invocations=60 (full 0):
 garbage-first heap   total 227328K, used 189364K [0x0000000080000000, 0x0000000100000000)
  region size 1024K, 31 young (31744K), 3 survivors (3072K)
 Metaspace       used 120120K, capacity 123456K, committed 123608K, reserved 1157120K
  class space    used 14931K, capacity 16080K, committed 16128K, reserved 1048576K
}
Event: 71.449 GC heap after
{Heap after GC invocations=61 (full 0):
 garbage-first heap   total 227328K, used 162506K [0x0000000080000000, 0x0000000100000000)
  region size 1024K, 3 young (3072K), 3 survivors (3072K)
 Metaspace       used 120120K, capacity 123456K, committed 123608K, reserved 1157120K
  class space    used 14931K, capacity 16080K, committed 16128K, reserved 1048576K
}
Event: 71.943 GC heap before
{Heap before GC invocations=62 (full 0):
 garbage-first heap   total 227328K, used 174794K [0x0000000080000000, 0x0000000100000000)
  region size 1024K, 32 young (32768K), 3 survivors (3072K)
 Metaspace       used 122802K, capacity 126109K, committed 126168K, reserved 1159168K
  class space    used 15247K, capacity 16384K, committed 16384K, reserved 1048576K
}
Event: 71.951 GC heap after
{Heap after GC invocations=63 (full 0):
 garbage-first heap   total 227328K, used 145741K [0x0000000080000000, 0x0000000100000000)
  region size 1024K, 3 young (3072K), 3 survivors (3072K)
 Metaspace       used 122802K, capacity 126109K, committed 126168K, reserved 1159168K
  class space    used 15247K, capacity 16384K, committed 16384K, reserved 1048576K
}
Event: 72.033 GC heap before
{Heap before GC invocations=63 (full 0):
 garbage-first heap   total 227328K, used 152909K [0x0000000080000000, 0x0000000100000000)
  region size 1024K, 11 young (11264K), 3 survivors (3072K)
 Metaspace       used 123187K, capacity 126501K, committed 126808K, reserved 1159168K
  class space    used 15280K, capacity 16428K, committed 16512K, reserved 1048576K
}
Event: 72.046 GC heap after
{Heap after GC invocations=64 (full 0):
 garbage-first heap   total 227328K, used 138418K [0x0000000080000000, 0x0000000100000000)
  region size 1024K, 2 young (2048K), 2 survivors (2048K)
 Metaspace       used 123187K, capacity 126501K, committed 126808K, reserved 1159168K
  class space    used 15280K, capacity 16428K, committed 16512K, reserved 1048576K
}
Event: 72.490 GC heap before
{Heap before GC invocations=64 (full 0):
 garbage-first heap   total 227328K, used 181426K [0x0000000080000000, 0x0000000100000000)
  region size 1024K, 45 young (46080K), 2 survivors (2048K)
 Metaspace       used 124395K, capacity 127661K, committed 127960K, reserved 1161216K
  class space    used 15410K, capacity 16578K, committed 16640K, reserved 1048576K
}
Event: 72.501 GC heap after
{Heap after GC invocations=65 (full 0):
 garbage-first heap   total 227328K, used 142235K [0x0000000080000000, 0x0000000100000000)
  region size 1024K, 6 young (6144K), 6 survivors (6144K)
 Metaspace       used 124395K, capacity 127661K, committed 127960K, reserved 1161216K
  class space    used 15410K, capacity 16578K, committed 16640K, reserved 1048576K
}
Event: 72.597 GC heap before
{Heap before GC invocations=65 (full 0):
 garbage-first heap   total 227328K, used 156571K [0x0000000080000000, 0x0000000100000000)
  region size 1024K, 15 young (15360K), 6 survivors (6144K)
 Metaspace       used 124461K, capacity 127830K, committed 127960K, reserved 1161216K
  class space    used 15418K, capacity 16613K, committed 16640K, reserved 1048576K
}
Event: 72.605 GC heap after
{Heap after GC invocations=66 (full 0):
 garbage-first heap   total 227328K, used 156597K [0x0000000080000000, 0x0000000100000000)
  region size 1024K, 6 young (6144K), 6 survivors (6144K)
 Metaspace       used 124461K, capacity 127830K, committed 127960K, reserved 1161216K
  class space    used 15418K, capacity 16613K, committed 16640K, reserved 1048576K
}
Event: 72.882 GC heap before
{Heap before GC invocations=66 (full 0):
 garbage-first heap   total 227328K, used 223157K [0x0000000080000000, 0x0000000100000000)
  region size 1024K, 34 young (34816K), 6 survivors (6144K)
 Metaspace       used 124765K, capacity 128127K, committed 128344K, reserved 1161216K
  class space    used 15458K, capacity 16648K, committed 16768K, reserved 1048576K
}
Event: 72.894 GC heap after
{Heap after GC invocations=67 (full 0):
 garbage-first heap   total 245760K, used 195945K [0x0000000080000000, 0x0000000100000000)
  region size 1024K, 5 young (5120K), 5 survivors (5120K)
 Metaspace       used 124765K, capacity 128127K, committed 128344K, reserved 1161216K
  class space    used 15458K, capacity 16648K, committed 16768K, reserved 1048576K
}
Event: 73.168 GC heap before
{Heap before GC invocations=68 (full 0):
 garbage-first heap   total 245760K, used 213353K [0x0000000080000000, 0x0000000100000000)
  region size 1024K, 17 young (17408K), 5 survivors (5120K)
 Metaspace       used 125044K, capacity 128359K, committed 128600K, reserved 1161216K
  class space    used 15493K, capacity 16682K, committed 16768K, reserved 1048576K
}

Deoptimization events (20 events):
Event: 73.061 Thread 0x0000029df64db800 DEOPT PACKING pc=0x0000029dd47b5ecc sp=0x000000fda32fd160
Event: 73.061 Thread 0x0000029df64db800 DEOPT UNPACKING pc=0x0000029dd42176ce sp=0x000000fda32fc708 mode 0
Event: 73.066 Thread 0x0000029df64db800 DEOPT PACKING pc=0x0000029dd6169b77 sp=0x000000fda32fd360
Event: 73.066 Thread 0x0000029df64db800 DEOPT UNPACKING pc=0x0000029dd42176ce sp=0x000000fda32fc860 mode 0
Event: 73.067 Thread 0x0000029df64db800 DEOPT PACKING pc=0x0000029dd6169b98 sp=0x000000fda32fd360
Event: 73.067 Thread 0x0000029df64db800 DEOPT UNPACKING pc=0x0000029dd42176ce sp=0x000000fda32fc860 mode 0
Event: 73.068 Thread 0x0000029df64db800 DEOPT PACKING pc=0x0000029dd47ae9e8 sp=0x000000fda32fd5a0
Event: 73.068 Thread 0x0000029df64db800 DEOPT UNPACKING pc=0x0000029dd42176ce sp=0x000000fda32fca40 mode 0
Event: 73.100 Thread 0x0000029df64db800 DEOPT PACKING pc=0x0000029dd6169b98 sp=0x000000fda32fd360
Event: 73.101 Thread 0x0000029df64db800 DEOPT UNPACKING pc=0x0000029dd42176ce sp=0x000000fda32fc860 mode 0
Event: 73.128 Thread 0x0000029df64db800 DEOPT PACKING pc=0x0000029dd6169b98 sp=0x000000fda32fd360
Event: 73.128 Thread 0x0000029df64db800 DEOPT UNPACKING pc=0x0000029dd42176ce sp=0x000000fda32fc860 mode 0
Event: 73.140 Thread 0x0000029df64db800 Uncommon trap: trap_request=0xffffff4d fr.pc=0x0000029ddc362e0c relative=0x00000000000018ac
Event: 73.140 Thread 0x0000029df64db800 Uncommon trap: reason=unstable_if action=reinterpret pc=0x0000029ddc362e0c method=java.util.concurrent.ConcurrentHashMap.putVal(Ljava/lang/Object;Ljava/lang/Object;Z)Ljava/lang/Object; @ 162 c2
Event: 73.140 Thread 0x0000029df64db800 DEOPT PACKING pc=0x0000029ddc362e0c sp=0x000000fda32fd4d0
Event: 73.140 Thread 0x0000029df64db800 DEOPT UNPACKING pc=0x0000029dd42178af sp=0x000000fda32fd478 mode 2
Event: 73.146 Thread 0x0000029df64db800 Uncommon trap: trap_request=0xffffff4d fr.pc=0x0000029ddbcd1550 relative=0x0000000000000230
Event: 73.146 Thread 0x0000029df64db800 Uncommon trap: reason=unstable_if action=reinterpret pc=0x0000029ddbcd1550 method=com.android.tools.r8.graph.i0.a([C)I @ 44 c2
Event: 73.146 Thread 0x0000029df64db800 DEOPT PACKING pc=0x0000029ddbcd1550 sp=0x000000fda32fd530
Event: 73.146 Thread 0x0000029df64db800 DEOPT UNPACKING pc=0x0000029dd42178af sp=0x000000fda32fd4b8 mode 2

Classes redefined (0 events):
No events

Internal exceptions (20 events):
Event: 65.660 Thread 0x0000029dec6da800 Exception <a 'java/lang/NoSuchMethodError'{0x000000008d9d85c0}: <clinit>> (0x000000008d9d85c0) thrown at [./src/hotspot/share/prims/jni.cpp, line 1362]
Event: 65.660 Thread 0x0000029df64d7000 Exception <a 'java/lang/NoSuchMethodError'{0x000000008d9ea248}: 'java.lang.Object java.lang.invoke.DirectMethodHandle$Holder.invokeStatic(java.lang.Object, java.lang.Object, int, java.lang.Object, long)'> (0x000000008d9ea248) thrown at [./src/hotspot/share/interpreter/linkResolver.cpp, line 773]
Event: 65.661 Thread 0x0000029dec6da800 Exception <a 'java/lang/NoSuchMethodError'{0x000000008d9efcd8}: <clinit>> (0x000000008d9efcd8) thrown at [./src/hotspot/share/prims/jni.cpp, line 1362]
Event: 65.662 Thread 0x0000029dec6da800 Exception <a 'java/lang/NoSuchMethodError'{0x000000008d807bd0}: <clinit>> (0x000000008d807bd0) thrown at [./src/hotspot/share/prims/jni.cpp, line 1362]
Event: 65.667 Thread 0x0000029dec6da800 Exception <a 'java/lang/NoSuchMethodError'{0x000000008d856c58}: <clinit>> (0x000000008d856c58) thrown at [./src/hotspot/share/prims/jni.cpp, line 1362]
Event: 65.686 Thread 0x0000029dec6da800 Exception <a 'java/lang/NoSuchMethodError'{0x000000008d764788}: <clinit>> (0x000000008d764788) thrown at [./src/hotspot/share/prims/jni.cpp, line 1362]
Event: 65.688 Thread 0x0000029dec6da800 Exception <a 'java/lang/NoSuchMethodError'{0x000000008d7d4c40}: <clinit>> (0x000000008d7d4c40) thrown at [./src/hotspot/share/prims/jni.cpp, line 1362]
Event: 65.716 Thread 0x0000029df64db000 Exception <a 'java/lang/NoSuchMethodError'{0x000000008dcccbc0}: 'java.lang.Object java.lang.invoke.DirectMethodHandle$Holder.invokeStatic(java.lang.Object, java.lang.Object, java.lang.Object, java.lang.Object, java.lang.Object, java.lang.Object, java.lang.Object, java.lang.Object, java.lang.Object, java.lang.Object, java.lang.Object, java.lang.Object, java.lang.Object, int)'> (0x000000008dcccbc0) thrown at [./src/hotspot/share/interpreter/linkResolver.cpp, line 773]
Event: 65.717 Thread 0x0000029df64db000 Exception <a 'java/lang/NoSuchMethodError'{0x000000008dcd9628}: 'java.lang.Object java.lang.invoke.DirectMethodHandle$Holder.invokeStatic(java.lang.Object, java.lang.Object, java.lang.Object, java.lang.Object, java.lang.Object, java.lang.Object, java.lang.Object, java.lang.Object, java.lang.Object, java.lang.Object, java.lang.Object, java.lang.Object, java.lang.Object, int, int)'> (0x000000008dcd9628) thrown at [./src/hotspot/share/interpreter/linkResolver.cpp, line 773]
Event: 69.516 Thread 0x0000029dec6da800 Exception <a 'java/lang/NoSuchMethodError'{0x000000008c566ff0}: <clinit>> (0x000000008c566ff0) thrown at [./src/hotspot/share/prims/jni.cpp, line 1362]
Event: 70.425 Thread 0x0000029dec6da800 Exception <a 'java/lang/NoSuchMethodError'{0x000000008c9b46d0}: <clinit>> (0x000000008c9b46d0) thrown at [./src/hotspot/share/prims/jni.cpp, line 1362]
Event: 71.594 Thread 0x0000029df64d4800 Exception <a 'sun/nio/fs/WindowsException'{0x000000008d1120c8}> (0x000000008d1120c8) thrown at [./src/hotspot/share/prims/jni.cpp, line 615]
Event: 71.594 Thread 0x0000029df64d4800 Exception <a 'sun/nio/fs/WindowsException'{0x000000008d1121b0}> (0x000000008d1121b0) thrown at [./src/hotspot/share/prims/jni.cpp, line 615]
Event: 71.623 Thread 0x0000029deca18800 Exception <a 'java/lang/NoSuchMethodError'{0x000000008d0cc078}: 'int java.lang.invoke.DirectMethodHandle$Holder.invokeSpecial(java.lang.Object, java.lang.Object, java.lang.Object, java.lang.Object, java.lang.Object)'> (0x000000008d0cc078) thrown at [./src/hotspot/share/interpreter/linkResolver.cpp, line 773]
Event: 71.746 Thread 0x0000029deca18800 Exception <a 'java/lang/NoSuchMethodError'{0x000000008ca94b98}: <clinit>> (0x000000008ca94b98) thrown at [./src/hotspot/share/prims/jni.cpp, line 1362]
Event: 71.755 Thread 0x0000029deca18800 Exception <a 'java/lang/NoSuchMethodError'{0x000000008caf83a8}: <clinit>> (0x000000008caf83a8) thrown at [./src/hotspot/share/prims/jni.cpp, line 1362]
Event: 71.855 Thread 0x0000029df64d4800 Implicit null exception at 0x0000029ddbe07aa2 to 0x0000029ddbe0a0dc
Event: 72.331 Thread 0x0000029df64d4800 Implicit null exception at 0x0000029ddc2e0d2c to 0x0000029ddc2e0eda
Event: 72.333 Thread 0x0000029dec6db800 Exception <a 'java/lang/NoSuchMethodError'{0x000000008b6768e8}: <clinit>> (0x000000008b6768e8) thrown at [./src/hotspot/share/prims/jni.cpp, line 1362]
Event: 72.762 Thread 0x0000029df64db800 Exception <a 'sun/nio/fs/WindowsException'{0x000000008d59f260}> (0x000000008d59f260) thrown at [./src/hotspot/share/prims/jni.cpp, line 615]

Events (20 events):
Event: 72.972 loading class com/android/tools/r8/q/a/b/l/f done
Event: 72.973 loading class com/android/tools/r8/q/a/b/l/d$a
Event: 72.973 loading class com/android/tools/r8/q/a/b/l/d$a done
Event: 72.974 loading class com/android/tools/r8/dex/d
Event: 72.974 loading class com/android/tools/r8/dex/d done
Event: 72.975 loading class com/android/tools/r8/q/a/b/l/c
Event: 72.975 loading class com/android/tools/r8/q/a/b/l/c done
Event: 72.980 loading class com/android/tools/r8/q/a/b/l/d$c
Event: 72.980 loading class com/android/tools/r8/q/a/b/l/d$c done
Event: 72.981 loading class com/android/tools/r8/graph/B
Event: 72.981 loading class com/android/tools/r8/graph/B done
Event: 72.987 loading class com/android/tools/r8/graph/k0
Event: 72.987 loading class com/android/tools/r8/graph/k0 done
Event: 72.987 loading class com/android/tools/r8/graph/k0
Event: 72.987 loading class com/android/tools/r8/graph/k0 done
Event: 72.987 loading class com/android/tools/r8/dex/n
Event: 72.987 loading class com/android/tools/r8/dex/n done
Event: 73.166 Executing VM operation: CGC_Operation
Event: 73.167 Executing VM operation: CGC_Operation done
Event: 73.167 Executing VM operation: G1CollectForAllocation


Dynamic libraries:
0x00007ff622a80000 - 0x00007ff622a8a000 	C:\Program Files\Android\Android Studio1\jre\bin\java.exe
0x00007ff8aedc0000 - 0x00007ff8aefc7000 	C:\Windows\SYSTEM32\ntdll.dll
0x00007ff8ae0f0000 - 0x00007ff8ae1ad000 	C:\Windows\System32\KERNEL32.DLL
0x00007ff8ac630000 - 0x00007ff8ac9a4000 	C:\Windows\System32\KERNELBASE.dll
0x00007ff8ac3f0000 - 0x00007ff8ac501000 	C:\Windows\System32\ucrtbase.dll
0x00007ff8a65b0000 - 0x00007ff8a65c9000 	C:\Program Files\Android\Android Studio1\jre\bin\jli.dll
0x00007ff8a6840000 - 0x00007ff8a6857000 	C:\Program Files\Android\Android Studio1\jre\bin\VCRUNTIME140.dll
0x00007ff8ae7f0000 - 0x00007ff8ae99c000 	C:\Windows\System32\USER32.dll
0x00007ff88f780000 - 0x00007ff88fa25000 	C:\Windows\WinSxS\amd64_microsoft.windows.common-controls_6595b64144ccf1df_6.0.22000.120_none_9d947278b86cc467\COMCTL32.dll
0x00007ff8ac2a0000 - 0x00007ff8ac2c6000 	C:\Windows\System32\win32u.dll
0x00007ff8acdf0000 - 0x00007ff8ace93000 	C:\Windows\System32\msvcrt.dll
0x00007ff8ae9a0000 - 0x00007ff8ae9c9000 	C:\Windows\System32\GDI32.dll
0x00007ff8ac2d0000 - 0x00007ff8ac3e2000 	C:\Windows\System32\gdi32full.dll
0x00007ff8ac510000 - 0x00007ff8ac5ad000 	C:\Windows\System32\msvcp_win.dll
0x00007ff8ad320000 - 0x00007ff8ad351000 	C:\Windows\System32\IMM32.DLL
0x00007ff89ae90000 - 0x00007ff89af2d000 	C:\Program Files\Android\Android Studio1\jre\bin\msvcp140.dll
0x00007ff870ca0000 - 0x00007ff87176f000 	C:\Program Files\Android\Android Studio1\jre\bin\server\jvm.dll
0x00007ff8aebf0000 - 0x00007ff8aec9c000 	C:\Windows\System32\ADVAPI32.dll
0x00007ff8ae050000 - 0x00007ff8ae0ed000 	C:\Windows\System32\sechost.dll
0x00007ff8ae380000 - 0x00007ff8ae4a1000 	C:\Windows\System32\RPCRT4.dll
0x00007ff8ae370000 - 0x00007ff8ae378000 	C:\Windows\System32\PSAPI.DLL
0x00007ff8a1b10000 - 0x00007ff8a1b19000 	C:\Windows\SYSTEM32\WSOCK32.dll
0x00007ff8a7ea0000 - 0x00007ff8a7eaa000 	C:\Windows\SYSTEM32\VERSION.dll
0x00007ff8aed00000 - 0x00007ff8aed6f000 	C:\Windows\System32\WS2_32.dll
0x00007ff8a6800000 - 0x00007ff8a6833000 	C:\Windows\SYSTEM32\WINMM.dll
0x00007ff8ab4c0000 - 0x00007ff8ab4d8000 	C:\Windows\SYSTEM32\kernel.appcore.dll
0x00007ff891970000 - 0x00007ff891981000 	C:\Program Files\Android\Android Studio1\jre\bin\verify.dll
0x00007ff8a7740000 - 0x00007ff8a7961000 	C:\Windows\SYSTEM32\DBGHELP.DLL
0x00007ff8a76a0000 - 0x00007ff8a76d1000 	C:\Windows\SYSTEM32\dbgcore.DLL
0x00007ff8ac5b0000 - 0x00007ff8ac630000 	C:\Windows\System32\bcryptPrimitives.dll
0x00007ff890150000 - 0x00007ff890179000 	C:\Program Files\Android\Android Studio1\jre\bin\java.dll
0x00007ff8a1750000 - 0x00007ff8a175b000 	C:\Program Files\Android\Android Studio1\jre\bin\jimage.dll
0x00007ff890130000 - 0x00007ff890148000 	C:\Program Files\Android\Android Studio1\jre\bin\zip.dll
0x00007ff8ad360000 - 0x00007ff8adb09000 	C:\Windows\System32\SHELL32.dll
0x00007ff8aa460000 - 0x00007ff8aacc2000 	C:\Windows\SYSTEM32\windows.storage.dll
0x00007ff8adbf0000 - 0x00007ff8adf68000 	C:\Windows\System32\combase.dll
0x00007ff8aa2f0000 - 0x00007ff8aa456000 	C:\Windows\SYSTEM32\wintypes.dll
0x00007ff8ae9d0000 - 0x00007ff8aeaba000 	C:\Windows\System32\SHCORE.dll
0x00007ff8aeca0000 - 0x00007ff8aecfd000 	C:\Windows\System32\shlwapi.dll
0x00007ff8ac1d0000 - 0x00007ff8ac1f1000 	C:\Windows\SYSTEM32\profapi.dll
0x00007ff88e7f0000 - 0x00007ff88e80a000 	C:\Program Files\Android\Android Studio1\jre\bin\net.dll
0x00007ff8a8d60000 - 0x00007ff8a8e6c000 	C:\Windows\SYSTEM32\WINHTTP.dll
0x00007ff8ab8d0000 - 0x00007ff8ab937000 	C:\Windows\system32\mswsock.dll
0x00007ff88e7d0000 - 0x00007ff88e7e4000 	C:\Program Files\Android\Android Studio1\jre\bin\nio.dll
0x00007ff8a6c30000 - 0x00007ff8a6c57000 	C:\Users\Acer\.gradle\native\f6784746aeab05261644944871eae4fe03e0ef1612fff0a4a95f87b438bc6780\windows-amd64\native-platform.dll
0x00007ff89bfd0000 - 0x00007ff89bfda000 	C:\Program Files\Android\Android Studio1\jre\bin\management.dll
0x00007ff89bf90000 - 0x00007ff89bf9c000 	C:\Program Files\Android\Android Studio1\jre\bin\management_ext.dll
0x00007ff8abb20000 - 0x00007ff8abb38000 	C:\Windows\SYSTEM32\CRYPTSP.dll
0x00007ff8ab420000 - 0x00007ff8ab455000 	C:\Windows\system32\rsaenh.dll
0x00007ff8ab9c0000 - 0x00007ff8ab9e9000 	C:\Windows\SYSTEM32\USERENV.dll
0x00007ff8abc90000 - 0x00007ff8abcb7000 	C:\Windows\SYSTEM32\bcrypt.dll
0x00007ff8abb10000 - 0x00007ff8abb1c000 	C:\Windows\SYSTEM32\CRYPTBASE.dll
0x00007ff8ab040000 - 0x00007ff8ab06d000 	C:\Windows\SYSTEM32\IPHLPAPI.DLL
0x00007ff8ae360000 - 0x00007ff8ae369000 	C:\Windows\System32\NSI.dll
0x00007ff8a8ec0000 - 0x00007ff8a8ed9000 	C:\Windows\SYSTEM32\dhcpcsvc6.DLL
0x00007ff8a9090000 - 0x00007ff8a90ae000 	C:\Windows\SYSTEM32\dhcpcsvc.DLL
0x00007ff8ab070000 - 0x00007ff8ab157000 	C:\Windows\SYSTEM32\DNSAPI.dll
0x00007ff8a8e70000 - 0x00007ff8a8e7c000 	C:\Windows\SYSTEM32\WINNSI.DLL
0x00007ff885100000 - 0x00007ff885127000 	C:\Program Files\Android\Android Studio1\jre\bin\sunec.dll
0x00007ff8a1b60000 - 0x00007ff8a1b6a000 	C:\Windows\System32\rasadhlp.dll
0x00007ff8a7a10000 - 0x00007ff8a7a91000 	C:\Windows\System32\fwpuclnt.dll
0x00007ff8a8b90000 - 0x00007ff8a8b98000 	C:\Program Files\Android\Android Studio1\jre\bin\rmi.dll

dbghelp: loaded successfully - version: 4.0.5 - missing functions: none
symbol engine: initialized successfully - sym options: 0x614 - pdb path: .;C:\Program Files\Android\Android Studio1\jre\bin;C:\Windows\SYSTEM32;C:\Windows\WinSxS\amd64_microsoft.windows.common-controls_6595b64144ccf1df_6.0.22000.120_none_9d947278b86cc467;C:\Program Files\Android\Android Studio1\jre\bin\server;C:\Users\Acer\.gradle\native\f6784746aeab05261644944871eae4fe03e0ef1612fff0a4a95f87b438bc6780\windows-amd64

VM Arguments:
jvm_args: --add-opens=java.base/java.util=ALL-UNNAMED --add-opens=java.base/java.lang=ALL-UNNAMED --add-opens=java.base/java.lang.invoke=ALL-UNNAMED --add-opens=java.prefs/java.util.prefs=ALL-UNNAMED -Xmx2048m -Dfile.encoding=UTF-8 -Duser.country=RU -Duser.language=ru -Duser.variant 
java_command: org.gradle.launcher.daemon.bootstrap.GradleDaemon 6.5
java_class_path (initial): C:\Users\Acer\.gradle\wrapper\dists\gradle-6.5-bin\6nifqtx7604sqp1q6g8wikw7p\gradle-6.5\lib\gradle-launcher-6.5.jar
Launcher Type: SUN_STANDARD

[Global flags]
     intx CICompilerCount                          = 3                                         {product} {ergonomic}
     uint ConcGCThreads                            = 1                                         {product} {ergonomic}
     uint G1ConcRefinementThreads                  = 4                                         {product} {ergonomic}
   size_t G1HeapRegionSize                         = 1048576                                   {product} {ergonomic}
    uintx GCDrainStackTargetSize                   = 64                                        {product} {ergonomic}
   size_t InitialHeapSize                          = 134217728                                 {product} {ergonomic}
   size_t MarkStackSize                            = 4194304                                   {product} {ergonomic}
   size_t MaxHeapSize                              = 2147483648                                {product} {command line}
   size_t MaxNewSize                               = 1287651328                                {product} {ergonomic}
   size_t MinHeapDeltaBytes                        = 1048576                                   {product} {ergonomic}
    uintx NonNMethodCodeHeapSize                   = 5830732                                {pd product} {ergonomic}
    uintx NonProfiledCodeHeapSize                  = 122913754                              {pd product} {ergonomic}
    uintx ProfiledCodeHeapSize                     = 122913754                              {pd product} {ergonomic}
    uintx ReservedCodeCacheSize                    = 251658240                              {pd product} {ergonomic}
     bool SegmentedCodeCache                       = true                                      {product} {ergonomic}
     bool UseCompressedClassPointers               = true                                 {lp64_product} {ergonomic}
     bool UseCompressedOops                        = true                                 {lp64_product} {ergonomic}
     bool UseG1GC                                  = true                                      {product} {ergonomic}
     bool UseLargePagesIndividualAllocation        = false                                  {pd product} {ergonomic}

Logging:
Log output configuration:
 #0: stdout all=warning uptime,level,tags
 #1: stderr all=off uptime,level,tags

Environment Variables:
PATH=C:\Program Files\Common Files\Oracle\Java\javapath;C:\Windows\system32;C:\Windows;C:\Windows\System32\Wbem;C:\Windows\System32\WindowsPowerShell\v1.0\;C:\Windows\System32\OpenSSH\;C:\Program Files (x86)\NVIDIA Corporation\PhysX\Common;C:\Program Files\Git\cmd;C:\Users\Acer\AppData\Local\Microsoft\WindowsApps;
USERNAME=Acer
OS=Windows_NT
PROCESSOR_IDENTIFIER=Intel64 Family 6 Model 142 Stepping 9, GenuineIntel



---------------  S Y S T E M  ---------------

OS: Windows 10 , 64 bit Build 22000 (10.0.22000.120)
OS uptime: 2 days 0:54 hours

CPU:total 4 (initial active 4) (2 cores per cpu, 2 threads per core) family 6 model 142 stepping 9 microcode 0xde, cmov, cx8, fxsr, mmx, sse, sse2, sse3, ssse3, sse4.1, sse4.2, popcnt, avx, avx2, aes, clmul, erms, 3dnowpref, lzcnt, ht, tsc, tscinvbit, bmi1, bmi2, adx, fma

Memory: 4k page, system-wide physical 8069M (483M free)
TotalPageFile size 8069M (AvailPageFile size 29M)
current process WorkingSet (physical memory assigned to process): 582M, peak: 582M
current process commit charge ("private bytes"): 616M, peak: 701M

vm_info: OpenJDK 64-Bit Server VM (11.0.10+0-b96-7249189) for windows-amd64 JRE (11.0.10+0-b96-7249189), built on Mar 31 2021 21:44:00 by "builder" with MS VC++ 14.0 (VS2015)

END.
