#
# There is insufficient memory for the Java Runtime Environment to continue.
# Native memory allocation (malloc) failed to allocate 1048576 bytes for AllocateHeap
# Possible reasons:
#   The system is out of physical RAM or swap space
#   The process is running with CompressedOops enabled, and the Java Heap may be blocking the growth of the native heap
# Possible solutions:
#   Reduce memory load on the system
#   Increase physical memory or swap space
#   Check if swap backing store is full
#   Decrease Java heap size (-Xmx/-Xms)
#   Decrease number of Java threads
#   Decrease Java thread stack sizes (-Xss)
#   Set larger code cache with -XX:ReservedCodeCacheSize=
#   JVM is running with Unscaled Compressed Oops mode in which the Java heap is
#     placed in the first 4GB address space. The Java Heap base address is the
#     maximum limit for the native heap growth. Please use -XX:HeapBaseMinAddress
#     to set the Java Heap base and to place the Java Heap above 4GB virtual address.
# This output file may be truncated or incomplete.
#
#  Out of Memory Error (./src/hotspot/share/memory/allocation.cpp:46), pid=2740, tid=16520
#
# JRE version: OpenJDK Runtime Environment (11.0.10) (build 11.0.10+0-b96-7249189)
# Java VM: OpenJDK 64-Bit Server VM (11.0.10+0-b96-7249189, mixed mode, tiered, compressed oops, g1 gc, windows-amd64)
# No core dump will be written. Minidumps are not enabled by default on client versions of Windows
#

---------------  S U M M A R Y ------------

Command Line: --add-opens=java.base/java.util=ALL-UNNAMED --add-opens=java.base/java.lang=ALL-UNNAMED --add-opens=java.base/java.lang.invoke=ALL-UNNAMED --add-opens=java.prefs/java.util.prefs=ALL-UNNAMED -Xmx2048m -Dfile.encoding=UTF-8 -Duser.country=RU -Duser.language=ru -Duser.variant org.gradle.launcher.daemon.bootstrap.GradleDaemon 6.5

Host: Intel(R) Core(TM) i5-7200U CPU @ 2.50GHz, 4 cores, 7G,  Windows 10 , 64 bit Build 22000 (10.0.22000.120)
Time: Mon Aug 30 08:16:29 2021 RTZ 2 (зима) elapsed time: 8.551764 seconds (0d 0h 0m 8s)

---------------  T H R E A D  ---------------

Current thread (0x000002b87b67c000):  VMThread "VM Thread" [stack: 0x000000f220d00000,0x000000f220e00000] [id=16520]

Stack: [0x000000f220d00000,0x000000f220e00000]
[error occurred during error reporting (printing stack bounds), id 0xc0000005, EXCEPTION_ACCESS_VIOLATION (0xc0000005) at pc=0x000002b8655a0f2d]

Native frames: (J=compiled Java code, j=interpreted, Vv=VM code, C=native code)
V  [jvm.dll+0x5ecfaa]
V  [jvm.dll+0x722bd5]
V  [jvm.dll+0x72412d]
V  [jvm.dll+0x724745]
V  [jvm.dll+0x7246fb]
V  [jvm.dll+0x5ec348]
V  [jvm.dll+0x5ecad8]
C  [ntdll.dll+0xa826f]
C  [ntdll.dll+0x359ca]
C  [ntdll.dll+0xa727e]
C  0x000002b8655a0f2d

VM_Operation (0x000000f2222f2680): CollectForMetadataAllocation, mode: safepoint, requested by thread 0x000002b87da1c000


---------------  P R O C E S S  ---------------

Threads class SMR info:
_java_thread_list=0x000002b87c27bf40, length=22, elements={
0x000002b861aab800, 0x000002b87b680000, 0x000002b87b683000, 0x000002b87b6a2000,
0x000002b87b6a2800, 0x000002b87b6a5800, 0x000002b87b6a7000, 0x000002b87c071000,
0x000002b87c074000, 0x000002b87c15a000, 0x000002b87d8cf000, 0x000002b87cadb000,
0x000002b87da95000, 0x000002b87d398800, 0x000002b87d249000, 0x000002b87db15000,
0x000002b87da1c000, 0x000002b87ced3800, 0x000002b87c2c3800, 0x000002b87c2c4800,
0x000002b87c2c5000, 0x000002b87c2c1000
}

Java Threads: ( => current thread )
  0x000002b861aab800 JavaThread "main" [_thread_blocked, id=9580, stack(0x000000f220700000,0x000000f220800000)]
  0x000002b87b680000 JavaThread "Reference Handler" daemon [_thread_blocked, id=2348, stack(0x000000f220e00000,0x000000f220f00000)]
  0x000002b87b683000 JavaThread "Finalizer" daemon [_thread_blocked, id=14792, stack(0x000000f220f00000,0x000000f221000000)]
  0x000002b87b6a2000 JavaThread "Signal Dispatcher" daemon [_thread_blocked, id=9984, stack(0x000000f221000000,0x000000f221100000)]
  0x000002b87b6a2800 JavaThread "Attach Listener" daemon [_thread_blocked, id=17400, stack(0x000000f221100000,0x000000f221200000)]
  0x000002b87b6a5800 JavaThread "Service Thread" daemon [_thread_blocked, id=5308, stack(0x000000f221200000,0x000000f221300000)]
  0x000002b87b6a7000 JavaThread "C2 CompilerThread0" daemon [_thread_blocked, id=4680, stack(0x000000f221300000,0x000000f221400000)]
  0x000002b87c071000 JavaThread "C1 CompilerThread0" daemon [_thread_blocked, id=15760, stack(0x000000f221400000,0x000000f221500000)]
  0x000002b87c074000 JavaThread "Sweeper thread" daemon [_thread_blocked, id=11940, stack(0x000000f221500000,0x000000f221600000)]
  0x000002b87c15a000 JavaThread "Common-Cleaner" daemon [_thread_blocked, id=17344, stack(0x000000f221600000,0x000000f221700000)]
  0x000002b87d8cf000 JavaThread "Daemon health stats" [_thread_blocked, id=10388, stack(0x000000f221a00000,0x000000f221b00000)]
  0x000002b87cadb000 JavaThread "Incoming local TCP Connector on port 5782" [_thread_in_native, id=12828, stack(0x000000f221d00000,0x000000f221e00000)]
  0x000002b87da95000 JavaThread "Daemon periodic checks" [_thread_blocked, id=10360, stack(0x000000f221e00000,0x000000f221f00000)]
  0x000002b87d398800 JavaThread "Daemon" [_thread_blocked, id=5464, stack(0x000000f221f00000,0x000000f222000000)]
  0x000002b87d249000 JavaThread "Handler for socket connection from /127.0.0.1:5782 to /127.0.0.1:5784" [_thread_in_native, id=8908, stack(0x000000f222000000,0x000000f222100000)]
  0x000002b87db15000 JavaThread "Cancel handler" [_thread_blocked, id=3296, stack(0x000000f222100000,0x000000f222200000)]
  0x000002b87da1c000 JavaThread "Daemon worker" [_thread_blocked, id=14044, stack(0x000000f222200000,0x000000f222300000)]
  0x000002b87ced3800 JavaThread "Asynchronous log dispatcher for DefaultDaemonConnection: socket connection from /127.0.0.1:5782 to /127.0.0.1:5784" [_thread_blocked, id=11628, stack(0x000000f222300000,0x000000f222400000)]
  0x000002b87c2c3800 JavaThread "Stdin handler" [_thread_blocked, id=8352, stack(0x000000f222400000,0x000000f222500000)]
  0x000002b87c2c4800 JavaThread "Thread-8" [_thread_blocked, id=6980, stack(0x000000f222500000,0x000000f222600000)]
  0x000002b87c2c5000 JavaThread "Cache worker for journal cache (C:\Users\Acer\.gradle\caches\journal-1)" [_thread_blocked, id=848, stack(0x000000f222700000,0x000000f222800000)]
  0x000002b87c2c1000 JavaThread "File lock request listener" [_thread_in_native, id=13940, stack(0x000000f222800000,0x000000f222900000)]

Other Threads:
=>0x000002b87b67c000 VMThread "VM Thread" [stack: 0x000000f220d00000,0x000000f220e00000] [id=16520]
  0x000002b87c186000 WatcherThread [stack: 0x000000f221700000,0x000000f221800000] [id=5032]
  0x000002b861ac5000 GCTaskThread "GC Thread#0" [stack: 0x000000f220800000,0x000000f220900000] [id=17080]
  0x000002b87c3dd800 GCTaskThread "GC Thread#1" [stack: 0x000000f221800000,0x000000f221900000] [id=15500]
  0x000002b87c3de000 GCTaskThread "GC Thread#2" [stack: 0x000000f221900000,0x000000f221a00000] [id=8252]
  0x000002b87d641800 GCTaskThread "GC Thread#3" [stack: 0x000000f222600000,0x000000f222700000] [id=7224]
  0x000002b861af6000 ConcurrentGCThread "G1 Main Marker" [stack: 0x000000f220900000,0x000000f220a00000] [id=14576]
  0x000002b861af7000 ConcurrentGCThread "G1 Conc#0" [stack: 0x000000f220a00000,0x000000f220b00000] [id=15732]
  0x000002b861b87000 ConcurrentGCThread "G1 Refine#0" [stack: 0x000000f220b00000,0x000000f220c00000] [id=11524]
  0x000002b861b8a000 ConcurrentGCThread "G1 Young RemSet Sampling" [stack: 0x000000f220c00000,0x000000f220d00000] [id=10156]

Threads with active compile tasks:

VM state:at safepoint (normal execution)

VM Mutex/Monitor currently owned by a thread:  ([mutex/lock_event])
[0x000002b861aa74b0] Threads_lock - owner thread: 0x000002b87b67c000
[0x000002b861aa86b0] Heap_lock - owner thread: 0x000002b87da1c000

Heap address: 0x0000000080000000, size: 2048 MB, Compressed Oops mode: 32-bit
Narrow klass base: 0x0000000000000000, Narrow klass shift: 3
Compressed class space size: 1073741824 Address: 0x0000000100000000

Heap:
 garbage-first heap   total 131072K, used 17125K [0x0000000080000000, 0x0000000100000000)
  region size 1024K, 3 young (3072K), 3 survivors (3072K)
 Metaspace       used 20210K, capacity 20617K, committed 20736K, reserved 1079296K
  class space    used 2373K, capacity 2502K, committed 2560K, reserved 1048576K
Heap Regions: E=young(eden), S=young(survivor), O=old, HS=humongous(starts), HC=humongous(continues), CS=collection set, F=free, A=archive, TAMS=top-at-mark-start (previous, next)
|   0|0x0000000080000000, 0x0000000080100000, 0x0000000080100000|100%| O|  |TAMS 0x0000000080000000, 0x0000000080100000| Untracked 
|   1|0x0000000080100000, 0x0000000080200000, 0x0000000080200000|100%| O|  |TAMS 0x0000000080100000, 0x0000000080200000| Untracked 
|   2|0x0000000080200000, 0x0000000080300000, 0x0000000080300000|100%| O|  |TAMS 0x0000000080200000, 0x0000000080300000| Untracked 
|   3|0x0000000080300000, 0x0000000080400000, 0x0000000080400000|100%|HS|  |TAMS 0x0000000080300000, 0x0000000080400000| Complete 
|   4|0x0000000080400000, 0x0000000080500000, 0x0000000080500000|100%|HC|  |TAMS 0x0000000080400000, 0x0000000080500000| Complete 
|   5|0x0000000080500000, 0x0000000080600000, 0x0000000080600000|100%|HC|  |TAMS 0x0000000080500000, 0x0000000080600000| Complete 
|   6|0x0000000080600000, 0x0000000080700000, 0x0000000080700000|100%| O|  |TAMS 0x0000000080600000, 0x0000000080700000| Untracked 
|   7|0x0000000080700000, 0x0000000080800000, 0x0000000080800000|100%| O|  |TAMS 0x0000000080700000, 0x0000000080800000| Untracked 
|   8|0x0000000080800000, 0x0000000080900000, 0x0000000080900000|100%| O|  |TAMS 0x0000000080800000, 0x0000000080900000| Untracked 
|   9|0x0000000080900000, 0x0000000080a00000, 0x0000000080a00000|100%| O|  |TAMS 0x0000000080900000, 0x0000000080a00000| Untracked 
|  10|0x0000000080a00000, 0x0000000080b00000, 0x0000000080b00000|100%| O|  |TAMS 0x0000000080a00000, 0x0000000080b00000| Untracked 
|  11|0x0000000080b00000, 0x0000000080c00000, 0x0000000080c00000|100%| O|  |TAMS 0x0000000080b00000, 0x0000000080c00000| Untracked 
|  12|0x0000000080c00000, 0x0000000080cb9400, 0x0000000080d00000| 72%| O|  |TAMS 0x0000000080c00000, 0x0000000080cb9400| Untracked 
|  13|0x0000000080d00000, 0x0000000080e00000, 0x0000000080e00000|100%|HS|  |TAMS 0x0000000080d00000, 0x0000000080e00000| Complete 
|  14|0x0000000080e00000, 0x0000000080e00000, 0x0000000080f00000|  0%| F|  |TAMS 0x0000000080e00000, 0x0000000080e00000| Untracked 
|  15|0x0000000080f00000, 0x0000000080f00000, 0x0000000081000000|  0%| F|  |TAMS 0x0000000080f00000, 0x0000000080f00000| Untracked 
|  16|0x0000000081000000, 0x0000000081000000, 0x0000000081100000|  0%| F|  |TAMS 0x0000000081000000, 0x0000000081000000| Untracked 
|  17|0x0000000081100000, 0x0000000081100000, 0x0000000081200000|  0%| F|  |TAMS 0x0000000081100000, 0x0000000081100000| Untracked 
|  18|0x0000000081200000, 0x0000000081200000, 0x0000000081300000|  0%| F|  |TAMS 0x0000000081200000, 0x0000000081200000| Untracked 
|  19|0x0000000081300000, 0x0000000081300000, 0x0000000081400000|  0%| F|  |TAMS 0x0000000081300000, 0x0000000081300000| Untracked 
|  20|0x0000000081400000, 0x0000000081400000, 0x0000000081500000|  0%| F|  |TAMS 0x0000000081400000, 0x0000000081400000| Untracked 
|  21|0x0000000081500000, 0x0000000081500000, 0x0000000081600000|  0%| F|  |TAMS 0x0000000081500000, 0x0000000081500000| Untracked 
|  22|0x0000000081600000, 0x0000000081600000, 0x0000000081700000|  0%| F|  |TAMS 0x0000000081600000, 0x0000000081600000| Untracked 
|  23|0x0000000081700000, 0x0000000081700000, 0x0000000081800000|  0%| F|  |TAMS 0x0000000081700000, 0x0000000081700000| Untracked 
|  24|0x0000000081800000, 0x0000000081800000, 0x0000000081900000|  0%| F|  |TAMS 0x0000000081800000, 0x0000000081800000| Untracked 
|  25|0x0000000081900000, 0x0000000081900000, 0x0000000081a00000|  0%| F|  |TAMS 0x0000000081900000, 0x0000000081900000| Untracked 
|  26|0x0000000081a00000, 0x0000000081a00000, 0x0000000081b00000|  0%| F|  |TAMS 0x0000000081a00000, 0x0000000081a00000| Untracked 
|  27|0x0000000081b00000, 0x0000000081b00000, 0x0000000081c00000|  0%| F|  |TAMS 0x0000000081b00000, 0x0000000081b00000| Untracked 
|  28|0x0000000081c00000, 0x0000000081c00000, 0x0000000081d00000|  0%| F|  |TAMS 0x0000000081c00000, 0x0000000081c00000| Untracked 
|  29|0x0000000081d00000, 0x0000000081d00000, 0x0000000081e00000|  0%| F|  |TAMS 0x0000000081d00000, 0x0000000081d00000| Untracked 
|  30|0x0000000081e00000, 0x0000000081e00000, 0x0000000081f00000|  0%| F|  |TAMS 0x0000000081e00000, 0x0000000081e00000| Untracked 
|  31|0x0000000081f00000, 0x0000000081f00000, 0x0000000082000000|  0%| F|  |TAMS 0x0000000081f00000, 0x0000000081f00000| Untracked 
|  32|0x0000000082000000, 0x0000000082000000, 0x0000000082100000|  0%| F|  |TAMS 0x0000000082000000, 0x0000000082000000| Untracked 
|  33|0x0000000082100000, 0x0000000082100000, 0x0000000082200000|  0%| F|  |TAMS 0x0000000082100000, 0x0000000082100000| Untracked 
|  34|0x0000000082200000, 0x0000000082200000, 0x0000000082300000|  0%| F|  |TAMS 0x0000000082200000, 0x0000000082200000| Untracked 
|  35|0x0000000082300000, 0x0000000082300000, 0x0000000082400000|  0%| F|  |TAMS 0x0000000082300000, 0x0000000082300000| Untracked 
|  36|0x0000000082400000, 0x0000000082400000, 0x0000000082500000|  0%| F|  |TAMS 0x0000000082400000, 0x0000000082400000| Untracked 
|  37|0x0000000082500000, 0x0000000082500000, 0x0000000082600000|  0%| F|  |TAMS 0x0000000082500000, 0x0000000082500000| Untracked 
|  38|0x0000000082600000, 0x0000000082600000, 0x0000000082700000|  0%| F|  |TAMS 0x0000000082600000, 0x0000000082600000| Untracked 
|  39|0x0000000082700000, 0x0000000082700000, 0x0000000082800000|  0%| F|  |TAMS 0x0000000082700000, 0x0000000082700000| Untracked 
|  40|0x0000000082800000, 0x0000000082800000, 0x0000000082900000|  0%| F|  |TAMS 0x0000000082800000, 0x0000000082800000| Untracked 
|  41|0x0000000082900000, 0x0000000082900000, 0x0000000082a00000|  0%| F|  |TAMS 0x0000000082900000, 0x0000000082900000| Untracked 
|  42|0x0000000082a00000, 0x0000000082a00000, 0x0000000082b00000|  0%| F|  |TAMS 0x0000000082a00000, 0x0000000082a00000| Untracked 
|  43|0x0000000082b00000, 0x0000000082b00000, 0x0000000082c00000|  0%| F|  |TAMS 0x0000000082b00000, 0x0000000082b00000| Untracked 
|  44|0x0000000082c00000, 0x0000000082c00000, 0x0000000082d00000|  0%| F|  |TAMS 0x0000000082c00000, 0x0000000082c00000| Untracked 
|  45|0x0000000082d00000, 0x0000000082d00000, 0x0000000082e00000|  0%| F|  |TAMS 0x0000000082d00000, 0x0000000082d00000| Untracked 
|  46|0x0000000082e00000, 0x0000000082e00000, 0x0000000082f00000|  0%| F|  |TAMS 0x0000000082e00000, 0x0000000082e00000| Untracked 
|  47|0x0000000082f00000, 0x0000000082f00000, 0x0000000083000000|  0%| F|  |TAMS 0x0000000082f00000, 0x0000000082f00000| Untracked 
|  48|0x0000000083000000, 0x0000000083000000, 0x0000000083100000|  0%| F|  |TAMS 0x0000000083000000, 0x0000000083000000| Untracked 
|  49|0x0000000083100000, 0x0000000083100000, 0x0000000083200000|  0%| F|  |TAMS 0x0000000083100000, 0x0000000083100000| Untracked 
|  50|0x0000000083200000, 0x0000000083200000, 0x0000000083300000|  0%| F|  |TAMS 0x0000000083200000, 0x0000000083200000| Untracked 
|  51|0x0000000083300000, 0x0000000083300000, 0x0000000083400000|  0%| F|  |TAMS 0x0000000083300000, 0x0000000083300000| Untracked 
|  52|0x0000000083400000, 0x0000000083400000, 0x0000000083500000|  0%| F|  |TAMS 0x0000000083400000, 0x0000000083400000| Untracked 
|  53|0x0000000083500000, 0x0000000083500000, 0x0000000083600000|  0%| F|  |TAMS 0x0000000083500000, 0x0000000083500000| Untracked 
|  54|0x0000000083600000, 0x0000000083600000, 0x0000000083700000|  0%| F|  |TAMS 0x0000000083600000, 0x0000000083600000| Untracked 
|  55|0x0000000083700000, 0x0000000083700000, 0x0000000083800000|  0%| F|  |TAMS 0x0000000083700000, 0x0000000083700000| Untracked 
|  56|0x0000000083800000, 0x0000000083800000, 0x0000000083900000|  0%| F|  |TAMS 0x0000000083800000, 0x0000000083800000| Untracked 
|  57|0x0000000083900000, 0x0000000083900000, 0x0000000083a00000|  0%| F|  |TAMS 0x0000000083900000, 0x0000000083900000| Untracked 
|  58|0x0000000083a00000, 0x0000000083a00000, 0x0000000083b00000|  0%| F|  |TAMS 0x0000000083a00000, 0x0000000083a00000| Untracked 
|  59|0x0000000083b00000, 0x0000000083b00000, 0x0000000083c00000|  0%| F|  |TAMS 0x0000000083b00000, 0x0000000083b00000| Untracked 
|  60|0x0000000083c00000, 0x0000000083c00000, 0x0000000083d00000|  0%| F|  |TAMS 0x0000000083c00000, 0x0000000083c00000| Untracked 
|  61|0x0000000083d00000, 0x0000000083d00000, 0x0000000083e00000|  0%| F|  |TAMS 0x0000000083d00000, 0x0000000083d00000| Untracked 
|  62|0x0000000083e00000, 0x0000000083e00000, 0x0000000083f00000|  0%| F|  |TAMS 0x0000000083e00000, 0x0000000083e00000| Untracked 
|  63|0x0000000083f00000, 0x0000000083f00000, 0x0000000084000000|  0%| F|  |TAMS 0x0000000083f00000, 0x0000000083f00000| Untracked 
|  64|0x0000000084000000, 0x0000000084000000, 0x0000000084100000|  0%| F|  |TAMS 0x0000000084000000, 0x0000000084000000| Untracked 
|  65|0x0000000084100000, 0x0000000084100000, 0x0000000084200000|  0%| F|  |TAMS 0x0000000084100000, 0x0000000084100000| Untracked 
|  66|0x0000000084200000, 0x0000000084200000, 0x0000000084300000|  0%| F|  |TAMS 0x0000000084200000, 0x0000000084200000| Untracked 
|  67|0x0000000084300000, 0x0000000084300000, 0x0000000084400000|  0%| F|  |TAMS 0x0000000084300000, 0x0000000084300000| Untracked 
|  68|0x0000000084400000, 0x0000000084400000, 0x0000000084500000|  0%| F|  |TAMS 0x0000000084400000, 0x0000000084400000| Untracked 
|  69|0x0000000084500000, 0x0000000084500000, 0x0000000084600000|  0%| F|  |TAMS 0x0000000084500000, 0x0000000084500000| Untracked 
|  70|0x0000000084600000, 0x0000000084600000, 0x0000000084700000|  0%| F|  |TAMS 0x0000000084600000, 0x0000000084600000| Untracked 
|  71|0x0000000084700000, 0x0000000084700000, 0x0000000084800000|  0%| F|  |TAMS 0x0000000084700000, 0x0000000084700000| Untracked 
|  72|0x0000000084800000, 0x0000000084800000, 0x0000000084900000|  0%| F|  |TAMS 0x0000000084800000, 0x0000000084800000| Untracked 
|  73|0x0000000084900000, 0x0000000084900000, 0x0000000084a00000|  0%| F|  |TAMS 0x0000000084900000, 0x0000000084900000| Untracked 
|  74|0x0000000084a00000, 0x0000000084a00000, 0x0000000084b00000|  0%| F|  |TAMS 0x0000000084a00000, 0x0000000084a00000| Untracked 
|  75|0x0000000084b00000, 0x0000000084b00000, 0x0000000084c00000|  0%| F|  |TAMS 0x0000000084b00000, 0x0000000084b00000| Untracked 
|  76|0x0000000084c00000, 0x0000000084c00000, 0x0000000084d00000|  0%| F|  |TAMS 0x0000000084c00000, 0x0000000084c00000| Untracked 
|  77|0x0000000084d00000, 0x0000000084d00000, 0x0000000084e00000|  0%| F|  |TAMS 0x0000000084d00000, 0x0000000084d00000| Untracked 
|  78|0x0000000084e00000, 0x0000000084e00000, 0x0000000084f00000|  0%| F|  |TAMS 0x0000000084e00000, 0x0000000084e00000| Untracked 
|  79|0x0000000084f00000, 0x0000000084f00000, 0x0000000085000000|  0%| F|  |TAMS 0x0000000084f00000, 0x0000000084f00000| Untracked 
|  80|0x0000000085000000, 0x0000000085000000, 0x0000000085100000|  0%| F|  |TAMS 0x0000000085000000, 0x0000000085000000| Untracked 
|  81|0x0000000085100000, 0x0000000085100000, 0x0000000085200000|  0%| F|  |TAMS 0x0000000085100000, 0x0000000085100000| Untracked 
|  82|0x0000000085200000, 0x0000000085200000, 0x0000000085300000|  0%| F|  |TAMS 0x0000000085200000, 0x0000000085200000| Untracked 
|  83|0x0000000085300000, 0x0000000085300000, 0x0000000085400000|  0%| F|  |TAMS 0x0000000085300000, 0x0000000085300000| Untracked 
|  84|0x0000000085400000, 0x0000000085400000, 0x0000000085500000|  0%| F|  |TAMS 0x0000000085400000, 0x0000000085400000| Untracked 
|  85|0x0000000085500000, 0x0000000085500000, 0x0000000085600000|  0%| F|  |TAMS 0x0000000085500000, 0x0000000085500000| Untracked 
|  86|0x0000000085600000, 0x0000000085600000, 0x0000000085700000|  0%| F|  |TAMS 0x0000000085600000, 0x0000000085600000| Untracked 
|  87|0x0000000085700000, 0x0000000085700000, 0x0000000085800000|  0%| F|  |TAMS 0x0000000085700000, 0x0000000085700000| Untracked 
|  88|0x0000000085800000, 0x0000000085800000, 0x0000000085900000|  0%| F|  |TAMS 0x0000000085800000, 0x0000000085800000| Untracked 
|  89|0x0000000085900000, 0x0000000085900000, 0x0000000085a00000|  0%| F|  |TAMS 0x0000000085900000, 0x0000000085900000| Untracked 
|  90|0x0000000085a00000, 0x0000000085a00000, 0x0000000085b00000|  0%| F|  |TAMS 0x0000000085a00000, 0x0000000085a00000| Untracked 
|  91|0x0000000085b00000, 0x0000000085b00000, 0x0000000085c00000|  0%| F|  |TAMS 0x0000000085b00000, 0x0000000085b00000| Untracked 
|  92|0x0000000085c00000, 0x0000000085c00000, 0x0000000085d00000|  0%| F|  |TAMS 0x0000000085c00000, 0x0000000085c00000| Untracked 
|  93|0x0000000085d00000, 0x0000000085d00000, 0x0000000085e00000|  0%| F|  |TAMS 0x0000000085d00000, 0x0000000085d00000| Untracked 
|  94|0x0000000085e00000, 0x0000000085e00000, 0x0000000085f00000|  0%| F|  |TAMS 0x0000000085e00000, 0x0000000085e00000| Untracked 
|  95|0x0000000085f00000, 0x0000000085f00000, 0x0000000086000000|  0%| F|  |TAMS 0x0000000085f00000, 0x0000000085f00000| Untracked 
|  96|0x0000000086000000, 0x0000000086000000, 0x0000000086100000|  0%| F|  |TAMS 0x0000000086000000, 0x0000000086000000| Untracked 
|  97|0x0000000086100000, 0x0000000086100000, 0x0000000086200000|  0%| F|  |TAMS 0x0000000086100000, 0x0000000086100000| Untracked 
|  98|0x0000000086200000, 0x0000000086200000, 0x0000000086300000|  0%| F|  |TAMS 0x0000000086200000, 0x0000000086200000| Untracked 
|  99|0x0000000086300000, 0x0000000086300000, 0x0000000086400000|  0%| F|  |TAMS 0x0000000086300000, 0x0000000086300000| Untracked 
| 100|0x0000000086400000, 0x0000000086400000, 0x0000000086500000|  0%| F|  |TAMS 0x0000000086400000, 0x0000000086400000| Untracked 
| 101|0x0000000086500000, 0x0000000086500000, 0x0000000086600000|  0%| F|  |TAMS 0x0000000086500000, 0x0000000086500000| Untracked 
| 102|0x0000000086600000, 0x0000000086600000, 0x0000000086700000|  0%| F|  |TAMS 0x0000000086600000, 0x0000000086600000| Untracked 
| 103|0x0000000086700000, 0x0000000086700000, 0x0000000086800000|  0%| F|  |TAMS 0x0000000086700000, 0x0000000086700000| Untracked 
| 104|0x0000000086800000, 0x0000000086800000, 0x0000000086900000|  0%| F|  |TAMS 0x0000000086800000, 0x0000000086800000| Untracked 
| 105|0x0000000086900000, 0x0000000086900000, 0x0000000086a00000|  0%| F|  |TAMS 0x0000000086900000, 0x0000000086900000| Untracked 
| 106|0x0000000086a00000, 0x0000000086a00000, 0x0000000086b00000|  0%| F|  |TAMS 0x0000000086a00000, 0x0000000086a00000| Untracked 
| 107|0x0000000086b00000, 0x0000000086b00000, 0x0000000086c00000|  0%| F|  |TAMS 0x0000000086b00000, 0x0000000086b00000| Untracked 
| 108|0x0000000086c00000, 0x0000000086c00000, 0x0000000086d00000|  0%| F|  |TAMS 0x0000000086c00000, 0x0000000086c00000| Untracked 
| 109|0x0000000086d00000, 0x0000000086d00000, 0x0000000086e00000|  0%| F|  |TAMS 0x0000000086d00000, 0x0000000086d00000| Untracked 
| 110|0x0000000086e00000, 0x0000000086e00000, 0x0000000086f00000|  0%| F|  |TAMS 0x0000000086e00000, 0x0000000086e00000| Untracked 
| 111|0x0000000086f00000, 0x0000000086f00000, 0x0000000087000000|  0%| F|  |TAMS 0x0000000086f00000, 0x0000000086f00000| Untracked 
| 112|0x0000000087000000, 0x0000000087000000, 0x0000000087100000|  0%| F|  |TAMS 0x0000000087000000, 0x0000000087000000| Untracked 
| 113|0x0000000087100000, 0x0000000087100000, 0x0000000087200000|  0%| F|  |TAMS 0x0000000087100000, 0x0000000087100000| Untracked 
| 114|0x0000000087200000, 0x0000000087200000, 0x0000000087300000|  0%| F|  |TAMS 0x0000000087200000, 0x0000000087200000| Untracked 
| 115|0x0000000087300000, 0x0000000087300000, 0x0000000087400000|  0%| F|  |TAMS 0x0000000087300000, 0x0000000087300000| Untracked 
| 116|0x0000000087400000, 0x0000000087500000, 0x0000000087500000|100%| S|CS|TAMS 0x0000000087400000, 0x0000000087400000| Complete 
| 117|0x0000000087500000, 0x0000000087600000, 0x0000000087600000|100%| S|CS|TAMS 0x0000000087500000, 0x0000000087500000| Complete 
| 118|0x0000000087600000, 0x0000000087700000, 0x0000000087700000|100%| S|CS|TAMS 0x0000000087600000, 0x0000000087600000| Complete 
| 119|0x0000000087700000, 0x0000000087700000, 0x0000000087800000|  0%| F|  |TAMS 0x0000000087700000, 0x0000000087700000| Untracked 
| 120|0x0000000087800000, 0x0000000087800000, 0x0000000087900000|  0%| F|  |TAMS 0x0000000087800000, 0x0000000087800000| Untracked 
| 121|0x0000000087900000, 0x0000000087900000, 0x0000000087a00000|  0%| F|  |TAMS 0x0000000087900000, 0x0000000087900000| Untracked 
| 122|0x0000000087a00000, 0x0000000087a00000, 0x0000000087b00000|  0%| F|  |TAMS 0x0000000087a00000, 0x0000000087a00000| Untracked 
| 123|0x0000000087b00000, 0x0000000087b00000, 0x0000000087c00000|  0%| F|  |TAMS 0x0000000087b00000, 0x0000000087b00000| Untracked 
| 124|0x0000000087c00000, 0x0000000087c00000, 0x0000000087d00000|  0%| F|  |TAMS 0x0000000087c00000, 0x0000000087c00000| Untracked 
| 125|0x0000000087d00000, 0x0000000087d00000, 0x0000000087e00000|  0%| F|  |TAMS 0x0000000087d00000, 0x0000000087d00000| Untracked 
| 126|0x0000000087e00000, 0x0000000087e00000, 0x0000000087f00000|  0%| F|  |TAMS 0x0000000087e00000, 0x0000000087e00000| Untracked 
| 127|0x0000000087f00000, 0x0000000087f00000, 0x0000000088000000|  0%| F|  |TAMS 0x0000000087f00000, 0x0000000087f00000| Untracked 

Card table byte_map: [0x000002b8749a0000,0x000002b874da0000] _byte_map_base: 0x000002b8745a0000

Marking Bits (Prev, Next): (CMBitMap*) 0x000002b861aed588, (CMBitMap*) 0x000002b861aed5c0
 Prev Bits: [0x000002b8751a0000, 0x000002b8771a0000)
 Next Bits: [0x000002b8771a0000, 0x000002b8791a0000)

Polling page: 0x000002b85f840000

Metaspace:

Usage:
  Non-class:     17.69 MB capacity,    17.42 MB ( 98%) used,   242.86 KB (  1%) free+waste,    34.94 KB ( <1%) overhead. 
      Class:      2.44 MB capacity,     2.32 MB ( 95%) used,   111.59 KB (  4%) free+waste,    16.94 KB ( <1%) overhead. 
       Both:     20.13 MB capacity,    19.74 MB ( 98%) used,   354.45 KB (  2%) free+waste,    51.88 KB ( <1%) overhead. 

Virtual space:
  Non-class space:       30.00 MB reserved,      17.75 MB ( 59%) committed 
      Class space:        1.00 GB reserved,       2.50 MB ( <1%) committed 
             Both:        1.03 GB reserved,      20.25 MB (  2%) committed 

Chunk freelists:
   Non-Class:  61.00 KB
       Class:  26.00 KB
        Both:  87.00 KB

MaxMetaspaceSize: 17179869184.00 GB
CompressedClassSpaceSize: 1.00 GB

CodeHeap 'non-profiled nmethods': size=120064Kb used=768Kb max_used=768Kb free=119295Kb
 bounds [0x000002b86d060000, 0x000002b86d2d0000, 0x000002b8745a0000]
CodeHeap 'profiled nmethods': size=120000Kb used=3992Kb max_used=3992Kb free=116007Kb
 bounds [0x000002b865b30000, 0x000002b865f20000, 0x000002b86d060000]
CodeHeap 'non-nmethods': size=5696Kb used=1122Kb max_used=1135Kb free=4573Kb
 bounds [0x000002b8655a0000, 0x000002b865810000, 0x000002b865b30000]
 total_blobs=2311 nmethods=1860 adapters=362
 compilation: enabled
              stopped_count=0, restarted_count=0
 full_count=0

Compilation events (20 events):
Event: 8.478 Thread 0x000002b87c071000 1843       1       java.lang.Long::longValue (5 bytes)
Event: 8.478 Thread 0x000002b87c071000 nmethod 1843 0x000002b86d11e910 code [0x000002b86d11eac0, 0x000002b86d11eb78]
Event: 8.478 Thread 0x000002b87c071000 1851       1       java.util.TreeMap$Entry::getKey (5 bytes)
Event: 8.479 Thread 0x000002b87c071000 nmethod 1851 0x000002b86d11ec10 code [0x000002b86d11edc0, 0x000002b86d11ee78]
Event: 8.484 Thread 0x000002b87c071000 1853       1       org.gradle.internal.service.AbstractServiceMethod::getParameterTypes (5 bytes)
Event: 8.485 Thread 0x000002b87c071000 nmethod 1853 0x000002b86d11ef10 code [0x000002b86d11f0c0, 0x000002b86d11f178]
Event: 8.485 Thread 0x000002b87c071000 1855   !   3       jdk.internal.reflect.ReflectionFactory::checkInitted (94 bytes)
Event: 8.485 Thread 0x000002b87c071000 nmethod 1855 0x000002b865f13d90 code [0x000002b865f14060, 0x000002b865f14cb8]
Event: 8.485 Thread 0x000002b87c071000 1856       3       java.lang.reflect.ReflectAccess::getRoot (5 bytes)
Event: 8.485 Thread 0x000002b87c071000 nmethod 1856 0x000002b865f15010 code [0x000002b865f151c0, 0x000002b865f15388]
Event: 8.485 Thread 0x000002b87c071000 1854       1       org.gradle.internal.service.DefaultServiceRegistry::access$1600 (5 bytes)
Event: 8.486 Thread 0x000002b87c071000 nmethod 1854 0x000002b86d11f210 code [0x000002b86d11f3c0, 0x000002b86d11f458]
Event: 8.487 Thread 0x000002b87b6a7000 1857       4       java.util.jar.JarFile::maybeInstantiateVerifier (112 bytes)
Event: 8.495 Thread 0x000002b87c071000 1858       3       java.lang.invoke.MethodHandleNatives::refKindIsMethod (19 bytes)
Event: 8.496 Thread 0x000002b87c071000 nmethod 1858 0x000002b865f15490 code [0x000002b865f15640, 0x000002b865f15878]
Event: 8.500 Thread 0x000002b87b6a7000 nmethod 1857 0x000002b86d11f510 code [0x000002b86d11f6e0, 0x000002b86d11fb68]
Event: 8.515 Thread 0x000002b87c071000 1859       1       java.util.concurrent.atomic.AtomicInteger::get (5 bytes)
Event: 8.515 Thread 0x000002b87c071000 nmethod 1859 0x000002b86d11ff90 code [0x000002b86d120140, 0x000002b86d1201f8]
Event: 8.524 Thread 0x000002b87c071000 1860       3       java.util.regex.Pattern$BmpCharPropertyGreedy::match (89 bytes)
Event: 8.524 Thread 0x000002b87c071000 nmethod 1860 0x000002b865f15910 code [0x000002b865f15b20, 0x000002b865f16148]

GC Heap History (10 events):
Event: 3.201 GC heap before
{Heap before GC invocations=0 (full 0):
 garbage-first heap   total 131072K, used 20480K [0x0000000080000000, 0x0000000100000000)
  region size 1024K, 14 young (14336K), 0 survivors (0K)
 Metaspace       used 7705K, capacity 7869K, committed 7936K, reserved 1056768K
  class space    used 719K, capacity 749K, committed 768K, reserved 1048576K
}
Event: 3.220 GC heap after
{Heap after GC invocations=1 (full 0):
 garbage-first heap   total 131072K, used 8218K [0x0000000080000000, 0x0000000100000000)
  region size 1024K, 2 young (2048K), 2 survivors (2048K)
 Metaspace       used 7705K, capacity 7869K, committed 7936K, reserved 1056768K
  class space    used 719K, capacity 749K, committed 768K, reserved 1048576K
}
Event: 4.058 GC heap before
{Heap before GC invocations=1 (full 0):
 garbage-first heap   total 131072K, used 19482K [0x0000000080000000, 0x0000000100000000)
  region size 1024K, 13 young (13312K), 2 survivors (2048K)
 Metaspace       used 10894K, capacity 11204K, committed 11520K, reserved 1058816K
  class space    used 1145K, capacity 1201K, committed 1280K, reserved 1048576K
}
Event: 4.062 GC heap after
{Heap after GC invocations=2 (full 0):
 garbage-first heap   total 131072K, used 9036K [0x0000000080000000, 0x0000000100000000)
  region size 1024K, 1 young (1024K), 1 survivors (1024K)
 Metaspace       used 10894K, capacity 11204K, committed 11520K, reserved 1058816K
  class space    used 1145K, capacity 1201K, committed 1280K, reserved 1048576K
}
Event: 4.866 GC heap before
{Heap before GC invocations=2 (full 0):
 garbage-first heap   total 131072K, used 36684K [0x0000000080000000, 0x0000000100000000)
  region size 1024K, 28 young (28672K), 1 survivors (1024K)
 Metaspace       used 11049K, capacity 11332K, committed 11520K, reserved 1058816K
  class space    used 1147K, capacity 1201K, committed 1280K, reserved 1048576K
}
Event: 4.870 GC heap after
{Heap after GC invocations=3 (full 0):
 garbage-first heap   total 131072K, used 13277K [0x0000000080000000, 0x0000000100000000)
  region size 1024K, 4 young (4096K), 4 survivors (4096K)
 Metaspace       used 11049K, capacity 11332K, committed 11520K, reserved 1058816K
  class space    used 1147K, capacity 1201K, committed 1280K, reserved 1048576K
}
Event: 8.340 GC heap before
{Heap before GC invocations=3 (full 0):
 garbage-first heap   total 131072K, used 53213K [0x0000000080000000, 0x0000000100000000)
  region size 1024K, 43 young (44032K), 4 survivors (4096K)
 Metaspace       used 18556K, capacity 19023K, committed 19072K, reserved 1067008K
  class space    used 2239K, capacity 2396K, committed 2432K, reserved 1048576K
}
Event: 8.363 GC heap after
{Heap after GC invocations=4 (full 0):
 garbage-first heap   total 131072K, used 15815K [0x0000000080000000, 0x0000000100000000)
  region size 1024K, 3 young (3072K), 3 survivors (3072K)
 Metaspace       used 18556K, capacity 19023K, committed 19072K, reserved 1067008K
  class space    used 2239K, capacity 2396K, committed 2432K, reserved 1048576K
}
Event: 8.545 GC heap before
{Heap before GC invocations=4 (full 0):
 garbage-first heap   total 131072K, used 24007K [0x0000000080000000, 0x0000000100000000)
  region size 1024K, 12 young (12288K), 3 survivors (3072K)
 Metaspace       used 20210K, capacity 20617K, committed 20736K, reserved 1077248K
  class space    used 2373K, capacity 2502K, committed 2560K, reserved 1048576K
}
Event: 8.550 GC heap after
{Heap after GC invocations=5 (full 0):
 garbage-first heap   total 131072K, used 17125K [0x0000000080000000, 0x0000000100000000)
  region size 1024K, 3 young (3072K), 3 survivors (3072K)
 Metaspace       used 20210K, capacity 20617K, committed 20736K, reserved 1077248K
  class space    used 2373K, capacity 2502K, committed 2560K, reserved 1048576K
}

Deoptimization events (20 events):
Event: 7.674 Thread 0x000002b87da1c000 Uncommon trap: trap_request=0xffffffc6 fr.pc=0x000002b86d0f3680 relative=0x0000000000001000
Event: 7.674 Thread 0x000002b87da1c000 Uncommon trap: reason=bimorphic_or_optimized_type_check action=maybe_recompile pc=0x000002b86d0f3680 method=java.util.HashMap.putVal(ILjava/lang/Object;Ljava/lang/Object;ZZ)Ljava/lang/Object; @ 253 c2
Event: 7.674 Thread 0x000002b87da1c000 DEOPT PACKING pc=0x000002b86d0f3680 sp=0x000000f2222fe6e0
Event: 7.674 Thread 0x000002b87da1c000 DEOPT UNPACKING pc=0x000002b8655c78af sp=0x000000f2222fe680 mode 2
Event: 7.674 Thread 0x000002b87da1c000 Uncommon trap: trap_request=0xffffffc6 fr.pc=0x000002b86d0f3680 relative=0x0000000000001000
Event: 7.674 Thread 0x000002b87da1c000 Uncommon trap: reason=bimorphic_or_optimized_type_check action=maybe_recompile pc=0x000002b86d0f3680 method=java.util.HashMap.putVal(ILjava/lang/Object;Ljava/lang/Object;ZZ)Ljava/lang/Object; @ 253 c2
Event: 7.674 Thread 0x000002b87da1c000 DEOPT PACKING pc=0x000002b86d0f3680 sp=0x000000f2222fe7d0
Event: 7.674 Thread 0x000002b87da1c000 DEOPT UNPACKING pc=0x000002b8655c78af sp=0x000000f2222fe770 mode 2
Event: 8.422 Thread 0x000002b87da1c000 Uncommon trap: trap_request=0xffffff4d fr.pc=0x000002b86d0bf284 relative=0x0000000000000904
Event: 8.422 Thread 0x000002b87da1c000 Uncommon trap: reason=unstable_if action=reinterpret pc=0x000002b86d0bf284 method=java.util.regex.Matcher.reset()Ljava/util/regex/Matcher; @ 71 c2
Event: 8.422 Thread 0x000002b87da1c000 DEOPT PACKING pc=0x000002b86d0bf284 sp=0x000000f2222faa00
Event: 8.422 Thread 0x000002b87da1c000 DEOPT UNPACKING pc=0x000002b8655c78af sp=0x000000f2222fa948 mode 2
Event: 8.422 Thread 0x000002b87da1c000 Uncommon trap: trap_request=0xffffff4d fr.pc=0x000002b86d0b1a40 relative=0x00000000000004a0
Event: 8.422 Thread 0x000002b87da1c000 Uncommon trap: reason=unstable_if action=reinterpret pc=0x000002b86d0b1a40 method=java.util.regex.Matcher.match(II)Z @ 76 c2
Event: 8.422 Thread 0x000002b87da1c000 DEOPT PACKING pc=0x000002b86d0b1a40 sp=0x000000f2222faa00
Event: 8.422 Thread 0x000002b87da1c000 DEOPT UNPACKING pc=0x000002b8655c78af sp=0x000000f2222fa9d0 mode 2
Event: 8.424 Thread 0x000002b87da1c000 Uncommon trap: trap_request=0xffffff4d fr.pc=0x000002b86d0b41f8 relative=0x0000000000000218
Event: 8.424 Thread 0x000002b87da1c000 Uncommon trap: reason=unstable_if action=reinterpret pc=0x000002b86d0b41f8 method=java.util.regex.Matcher.reset()Ljava/util/regex/Matcher; @ 71 c2
Event: 8.424 Thread 0x000002b87da1c000 DEOPT PACKING pc=0x000002b86d0b41f8 sp=0x000000f2222fa9b0
Event: 8.424 Thread 0x000002b87da1c000 DEOPT UNPACKING pc=0x000002b8655c78af sp=0x000000f2222fa940 mode 2

Classes redefined (0 events):
No events

Internal exceptions (20 events):
Event: 4.828 Thread 0x000002b861aab800 Exception <a 'java/security/PrivilegedActionException'{0x00000000866b7178}> (0x00000000866b7178) thrown at [./src/hotspot/share/prims/jvm.cpp, line 1306]
Event: 4.828 Thread 0x000002b861aab800 Exception <a 'java/security/PrivilegedActionException'{0x00000000866b76f0}> (0x00000000866b76f0) thrown at [./src/hotspot/share/prims/jvm.cpp, line 1306]
Event: 5.487 Thread 0x000002b861aab800 Exception <a 'java/lang/NoSuchMethodError'{0x000000008721c548}: 'java.lang.Object java.lang.invoke.DirectMethodHandle$Holder.invokeStaticInit(java.lang.Object, java.lang.Object, java.lang.Object)'> (0x000000008721c548) thrown at [./src/hotspot/share/interpreter/linkResolver.cpp, line 773]
Event: 5.626 Thread 0x000002b861aab800 Exception <a 'java/lang/NoSuchMethodError'{0x0000000087097bc8}: 'java.lang.Object java.lang.invoke.Invokers$Holder.invoker(java.lang.Object, java.lang.Object, java.lang.Object, java.lang.Object, java.lang.Object)'> (0x0000000087097bc8) thrown at [./src/hotspot/share/interpreter/linkResolver.cpp, line 773]
Event: 5.630 Thread 0x000002b861aab800 Exception <a 'java/lang/NoSuchMethodError'{0x00000000870a8840}: 'void java.lang.invoke.DelegatingMethodHandle$Holder.delegate(java.lang.Object, java.lang.Object, int, java.lang.Object)'> (0x00000000870a8840) thrown at [./src/hotspot/share/interpreter/linkResolver.cpp, line 773]
Event: 5.795 Thread 0x000002b861aab800 Exception <a 'java/lang/NoSuchMethodError'{0x0000000086c05c78}: 'java.lang.Object java.lang.invoke.DirectMethodHandle$Holder.invokeStaticInit(java.lang.Object, int, int, int, int)'> (0x0000000086c05c78) thrown at [./src/hotspot/share/interpreter/linkResolver.cpp, line 773]
Event: 6.345 Thread 0x000002b861aab800 Exception <a 'java/lang/NoSuchMethodError'{0x0000000086c92000}: 'java.lang.Object java.lang.invoke.DirectMethodHandle$Holder.invokeStaticInit(java.lang.Object, java.lang.Object, int, int, int, int)'> (0x0000000086c92000) thrown at [./src/hotspot/share/interpreter/linkResolver.cpp, line 773]
Event: 7.210 Thread 0x000002b861aab800 Exception <a 'java/io/IOException'{0x0000000086ae2310}> (0x0000000086ae2310) thrown at [./src/hotspot/share/prims/jni.cpp, line 615]
Event: 7.419 Thread 0x000002b87d249000 Exception <a 'java/lang/NoSuchMethodError'{0x00000000868ecbf8}: <clinit>> (0x00000000868ecbf8) thrown at [./src/hotspot/share/prims/jni.cpp, line 1362]
Event: 7.422 Thread 0x000002b87d249000 Exception <a 'java/lang/NoSuchMethodError'{0x00000000868f5490}: <clinit>> (0x00000000868f5490) thrown at [./src/hotspot/share/prims/jni.cpp, line 1362]
Event: 7.428 Thread 0x000002b87d249000 Exception <a 'java/lang/NoSuchMethodError'{0x0000000086705030}: <clinit>> (0x0000000086705030) thrown at [./src/hotspot/share/prims/jni.cpp, line 1362]
Event: 7.447 Thread 0x000002b87d249000 Exception <a 'java/lang/NoSuchMethodError'{0x0000000086756da0}: <clinit>> (0x0000000086756da0) thrown at [./src/hotspot/share/prims/jni.cpp, line 1362]
Event: 7.500 Thread 0x000002b87d249000 Exception <a 'java/lang/NoSuchMethodError'{0x0000000086792168}: <clinit>> (0x0000000086792168) thrown at [./src/hotspot/share/prims/jni.cpp, line 1362]
Event: 7.527 Thread 0x000002b87d249000 Exception <a 'java/lang/NoSuchMethodError'{0x00000000867c4a78}: <clinit>> (0x00000000867c4a78) thrown at [./src/hotspot/share/prims/jni.cpp, line 1362]
Event: 7.529 Thread 0x000002b87d249000 Exception <a 'java/lang/NoSuchMethodError'{0x00000000867cfff8}: <clinit>> (0x00000000867cfff8) thrown at [./src/hotspot/share/prims/jni.cpp, line 1362]
Event: 7.841 Thread 0x000002b87da1c000 Exception <a 'java/lang/NoSuchMethodError'{0x0000000086479410}: 'void java.lang.invoke.DelegatingMethodHandle$Holder.reinvoke_L(java.lang.Object, java.lang.Object, java.lang.Object, java.lang.Object)'> (0x0000000086479410) thrown at [./src/hotspot/share/interpreter/linkResolver.cpp, line 773]
Event: 7.848 Thread 0x000002b87da1c000 Exception <a 'java/lang/NoSuchMethodError'{0x00000000864b22c8}: 'long java.lang.invoke.DirectMethodHandle$Holder.invokeInterface(java.lang.Object, java.lang.Object)'> (0x00000000864b22c8) thrown at [./src/hotspot/share/interpreter/linkResolver.cpp, line 773]
Event: 7.852 Thread 0x000002b87da1c000 Exception <a 'java/lang/NoSuchMethodError'{0x00000000864d1c10}: 'void java.lang.invoke.DelegatingMethodHandle$Holder.reinvoke_L(java.lang.Object, java.lang.Object, java.lang.Object, java.lang.Object, java.lang.Object, java.lang.Object, java.lang.Object)'> (0x00000000864d1c10) thrown at [./src/hotspot/share/interpreter/linkResolver.cpp, line 773]
Event: 8.205 Thread 0x000002b87da1c000 Exception <a 'java/lang/NoSuchMethodError'{0x0000000085859cd0}: 'java.lang.Object java.lang.invoke.DirectMethodHandle$Holder.invokeVirtual(java.lang.Object, java.lang.Object, java.lang.Object)'> (0x0000000085859cd0) thrown at [./src/hotspot/share/interpreter/linkResolver.cpp, line 773]
Event: 8.449 Thread 0x000002b87da1c000 Exception <a 'java/lang/NoSuchMethodError'{0x0000000087c481f8}: 'void java.lang.invoke.DirectMethodHandle$Holder.invokeStaticInit(java.lang.Object)'> (0x0000000087c481f8) thrown at [./src/hotspot/share/interpreter/linkResolver.cpp, line 773]

Events (20 events):
Event: 8.529 loading class kotlin/collections/CollectionsKt__IteratorsKt done
Event: 8.530 loading class kotlin/collections/CollectionsKt__IteratorsJVMKt
Event: 8.530 loading class kotlin/collections/CollectionsKt__IteratorsJVMKt done
Event: 8.530 loading class kotlin/collections/CollectionsKt__IterablesKt
Event: 8.530 loading class kotlin/collections/CollectionsKt__IterablesKt done
Event: 8.531 loading class kotlin/collections/CollectionsKt__CollectionsKt
Event: 8.531 loading class kotlin/collections/CollectionsKt__CollectionsKt done
Event: 8.531 Executing VM operation: CollectForMetadataAllocation
Event: 8.532 Executing VM operation: CollectForMetadataAllocation done
Event: 8.532 loading class kotlin/collections/CollectionsKt__CollectionsJVMKt
Event: 8.532 loading class kotlin/collections/CollectionsKt__CollectionsJVMKt done
Event: 8.533 loading class kotlin/TypeCastException
Event: 8.533 loading class kotlin/TypeCastException done
Event: 8.533 loading class kotlin/collections/ArraysKt
Event: 8.533 loading class kotlin/collections/ArraysKt done
Event: 8.534 loading class kotlin/collections/ArraysKt___ArraysKt
Event: 8.534 loading class kotlin/collections/ArraysKt___ArraysKt done
Event: 8.543 loading class kotlin/collections/ArraysKt___ArraysJvmKt
Event: 8.543 loading class kotlin/collections/ArraysKt___ArraysJvmKt done
Event: 8.545 Executing VM operation: CollectForMetadataAllocation


Dynamic libraries:
0x00007ff72cda0000 - 0x00007ff72cdaa000 	C:\Program Files\Android\Android Studio1\jre\bin\java.exe
0x00007ffcb40c0000 - 0x00007ffcb42c7000 	C:\Windows\SYSTEM32\ntdll.dll
0x00007ffcb2850000 - 0x00007ffcb290d000 	C:\Windows\System32\KERNEL32.DLL
0x00007ffcb15a0000 - 0x00007ffcb1914000 	C:\Windows\System32\KERNELBASE.dll
0x00007ffcb1b50000 - 0x00007ffcb1c61000 	C:\Windows\System32\ucrtbase.dll
0x00007ffcab8b0000 - 0x00007ffcab8c9000 	C:\Program Files\Android\Android Studio1\jre\bin\jli.dll
0x00007ffcb3dc0000 - 0x00007ffcb3f6c000 	C:\Windows\System32\USER32.dll
0x00007ffcb1ea0000 - 0x00007ffcb1ec6000 	C:\Windows\System32\win32u.dll
0x00007ffcb30e0000 - 0x00007ffcb3109000 	C:\Windows\System32\GDI32.dll
0x00007ffcb1c70000 - 0x00007ffcb1d82000 	C:\Windows\System32\gdi32full.dll
0x00007ffcb1d90000 - 0x00007ffcb1e2d000 	C:\Windows\System32\msvcp_win.dll
0x00007ffcaf330000 - 0x00007ffcaf347000 	C:\Program Files\Android\Android Studio1\jre\bin\VCRUNTIME140.dll
0x00007ffc9b370000 - 0x00007ffc9b615000 	C:\Windows\WinSxS\amd64_microsoft.windows.common-controls_6595b64144ccf1df_6.0.22000.120_none_9d947278b86cc467\COMCTL32.dll
0x00007ffcb3aa0000 - 0x00007ffcb3b43000 	C:\Windows\System32\msvcrt.dll
0x00007ffcb2720000 - 0x00007ffcb2751000 	C:\Windows\System32\IMM32.DLL
0x00007ffc9d000000 - 0x00007ffc9d09d000 	C:\Program Files\Android\Android Studio1\jre\bin\msvcp140.dll
0x00007ffc5f470000 - 0x00007ffc5ff3f000 	C:\Program Files\Android\Android Studio1\jre\bin\server\jvm.dll
0x00007ffcb3c70000 - 0x00007ffcb3d1c000 	C:\Windows\System32\ADVAPI32.dll
0x00007ffcb3d20000 - 0x00007ffcb3dbd000 	C:\Windows\System32\sechost.dll
0x00007ffcb3970000 - 0x00007ffcb3a91000 	C:\Windows\System32\RPCRT4.dll
0x00007ffcb31b0000 - 0x00007ffcb31b8000 	C:\Windows\System32\PSAPI.DLL
0x00007ffcaf2b0000 - 0x00007ffcaf2b9000 	C:\Windows\SYSTEM32\WSOCK32.dll
0x00007ffcb3b50000 - 0x00007ffcb3bbf000 	C:\Windows\System32\WS2_32.dll
0x00007ffca3a30000 - 0x00007ffca3a63000 	C:\Windows\SYSTEM32\WINMM.dll
0x00007ffcaf350000 - 0x00007ffcaf35a000 	C:\Windows\SYSTEM32\VERSION.dll
0x00007ffcb07c0000 - 0x00007ffcb07d8000 	C:\Windows\SYSTEM32\kernel.appcore.dll
0x00007ffcaec00000 - 0x00007ffcaec11000 	C:\Program Files\Android\Android Studio1\jre\bin\verify.dll
0x00007ffc98ab0000 - 0x00007ffc98cd1000 	C:\Windows\SYSTEM32\DBGHELP.DLL
0x00007ffc98a50000 - 0x00007ffc98a81000 	C:\Windows\SYSTEM32\dbgcore.DLL
0x00007ffcb1ed0000 - 0x00007ffcb1f50000 	C:\Windows\System32\bcryptPrimitives.dll
0x00007ffcad870000 - 0x00007ffcad899000 	C:\Program Files\Android\Android Studio1\jre\bin\java.dll
0x00007ffcaebf0000 - 0x00007ffcaebfb000 	C:\Program Files\Android\Android Studio1\jre\bin\jimage.dll
0x00007ffcad910000 - 0x00007ffcad928000 	C:\Program Files\Android\Android Studio1\jre\bin\zip.dll
0x00007ffcb31c0000 - 0x00007ffcb3969000 	C:\Windows\System32\SHELL32.dll
0x00007ffcaf760000 - 0x00007ffcaffc2000 	C:\Windows\SYSTEM32\windows.storage.dll
0x00007ffcb2930000 - 0x00007ffcb2ca8000 	C:\Windows\System32\combase.dll
0x00007ffcaf5f0000 - 0x00007ffcaf756000 	C:\Windows\SYSTEM32\wintypes.dll
0x00007ffcb3f90000 - 0x00007ffcb407a000 	C:\Windows\System32\SHCORE.dll
0x00007ffcb1f70000 - 0x00007ffcb1fcd000 	C:\Windows\System32\shlwapi.dll
0x00007ffcb14d0000 - 0x00007ffcb14f1000 	C:\Windows\SYSTEM32\profapi.dll
0x00007ffcad850000 - 0x00007ffcad86a000 	C:\Program Files\Android\Android Studio1\jre\bin\net.dll
0x00007ffcab8e0000 - 0x00007ffcab9ec000 	C:\Windows\SYSTEM32\WINHTTP.dll
0x00007ffcb0bd0000 - 0x00007ffcb0c37000 	C:\Windows\system32\mswsock.dll
0x00007ffc9ce40000 - 0x00007ffc9ce54000 	C:\Program Files\Android\Android Studio1\jre\bin\nio.dll
0x00007ffc9e530000 - 0x00007ffc9e557000 	C:\Users\Acer\.gradle\native\f6784746aeab05261644944871eae4fe03e0ef1612fff0a4a95f87b438bc6780\windows-amd64\native-platform.dll
0x00007ffc9a090000 - 0x00007ffc9a09a000 	C:\Program Files\Android\Android Studio1\jre\bin\management.dll
0x00007ffc9a080000 - 0x00007ffc9a08c000 	C:\Program Files\Android\Android Studio1\jre\bin\management_ext.dll
0x00007ffcb0e20000 - 0x00007ffcb0e38000 	C:\Windows\SYSTEM32\CRYPTSP.dll
0x00007ffcb0720000 - 0x00007ffcb0755000 	C:\Windows\system32\rsaenh.dll
0x00007ffcb0cc0000 - 0x00007ffcb0ce9000 	C:\Windows\SYSTEM32\USERENV.dll
0x00007ffcb0f90000 - 0x00007ffcb0fb7000 	C:\Windows\SYSTEM32\bcrypt.dll
0x00007ffcb0e10000 - 0x00007ffcb0e1c000 	C:\Windows\SYSTEM32\CRYPTBASE.dll
0x00007ffcb0300000 - 0x00007ffcb032d000 	C:\Windows\SYSTEM32\IPHLPAPI.DLL
0x00007ffcb3110000 - 0x00007ffcb3119000 	C:\Windows\System32\NSI.dll
0x00007ffcabf50000 - 0x00007ffcabf69000 	C:\Windows\SYSTEM32\dhcpcsvc6.DLL
0x00007ffcac070000 - 0x00007ffcac08e000 	C:\Windows\SYSTEM32\dhcpcsvc.DLL
0x00007ffcb0370000 - 0x00007ffcb0457000 	C:\Windows\SYSTEM32\DNSAPI.dll
0x00007ffcab8d0000 - 0x00007ffcab8dc000 	C:\Windows\SYSTEM32\WINNSI.DLL

dbghelp: loaded successfully - version: 4.0.5 - missing functions: none
symbol engine: initialized successfully - sym options: 0x614 - pdb path: .;C:\Program Files\Android\Android Studio1\jre\bin;C:\Windows\SYSTEM32;C:\Windows\WinSxS\amd64_microsoft.windows.common-controls_6595b64144ccf1df_6.0.22000.120_none_9d947278b86cc467;C:\Program Files\Android\Android Studio1\jre\bin\server;C:\Users\Acer\.gradle\native\f6784746aeab05261644944871eae4fe03e0ef1612fff0a4a95f87b438bc6780\windows-amd64

VM Arguments:
jvm_args: --add-opens=java.base/java.util=ALL-UNNAMED --add-opens=java.base/java.lang=ALL-UNNAMED --add-opens=java.base/java.lang.invoke=ALL-UNNAMED --add-opens=java.prefs/java.util.prefs=ALL-UNNAMED -Xmx2048m -Dfile.encoding=UTF-8 -Duser.country=RU -Duser.language=ru -Duser.variant 
java_command: org.gradle.launcher.daemon.bootstrap.GradleDaemon 6.5
java_class_path (initial): C:\Users\Acer\.gradle\wrapper\dists\gradle-6.5-bin\6nifqtx7604sqp1q6g8wikw7p\gradle-6.5\lib\gradle-launcher-6.5.jar
Launcher Type: SUN_STANDARD

[Global flags]
     intx CICompilerCount                          = 3                                         {product} {ergonomic}
     uint ConcGCThreads                            = 1                                         {product} {ergonomic}
     uint G1ConcRefinementThreads                  = 4                                         {product} {ergonomic}
   size_t G1HeapRegionSize                         = 1048576                                   {product} {ergonomic}
    uintx GCDrainStackTargetSize                   = 64                                        {product} {ergonomic}
   size_t InitialHeapSize                          = 134217728                                 {product} {ergonomic}
   size_t MarkStackSize                            = 4194304                                   {product} {ergonomic}
   size_t MaxHeapSize                              = 2147483648                                {product} {command line}
   size_t MaxNewSize                               = 1287651328                                {product} {ergonomic}
   size_t MinHeapDeltaBytes                        = 1048576                                   {product} {ergonomic}
    uintx NonNMethodCodeHeapSize                   = 5830732                                {pd product} {ergonomic}
    uintx NonProfiledCodeHeapSize                  = 122913754                              {pd product} {ergonomic}
    uintx ProfiledCodeHeapSize                     = 122913754                              {pd product} {ergonomic}
    uintx ReservedCodeCacheSize                    = 251658240                              {pd product} {ergonomic}
     bool SegmentedCodeCache                       = true                                      {product} {ergonomic}
     bool UseCompressedClassPointers               = true                                 {lp64_product} {ergonomic}
     bool UseCompressedOops                        = true                                 {lp64_product} {ergonomic}
     bool UseG1GC                                  = true                                      {product} {ergonomic}
     bool UseLargePagesIndividualAllocation        = false                                  {pd product} {ergonomic}

Logging:
Log output configuration:
 #0: stdout all=warning uptime,level,tags
 #1: stderr all=off uptime,level,tags

Environment Variables:
PATH=C:\Program Files\Common Files\Oracle\Java\javapath;C:\Windows\system32;C:\Windows;C:\Windows\System32\Wbem;C:\Windows\System32\WindowsPowerShell\v1.0\;C:\Windows\System32\OpenSSH\;C:\Program Files (x86)\NVIDIA Corporation\PhysX\Common;C:\Program Files\Git\cmd;C:\Users\Acer\AppData\Local\Microsoft\WindowsApps;
USERNAME=Acer
OS=Windows_NT
PROCESSOR_IDENTIFIER=Intel64 Family 6 Model 142 Stepping 9, GenuineIntel



---------------  S Y S T E M  ---------------

OS: Windows 10 , 64 bit Build 22000 (10.0.22000.120)
OS uptime: 0 days 15:18 hours

CPU:total 4 (initial active 4) (2 cores per cpu, 2 threads per core) family 6 model 142 stepping 9 microcode 0xde, cmov, cx8, fxsr, mmx, sse, sse2, sse3, ssse3, sse4.1, sse4.2, popcnt, avx, avx2, aes, clmul, erms, 3dnowpref, lzcnt, ht, tsc, tscinvbit, bmi1, bmi2, adx, fma

Memory: 4k page, system-wide physical 8069M (725M free)
TotalPageFile size 8069M (AvailPageFile size 1M)
current process WorkingSet (physical memory assigned to process): 139M, peak: 139M
current process commit charge ("private bytes"): 238M, peak: 239M

vm_info: OpenJDK 64-Bit Server VM (11.0.10+0-b96-7249189) for windows-amd64 JRE (11.0.10+0-b96-7249189), built on Mar 31 2021 21:44:00 by "builder" with MS VC++ 14.0 (VS2015)

END.
