#
# There is insufficient memory for the Java Runtime Environment to continue.
# Native memory allocation (malloc) failed to allocate 1538416 bytes for Chunk::new
# Possible reasons:
#   The system is out of physical RAM or swap space
#   The process is running with CompressedOops enabled, and the Java Heap may be blocking the growth of the native heap
# Possible solutions:
#   Reduce memory load on the system
#   Increase physical memory or swap space
#   Check if swap backing store is full
#   Decrease Java heap size (-Xmx/-Xms)
#   Decrease number of Java threads
#   Decrease Java thread stack sizes (-Xss)
#   Set larger code cache with -XX:ReservedCodeCacheSize=
#   JVM is running with Unscaled Compressed Oops mode in which the Java heap is
#     placed in the first 4GB address space. The Java Heap base address is the
#     maximum limit for the native heap growth. Please use -XX:HeapBaseMinAddress
#     to set the Java Heap base and to place the Java Heap above 4GB virtual address.
# This output file may be truncated or incomplete.
#
#  Out of Memory Error (./src/hotspot/share/memory/arena.cpp:197), pid=6668, tid=6364
#
# JRE version: OpenJDK Runtime Environment (11.0.10) (build 11.0.10+0-b96-7249189)
# Java VM: OpenJDK 64-Bit Server VM (11.0.10+0-b96-7249189, mixed mode, tiered, compressed oops, g1 gc, windows-amd64)
# No core dump will be written. Minidumps are not enabled by default on client versions of Windows
#

---------------  S U M M A R Y ------------

Command Line: --add-opens=java.base/java.util=ALL-UNNAMED --add-opens=java.base/java.lang=ALL-UNNAMED --add-opens=java.base/java.lang.invoke=ALL-UNNAMED --add-opens=java.prefs/java.util.prefs=ALL-UNNAMED -Xmx2048m -Dfile.encoding=UTF-8 -Duser.country=RU -Duser.language=ru -Duser.variant org.gradle.launcher.daemon.bootstrap.GradleDaemon 6.5

Host: Intel(R) Core(TM) i5-7200U CPU @ 2.50GHz, 4 cores, 7G,  Windows 10 , 64 bit Build 22000 (10.0.22000.120)
Time: Sat Aug 28 13:54:53 2021 RTZ 2 (зима) elapsed time: 38.175759 seconds (0d 0h 0m 38s)

---------------  T H R E A D  ---------------

Current thread (0x0000018bfe036800):  JavaThread "C2 CompilerThread0" daemon [_thread_in_native, id=6364, stack(0x0000003a5f100000,0x0000003a5f200000)]


Current CompileTask:
C2:  38175 16469       4       com.android.tools.r8.ir.optimize.K::a (282 bytes)

Stack: [0x0000003a5f100000,0x0000003a5f200000]
Native frames: (J=compiled Java code, j=interpreted, Vv=VM code, C=native code)
V  [jvm.dll+0x5ecfaa]
V  [jvm.dll+0x722bd5]
V  [jvm.dll+0x72412d]
V  [jvm.dll+0x7247e3]
V  [jvm.dll+0x242928]
V  [jvm.dll+0xbc4fc]
V  [jvm.dll+0xbca0c]
V  [jvm.dll+0x352d3b]
V  [jvm.dll+0x320ad3]
V  [jvm.dll+0x31ffca]
V  [jvm.dll+0x1fb602]
V  [jvm.dll+0x1fa7f4]
V  [jvm.dll+0x18354c]
V  [jvm.dll+0x208ee7]
V  [jvm.dll+0x207731]
V  [jvm.dll+0x6eb1cf]
V  [jvm.dll+0x6e3d45]
V  [jvm.dll+0x5ebe96]
C  [ucrtbase.dll+0x26c0c]
C  [KERNEL32.DLL+0x154e0]
C  [ntdll.dll+0x485b]


---------------  P R O C E S S  ---------------

Threads class SMR info:
_java_thread_list=0x0000018b818d3c20, length=176, elements={
0x0000018be443a000, 0x0000018bfe00f800, 0x0000018bfe010800, 0x0000018bfe02e000,
0x0000018bfe02e800, 0x0000018bfe030000, 0x0000018bfe036800, 0x0000018bfe044800,
0x0000018bfe05d000, 0x0000018bfeb02000, 0x0000018bff27b000, 0x0000018bff27c800,
0x0000018bff27d000, 0x0000018bff27b800, 0x0000018bff27e000, 0x0000018bff27f000,
0x0000018bff27f800, 0x0000018bff27a000, 0x0000018bff280800, 0x0000018b81140000,
0x0000018b8113e800, 0x0000018b8113d800, 0x0000018b81141000, 0x0000018b8113f800,
0x0000018b8113b800, 0x0000018b81142000, 0x0000018b8113c000, 0x0000018b81142800,
0x0000018b8113d000, 0x0000018b81146000, 0x0000018b81149000, 0x0000018b81143800,
0x0000018b81146800, 0x0000018b8114a000, 0x0000018b81144000, 0x0000018b81145000,
0x0000018b851dc000, 0x0000018b851d9800, 0x0000018b851de800, 0x0000018b851d8800,
0x0000018b851dd000, 0x0000018b851e0000, 0x0000018b851da800, 0x0000018b851dd800,
0x0000018b851e1000, 0x0000018b851df800, 0x0000018b851db000, 0x0000018b851e3800,
0x0000018b851e1800, 0x0000018b851e5000, 0x0000018b851e4000, 0x0000018b851e2800,
0x0000018b851e6000, 0x0000018b851e6800, 0x0000018b851e7800, 0x0000018b8391b000,
0x0000018b8391f800, 0x0000018b8391c000, 0x0000018b83920000, 0x0000018b8391d000,
0x0000018b8391d800, 0x0000018b8391a800, 0x0000018b83921000, 0x0000018b8391e800,
0x0000018b83926800, 0x0000018b83927800, 0x0000018b83922000, 0x0000018b83925000,
0x0000018b83928800, 0x0000018b83926000, 0x0000018b83923800, 0x0000018b83922800,
0x0000018b83924000, 0x0000018b83929000, 0x0000018b847ea800, 0x0000018b847eb800,
0x0000018b847e7800, 0x0000018b847ea000, 0x0000018b847ec800, 0x0000018b847ed000,
0x0000018b847ee000, 0x0000018b847e8000, 0x0000018b847ef000, 0x0000018b847e9000,
0x0000018b847f3000, 0x0000018b847f5800, 0x0000018b847f2000, 0x0000018b847f3800,
0x0000018b847f4800, 0x0000018b847ef800, 0x0000018b847f6000, 0x0000018b847f1000,
0x0000018b847f0800, 0x0000018b82fdd000, 0x0000018b82fda800, 0x0000018b82fde000,
0x0000018b82fdb800, 0x0000018b82fda000, 0x0000018b82fde800, 0x0000018b82fd9000,
0x0000018b82fe0800, 0x0000018b82fe1000, 0x0000018b82fdf800, 0x0000018b82fe2000,
0x0000018b82fdc800, 0x0000018b82fe3800, 0x0000018b82fe4800, 0x0000018b82fe7000,
0x0000018b82fe3000, 0x0000018b82fe7800, 0x0000018b82fe5000, 0x0000018b82fe6000,
0x0000018b80269000, 0x0000018b80267000, 0x0000018b80269800, 0x0000018b8026a800,
0x0000018b80264800, 0x0000018b8026b000, 0x0000018b80268000, 0x0000018b80265800,
0x0000018b8026c000, 0x0000018b80266800, 0x0000018b80272000, 0x0000018b8026f800,
0x0000018b80270000, 0x0000018b80272800, 0x0000018b8026d000, 0x0000018b80271000,
0x0000018b80273800, 0x0000018b8026d800, 0x0000018b8026e800, 0x0000018b84f96800,
0x0000018b84f95000, 0x0000018b84f95800, 0x0000018b84f93800, 0x0000018b84f98000,
0x0000018b84f97800, 0x0000018b84f99000, 0x0000018b84f9a000, 0x0000018b84f94000,
0x0000018b84f9a800, 0x0000018b84f9e800, 0x0000018b84f9e000, 0x0000018b84f9d000,
0x0000018b84f9f800, 0x0000018b84fa0800, 0x0000018b84fa1000, 0x0000018b84f9b800,
0x0000018b84f9c800, 0x0000018b84fa2000, 0x0000018bff4e5000, 0x0000018bff4e6000,
0x0000018bff4e4800, 0x0000018bff4e8800, 0x0000018bff4e7000, 0x0000018bff4e9800,
0x0000018bff4e7800, 0x0000018bff4e3800, 0x0000018bff4ed800, 0x0000018bff4eb000,
0x0000018bff4ec000, 0x0000018bff4ee000, 0x0000018bff4f0000, 0x0000018bff4ef000,
0x0000018bff4ea000, 0x0000018bff4f0800, 0x0000018bff4f1800, 0x0000018bff4f2800,
0x0000018b88c39800, 0x0000018b88c3b000, 0x0000018b88c3a000, 0x0000018b88c3e000,
0x0000018b88c3c800, 0x0000018b88c38800, 0x0000018b88c3d800, 0x0000018b816e6000
}

Java Threads: ( => current thread )
  0x0000018be443a000 JavaThread "main" [_thread_blocked, id=6248, stack(0x0000003a5e500000,0x0000003a5e600000)]
  0x0000018bfe00f800 JavaThread "Reference Handler" daemon [_thread_blocked, id=8780, stack(0x0000003a5ec00000,0x0000003a5ed00000)]
  0x0000018bfe010800 JavaThread "Finalizer" daemon [_thread_blocked, id=7468, stack(0x0000003a5ed00000,0x0000003a5ee00000)]
  0x0000018bfe02e000 JavaThread "Signal Dispatcher" daemon [_thread_blocked, id=4688, stack(0x0000003a5ee00000,0x0000003a5ef00000)]
  0x0000018bfe02e800 JavaThread "Attach Listener" daemon [_thread_blocked, id=3572, stack(0x0000003a5ef00000,0x0000003a5f000000)]
  0x0000018bfe030000 JavaThread "Service Thread" daemon [_thread_blocked, id=8484, stack(0x0000003a5f000000,0x0000003a5f100000)]
=>0x0000018bfe036800 JavaThread "C2 CompilerThread0" daemon [_thread_in_native, id=6364, stack(0x0000003a5f100000,0x0000003a5f200000)]
  0x0000018bfe044800 JavaThread "C1 CompilerThread0" daemon [_thread_in_native, id=7272, stack(0x0000003a5f200000,0x0000003a5f300000)]
  0x0000018bfe05d000 JavaThread "Sweeper thread" daemon [_thread_blocked, id=5636, stack(0x0000003a5f300000,0x0000003a5f400000)]
  0x0000018bfeb02000 JavaThread "Common-Cleaner" daemon [_thread_blocked, id=6232, stack(0x0000003a5f400000,0x0000003a5f500000)]
  0x0000018bff27b000 JavaThread "Daemon health stats" [_thread_blocked, id=1484, stack(0x0000003a5f900000,0x0000003a5fa00000)]
  0x0000018bff27c800 JavaThread "Incoming local TCP Connector on port 9535" [_thread_in_native, id=3380, stack(0x0000003a5fb00000,0x0000003a5fc00000)]
  0x0000018bff27d000 JavaThread "Daemon periodic checks" [_thread_blocked, id=5732, stack(0x0000003a5fc00000,0x0000003a5fd00000)]
  0x0000018bff27b800 JavaThread "Daemon" [_thread_blocked, id=7032, stack(0x0000003a5fd00000,0x0000003a5fe00000)]
  0x0000018bff27e000 JavaThread "Handler for socket connection from /127.0.0.1:9535 to /127.0.0.1:9536" [_thread_in_native, id=1524, stack(0x0000003a5fe00000,0x0000003a5ff00000)]
  0x0000018bff27f000 JavaThread "Cancel handler" [_thread_blocked, id=9048, stack(0x0000003a5ff00000,0x0000003a60000000)]
  0x0000018bff27f800 JavaThread "Daemon worker" [_thread_blocked, id=8676, stack(0x0000003a60000000,0x0000003a60100000)]
  0x0000018bff27a000 JavaThread "Asynchronous log dispatcher for DefaultDaemonConnection: socket connection from /127.0.0.1:9535 to /127.0.0.1:9536" [_thread_blocked, id=6320, stack(0x0000003a60100000,0x0000003a60200000)]
  0x0000018bff280800 JavaThread "Stdin handler" [_thread_blocked, id=2260, stack(0x0000003a60200000,0x0000003a60300000)]
  0x0000018b81140000 JavaThread "Thread-8" [_thread_blocked, id=5040, stack(0x0000003a60300000,0x0000003a60400000)]
  0x0000018b8113e800 JavaThread "Cache worker for journal cache (C:\Users\Acer\.gradle\caches\journal-1)" [_thread_blocked, id=8120, stack(0x0000003a60500000,0x0000003a60600000)]
  0x0000018b8113d800 JavaThread "File lock request listener" [_thread_in_native, id=1104, stack(0x0000003a60600000,0x0000003a60700000)]
  0x0000018b81141000 JavaThread "Cache worker for file hash cache (C:\Users\Acer\.gradle\caches\6.5\fileHashes)" [_thread_blocked, id=8236, stack(0x0000003a60700000,0x0000003a60800000)]
  0x0000018b8113f800 JavaThread "Cache worker for file hash cache (D:\proyektim_kvartirabor\Kvartirabor\.gradle\6.5\fileHashes)" [_thread_blocked, id=8464, stack(0x0000003a60900000,0x0000003a60a00000)]
  0x0000018b8113b800 JavaThread "Cache worker for checksums cache (D:\proyektim_kvartirabor\Kvartirabor\.gradle\checksums)" [_thread_blocked, id=7704, stack(0x0000003a60a00000,0x0000003a60b00000)]
  0x0000018b81142000 JavaThread "Cache worker for cache directory md-supplier (C:\Users\Acer\.gradle\caches\6.5\md-supplier)" [_thread_blocked, id=4540, stack(0x0000003a60b00000,0x0000003a60c00000)]
  0x0000018b8113c000 JavaThread "Cache worker for cache directory md-rule (C:\Users\Acer\.gradle\caches\6.5\md-rule)" [_thread_blocked, id=604, stack(0x0000003a60c00000,0x0000003a60d00000)]
  0x0000018b81142800 JavaThread "Cache worker for execution history cache (C:\Users\Acer\.gradle\caches\6.5\executionHistory)" [_thread_blocked, id=5752, stack(0x0000003a60d00000,0x0000003a60e00000)]
  0x0000018b8113d000 JavaThread "jar transforms" [_thread_blocked, id=2136, stack(0x0000003a60e00000,0x0000003a60f00000)]
  0x0000018b81146000 JavaThread "Cache worker for file content cache (C:\Users\Acer\.gradle\caches\6.5\fileContent)" [_thread_blocked, id=2556, stack(0x0000003a60f00000,0x0000003a61000000)]
  0x0000018b81149000 JavaThread "Build operations" [_thread_in_native, id=5696, stack(0x0000003a61000000,0x0000003a61100000)]
  0x0000018b81143800 JavaThread "Build operations Thread 2" [_thread_in_Java, id=2492, stack(0x0000003a61100000,0x0000003a61200000)]
  0x0000018b81146800 JavaThread "Build operations Thread 3" [_thread_blocked, id=5756, stack(0x0000003a61200000,0x0000003a61300000)]
  0x0000018b8114a000 JavaThread "Build operations Thread 4" [_thread_in_vm, id=5288, stack(0x0000003a61300000,0x0000003a61400000)]
  0x0000018b81144000 JavaThread "jar transforms Thread 2" [_thread_blocked, id=4220, stack(0x0000003a61400000,0x0000003a61500000)]
  0x0000018b81145000 JavaThread "jar transforms Thread 3" [_thread_blocked, id=5716, stack(0x0000003a61500000,0x0000003a61600000)]
  0x0000018b851dc000 JavaThread "jar transforms Thread 4" [_thread_blocked, id=6496, stack(0x0000003a61600000,0x0000003a61700000)]
  0x0000018b851d9800 JavaThread "jar transforms Thread 5" [_thread_blocked, id=3352, stack(0x0000003a61700000,0x0000003a61800000)]
  0x0000018b851de800 JavaThread "jar transforms Thread 6" [_thread_blocked, id=3904, stack(0x0000003a61800000,0x0000003a61900000)]
  0x0000018b851d8800 JavaThread "jar transforms Thread 7" [_thread_blocked, id=3868, stack(0x0000003a61900000,0x0000003a61a00000)]
  0x0000018b851dd000 JavaThread "jar transforms Thread 8" [_thread_blocked, id=8012, stack(0x0000003a61a00000,0x0000003a61b00000)]
  0x0000018b851e0000 JavaThread "jar transforms Thread 9" [_thread_blocked, id=4664, stack(0x0000003a61b00000,0x0000003a61c00000)]
  0x0000018b851da800 JavaThread "jar transforms Thread 10" [_thread_blocked, id=3228, stack(0x0000003a61c00000,0x0000003a61d00000)]
  0x0000018b851dd800 JavaThread "jar transforms Thread 11" [_thread_blocked, id=6836, stack(0x0000003a61d00000,0x0000003a61e00000)]
  0x0000018b851e1000 JavaThread "jar transforms Thread 12" [_thread_blocked, id=5504, stack(0x0000003a61e00000,0x0000003a61f00000)]
  0x0000018b851df800 JavaThread "jar transforms Thread 13" [_thread_blocked, id=4412, stack(0x0000003a61f00000,0x0000003a62000000)]
  0x0000018b851db000 JavaThread "jar transforms Thread 14" [_thread_blocked, id=8716, stack(0x0000003a62000000,0x0000003a62100000)]
  0x0000018b851e3800 JavaThread "jar transforms Thread 15" [_thread_blocked, id=9180, stack(0x0000003a62100000,0x0000003a62200000)]
  0x0000018b851e1800 JavaThread "jar transforms Thread 16" [_thread_blocked, id=2764, stack(0x0000003a62200000,0x0000003a62300000)]
  0x0000018b851e5000 JavaThread "jar transforms Thread 17" [_thread_blocked, id=8320, stack(0x0000003a62300000,0x0000003a62400000)]
  0x0000018b851e4000 JavaThread "jar transforms Thread 18" [_thread_blocked, id=2528, stack(0x0000003a62400000,0x0000003a62500000)]
  0x0000018b851e2800 JavaThread "jar transforms Thread 19" [_thread_blocked, id=3836, stack(0x0000003a62500000,0x0000003a62600000)]
  0x0000018b851e6000 JavaThread "jar transforms Thread 20" [_thread_blocked, id=1884, stack(0x0000003a62600000,0x0000003a62700000)]
  0x0000018b851e6800 JavaThread "jar transforms Thread 21" [_thread_blocked, id=6792, stack(0x0000003a62700000,0x0000003a62800000)]
  0x0000018b851e7800 JavaThread "jar transforms Thread 22" [_thread_blocked, id=3000, stack(0x0000003a62800000,0x0000003a62900000)]
  0x0000018b8391b000 JavaThread "jar transforms Thread 23" [_thread_blocked, id=4064, stack(0x0000003a62900000,0x0000003a62a00000)]
  0x0000018b8391f800 JavaThread "jar transforms Thread 24" [_thread_blocked, id=1436, stack(0x0000003a62a00000,0x0000003a62b00000)]
  0x0000018b8391c000 JavaThread "jar transforms Thread 25" [_thread_blocked, id=4732, stack(0x0000003a62b00000,0x0000003a62c00000)]
  0x0000018b83920000 JavaThread "jar transforms Thread 26" [_thread_blocked, id=4416, stack(0x0000003a62c00000,0x0000003a62d00000)]
  0x0000018b8391d000 JavaThread "jar transforms Thread 27" [_thread_blocked, id=1920, stack(0x0000003a62d00000,0x0000003a62e00000)]
  0x0000018b8391d800 JavaThread "jar transforms Thread 28" [_thread_blocked, id=4804, stack(0x0000003a62e00000,0x0000003a62f00000)]
  0x0000018b8391a800 JavaThread "jar transforms Thread 29" [_thread_blocked, id=2896, stack(0x0000003a62f00000,0x0000003a63000000)]
  0x0000018b83921000 JavaThread "jar transforms Thread 30" [_thread_blocked, id=4012, stack(0x0000003a63000000,0x0000003a63100000)]
  0x0000018b8391e800 JavaThread "jar transforms Thread 31" [_thread_blocked, id=5148, stack(0x0000003a63100000,0x0000003a63200000)]
  0x0000018b83926800 JavaThread "jar transforms Thread 32" [_thread_blocked, id=6284, stack(0x0000003a63200000,0x0000003a63300000)]
  0x0000018b83927800 JavaThread "jar transforms Thread 33" [_thread_blocked, id=8008, stack(0x0000003a63300000,0x0000003a63400000)]
  0x0000018b83922000 JavaThread "jar transforms Thread 34" [_thread_blocked, id=1088, stack(0x0000003a63400000,0x0000003a63500000)]
  0x0000018b83925000 JavaThread "jar transforms Thread 35" [_thread_blocked, id=6016, stack(0x0000003a63500000,0x0000003a63600000)]
  0x0000018b83928800 JavaThread "jar transforms Thread 36" [_thread_blocked, id=6712, stack(0x0000003a63600000,0x0000003a63700000)]
  0x0000018b83926000 JavaThread "jar transforms Thread 37" [_thread_blocked, id=3752, stack(0x0000003a63700000,0x0000003a63800000)]
  0x0000018b83923800 JavaThread "jar transforms Thread 38" [_thread_blocked, id=284, stack(0x0000003a63800000,0x0000003a63900000)]
  0x0000018b83922800 JavaThread "jar transforms Thread 39" [_thread_blocked, id=8292, stack(0x0000003a63900000,0x0000003a63a00000)]
  0x0000018b83924000 JavaThread "jar transforms Thread 40" [_thread_blocked, id=8228, stack(0x0000003a63a00000,0x0000003a63b00000)]
  0x0000018b83929000 JavaThread "jar transforms Thread 41" [_thread_blocked, id=3744, stack(0x0000003a63b00000,0x0000003a63c00000)]
  0x0000018b847ea800 JavaThread "jar transforms Thread 42" [_thread_blocked, id=280, stack(0x0000003a63c00000,0x0000003a63d00000)]
  0x0000018b847eb800 JavaThread "jar transforms Thread 43" [_thread_blocked, id=2024, stack(0x0000003a63d00000,0x0000003a63e00000)]
  0x0000018b847e7800 JavaThread "jar transforms Thread 44" [_thread_blocked, id=3992, stack(0x0000003a63e00000,0x0000003a63f00000)]
  0x0000018b847ea000 JavaThread "jar transforms Thread 45" [_thread_blocked, id=8732, stack(0x0000003a63f00000,0x0000003a64000000)]
  0x0000018b847ec800 JavaThread "jar transforms Thread 46" [_thread_blocked, id=8544, stack(0x0000003a64000000,0x0000003a64100000)]
  0x0000018b847ed000 JavaThread "jar transforms Thread 47" [_thread_blocked, id=3188, stack(0x0000003a64100000,0x0000003a64200000)]
  0x0000018b847ee000 JavaThread "jar transforms Thread 48" [_thread_blocked, id=6012, stack(0x0000003a64200000,0x0000003a64300000)]
  0x0000018b847e8000 JavaThread "jar transforms Thread 49" [_thread_blocked, id=7692, stack(0x0000003a64300000,0x0000003a64400000)]
  0x0000018b847ef000 JavaThread "jar transforms Thread 50" [_thread_blocked, id=6560, stack(0x0000003a64400000,0x0000003a64500000)]
  0x0000018b847e9000 JavaThread "jar transforms Thread 51" [_thread_blocked, id=7588, stack(0x0000003a64500000,0x0000003a64600000)]
  0x0000018b847f3000 JavaThread "jar transforms Thread 52" [_thread_blocked, id=7616, stack(0x0000003a64600000,0x0000003a64700000)]
  0x0000018b847f5800 JavaThread "jar transforms Thread 53" [_thread_blocked, id=8140, stack(0x0000003a64700000,0x0000003a64800000)]
  0x0000018b847f2000 JavaThread "jar transforms Thread 54" [_thread_blocked, id=7088, stack(0x0000003a64800000,0x0000003a64900000)]
  0x0000018b847f3800 JavaThread "jar transforms Thread 55" [_thread_blocked, id=3700, stack(0x0000003a64900000,0x0000003a64a00000)]
  0x0000018b847f4800 JavaThread "jar transforms Thread 56" [_thread_blocked, id=6108, stack(0x0000003a64a00000,0x0000003a64b00000)]
  0x0000018b847ef800 JavaThread "jar transforms Thread 57" [_thread_blocked, id=8788, stack(0x0000003a64b00000,0x0000003a64c00000)]
  0x0000018b847f6000 JavaThread "jar transforms Thread 58" [_thread_blocked, id=8940, stack(0x0000003a64c00000,0x0000003a64d00000)]
  0x0000018b847f1000 JavaThread "jar transforms Thread 59" [_thread_blocked, id=1600, stack(0x0000003a64d00000,0x0000003a64e00000)]
  0x0000018b847f0800 JavaThread "jar transforms Thread 60" [_thread_blocked, id=2436, stack(0x0000003a64e00000,0x0000003a64f00000)]
  0x0000018b82fdd000 JavaThread "jar transforms Thread 61" [_thread_blocked, id=2548, stack(0x0000003a64f00000,0x0000003a65000000)]
  0x0000018b82fda800 JavaThread "jar transforms Thread 62" [_thread_blocked, id=8548, stack(0x0000003a65000000,0x0000003a65100000)]
  0x0000018b82fde000 JavaThread "jar transforms Thread 63" [_thread_blocked, id=1696, stack(0x0000003a65100000,0x0000003a65200000)]
  0x0000018b82fdb800 JavaThread "jar transforms Thread 64" [_thread_blocked, id=5684, stack(0x0000003a65200000,0x0000003a65300000)]
  0x0000018b82fda000 JavaThread "jar transforms Thread 65" [_thread_blocked, id=5776, stack(0x0000003a65300000,0x0000003a65400000)]
  0x0000018b82fde800 JavaThread "jar transforms Thread 66" [_thread_blocked, id=7096, stack(0x0000003a65400000,0x0000003a65500000)]
  0x0000018b82fd9000 JavaThread "jar transforms Thread 67" [_thread_blocked, id=5736, stack(0x0000003a65500000,0x0000003a65600000)]
  0x0000018b82fe0800 JavaThread "jar transforms Thread 68" [_thread_blocked, id=3808, stack(0x0000003a65600000,0x0000003a65700000)]
  0x0000018b82fe1000 JavaThread "jar transforms Thread 69" [_thread_blocked, id=6492, stack(0x0000003a65700000,0x0000003a65800000)]
  0x0000018b82fdf800 JavaThread "jar transforms Thread 70" [_thread_blocked, id=3356, stack(0x0000003a65800000,0x0000003a65900000)]
  0x0000018b82fe2000 JavaThread "jar transforms Thread 71" [_thread_blocked, id=5424, stack(0x0000003a65900000,0x0000003a65a00000)]
  0x0000018b82fdc800 JavaThread "jar transforms Thread 72" [_thread_blocked, id=1844, stack(0x0000003a65a00000,0x0000003a65b00000)]
  0x0000018b82fe3800 JavaThread "jar transforms Thread 73" [_thread_blocked, id=7748, stack(0x0000003a65b00000,0x0000003a65c00000)]
  0x0000018b82fe4800 JavaThread "jar transforms Thread 74" [_thread_blocked, id=2768, stack(0x0000003a65c00000,0x0000003a65d00000)]
  0x0000018b82fe7000 JavaThread "jar transforms Thread 75" [_thread_blocked, id=8724, stack(0x0000003a65d00000,0x0000003a65e00000)]
  0x0000018b82fe3000 JavaThread "jar transforms Thread 76" [_thread_blocked, id=5172, stack(0x0000003a65e00000,0x0000003a65f00000)]
  0x0000018b82fe7800 JavaThread "jar transforms Thread 77" [_thread_blocked, id=7568, stack(0x0000003a65f00000,0x0000003a66000000)]
  0x0000018b82fe5000 JavaThread "jar transforms Thread 78" [_thread_blocked, id=3116, stack(0x0000003a66000000,0x0000003a66100000)]
  0x0000018b82fe6000 JavaThread "jar transforms Thread 79" [_thread_blocked, id=4572, stack(0x0000003a66100000,0x0000003a66200000)]
  0x0000018b80269000 JavaThread "jar transforms Thread 80" [_thread_blocked, id=5692, stack(0x0000003a66200000,0x0000003a66300000)]
  0x0000018b80267000 JavaThread "jar transforms Thread 81" [_thread_blocked, id=4492, stack(0x0000003a66300000,0x0000003a66400000)]
  0x0000018b80269800 JavaThread "jar transforms Thread 82" [_thread_blocked, id=4588, stack(0x0000003a66400000,0x0000003a66500000)]
  0x0000018b8026a800 JavaThread "jar transforms Thread 83" [_thread_blocked, id=1012, stack(0x0000003a66500000,0x0000003a66600000)]
  0x0000018b80264800 JavaThread "jar transforms Thread 84" [_thread_blocked, id=7896, stack(0x0000003a66600000,0x0000003a66700000)]
  0x0000018b8026b000 JavaThread "jar transforms Thread 85" [_thread_blocked, id=7484, stack(0x0000003a66700000,0x0000003a66800000)]
  0x0000018b80268000 JavaThread "jar transforms Thread 86" [_thread_blocked, id=6148, stack(0x0000003a66800000,0x0000003a66900000)]
  0x0000018b80265800 JavaThread "jar transforms Thread 87" [_thread_blocked, id=4460, stack(0x0000003a66900000,0x0000003a66a00000)]
  0x0000018b8026c000 JavaThread "jar transforms Thread 88" [_thread_blocked, id=8868, stack(0x0000003a66a00000,0x0000003a66b00000)]
  0x0000018b80266800 JavaThread "jar transforms Thread 89" [_thread_blocked, id=2296, stack(0x0000003a66b00000,0x0000003a66c00000)]
  0x0000018b80272000 JavaThread "jar transforms Thread 90" [_thread_blocked, id=6272, stack(0x0000003a66c00000,0x0000003a66d00000)]
  0x0000018b8026f800 JavaThread "jar transforms Thread 91" [_thread_blocked, id=8688, stack(0x0000003a66d00000,0x0000003a66e00000)]
  0x0000018b80270000 JavaThread "jar transforms Thread 92" [_thread_blocked, id=3720, stack(0x0000003a66e00000,0x0000003a66f00000)]
  0x0000018b80272800 JavaThread "jar transforms Thread 93" [_thread_blocked, id=8836, stack(0x0000003a66f00000,0x0000003a67000000)]
  0x0000018b8026d000 JavaThread "jar transforms Thread 94" [_thread_blocked, id=5660, stack(0x0000003a67000000,0x0000003a67100000)]
  0x0000018b80271000 JavaThread "jar transforms Thread 95" [_thread_blocked, id=8600, stack(0x0000003a67100000,0x0000003a67200000)]
  0x0000018b80273800 JavaThread "jar transforms Thread 96" [_thread_blocked, id=8736, stack(0x0000003a67200000,0x0000003a67300000)]
  0x0000018b8026d800 JavaThread "jar transforms Thread 97" [_thread_blocked, id=2676, stack(0x0000003a67300000,0x0000003a67400000)]
  0x0000018b8026e800 JavaThread "jar transforms Thread 98" [_thread_blocked, id=8084, stack(0x0000003a67400000,0x0000003a67500000)]
  0x0000018b84f96800 JavaThread "jar transforms Thread 99" [_thread_blocked, id=7816, stack(0x0000003a67500000,0x0000003a67600000)]
  0x0000018b84f95000 JavaThread "jar transforms Thread 100" [_thread_blocked, id=6800, stack(0x0000003a67600000,0x0000003a67700000)]
  0x0000018b84f95800 JavaThread "jar transforms Thread 101" [_thread_blocked, id=5728, stack(0x0000003a67700000,0x0000003a67800000)]
  0x0000018b84f93800 JavaThread "jar transforms Thread 102" [_thread_blocked, id=2168, stack(0x0000003a67800000,0x0000003a67900000)]
  0x0000018b84f98000 JavaThread "jar transforms Thread 103" [_thread_blocked, id=2192, stack(0x0000003a67900000,0x0000003a67a00000)]
  0x0000018b84f97800 JavaThread "jar transforms Thread 104" [_thread_blocked, id=4036, stack(0x0000003a67a00000,0x0000003a67b00000)]
  0x0000018b84f99000 JavaThread "jar transforms Thread 105" [_thread_blocked, id=2124, stack(0x0000003a67b00000,0x0000003a67c00000)]
  0x0000018b84f9a000 JavaThread "jar transforms Thread 106" [_thread_blocked, id=948, stack(0x0000003a67c00000,0x0000003a67d00000)]
  0x0000018b84f94000 JavaThread "jar transforms Thread 107" [_thread_blocked, id=4872, stack(0x0000003a67d00000,0x0000003a67e00000)]
  0x0000018b84f9a800 JavaThread "jar transforms Thread 108" [_thread_blocked, id=6208, stack(0x0000003a67e00000,0x0000003a67f00000)]
  0x0000018b84f9e800 JavaThread "jar transforms Thread 109" [_thread_blocked, id=2508, stack(0x0000003a67f00000,0x0000003a68000000)]
  0x0000018b84f9e000 JavaThread "jar transforms Thread 110" [_thread_blocked, id=3844, stack(0x0000003a68000000,0x0000003a68100000)]
  0x0000018b84f9d000 JavaThread "jar transforms Thread 111" [_thread_blocked, id=1480, stack(0x0000003a68100000,0x0000003a68200000)]
  0x0000018b84f9f800 JavaThread "jar transforms Thread 112" [_thread_blocked, id=5712, stack(0x0000003a68200000,0x0000003a68300000)]
  0x0000018b84fa0800 JavaThread "jar transforms Thread 113" [_thread_blocked, id=7784, stack(0x0000003a68300000,0x0000003a68400000)]
  0x0000018b84fa1000 JavaThread "jar transforms Thread 114" [_thread_blocked, id=6168, stack(0x0000003a68400000,0x0000003a68500000)]
  0x0000018b84f9b800 JavaThread "jar transforms Thread 115" [_thread_blocked, id=6176, stack(0x0000003a68500000,0x0000003a68600000)]
  0x0000018b84f9c800 JavaThread "jar transforms Thread 116" [_thread_blocked, id=4100, stack(0x0000003a68600000,0x0000003a68700000)]
  0x0000018b84fa2000 JavaThread "jar transforms Thread 117" [_thread_blocked, id=9088, stack(0x0000003a68700000,0x0000003a68800000)]
  0x0000018bff4e5000 JavaThread "jar transforms Thread 118" [_thread_blocked, id=6828, stack(0x0000003a68800000,0x0000003a68900000)]
  0x0000018bff4e6000 JavaThread "jar transforms Thread 119" [_thread_blocked, id=508, stack(0x0000003a68900000,0x0000003a68a00000)]
  0x0000018bff4e4800 JavaThread "jar transforms Thread 120" [_thread_blocked, id=3404, stack(0x0000003a68a00000,0x0000003a68b00000)]
  0x0000018bff4e8800 JavaThread "jar transforms Thread 121" [_thread_blocked, id=8856, stack(0x0000003a68b00000,0x0000003a68c00000)]
  0x0000018bff4e7000 JavaThread "jar transforms Thread 122" [_thread_blocked, id=7760, stack(0x0000003a68c00000,0x0000003a68d00000)]
  0x0000018bff4e9800 JavaThread "Cache worker for Build Output Cleanup Cache (D:\proyektim_kvartirabor\Kvartirabor\.gradle\buildOutputCleanup)" [_thread_blocked, id=4596, stack(0x0000003a68e00000,0x0000003a68f00000)]
  0x0000018bff4e7800 JavaThread "Memory manager" [_thread_blocked, id=2352, stack(0x0000003a68f00000,0x0000003a69000000)]
  0x0000018bff4e3800 JavaThread "Cache worker for file content cache (D:\proyektim_kvartirabor\Kvartirabor\.gradle\6.5\fileContent)" [_thread_blocked, id=7376, stack(0x0000003a69000000,0x0000003a69100000)]
  0x0000018bff4ed800 JavaThread "Execution worker for ':'" [_thread_blocked, id=1752, stack(0x0000003a69100000,0x0000003a69200000)]
  0x0000018bff4eb000 JavaThread "Execution worker for ':' Thread 2" [_thread_blocked, id=7984, stack(0x0000003a69200000,0x0000003a69300000)]
  0x0000018bff4ec000 JavaThread "Execution worker for ':' Thread 3" [_thread_blocked, id=7528, stack(0x0000003a69300000,0x0000003a69400000)]
  0x0000018bff4ee000 JavaThread "Cache worker for execution history cache (D:\proyektim_kvartirabor\Kvartirabor\.gradle\6.5\executionHistory)" [_thread_blocked, id=7448, stack(0x0000003a69400000,0x0000003a69500000)]
  0x0000018bff4f0000 JavaThread "WorkerExecutor Queue" [_thread_in_native, id=2268, stack(0x0000003a69500000,0x0000003a69600000)]
  0x0000018bff4ef000 JavaThread "WorkerExecutor Queue Thread 2" [_thread_blocked, id=9032, stack(0x0000003a69700000,0x0000003a69800000)]
  0x0000018bff4ea000 JavaThread "WorkerExecutor Queue Thread 3" [_thread_blocked, id=4988, stack(0x0000003a69800000,0x0000003a69900000)]
  0x0000018bff4f0800 JavaThread "WorkerExecutor Queue Thread 4" [_thread_blocked, id=3300, stack(0x0000003a69900000,0x0000003a69a00000)]
  0x0000018bff4f1800 JavaThread "pool-2-thread-1" [_thread_blocked, id=2708, stack(0x0000003a69a00000,0x0000003a69b00000)]
  0x0000018bff4f2800 JavaThread "stderr" [_thread_in_native, id=5792, stack(0x0000003a69b00000,0x0000003a69c00000)]
  0x0000018b88c39800 JavaThread "stdout" [_thread_in_native, id=3960, stack(0x0000003a69c00000,0x0000003a69d00000)]
  0x0000018b88c3b000 JavaThread "stderr" [_thread_in_native, id=684, stack(0x0000003a69d00000,0x0000003a69e00000)]
  0x0000018b88c3a000 JavaThread "stdout" [_thread_in_native, id=6520, stack(0x0000003a69e00000,0x0000003a69f00000)]
  0x0000018b88c3e000 JavaThread "stderr" [_thread_in_native, id=8284, stack(0x0000003a69f00000,0x0000003a6a000000)]
  0x0000018b88c3c800 JavaThread "stdout" [_thread_in_native, id=7848, stack(0x0000003a6a000000,0x0000003a6a100000)]
  0x0000018b88c38800 JavaThread "stderr" [_thread_in_native, id=6608, stack(0x0000003a6a100000,0x0000003a6a200000)]
  0x0000018b88c3d800 JavaThread "stdout" [_thread_in_native, id=6992, stack(0x0000003a6a200000,0x0000003a6a300000)]
  0x0000018b816e6000 JavaThread "C2 CompilerThread1" daemon [_thread_in_native, id=5128, stack(0x0000003a60800000,0x0000003a60900000)]

Other Threads:
  0x0000018bfe00b000 VMThread "VM Thread" [stack: 0x0000003a5eb00000,0x0000003a5ec00000] [id=5200]
  0x0000018bfeb21800 WatcherThread [stack: 0x0000003a5f500000,0x0000003a5f600000] [id=7688]
  0x0000018be4453800 GCTaskThread "GC Thread#0" [stack: 0x0000003a5e600000,0x0000003a5e700000] [id=1652]
  0x0000018bff241000 GCTaskThread "GC Thread#1" [stack: 0x0000003a5f700000,0x0000003a5f800000] [id=484]
  0x0000018bff242000 GCTaskThread "GC Thread#2" [stack: 0x0000003a5f800000,0x0000003a5f900000] [id=4676]
  0x0000018b80619000 GCTaskThread "GC Thread#3" [stack: 0x0000003a60400000,0x0000003a60500000] [id=5108]
  0x0000018be4484800 ConcurrentGCThread "G1 Main Marker" [stack: 0x0000003a5e700000,0x0000003a5e800000] [id=7044]
  0x0000018be4486800 ConcurrentGCThread "G1 Conc#0" [stack: 0x0000003a5e800000,0x0000003a5e900000] [id=912]
  0x0000018be4518800 ConcurrentGCThread "G1 Refine#0" [stack: 0x0000003a5e900000,0x0000003a5ea00000] [id=1492]
  0x0000018b84f76800 ConcurrentGCThread "G1 Refine#1" [stack: 0x0000003a68d00000,0x0000003a68e00000] [id=8176]
  0x0000018b8475c000 ConcurrentGCThread "G1 Refine#2" [stack: 0x0000003a69600000,0x0000003a69700000] [id=4408]
  0x0000018be451a000 ConcurrentGCThread "G1 Young RemSet Sampling" [stack: 0x0000003a5ea00000,0x0000003a5eb00000] [id=796]

Threads with active compile tasks:
C2 CompilerThread0  38196 16469       4       com.android.tools.r8.ir.optimize.K::a (282 bytes)
C1 CompilerThread0  38196 16737       3       com.android.tools.r8.graph.K0::a (124 bytes)
C2 CompilerThread1  38196 16716       4       com.android.tools.r8.s.b.o::a (130 bytes)

VM state:not at safepoint (normal execution)

VM Mutex/Monitor currently owned by a thread: None

Heap address: 0x0000000080000000, size: 2048 MB, Compressed Oops mode: 32-bit
Narrow klass base: 0x0000000000000000, Narrow klass shift: 3
Compressed class space size: 1073741824 Address: 0x0000000100000000

Heap:
 garbage-first heap   total 273408K, used 177394K [0x0000000080000000, 0x0000000100000000)
  region size 1024K, 63 young (64512K), 13 survivors (13312K)
 Metaspace       used 102756K, capacity 105272K, committed 105300K, reserved 1140736K
  class space    used 13018K, capacity 13941K, committed 13952K, reserved 1048576K
Heap Regions: E=young(eden), S=young(survivor), O=old, HS=humongous(starts), HC=humongous(continues), CS=collection set, F=free, A=archive, TAMS=top-at-mark-start (previous, next)
|   0|0x0000000080000000, 0x0000000080100000, 0x0000000080100000|100%| O|  |TAMS 0x0000000080100000, 0x0000000080000000| Untracked 
|   1|0x0000000080100000, 0x0000000080200000, 0x0000000080200000|100%| O|  |TAMS 0x0000000080200000, 0x0000000080100000| Untracked 
|   2|0x0000000080200000, 0x0000000080300000, 0x0000000080300000|100%| O|  |TAMS 0x0000000080300000, 0x0000000080200000| Untracked 
|   3|0x0000000080300000, 0x0000000080400000, 0x0000000080400000|100%|HS|  |TAMS 0x0000000080400000, 0x0000000080300000| Complete 
|   4|0x0000000080400000, 0x0000000080500000, 0x0000000080500000|100%|HC|  |TAMS 0x0000000080500000, 0x0000000080400000| Complete 
|   5|0x0000000080500000, 0x0000000080600000, 0x0000000080600000|100%|HC|  |TAMS 0x0000000080600000, 0x0000000080500000| Complete 
|   6|0x0000000080600000, 0x0000000080700000, 0x0000000080700000|100%| O|  |TAMS 0x0000000080700000, 0x0000000080600000| Untracked 
|   7|0x0000000080700000, 0x0000000080800000, 0x0000000080800000|100%| O|  |TAMS 0x0000000080800000, 0x0000000080700000| Untracked 
|   8|0x0000000080800000, 0x0000000080900000, 0x0000000080900000|100%| O|  |TAMS 0x0000000080900000, 0x0000000080800000| Untracked 
|   9|0x0000000080900000, 0x0000000080a00000, 0x0000000080a00000|100%| O|  |TAMS 0x0000000080a00000, 0x0000000080900000| Untracked 
|  10|0x0000000080a00000, 0x0000000080b00000, 0x0000000080b00000|100%| O|  |TAMS 0x0000000080b00000, 0x0000000080a00000| Untracked 
|  11|0x0000000080b00000, 0x0000000080c00000, 0x0000000080c00000|100%| O|  |TAMS 0x0000000080c00000, 0x0000000080b00000| Untracked 
|  12|0x0000000080c00000, 0x0000000080d00000, 0x0000000080d00000|100%| O|  |TAMS 0x0000000080d00000, 0x0000000080c00000| Untracked 
|  13|0x0000000080d00000, 0x0000000080e00000, 0x0000000080e00000|100%| O|  |TAMS 0x0000000080e00000, 0x0000000080d00000| Untracked 
|  14|0x0000000080e00000, 0x0000000080f00000, 0x0000000080f00000|100%| O|  |TAMS 0x0000000080f00000, 0x0000000080e00000| Untracked 
|  15|0x0000000080f00000, 0x0000000081000000, 0x0000000081000000|100%| O|  |TAMS 0x0000000081000000, 0x0000000080f00000| Untracked 
|  16|0x0000000081000000, 0x0000000081100000, 0x0000000081100000|100%| O|  |TAMS 0x0000000081100000, 0x0000000081000000| Untracked 
|  17|0x0000000081100000, 0x0000000081200000, 0x0000000081200000|100%|HS|  |TAMS 0x0000000081200000, 0x0000000081100000| Complete 
|  18|0x0000000081200000, 0x0000000081300000, 0x0000000081300000|100%|HS|  |TAMS 0x0000000081300000, 0x0000000081200000| Complete 
|  19|0x0000000081300000, 0x0000000081400000, 0x0000000081400000|100%|HS|  |TAMS 0x0000000081400000, 0x0000000081300000| Complete 
|  20|0x0000000081400000, 0x0000000081500000, 0x0000000081500000|100%|HC|  |TAMS 0x0000000081500000, 0x0000000081400000| Complete 
|  21|0x0000000081500000, 0x0000000081600000, 0x0000000081600000|100%|HC|  |TAMS 0x0000000081600000, 0x0000000081500000| Complete 
|  22|0x0000000081600000, 0x0000000081700000, 0x0000000081700000|100%|HS|  |TAMS 0x0000000081700000, 0x0000000081600000| Complete 
|  23|0x0000000081700000, 0x0000000081800000, 0x0000000081800000|100%|HC|  |TAMS 0x0000000081800000, 0x0000000081700000| Complete 
|  24|0x0000000081800000, 0x0000000081900000, 0x0000000081900000|100%| O|  |TAMS 0x0000000081900000, 0x0000000081800000| Untracked 
|  25|0x0000000081900000, 0x0000000081a00000, 0x0000000081a00000|100%| O|  |TAMS 0x0000000081a00000, 0x0000000081900000| Untracked 
|  26|0x0000000081a00000, 0x0000000081b00000, 0x0000000081b00000|100%| O|  |TAMS 0x0000000081b00000, 0x0000000081a00000| Untracked 
|  27|0x0000000081b00000, 0x0000000081c00000, 0x0000000081c00000|100%| O|  |TAMS 0x0000000081c00000, 0x0000000081b00000| Untracked 
|  28|0x0000000081c00000, 0x0000000081d00000, 0x0000000081d00000|100%| O|  |TAMS 0x0000000081d00000, 0x0000000081c00000| Untracked 
|  29|0x0000000081d00000, 0x0000000081e00000, 0x0000000081e00000|100%| O|  |TAMS 0x0000000081e00000, 0x0000000081d00000| Untracked 
|  30|0x0000000081e00000, 0x0000000081f00000, 0x0000000081f00000|100%| O|  |TAMS 0x0000000081f00000, 0x0000000081e00000| Untracked 
|  31|0x0000000081f00000, 0x0000000082000000, 0x0000000082000000|100%| O|  |TAMS 0x0000000082000000, 0x0000000081f00000| Untracked 
|  32|0x0000000082000000, 0x0000000082100000, 0x0000000082100000|100%| O|  |TAMS 0x0000000082100000, 0x0000000082000000| Untracked 
|  33|0x0000000082100000, 0x0000000082200000, 0x0000000082200000|100%| O|  |TAMS 0x0000000082200000, 0x0000000082100000| Untracked 
|  34|0x0000000082200000, 0x0000000082300000, 0x0000000082300000|100%| O|  |TAMS 0x0000000082300000, 0x0000000082200000| Untracked 
|  35|0x0000000082300000, 0x0000000082400000, 0x0000000082400000|100%| O|  |TAMS 0x0000000082400000, 0x0000000082300000| Untracked 
|  36|0x0000000082400000, 0x0000000082500000, 0x0000000082500000|100%| O|  |TAMS 0x0000000082500000, 0x0000000082400000| Untracked 
|  37|0x0000000082500000, 0x0000000082600000, 0x0000000082600000|100%| O|  |TAMS 0x0000000082600000, 0x0000000082500000| Untracked 
|  38|0x0000000082600000, 0x0000000082700000, 0x0000000082700000|100%| O|  |TAMS 0x0000000082700000, 0x0000000082600000| Untracked 
|  39|0x0000000082700000, 0x0000000082800000, 0x0000000082800000|100%| O|  |TAMS 0x0000000082800000, 0x0000000082700000| Untracked 
|  40|0x0000000082800000, 0x0000000082900000, 0x0000000082900000|100%| O|  |TAMS 0x0000000082900000, 0x0000000082800000| Untracked 
|  41|0x0000000082900000, 0x0000000082a00000, 0x0000000082a00000|100%| O|  |TAMS 0x0000000082a00000, 0x0000000082900000| Untracked 
|  42|0x0000000082a00000, 0x0000000082b00000, 0x0000000082b00000|100%| O|  |TAMS 0x0000000082b00000, 0x0000000082a00000| Untracked 
|  43|0x0000000082b00000, 0x0000000082c00000, 0x0000000082c00000|100%| O|  |TAMS 0x0000000082c00000, 0x0000000082b00000| Untracked 
|  44|0x0000000082c00000, 0x0000000082d00000, 0x0000000082d00000|100%| O|  |TAMS 0x0000000082d00000, 0x0000000082c00000| Untracked 
|  45|0x0000000082d00000, 0x0000000082e00000, 0x0000000082e00000|100%| O|  |TAMS 0x0000000082e00000, 0x0000000082d00000| Untracked 
|  46|0x0000000082e00000, 0x0000000082f00000, 0x0000000082f00000|100%| O|  |TAMS 0x0000000082f00000, 0x0000000082e00000| Untracked 
|  47|0x0000000082f00000, 0x0000000083000000, 0x0000000083000000|100%| O|  |TAMS 0x0000000083000000, 0x0000000082f00000| Untracked 
|  48|0x0000000083000000, 0x0000000083100000, 0x0000000083100000|100%| O|  |TAMS 0x0000000083100000, 0x0000000083000000| Untracked 
|  49|0x0000000083100000, 0x0000000083200000, 0x0000000083200000|100%| O|  |TAMS 0x0000000083200000, 0x0000000083100000| Untracked 
|  50|0x0000000083200000, 0x0000000083300000, 0x0000000083300000|100%| O|  |TAMS 0x0000000083300000, 0x0000000083200000| Untracked 
|  51|0x0000000083300000, 0x0000000083400000, 0x0000000083400000|100%| O|  |TAMS 0x0000000083400000, 0x0000000083300000| Untracked 
|  52|0x0000000083400000, 0x0000000083500000, 0x0000000083500000|100%| O|  |TAMS 0x0000000083500000, 0x0000000083400000| Untracked 
|  53|0x0000000083500000, 0x0000000083600000, 0x0000000083600000|100%| O|  |TAMS 0x0000000083600000, 0x0000000083500000| Untracked 
|  54|0x0000000083600000, 0x0000000083700000, 0x0000000083700000|100%| O|  |TAMS 0x0000000083700000, 0x0000000083600000| Untracked 
|  55|0x0000000083700000, 0x0000000083800000, 0x0000000083800000|100%| O|  |TAMS 0x0000000083800000, 0x0000000083700000| Untracked 
|  56|0x0000000083800000, 0x0000000083900000, 0x0000000083900000|100%| O|  |TAMS 0x0000000083900000, 0x0000000083800000| Untracked 
|  57|0x0000000083900000, 0x0000000083a00000, 0x0000000083a00000|100%| O|  |TAMS 0x0000000083a00000, 0x0000000083900000| Untracked 
|  58|0x0000000083a00000, 0x0000000083b00000, 0x0000000083b00000|100%| O|  |TAMS 0x0000000083b00000, 0x0000000083a00000| Untracked 
|  59|0x0000000083b00000, 0x0000000083c00000, 0x0000000083c00000|100%| O|  |TAMS 0x0000000083c00000, 0x0000000083b00000| Untracked 
|  60|0x0000000083c00000, 0x0000000083d00000, 0x0000000083d00000|100%| O|  |TAMS 0x0000000083d00000, 0x0000000083c00000| Untracked 
|  61|0x0000000083d00000, 0x0000000083e00000, 0x0000000083e00000|100%| O|  |TAMS 0x0000000083e00000, 0x0000000083d00000| Untracked 
|  62|0x0000000083e00000, 0x0000000083f00000, 0x0000000083f00000|100%| O|  |TAMS 0x0000000083f00000, 0x0000000083e00000| Untracked 
|  63|0x0000000083f00000, 0x0000000084000000, 0x0000000084000000|100%| O|  |TAMS 0x0000000084000000, 0x0000000083f00000| Untracked 
|  64|0x0000000084000000, 0x0000000084100000, 0x0000000084100000|100%| O|  |TAMS 0x0000000084100000, 0x0000000084000000| Untracked 
|  65|0x0000000084100000, 0x0000000084200000, 0x0000000084200000|100%| O|  |TAMS 0x0000000084200000, 0x0000000084100000| Untracked 
|  66|0x0000000084200000, 0x0000000084300000, 0x0000000084300000|100%| O|  |TAMS 0x0000000084300000, 0x0000000084200000| Untracked 
|  67|0x0000000084300000, 0x0000000084400000, 0x0000000084400000|100%| O|  |TAMS 0x0000000084400000, 0x0000000084300000| Untracked 
|  68|0x0000000084400000, 0x0000000084500000, 0x0000000084500000|100%| O|  |TAMS 0x0000000084500000, 0x0000000084400000| Untracked 
|  69|0x0000000084500000, 0x0000000084600000, 0x0000000084600000|100%| O|  |TAMS 0x0000000084600000, 0x0000000084500000| Untracked 
|  70|0x0000000084600000, 0x0000000084700000, 0x0000000084700000|100%| O|  |TAMS 0x0000000084700000, 0x0000000084600000| Untracked 
|  71|0x0000000084700000, 0x0000000084800000, 0x0000000084800000|100%| O|  |TAMS 0x0000000084800000, 0x0000000084700000| Untracked 
|  72|0x0000000084800000, 0x0000000084900000, 0x0000000084900000|100%| O|  |TAMS 0x0000000084900000, 0x0000000084800000| Untracked 
|  73|0x0000000084900000, 0x0000000084a00000, 0x0000000084a00000|100%| O|  |TAMS 0x0000000084a00000, 0x0000000084900000| Untracked 
|  74|0x0000000084a00000, 0x0000000084b00000, 0x0000000084b00000|100%| O|  |TAMS 0x0000000084b00000, 0x0000000084a00000| Untracked 
|  75|0x0000000084b00000, 0x0000000084c00000, 0x0000000084c00000|100%| O|  |TAMS 0x0000000084c00000, 0x0000000084b00000| Untracked 
|  76|0x0000000084c00000, 0x0000000084d00000, 0x0000000084d00000|100%| O|  |TAMS 0x0000000084d00000, 0x0000000084c00000| Untracked 
|  77|0x0000000084d00000, 0x0000000084e00000, 0x0000000084e00000|100%| O|  |TAMS 0x0000000084e00000, 0x0000000084d00000| Untracked 
|  78|0x0000000084e00000, 0x0000000084f00000, 0x0000000084f00000|100%| O|  |TAMS 0x0000000084f00000, 0x0000000084e00000| Untracked 
|  79|0x0000000084f00000, 0x0000000085000000, 0x0000000085000000|100%| O|  |TAMS 0x0000000085000000, 0x0000000084f00000| Untracked 
|  80|0x0000000085000000, 0x0000000085100000, 0x0000000085100000|100%| O|  |TAMS 0x0000000085100000, 0x0000000085000000| Untracked 
|  81|0x0000000085100000, 0x0000000085200000, 0x0000000085200000|100%| O|  |TAMS 0x0000000085200000, 0x0000000085100000| Untracked 
|  82|0x0000000085200000, 0x0000000085300000, 0x0000000085300000|100%| O|  |TAMS 0x0000000085300000, 0x0000000085200000| Untracked 
|  83|0x0000000085300000, 0x0000000085400000, 0x0000000085400000|100%| O|  |TAMS 0x0000000085400000, 0x0000000085300000| Untracked 
|  84|0x0000000085400000, 0x0000000085500000, 0x0000000085500000|100%| O|  |TAMS 0x0000000085500000, 0x0000000085400000| Untracked 
|  85|0x0000000085500000, 0x0000000085600000, 0x0000000085600000|100%| O|  |TAMS 0x0000000085600000, 0x0000000085500000| Untracked 
|  86|0x0000000085600000, 0x0000000085700000, 0x0000000085700000|100%|HS|  |TAMS 0x0000000085700000, 0x0000000085600000| Complete 
|  87|0x0000000085700000, 0x0000000085800000, 0x0000000085800000|100%|HC|  |TAMS 0x0000000085800000, 0x0000000085700000| Complete 
|  88|0x0000000085800000, 0x0000000085900000, 0x0000000085900000|100%| O|  |TAMS 0x0000000085900000, 0x0000000085800000| Untracked 
|  89|0x0000000085900000, 0x0000000085a00000, 0x0000000085a00000|100%| O|  |TAMS 0x0000000085a00000, 0x0000000085900000| Untracked 
|  90|0x0000000085a00000, 0x0000000085b00000, 0x0000000085b00000|100%| O|  |TAMS 0x0000000085b00000, 0x0000000085a00000| Untracked 
|  91|0x0000000085b00000, 0x0000000085c00000, 0x0000000085c00000|100%| O|  |TAMS 0x0000000085c00000, 0x0000000085b00000| Untracked 
|  92|0x0000000085c00000, 0x0000000085d00000, 0x0000000085d00000|100%| O|  |TAMS 0x0000000085d00000, 0x0000000085c00000| Untracked 
|  93|0x0000000085d00000, 0x0000000085e00000, 0x0000000085e00000|100%| O|  |TAMS 0x0000000085e00000, 0x0000000085d00000| Untracked 
|  94|0x0000000085e00000, 0x0000000085f00000, 0x0000000085f00000|100%| O|  |TAMS 0x0000000085f00000, 0x0000000085e00000| Untracked 
|  95|0x0000000085f00000, 0x0000000086000000, 0x0000000086000000|100%| O|  |TAMS 0x0000000086000000, 0x0000000085f00000| Untracked 
|  96|0x0000000086000000, 0x0000000086100000, 0x0000000086100000|100%| O|  |TAMS 0x0000000086100000, 0x0000000086000000| Untracked 
|  97|0x0000000086100000, 0x0000000086200000, 0x0000000086200000|100%| O|  |TAMS 0x0000000086200000, 0x0000000086100000| Untracked 
|  98|0x0000000086200000, 0x0000000086300000, 0x0000000086300000|100%| O|  |TAMS 0x0000000086300000, 0x0000000086200000| Untracked 
|  99|0x0000000086300000, 0x0000000086400000, 0x0000000086400000|100%| O|  |TAMS 0x0000000086400000, 0x0000000086300000| Untracked 
| 100|0x0000000086400000, 0x0000000086500000, 0x0000000086500000|100%| O|  |TAMS 0x0000000086500000, 0x0000000086400000| Untracked 
| 101|0x0000000086500000, 0x0000000086600000, 0x0000000086600000|100%| O|  |TAMS 0x0000000086600000, 0x0000000086500000| Untracked 
| 102|0x0000000086600000, 0x0000000086700000, 0x0000000086700000|100%| O|  |TAMS 0x0000000086700000, 0x0000000086600000| Untracked 
| 103|0x0000000086700000, 0x0000000086800000, 0x0000000086800000|100%| O|  |TAMS 0x0000000086800000, 0x0000000086700000| Untracked 
| 104|0x0000000086800000, 0x0000000086900000, 0x0000000086900000|100%| O|  |TAMS 0x0000000086800000, 0x0000000086800000| Untracked 
| 105|0x0000000086900000, 0x0000000086a00000, 0x0000000086a00000|100%| O|  |TAMS 0x0000000086900000, 0x0000000086900000| Untracked 
| 106|0x0000000086a00000, 0x0000000086b00000, 0x0000000086b00000|100%| O|  |TAMS 0x0000000086a00000, 0x0000000086a00000| Untracked 
| 107|0x0000000086b00000, 0x0000000086c00000, 0x0000000086c00000|100%| O|  |TAMS 0x0000000086b00000, 0x0000000086b00000| Untracked 
| 108|0x0000000086c00000, 0x0000000086d00000, 0x0000000086d00000|100%| O|  |TAMS 0x0000000086c00000, 0x0000000086c00000| Untracked 
| 109|0x0000000086d00000, 0x0000000086e00000, 0x0000000086e00000|100%| O|  |TAMS 0x0000000086d00000, 0x0000000086d00000| Untracked 
| 110|0x0000000086e00000, 0x0000000086e3c800, 0x0000000086f00000| 23%| O|  |TAMS 0x0000000086e00000, 0x0000000086e00000| Untracked 
| 111|0x0000000086f00000, 0x0000000086f00000, 0x0000000087000000|  0%| F|  |TAMS 0x0000000086f00000, 0x0000000086f00000| Untracked 
| 112|0x0000000087000000, 0x0000000087000000, 0x0000000087100000|  0%| F|  |TAMS 0x0000000087000000, 0x0000000087000000| Untracked 
| 113|0x0000000087100000, 0x0000000087100000, 0x0000000087200000|  0%| F|  |TAMS 0x0000000087100000, 0x0000000087100000| Untracked 
| 114|0x0000000087200000, 0x0000000087200000, 0x0000000087300000|  0%| F|  |TAMS 0x0000000087200000, 0x0000000087200000| Untracked 
| 115|0x0000000087300000, 0x0000000087300000, 0x0000000087400000|  0%| F|  |TAMS 0x0000000087300000, 0x0000000087300000| Untracked 
| 116|0x0000000087400000, 0x0000000087400000, 0x0000000087500000|  0%| F|  |TAMS 0x0000000087400000, 0x0000000087400000| Untracked 
| 117|0x0000000087500000, 0x0000000087500000, 0x0000000087600000|  0%| F|  |TAMS 0x0000000087500000, 0x0000000087500000| Untracked 
| 118|0x0000000087600000, 0x0000000087600000, 0x0000000087700000|  0%| F|  |TAMS 0x0000000087600000, 0x0000000087600000| Untracked 
| 119|0x0000000087700000, 0x0000000087700000, 0x0000000087800000|  0%| F|  |TAMS 0x0000000087700000, 0x0000000087700000| Untracked 
| 120|0x0000000087800000, 0x0000000087800000, 0x0000000087900000|  0%| F|  |TAMS 0x0000000087800000, 0x0000000087800000| Untracked 
| 121|0x0000000087900000, 0x0000000087a00000, 0x0000000087a00000|100%| O|  |TAMS 0x0000000087a00000, 0x0000000087900000| Untracked 
| 122|0x0000000087a00000, 0x0000000087a00000, 0x0000000087b00000|  0%| F|  |TAMS 0x0000000087a00000, 0x0000000087a00000| Untracked 
| 123|0x0000000087b00000, 0x0000000087b00000, 0x0000000087c00000|  0%| F|  |TAMS 0x0000000087b00000, 0x0000000087b00000| Untracked 
| 124|0x0000000087c00000, 0x0000000087c00000, 0x0000000087d00000|  0%| F|  |TAMS 0x0000000087c00000, 0x0000000087c00000| Untracked 
| 125|0x0000000087d00000, 0x0000000087d00000, 0x0000000087e00000|  0%| F|  |TAMS 0x0000000087d00000, 0x0000000087d00000| Untracked 
| 126|0x0000000087e00000, 0x0000000087e00000, 0x0000000087f00000|  0%| F|  |TAMS 0x0000000087e00000, 0x0000000087e00000| Untracked 
| 127|0x0000000087f00000, 0x0000000087f00000, 0x0000000088000000|  0%| F|  |TAMS 0x0000000087f00000, 0x0000000087f00000| Untracked 
| 128|0x0000000088000000, 0x0000000088000000, 0x0000000088100000|  0%| F|  |TAMS 0x0000000088000000, 0x0000000088000000| Untracked 
| 129|0x0000000088100000, 0x0000000088100000, 0x0000000088200000|  0%| F|  |TAMS 0x0000000088100000, 0x0000000088100000| Untracked 
| 130|0x0000000088200000, 0x0000000088200000, 0x0000000088300000|  0%| F|  |TAMS 0x0000000088200000, 0x0000000088200000| Untracked 
| 131|0x0000000088300000, 0x0000000088300000, 0x0000000088400000|  0%| F|  |TAMS 0x0000000088300000, 0x0000000088300000| Untracked 
| 132|0x0000000088400000, 0x0000000088400000, 0x0000000088500000|  0%| F|  |TAMS 0x0000000088400000, 0x0000000088400000| Untracked 
| 133|0x0000000088500000, 0x0000000088500000, 0x0000000088600000|  0%| F|  |TAMS 0x0000000088500000, 0x0000000088500000| Untracked 
| 134|0x0000000088600000, 0x0000000088600000, 0x0000000088700000|  0%| F|  |TAMS 0x0000000088600000, 0x0000000088600000| Untracked 
| 135|0x0000000088700000, 0x0000000088700000, 0x0000000088800000|  0%| F|  |TAMS 0x0000000088700000, 0x0000000088700000| Untracked 
| 136|0x0000000088800000, 0x0000000088800000, 0x0000000088900000|  0%| F|  |TAMS 0x0000000088800000, 0x0000000088800000| Untracked 
| 137|0x0000000088900000, 0x0000000088900000, 0x0000000088a00000|  0%| F|  |TAMS 0x0000000088900000, 0x0000000088900000| Untracked 
| 138|0x0000000088a00000, 0x0000000088a00000, 0x0000000088b00000|  0%| F|  |TAMS 0x0000000088a00000, 0x0000000088a00000| Untracked 
| 139|0x0000000088b00000, 0x0000000088b00000, 0x0000000088c00000|  0%| F|  |TAMS 0x0000000088b00000, 0x0000000088b00000| Untracked 
| 140|0x0000000088c00000, 0x0000000088c00000, 0x0000000088d00000|  0%| F|  |TAMS 0x0000000088c00000, 0x0000000088c00000| Untracked 
| 141|0x0000000088d00000, 0x0000000088d00000, 0x0000000088e00000|  0%| F|  |TAMS 0x0000000088d00000, 0x0000000088d00000| Untracked 
| 142|0x0000000088e00000, 0x0000000088e00000, 0x0000000088f00000|  0%| F|  |TAMS 0x0000000088e00000, 0x0000000088e00000| Untracked 
| 143|0x0000000088f00000, 0x0000000088f00000, 0x0000000089000000|  0%| F|  |TAMS 0x0000000088f00000, 0x0000000088f00000| Untracked 
| 144|0x0000000089000000, 0x0000000089000000, 0x0000000089100000|  0%| F|  |TAMS 0x0000000089000000, 0x0000000089000000| Untracked 
| 145|0x0000000089100000, 0x0000000089100000, 0x0000000089200000|  0%| F|  |TAMS 0x0000000089100000, 0x0000000089100000| Untracked 
| 146|0x0000000089200000, 0x0000000089200000, 0x0000000089300000|  0%| F|  |TAMS 0x0000000089200000, 0x0000000089200000| Untracked 
| 147|0x0000000089300000, 0x0000000089300000, 0x0000000089400000|  0%| F|  |TAMS 0x0000000089300000, 0x0000000089300000| Untracked 
| 148|0x0000000089400000, 0x0000000089400000, 0x0000000089500000|  0%| F|  |TAMS 0x0000000089400000, 0x0000000089400000| Untracked 
| 149|0x0000000089500000, 0x0000000089500000, 0x0000000089600000|  0%| F|  |TAMS 0x0000000089500000, 0x0000000089500000| Untracked 
| 150|0x0000000089600000, 0x0000000089600000, 0x0000000089700000|  0%| F|  |TAMS 0x0000000089600000, 0x0000000089600000| Untracked 
| 151|0x0000000089700000, 0x0000000089700000, 0x0000000089800000|  0%| F|  |TAMS 0x0000000089700000, 0x0000000089700000| Untracked 
| 152|0x0000000089800000, 0x0000000089800000, 0x0000000089900000|  0%| F|  |TAMS 0x0000000089800000, 0x0000000089800000| Untracked 
| 153|0x0000000089900000, 0x0000000089900000, 0x0000000089a00000|  0%| F|  |TAMS 0x0000000089900000, 0x0000000089900000| Untracked 
| 154|0x0000000089a00000, 0x0000000089a00000, 0x0000000089b00000|  0%| F|  |TAMS 0x0000000089a00000, 0x0000000089a00000| Untracked 
| 155|0x0000000089b00000, 0x0000000089b00000, 0x0000000089c00000|  0%| F|  |TAMS 0x0000000089b00000, 0x0000000089b00000| Untracked 
| 156|0x0000000089c00000, 0x0000000089c00000, 0x0000000089d00000|  0%| F|  |TAMS 0x0000000089c00000, 0x0000000089c00000| Untracked 
| 157|0x0000000089d00000, 0x0000000089d00000, 0x0000000089e00000|  0%| F|  |TAMS 0x0000000089d00000, 0x0000000089d00000| Untracked 
| 158|0x0000000089e00000, 0x0000000089e00000, 0x0000000089f00000|  0%| F|  |TAMS 0x0000000089e00000, 0x0000000089e00000| Untracked 
| 159|0x0000000089f00000, 0x000000008a000000, 0x000000008a000000|100%| S|CS|TAMS 0x0000000089f00000, 0x0000000089f00000| Complete 
| 160|0x000000008a000000, 0x000000008a100000, 0x000000008a100000|100%| S|CS|TAMS 0x000000008a000000, 0x000000008a000000| Complete 
| 161|0x000000008a100000, 0x000000008a200000, 0x000000008a200000|100%| S|CS|TAMS 0x000000008a100000, 0x000000008a100000| Complete 
| 162|0x000000008a200000, 0x000000008a300000, 0x000000008a300000|100%| S|CS|TAMS 0x000000008a200000, 0x000000008a200000| Complete 
| 163|0x000000008a300000, 0x000000008a400000, 0x000000008a400000|100%| S|CS|TAMS 0x000000008a300000, 0x000000008a300000| Complete 
| 164|0x000000008a400000, 0x000000008a500000, 0x000000008a500000|100%| S|CS|TAMS 0x000000008a400000, 0x000000008a400000| Complete 
| 165|0x000000008a500000, 0x000000008a600000, 0x000000008a600000|100%| S|CS|TAMS 0x000000008a500000, 0x000000008a500000| Complete 
| 166|0x000000008a600000, 0x000000008a700000, 0x000000008a700000|100%| S|CS|TAMS 0x000000008a600000, 0x000000008a600000| Complete 
| 167|0x000000008a700000, 0x000000008a800000, 0x000000008a800000|100%| S|CS|TAMS 0x000000008a700000, 0x000000008a700000| Complete 
| 168|0x000000008a800000, 0x000000008a900000, 0x000000008a900000|100%| S|CS|TAMS 0x000000008a800000, 0x000000008a800000| Complete 
| 169|0x000000008a900000, 0x000000008aa00000, 0x000000008aa00000|100%| S|CS|TAMS 0x000000008a900000, 0x000000008a900000| Complete 
| 170|0x000000008aa00000, 0x000000008ab00000, 0x000000008ab00000|100%| S|CS|TAMS 0x000000008aa00000, 0x000000008aa00000| Complete 
| 171|0x000000008ab00000, 0x000000008ac00000, 0x000000008ac00000|100%| S|CS|TAMS 0x000000008ab00000, 0x000000008ab00000| Complete 
| 172|0x000000008ac00000, 0x000000008ac00000, 0x000000008ad00000|  0%| F|  |TAMS 0x000000008ac00000, 0x000000008ac00000| Untracked 
| 173|0x000000008ad00000, 0x000000008ad00000, 0x000000008ae00000|  0%| F|  |TAMS 0x000000008ad00000, 0x000000008ad00000| Untracked 
| 174|0x000000008ae00000, 0x000000008ae00000, 0x000000008af00000|  0%| F|  |TAMS 0x000000008ae00000, 0x000000008ae00000| Untracked 
| 175|0x000000008af00000, 0x000000008af00000, 0x000000008b000000|  0%| F|  |TAMS 0x000000008af00000, 0x000000008af00000| Untracked 
| 176|0x000000008b000000, 0x000000008b000000, 0x000000008b100000|  0%| F|  |TAMS 0x000000008b000000, 0x000000008b000000| Untracked 
| 177|0x000000008b100000, 0x000000008b100000, 0x000000008b200000|  0%| F|  |TAMS 0x000000008b100000, 0x000000008b100000| Untracked 
| 178|0x000000008b200000, 0x000000008b200000, 0x000000008b300000|  0%| F|  |TAMS 0x000000008b200000, 0x000000008b200000| Untracked 
| 179|0x000000008b300000, 0x000000008b300000, 0x000000008b400000|  0%| F|  |TAMS 0x000000008b300000, 0x000000008b300000| Untracked 
| 180|0x000000008b400000, 0x000000008b400000, 0x000000008b500000|  0%| F|  |TAMS 0x000000008b400000, 0x000000008b400000| Untracked 
| 181|0x000000008b500000, 0x000000008b500000, 0x000000008b600000|  0%| F|  |TAMS 0x000000008b500000, 0x000000008b500000| Untracked 
| 182|0x000000008b600000, 0x000000008b600000, 0x000000008b700000|  0%| F|  |TAMS 0x000000008b600000, 0x000000008b600000| Untracked 
| 183|0x000000008b700000, 0x000000008b700000, 0x000000008b800000|  0%| F|  |TAMS 0x000000008b700000, 0x000000008b700000| Untracked 
| 184|0x000000008b800000, 0x000000008b800000, 0x000000008b900000|  0%| F|  |TAMS 0x000000008b800000, 0x000000008b800000| Untracked 
| 185|0x000000008b900000, 0x000000008b900000, 0x000000008ba00000|  0%| F|  |TAMS 0x000000008b900000, 0x000000008b900000| Untracked 
| 186|0x000000008ba00000, 0x000000008ba00000, 0x000000008bb00000|  0%| F|  |TAMS 0x000000008ba00000, 0x000000008ba00000| Untracked 
| 187|0x000000008bb00000, 0x000000008bb00000, 0x000000008bc00000|  0%| F|  |TAMS 0x000000008bb00000, 0x000000008bb00000| Untracked 
| 188|0x000000008bc00000, 0x000000008bc00000, 0x000000008bd00000|  0%| F|  |TAMS 0x000000008bc00000, 0x000000008bc00000| Untracked 
| 189|0x000000008bd00000, 0x000000008bd00000, 0x000000008be00000|  0%| F|  |TAMS 0x000000008bd00000, 0x000000008bd00000| Untracked 
| 190|0x000000008be00000, 0x000000008be00000, 0x000000008bf00000|  0%| F|  |TAMS 0x000000008be00000, 0x000000008be00000| Untracked 
| 191|0x000000008bf00000, 0x000000008bf00000, 0x000000008c000000|  0%| F|  |TAMS 0x000000008bf00000, 0x000000008bf00000| Untracked 
| 192|0x000000008c000000, 0x000000008c000000, 0x000000008c100000|  0%| F|  |TAMS 0x000000008c000000, 0x000000008c000000| Untracked 
| 193|0x000000008c100000, 0x000000008c100000, 0x000000008c200000|  0%| F|  |TAMS 0x000000008c100000, 0x000000008c100000| Untracked 
| 194|0x000000008c200000, 0x000000008c200000, 0x000000008c300000|  0%| F|  |TAMS 0x000000008c200000, 0x000000008c200000| Untracked 
| 195|0x000000008c300000, 0x000000008c300000, 0x000000008c400000|  0%| F|  |TAMS 0x000000008c300000, 0x000000008c300000| Untracked 
| 196|0x000000008c400000, 0x000000008c400000, 0x000000008c500000|  0%| F|  |TAMS 0x000000008c400000, 0x000000008c400000| Untracked 
| 197|0x000000008c500000, 0x000000008c500000, 0x000000008c600000|  0%| F|  |TAMS 0x000000008c500000, 0x000000008c500000| Untracked 
| 198|0x000000008c600000, 0x000000008c600000, 0x000000008c700000|  0%| F|  |TAMS 0x000000008c600000, 0x000000008c600000| Untracked 
| 199|0x000000008c700000, 0x000000008c700000, 0x000000008c800000|  0%| F|  |TAMS 0x000000008c700000, 0x000000008c700000| Untracked 
| 200|0x000000008c800000, 0x000000008c800000, 0x000000008c900000|  0%| F|  |TAMS 0x000000008c800000, 0x000000008c800000| Untracked 
| 201|0x000000008c900000, 0x000000008c900000, 0x000000008ca00000|  0%| F|  |TAMS 0x000000008c900000, 0x000000008c900000| Untracked 
| 202|0x000000008ca00000, 0x000000008ca00000, 0x000000008cb00000|  0%| F|  |TAMS 0x000000008ca00000, 0x000000008ca00000| Untracked 
| 203|0x000000008cb00000, 0x000000008cb00000, 0x000000008cc00000|  0%| F|  |TAMS 0x000000008cb00000, 0x000000008cb00000| Untracked 
| 204|0x000000008cc00000, 0x000000008cc00000, 0x000000008cd00000|  0%| F|  |TAMS 0x000000008cc00000, 0x000000008cc00000| Untracked 
| 205|0x000000008cd00000, 0x000000008cd00000, 0x000000008ce00000|  0%| F|  |TAMS 0x000000008cd00000, 0x000000008cd00000| Untracked 
| 206|0x000000008ce00000, 0x000000008ce00000, 0x000000008cf00000|  0%| F|  |TAMS 0x000000008ce00000, 0x000000008ce00000| Untracked 
| 207|0x000000008cf00000, 0x000000008cf00000, 0x000000008d000000|  0%| F|  |TAMS 0x000000008cf00000, 0x000000008cf00000| Untracked 
| 208|0x000000008d000000, 0x000000008d000000, 0x000000008d100000|  0%| F|  |TAMS 0x000000008d000000, 0x000000008d000000| Untracked 
| 209|0x000000008d100000, 0x000000008d100000, 0x000000008d200000|  0%| F|  |TAMS 0x000000008d100000, 0x000000008d100000| Untracked 
| 210|0x000000008d200000, 0x000000008d200000, 0x000000008d300000|  0%| F|  |TAMS 0x000000008d200000, 0x000000008d200000| Untracked 
| 211|0x000000008d300000, 0x000000008d300000, 0x000000008d400000|  0%| F|  |TAMS 0x000000008d300000, 0x000000008d300000| Untracked 
| 212|0x000000008d400000, 0x000000008d400000, 0x000000008d500000|  0%| F|  |TAMS 0x000000008d400000, 0x000000008d400000| Untracked 
| 213|0x000000008d500000, 0x000000008d500000, 0x000000008d600000|  0%| F|  |TAMS 0x000000008d500000, 0x000000008d500000| Untracked 
| 214|0x000000008d600000, 0x000000008d600000, 0x000000008d700000|  0%| F|  |TAMS 0x000000008d600000, 0x000000008d600000| Untracked 
| 215|0x000000008d700000, 0x000000008d700000, 0x000000008d800000|  0%| F|  |TAMS 0x000000008d700000, 0x000000008d700000| Untracked 
| 216|0x000000008d800000, 0x000000008d82f230, 0x000000008d900000| 18%| E|  |TAMS 0x000000008d800000, 0x000000008d800000| Complete 
| 217|0x000000008d900000, 0x000000008da00000, 0x000000008da00000|100%| E|CS|TAMS 0x000000008d900000, 0x000000008d900000| Complete 
| 218|0x000000008da00000, 0x000000008db00000, 0x000000008db00000|100%| E|CS|TAMS 0x000000008da00000, 0x000000008da00000| Complete 
| 219|0x000000008db00000, 0x000000008dc00000, 0x000000008dc00000|100%| E|CS|TAMS 0x000000008db00000, 0x000000008db00000| Complete 
| 220|0x000000008dc00000, 0x000000008dd00000, 0x000000008dd00000|100%| E|CS|TAMS 0x000000008dc00000, 0x000000008dc00000| Complete 
| 221|0x000000008dd00000, 0x000000008de00000, 0x000000008de00000|100%| E|CS|TAMS 0x000000008dd00000, 0x000000008dd00000| Complete 
| 222|0x000000008de00000, 0x000000008df00000, 0x000000008df00000|100%| E|CS|TAMS 0x000000008de00000, 0x000000008de00000| Complete 
| 223|0x000000008df00000, 0x000000008e000000, 0x000000008e000000|100%| E|CS|TAMS 0x000000008df00000, 0x000000008df00000| Complete 
| 224|0x000000008e000000, 0x000000008e100000, 0x000000008e100000|100%| E|CS|TAMS 0x000000008e000000, 0x000000008e000000| Complete 
| 225|0x000000008e100000, 0x000000008e200000, 0x000000008e200000|100%| E|CS|TAMS 0x000000008e100000, 0x000000008e100000| Complete 
| 226|0x000000008e200000, 0x000000008e300000, 0x000000008e300000|100%| E|CS|TAMS 0x000000008e200000, 0x000000008e200000| Complete 
| 227|0x000000008e300000, 0x000000008e400000, 0x000000008e400000|100%| E|CS|TAMS 0x000000008e300000, 0x000000008e300000| Complete 
| 228|0x000000008e400000, 0x000000008e500000, 0x000000008e500000|100%| E|CS|TAMS 0x000000008e400000, 0x000000008e400000| Complete 
| 229|0x000000008e500000, 0x000000008e600000, 0x000000008e600000|100%| E|CS|TAMS 0x000000008e500000, 0x000000008e500000| Complete 
| 230|0x000000008e600000, 0x000000008e700000, 0x000000008e700000|100%| E|CS|TAMS 0x000000008e600000, 0x000000008e600000| Complete 
| 231|0x000000008e700000, 0x000000008e800000, 0x000000008e800000|100%| E|CS|TAMS 0x000000008e700000, 0x000000008e700000| Complete 
| 232|0x000000008e800000, 0x000000008e900000, 0x000000008e900000|100%| E|CS|TAMS 0x000000008e800000, 0x000000008e800000| Complete 
| 233|0x000000008e900000, 0x000000008ea00000, 0x000000008ea00000|100%| E|CS|TAMS 0x000000008e900000, 0x000000008e900000| Complete 
| 234|0x000000008ea00000, 0x000000008eb00000, 0x000000008eb00000|100%| E|CS|TAMS 0x000000008ea00000, 0x000000008ea00000| Complete 
| 235|0x000000008eb00000, 0x000000008ec00000, 0x000000008ec00000|100%| E|CS|TAMS 0x000000008eb00000, 0x000000008eb00000| Complete 
| 236|0x000000008ec00000, 0x000000008ed00000, 0x000000008ed00000|100%| E|CS|TAMS 0x000000008ec00000, 0x000000008ec00000| Complete 
| 237|0x000000008ed00000, 0x000000008ee00000, 0x000000008ee00000|100%| E|CS|TAMS 0x000000008ed00000, 0x000000008ed00000| Complete 
| 238|0x000000008ee00000, 0x000000008ef00000, 0x000000008ef00000|100%| E|CS|TAMS 0x000000008ee00000, 0x000000008ee00000| Complete 
| 239|0x000000008ef00000, 0x000000008f000000, 0x000000008f000000|100%| E|CS|TAMS 0x000000008ef00000, 0x000000008ef00000| Complete 
| 240|0x000000008f000000, 0x000000008f100000, 0x000000008f100000|100%| E|CS|TAMS 0x000000008f000000, 0x000000008f000000| Complete 
| 241|0x000000008f100000, 0x000000008f200000, 0x000000008f200000|100%| E|CS|TAMS 0x000000008f100000, 0x000000008f100000| Complete 
| 242|0x000000008f200000, 0x000000008f300000, 0x000000008f300000|100%| E|CS|TAMS 0x000000008f200000, 0x000000008f200000| Complete 
| 243|0x000000008f300000, 0x000000008f400000, 0x000000008f400000|100%| E|CS|TAMS 0x000000008f300000, 0x000000008f300000| Complete 
| 244|0x000000008f400000, 0x000000008f500000, 0x000000008f500000|100%| E|CS|TAMS 0x000000008f400000, 0x000000008f400000| Complete 
| 245|0x000000008f500000, 0x000000008f600000, 0x000000008f600000|100%| E|CS|TAMS 0x000000008f500000, 0x000000008f500000| Complete 
| 246|0x000000008f600000, 0x000000008f700000, 0x000000008f700000|100%| E|CS|TAMS 0x000000008f600000, 0x000000008f600000| Complete 
| 247|0x000000008f700000, 0x000000008f800000, 0x000000008f800000|100%| E|CS|TAMS 0x000000008f700000, 0x000000008f700000| Complete 
| 248|0x000000008f800000, 0x000000008f900000, 0x000000008f900000|100%| E|CS|TAMS 0x000000008f800000, 0x000000008f800000| Complete 
| 249|0x000000008f900000, 0x000000008fa00000, 0x000000008fa00000|100%| E|CS|TAMS 0x000000008f900000, 0x000000008f900000| Complete 
| 250|0x000000008fa00000, 0x000000008fb00000, 0x000000008fb00000|100%| E|CS|TAMS 0x000000008fa00000, 0x000000008fa00000| Complete 
| 251|0x000000008fb00000, 0x000000008fc00000, 0x000000008fc00000|100%| E|CS|TAMS 0x000000008fb00000, 0x000000008fb00000| Complete 
| 252|0x000000008fc00000, 0x000000008fd00000, 0x000000008fd00000|100%| E|CS|TAMS 0x000000008fc00000, 0x000000008fc00000| Complete 
| 253|0x000000008fd00000, 0x000000008fe00000, 0x000000008fe00000|100%| E|CS|TAMS 0x000000008fd00000, 0x000000008fd00000| Complete 
| 254|0x000000008fe00000, 0x000000008ff00000, 0x000000008ff00000|100%| E|CS|TAMS 0x000000008fe00000, 0x000000008fe00000| Complete 
| 255|0x000000008ff00000, 0x0000000090000000, 0x0000000090000000|100%| E|CS|TAMS 0x000000008ff00000, 0x000000008ff00000| Complete 
| 256|0x0000000090000000, 0x0000000090100000, 0x0000000090100000|100%| E|CS|TAMS 0x0000000090000000, 0x0000000090000000| Complete 
| 257|0x0000000090100000, 0x0000000090200000, 0x0000000090200000|100%| E|CS|TAMS 0x0000000090100000, 0x0000000090100000| Complete 
| 258|0x0000000090200000, 0x0000000090300000, 0x0000000090300000|100%| E|CS|TAMS 0x0000000090200000, 0x0000000090200000| Complete 
| 259|0x0000000090300000, 0x0000000090400000, 0x0000000090400000|100%| E|CS|TAMS 0x0000000090300000, 0x0000000090300000| Complete 
| 260|0x0000000090400000, 0x0000000090500000, 0x0000000090500000|100%| E|CS|TAMS 0x0000000090400000, 0x0000000090400000| Complete 
| 261|0x0000000090500000, 0x0000000090600000, 0x0000000090600000|100%| E|CS|TAMS 0x0000000090500000, 0x0000000090500000| Complete 
| 262|0x0000000090600000, 0x0000000090700000, 0x0000000090700000|100%| E|CS|TAMS 0x0000000090600000, 0x0000000090600000| Complete 
| 263|0x0000000090700000, 0x0000000090800000, 0x0000000090800000|100%| E|CS|TAMS 0x0000000090700000, 0x0000000090700000| Complete 
| 264|0x0000000090800000, 0x0000000090900000, 0x0000000090900000|100%| E|CS|TAMS 0x0000000090800000, 0x0000000090800000| Complete 
| 265|0x0000000090900000, 0x0000000090a00000, 0x0000000090a00000|100%| E|CS|TAMS 0x0000000090900000, 0x0000000090900000| Complete 
| 266|0x0000000090a00000, 0x0000000090b00000, 0x0000000090b00000|100%| E|CS|TAMS 0x0000000090a00000, 0x0000000090a00000| Complete 

Card table byte_map: [0x0000018bf7330000,0x0000018bf7730000] _byte_map_base: 0x0000018bf6f30000

Marking Bits (Prev, Next): (CMBitMap*) 0x0000018be447b850, (CMBitMap*) 0x0000018be447b818
 Prev Bits: [0x0000018bf9b30000, 0x0000018bfbb30000)
 Next Bits: [0x0000018bf7b30000, 0x0000018bf9b30000)

Polling page: 0x0000018be2430000

Metaspace:

Usage:
  Non-class:     89.19 MB capacity,    87.64 MB ( 98%) used,     1.26 MB (  1%) free+waste,   294.13 KB ( <1%) overhead. 
      Class:     13.61 MB capacity,    12.71 MB ( 93%) used,   788.43 KB (  6%) free+waste,   134.31 KB ( <1%) overhead. 
       Both:    102.80 MB capacity,   100.35 MB ( 98%) used,     2.03 MB (  2%) free+waste,   428.44 KB ( <1%) overhead. 

Virtual space:
  Non-class space:       90.00 MB reserved,      89.21 MB (>99%) committed 
      Class space:        1.00 GB reserved,      13.63 MB (  1%) committed 
             Both:        1.09 GB reserved,     102.83 MB (  9%) committed 

Chunk freelists:
   Non-Class:  17.00 KB
       Class:  11.00 KB
        Both:  28.00 KB

MaxMetaspaceSize: 17179869184.00 GB
CompressedClassSpaceSize: 1.00 GB

CodeHeap 'non-profiled nmethods': size=120064Kb used=10230Kb max_used=10230Kb free=109833Kb
 bounds [0x0000018bef9f0000, 0x0000018bf03f0000, 0x0000018bf6f30000]
CodeHeap 'profiled nmethods': size=120000Kb used=37850Kb max_used=37850Kb free=82149Kb
 bounds [0x0000018be84c0000, 0x0000018bea9c0000, 0x0000018bef9f0000]
CodeHeap 'non-nmethods': size=5696Kb used=2297Kb max_used=2347Kb free=3399Kb
 bounds [0x0000018be7f30000, 0x0000018be81a0000, 0x0000018be84c0000]
 total_blobs=17396 nmethods=16495 adapters=810
 compilation: enabled
              stopped_count=0, restarted_count=0
 full_count=0

Compilation events (20 events):
Event: 38.162 Thread 0x0000018bfe044800 nmethod 16661 0x0000018bea990190 code [0x0000018bea990420, 0x0000018bea990ef8]
Event: 38.162 Thread 0x0000018bfe044800 16668       3       com.android.tools.r8.s.b.o$d::<init> (5 bytes)
Event: 38.162 Thread 0x0000018bfe044800 nmethod 16668 0x0000018bea991210 code [0x0000018bea9913e0, 0x0000018bea9915f8]
Event: 38.162 Thread 0x0000018bfe044800 16669       3       com.android.tools.r8.s.b.o$d::<init> (5 bytes)
Event: 38.162 Thread 0x0000018bfe044800 nmethod 16669 0x0000018bea991710 code [0x0000018bea9918c0, 0x0000018bea991a78]
Event: 38.162 Thread 0x0000018bfe044800 16670       3       com.android.tools.r8.s.a.p.t$$Lambda$1075/0x0000000100d17040::accept (12 bytes)
Event: 38.162 Thread 0x0000018bfe044800 nmethod 16670 0x0000018bea991b90 code [0x0000018bea991d60, 0x0000018bea991f88]
Event: 38.162 Thread 0x0000018bfe044800 16654       3       java.util.Arrays::copyOfRange (11 bytes)
Event: 38.162 Thread 0x0000018bfe044800 nmethod 16654 0x0000018bea992090 code [0x0000018bea992240, 0x0000018bea992368]
Event: 38.162 Thread 0x0000018bfe044800 16655       3       com.android.tools.r8.s.a.p.f::hashCode (25 bytes)
Event: 38.163 Thread 0x0000018bfe044800 nmethod 16655 0x0000018bea992410 code [0x0000018bea992600, 0x0000018bea992b08]
Event: 38.163 Thread 0x0000018b816e6000 nmethod 16658 0x0000018bf03ea110 code [0x0000018bf03ea300, 0x0000018bf03ea958]
Event: 38.163 Thread 0x0000018bfe044800 16648       3       java.util.IdentityHashMap$ValueIterator::next (12 bytes)
Event: 38.163 Thread 0x0000018b816e6000 16673       4       java.util.ArrayList::forEach (74 bytes)
Event: 38.163 Thread 0x0000018bfe044800 nmethod 16648 0x0000018bea992c90 code [0x0000018bea992e40, 0x0000018bea993028]
Event: 38.163 Thread 0x0000018bfe044800 16649       3       com.android.tools.r8.s.b.H::a (6 bytes)
Event: 38.163 Thread 0x0000018bfe044800 nmethod 16649 0x0000018bea993110 code [0x0000018bea9932e0, 0x0000018bea993578]
Event: 38.165 Thread 0x0000018bfe044800 16677       3       com.android.tools.r8.ir.optimize.info.f::a (8 bytes)
Event: 38.165 Thread 0x0000018bfe044800 nmethod 16677 0x0000018bea993710 code [0x0000018bea9938c0, 0x0000018bea993a68]
Event: 38.165 Thread 0x0000018bfe044800 16678       3       com.android.tools.r8.ir.optimize.info.t::<init> (80 bytes)

GC Heap History (20 events):
Event: 31.501 GC heap before
{Heap before GC invocations=33 (full 0):
 garbage-first heap   total 189440K, used 167817K [0x0000000080000000, 0x0000000100000000)
  region size 1024K, 44 young (45056K), 5 survivors (5120K)
 Metaspace       used 86650K, capacity 88740K, committed 89044K, reserved 1126400K
  class space    used 10986K, capacity 11713K, committed 11776K, reserved 1048576K
}
Event: 31.506 GC heap after
{Heap after GC invocations=34 (full 0):
 garbage-first heap   total 227328K, used 109327K [0x0000000080000000, 0x0000000100000000)
  region size 1024K, 3 young (3072K), 3 survivors (3072K)
 Metaspace       used 86650K, capacity 88740K, committed 89044K, reserved 1126400K
  class space    used 10986K, capacity 11713K, committed 11776K, reserved 1048576K
}
Event: 32.097 GC heap before
{Heap before GC invocations=34 (full 0):
 garbage-first heap   total 227328K, used 173839K [0x0000000080000000, 0x0000000100000000)
  region size 1024K, 67 young (68608K), 3 survivors (3072K)
 Metaspace       used 87357K, capacity 89431K, committed 89684K, reserved 1128448K
  class space    used 11064K, capacity 11825K, committed 11904K, reserved 1048576K
}
Event: 32.107 GC heap after
{Heap after GC invocations=35 (full 0):
 garbage-first heap   total 227328K, used 110899K [0x0000000080000000, 0x0000000100000000)
  region size 1024K, 4 young (4096K), 4 survivors (4096K)
 Metaspace       used 87357K, capacity 89431K, committed 89684K, reserved 1128448K
  class space    used 11064K, capacity 11825K, committed 11904K, reserved 1048576K
}
Event: 33.202 GC heap before
{Heap before GC invocations=36 (full 0):
 garbage-first heap   total 227328K, used 170291K [0x0000000080000000, 0x0000000100000000)
  region size 1024K, 70 young (71680K), 4 survivors (4096K)
 Metaspace       used 91269K, capacity 93417K, committed 93780K, reserved 1130496K
  class space    used 11548K, capacity 12290K, committed 12416K, reserved 1048576K
}
Event: 33.212 GC heap after
{Heap after GC invocations=37 (full 0):
 garbage-first heap   total 227328K, used 103468K [0x0000000080000000, 0x0000000100000000)
  region size 1024K, 7 young (7168K), 7 survivors (7168K)
 Metaspace       used 91269K, capacity 93417K, committed 93780K, reserved 1130496K
  class space    used 11548K, capacity 12290K, committed 12416K, reserved 1048576K
}
Event: 33.233 GC heap before
{Heap before GC invocations=37 (full 0):
 garbage-first heap   total 227328K, used 107564K [0x0000000080000000, 0x0000000100000000)
  region size 1024K, 11 young (11264K), 7 survivors (7168K)
 Metaspace       used 91277K, capacity 93417K, committed 93780K, reserved 1130496K
  class space    used 11548K, capacity 12290K, committed 12416K, reserved 1048576K
}
Event: 33.243 GC heap after
{Heap after GC invocations=38 (full 0):
 garbage-first heap   total 227328K, used 94535K [0x0000000080000000, 0x0000000100000000)
  region size 1024K, 1 young (1024K), 1 survivors (1024K)
 Metaspace       used 91277K, capacity 93417K, committed 93780K, reserved 1130496K
  class space    used 11548K, capacity 12290K, committed 12416K, reserved 1048576K
}
Event: 33.996 GC heap before
{Heap before GC invocations=38 (full 0):
 garbage-first heap   total 227328K, used 170311K [0x0000000080000000, 0x0000000100000000)
  region size 1024K, 76 young (77824K), 1 survivors (1024K)
 Metaspace       used 91737K, capacity 93963K, committed 94292K, reserved 1132544K
  class space    used 11571K, capacity 12332K, committed 12416K, reserved 1048576K
}
Event: 34.009 GC heap after
{Heap after GC invocations=39 (full 0):
 garbage-first heap   total 227328K, used 100936K [0x0000000080000000, 0x0000000100000000)
  region size 1024K, 8 young (8192K), 8 survivors (8192K)
 Metaspace       used 91737K, capacity 93963K, committed 94292K, reserved 1132544K
  class space    used 11571K, capacity 12332K, committed 12416K, reserved 1048576K
}
Event: 34.806 GC heap before
{Heap before GC invocations=39 (full 0):
 garbage-first heap   total 227328K, used 174664K [0x0000000080000000, 0x0000000100000000)
  region size 1024K, 81 young (82944K), 8 survivors (8192K)
 Metaspace       used 92128K, capacity 94284K, committed 94548K, reserved 1132544K
  class space    used 11599K, capacity 12370K, committed 12416K, reserved 1048576K
}
Event: 34.822 GC heap after
{Heap after GC invocations=40 (full 0):
 garbage-first heap   total 227328K, used 105520K [0x0000000080000000, 0x0000000100000000)
  region size 1024K, 10 young (10240K), 10 survivors (10240K)
 Metaspace       used 92128K, capacity 94284K, committed 94548K, reserved 1132544K
  class space    used 11599K, capacity 12370K, committed 12416K, reserved 1048576K
}
Event: 35.208 GC heap before
{Heap before GC invocations=40 (full 0):
 garbage-first heap   total 227328K, used 176176K [0x0000000080000000, 0x0000000100000000)
  region size 1024K, 80 young (81920K), 10 survivors (10240K)
 Metaspace       used 92219K, capacity 94415K, committed 94548K, reserved 1132544K
  class space    used 11607K, capacity 12370K, committed 12416K, reserved 1048576K
}
Event: 35.220 GC heap after
{Heap after GC invocations=41 (full 0):
 garbage-first heap   total 227328K, used 104973K [0x0000000080000000, 0x0000000100000000)
  region size 1024K, 6 young (6144K), 6 survivors (6144K)
 Metaspace       used 92219K, capacity 94415K, committed 94548K, reserved 1132544K
  class space    used 11607K, capacity 12370K, committed 12416K, reserved 1048576K
}
Event: 35.760 GC heap before
{Heap before GC invocations=41 (full 0):
 garbage-first heap   total 227328K, used 181773K [0x0000000080000000, 0x0000000100000000)
  region size 1024K, 78 young (79872K), 6 survivors (6144K)
 Metaspace       used 93811K, capacity 96137K, committed 96340K, reserved 1132544K
  class space    used 11821K, capacity 12602K, committed 12672K, reserved 1048576K
}
Event: 35.775 GC heap after
{Heap after GC invocations=42 (full 0):
 garbage-first heap   total 227328K, used 112487K [0x0000000080000000, 0x0000000100000000)
  region size 1024K, 10 young (10240K), 10 survivors (10240K)
 Metaspace       used 93811K, capacity 96137K, committed 96340K, reserved 1132544K
  class space    used 11821K, capacity 12602K, committed 12672K, reserved 1048576K
}
Event: 36.227 GC heap before
{Heap before GC invocations=42 (full 0):
 garbage-first heap   total 227328K, used 179047K [0x0000000080000000, 0x0000000100000000)
  region size 1024K, 76 young (77824K), 10 survivors (10240K)
 Metaspace       used 96173K, capacity 98555K, committed 98772K, reserved 1134592K
  class space    used 12150K, capacity 12961K, committed 13056K, reserved 1048576K
}
Event: 36.251 GC heap after
{Heap after GC invocations=43 (full 0):
 garbage-first heap   total 273408K, used 116736K [0x0000000080000000, 0x0000000100000000)
  region size 1024K, 9 young (9216K), 9 survivors (9216K)
 Metaspace       used 96173K, capacity 98555K, committed 98772K, reserved 1134592K
  class space    used 12150K, capacity 12961K, committed 13056K, reserved 1048576K
}
Event: 37.524 GC heap before
{Heap before GC invocations=44 (full 0):
 garbage-first heap   total 273408K, used 212992K [0x0000000080000000, 0x0000000100000000)
  region size 1024K, 104 young (106496K), 9 survivors (9216K)
 Metaspace       used 101879K, capacity 104456K, committed 104532K, reserved 1140736K
  class space    used 12994K, capacity 13933K, committed 13952K, reserved 1048576K
}
Event: 37.552 GC heap after
{Heap after GC invocations=45 (full 0):
 garbage-first heap   total 273408K, used 127218K [0x0000000080000000, 0x0000000100000000)
  region size 1024K, 13 young (13312K), 13 survivors (13312K)
 Metaspace       used 101879K, capacity 104456K, committed 104532K, reserved 1140736K
  class space    used 12994K, capacity 13933K, committed 13952K, reserved 1048576K
}

Deoptimization events (20 events):
Event: 37.933 Thread 0x0000018bff4f0800 DEOPT PACKING pc=0x0000018befb87b20 sp=0x0000003a699fe100
Event: 37.933 Thread 0x0000018bff4f0800 DEOPT UNPACKING pc=0x0000018be7f578af sp=0x0000003a699fe080 mode 2
Event: 37.933 Thread 0x0000018bff4f0800 Uncommon trap: trap_request=0xffffffc6 fr.pc=0x0000018beff52ca4 relative=0x0000000000000b44
Event: 37.933 Thread 0x0000018bff4f0800 Uncommon trap: reason=bimorphic_or_optimized_type_check action=maybe_recompile pc=0x0000018beff52ca4 method=java.util.HashMap.removeNode(ILjava/lang/Object;Ljava/lang/Object;ZZ)Ljava/util/HashMap$Node; @ 283 c2
Event: 37.933 Thread 0x0000018bff4f0800 DEOPT PACKING pc=0x0000018beff52ca4 sp=0x0000003a699fdfe0
Event: 37.933 Thread 0x0000018bff4f0800 DEOPT UNPACKING pc=0x0000018be7f578af sp=0x0000003a699fdfa8 mode 2
Event: 37.952 Thread 0x0000018bff4f0800 Uncommon trap: trap_request=0xffffffc6 fr.pc=0x0000018beff52ca4 relative=0x0000000000000b44
Event: 37.952 Thread 0x0000018bff4f0800 Uncommon trap: reason=bimorphic_or_optimized_type_check action=maybe_recompile pc=0x0000018beff52ca4 method=java.util.HashMap.removeNode(ILjava/lang/Object;Ljava/lang/Object;ZZ)Ljava/util/HashMap$Node; @ 283 c2
Event: 37.952 Thread 0x0000018bff4f0800 DEOPT PACKING pc=0x0000018beff52ca4 sp=0x0000003a699fe000
Event: 37.952 Thread 0x0000018bff4f0800 DEOPT UNPACKING pc=0x0000018be7f578af sp=0x0000003a699fdf98 mode 2
Event: 38.041 Thread 0x0000018bff4f0000 Uncommon trap: trap_request=0xffffffc6 fr.pc=0x0000018beff52ca4 relative=0x0000000000000b44
Event: 38.041 Thread 0x0000018bff4f0000 Uncommon trap: reason=bimorphic_or_optimized_type_check action=maybe_recompile pc=0x0000018beff52ca4 method=java.util.HashMap.removeNode(ILjava/lang/Object;Ljava/lang/Object;ZZ)Ljava/util/HashMap$Node; @ 283 c2
Event: 38.041 Thread 0x0000018bff4f0000 DEOPT PACKING pc=0x0000018beff52ca4 sp=0x0000003a695fdf10
Event: 38.041 Thread 0x0000018bff4f0000 DEOPT UNPACKING pc=0x0000018be7f578af sp=0x0000003a695fdea8 mode 2
Event: 38.083 Thread 0x0000018b81143800 DEOPT PACKING pc=0x0000018bea470067 sp=0x0000003a611f8d40
Event: 38.083 Thread 0x0000018b81143800 DEOPT UNPACKING pc=0x0000018be7f576ce sp=0x0000003a611f82f8 mode 0
Event: 38.101 Thread 0x0000018bff4f0800 Uncommon trap: trap_request=0xffffffc6 fr.pc=0x0000018beff52ca4 relative=0x0000000000000b44
Event: 38.101 Thread 0x0000018bff4f0800 Uncommon trap: reason=bimorphic_or_optimized_type_check action=maybe_recompile pc=0x0000018beff52ca4 method=java.util.HashMap.removeNode(ILjava/lang/Object;Ljava/lang/Object;ZZ)Ljava/util/HashMap$Node; @ 283 c2
Event: 38.101 Thread 0x0000018bff4f0800 DEOPT PACKING pc=0x0000018beff52ca4 sp=0x0000003a699fe000
Event: 38.101 Thread 0x0000018bff4f0800 DEOPT UNPACKING pc=0x0000018be7f578af sp=0x0000003a699fdf98 mode 2

Classes redefined (0 events):
No events

Internal exceptions (20 events):
Event: 37.422 Thread 0x0000018bff4ea000 Exception <a 'sun/nio/fs/WindowsException'{0x000000008c2759f8}> (0x000000008c2759f8) thrown at [./src/hotspot/share/prims/jni.cpp, line 615]
Event: 37.443 Thread 0x0000018b81149000 Exception <a 'sun/nio/fs/WindowsException'{0x000000008b73cb28}> (0x000000008b73cb28) thrown at [./src/hotspot/share/prims/jni.cpp, line 615]
Event: 37.507 Thread 0x0000018bff4f0800 Exception <a 'sun/nio/fs/WindowsException'{0x000000008bcef3b0}> (0x000000008bcef3b0) thrown at [./src/hotspot/share/prims/jni.cpp, line 615]
Event: 37.507 Thread 0x0000018bff4f0800 Exception <a 'sun/nio/fs/WindowsException'{0x000000008bcef430}> (0x000000008bcef430) thrown at [./src/hotspot/share/prims/jni.cpp, line 615]
Event: 37.607 Thread 0x0000018b81143800 Exception <a 'sun/nio/fs/WindowsException'{0x00000000905747e8}> (0x00000000905747e8) thrown at [./src/hotspot/share/prims/jni.cpp, line 615]
Event: 37.688 Thread 0x0000018bff4ea000 Exception <a 'sun/nio/fs/WindowsException'{0x00000000903b06b8}> (0x00000000903b06b8) thrown at [./src/hotspot/share/prims/jni.cpp, line 615]
Event: 37.688 Thread 0x0000018bff4ea000 Exception <a 'sun/nio/fs/WindowsException'{0x00000000903b0738}> (0x00000000903b0738) thrown at [./src/hotspot/share/prims/jni.cpp, line 615]
Event: 37.783 Thread 0x0000018b81149000 Exception <a 'sun/nio/fs/WindowsException'{0x000000008f75dbc8}> (0x000000008f75dbc8) thrown at [./src/hotspot/share/prims/jni.cpp, line 615]
Event: 37.807 Thread 0x0000018bff4f0800 Exception <a 'sun/nio/fs/WindowsException'{0x000000008ff42b30}> (0x000000008ff42b30) thrown at [./src/hotspot/share/prims/jni.cpp, line 615]
Event: 37.807 Thread 0x0000018bff4f0800 Exception <a 'sun/nio/fs/WindowsException'{0x000000008ff42bb0}> (0x000000008ff42bb0) thrown at [./src/hotspot/share/prims/jni.cpp, line 615]
Event: 37.870 Thread 0x0000018bff4f0800 Exception <a 'sun/nio/fs/WindowsException'{0x000000008f68b078}> (0x000000008f68b078) thrown at [./src/hotspot/share/prims/jni.cpp, line 615]
Event: 37.870 Thread 0x0000018bff4f0800 Exception <a 'sun/nio/fs/WindowsException'{0x000000008f68b0f8}> (0x000000008f68b0f8) thrown at [./src/hotspot/share/prims/jni.cpp, line 615]
Event: 37.934 Thread 0x0000018bff4f0800 Exception <a 'sun/nio/fs/WindowsException'{0x000000008f68f648}> (0x000000008f68f648) thrown at [./src/hotspot/share/prims/jni.cpp, line 615]
Event: 37.934 Thread 0x0000018bff4f0800 Exception <a 'sun/nio/fs/WindowsException'{0x000000008f68f6c8}> (0x000000008f68f6c8) thrown at [./src/hotspot/share/prims/jni.cpp, line 615]
Event: 37.957 Thread 0x0000018bff4f0800 Exception <a 'sun/nio/fs/WindowsException'{0x000000008f693198}> (0x000000008f693198) thrown at [./src/hotspot/share/prims/jni.cpp, line 615]
Event: 37.957 Thread 0x0000018bff4f0800 Exception <a 'sun/nio/fs/WindowsException'{0x000000008f693218}> (0x000000008f693218) thrown at [./src/hotspot/share/prims/jni.cpp, line 615]
Event: 38.042 Thread 0x0000018bff4f0000 Exception <a 'sun/nio/fs/WindowsException'{0x000000008eac18d0}> (0x000000008eac18d0) thrown at [./src/hotspot/share/prims/jni.cpp, line 615]
Event: 38.042 Thread 0x0000018bff4f0000 Exception <a 'sun/nio/fs/WindowsException'{0x000000008eac1950}> (0x000000008eac1950) thrown at [./src/hotspot/share/prims/jni.cpp, line 615]
Event: 38.101 Thread 0x0000018bff4f0800 Exception <a 'sun/nio/fs/WindowsException'{0x000000008e799b30}> (0x000000008e799b30) thrown at [./src/hotspot/share/prims/jni.cpp, line 615]
Event: 38.101 Thread 0x0000018bff4f0800 Exception <a 'sun/nio/fs/WindowsException'{0x000000008e799bb0}> (0x000000008e799bb0) thrown at [./src/hotspot/share/prims/jni.cpp, line 615]

Events (20 events):
Event: 37.941 Executing VM operation: RevokeBias
Event: 37.942 Executing VM operation: RevokeBias done
Event: 37.951 Executing VM operation: RevokeBias
Event: 37.951 Executing VM operation: RevokeBias done
Event: 37.952 Executing VM operation: RevokeBias
Event: 37.952 Executing VM operation: RevokeBias done
Event: 37.953 Executing VM operation: RevokeBias
Event: 37.953 Executing VM operation: RevokeBias done
Event: 37.953 Executing VM operation: RevokeBias
Event: 37.953 Executing VM operation: RevokeBias done
Event: 37.953 Executing VM operation: RevokeBias
Event: 37.954 Executing VM operation: RevokeBias done
Event: 37.954 Executing VM operation: RevokeBias
Event: 37.954 Executing VM operation: RevokeBias done
Event: 38.091 loading class com/android/tools/r8/graph/C0$d
Event: 38.091 loading class com/android/tools/r8/graph/C0$d done
Event: 38.097 loading class com/android/tools/r8/q/a/a/a/v$a
Event: 38.097 loading class com/android/tools/r8/q/a/a/a/v$a done
Event: 38.112 Executing VM operation: ICBufferFull
Event: 38.113 Executing VM operation: ICBufferFull done


Dynamic libraries:
0x00007ff622a80000 - 0x00007ff622a8a000 	C:\Program Files\Android\Android Studio1\jre\bin\java.exe
0x00007ff8aedc0000 - 0x00007ff8aefc7000 	C:\Windows\SYSTEM32\ntdll.dll
0x00007ff8ae0f0000 - 0x00007ff8ae1ad000 	C:\Windows\System32\KERNEL32.DLL
0x00007ff8ac630000 - 0x00007ff8ac9a4000 	C:\Windows\System32\KERNELBASE.dll
0x00007ff8ac3f0000 - 0x00007ff8ac501000 	C:\Windows\System32\ucrtbase.dll
0x00007ff8a65b0000 - 0x00007ff8a65c9000 	C:\Program Files\Android\Android Studio1\jre\bin\jli.dll
0x00007ff8a6840000 - 0x00007ff8a6857000 	C:\Program Files\Android\Android Studio1\jre\bin\VCRUNTIME140.dll
0x00007ff8ae7f0000 - 0x00007ff8ae99c000 	C:\Windows\System32\USER32.dll
0x00007ff88f780000 - 0x00007ff88fa25000 	C:\Windows\WinSxS\amd64_microsoft.windows.common-controls_6595b64144ccf1df_6.0.22000.120_none_9d947278b86cc467\COMCTL32.dll
0x00007ff8ac2a0000 - 0x00007ff8ac2c6000 	C:\Windows\System32\win32u.dll
0x00007ff8acdf0000 - 0x00007ff8ace93000 	C:\Windows\System32\msvcrt.dll
0x00007ff8ae9a0000 - 0x00007ff8ae9c9000 	C:\Windows\System32\GDI32.dll
0x00007ff8ac2d0000 - 0x00007ff8ac3e2000 	C:\Windows\System32\gdi32full.dll
0x00007ff8ac510000 - 0x00007ff8ac5ad000 	C:\Windows\System32\msvcp_win.dll
0x00007ff8ad320000 - 0x00007ff8ad351000 	C:\Windows\System32\IMM32.DLL
0x00007ff89ae90000 - 0x00007ff89af2d000 	C:\Program Files\Android\Android Studio1\jre\bin\msvcp140.dll
0x00007ff870ca0000 - 0x00007ff87176f000 	C:\Program Files\Android\Android Studio1\jre\bin\server\jvm.dll
0x00007ff8aebf0000 - 0x00007ff8aec9c000 	C:\Windows\System32\ADVAPI32.dll
0x00007ff8ae050000 - 0x00007ff8ae0ed000 	C:\Windows\System32\sechost.dll
0x00007ff8ae380000 - 0x00007ff8ae4a1000 	C:\Windows\System32\RPCRT4.dll
0x00007ff8ae370000 - 0x00007ff8ae378000 	C:\Windows\System32\PSAPI.DLL
0x00007ff8a6800000 - 0x00007ff8a6833000 	C:\Windows\SYSTEM32\WINMM.dll
0x00007ff8a1b10000 - 0x00007ff8a1b19000 	C:\Windows\SYSTEM32\WSOCK32.dll
0x00007ff8aed00000 - 0x00007ff8aed6f000 	C:\Windows\System32\WS2_32.dll
0x00007ff8a7ea0000 - 0x00007ff8a7eaa000 	C:\Windows\SYSTEM32\VERSION.dll
0x00007ff8ab4c0000 - 0x00007ff8ab4d8000 	C:\Windows\SYSTEM32\kernel.appcore.dll
0x00007ff891970000 - 0x00007ff891981000 	C:\Program Files\Android\Android Studio1\jre\bin\verify.dll
0x00007ff8a7740000 - 0x00007ff8a7961000 	C:\Windows\SYSTEM32\DBGHELP.DLL
0x00007ff8a76a0000 - 0x00007ff8a76d1000 	C:\Windows\SYSTEM32\dbgcore.DLL
0x00007ff8ac5b0000 - 0x00007ff8ac630000 	C:\Windows\System32\bcryptPrimitives.dll
0x00007ff890150000 - 0x00007ff890179000 	C:\Program Files\Android\Android Studio1\jre\bin\java.dll
0x00007ff8a1750000 - 0x00007ff8a175b000 	C:\Program Files\Android\Android Studio1\jre\bin\jimage.dll
0x00007ff890130000 - 0x00007ff890148000 	C:\Program Files\Android\Android Studio1\jre\bin\zip.dll
0x00007ff8ad360000 - 0x00007ff8adb09000 	C:\Windows\System32\SHELL32.dll
0x00007ff8aa460000 - 0x00007ff8aacc2000 	C:\Windows\SYSTEM32\windows.storage.dll
0x00007ff8adbf0000 - 0x00007ff8adf68000 	C:\Windows\System32\combase.dll
0x00007ff8aa2f0000 - 0x00007ff8aa456000 	C:\Windows\SYSTEM32\wintypes.dll
0x00007ff8ae9d0000 - 0x00007ff8aeaba000 	C:\Windows\System32\SHCORE.dll
0x00007ff8aeca0000 - 0x00007ff8aecfd000 	C:\Windows\System32\shlwapi.dll
0x00007ff8ac1d0000 - 0x00007ff8ac1f1000 	C:\Windows\SYSTEM32\profapi.dll
0x00007ff88e7f0000 - 0x00007ff88e80a000 	C:\Program Files\Android\Android Studio1\jre\bin\net.dll
0x00007ff8a8d60000 - 0x00007ff8a8e6c000 	C:\Windows\SYSTEM32\WINHTTP.dll
0x00007ff8ab8d0000 - 0x00007ff8ab937000 	C:\Windows\system32\mswsock.dll
0x00007ff88e7d0000 - 0x00007ff88e7e4000 	C:\Program Files\Android\Android Studio1\jre\bin\nio.dll
0x00007ff8a6c30000 - 0x00007ff8a6c57000 	C:\Users\Acer\.gradle\native\f6784746aeab05261644944871eae4fe03e0ef1612fff0a4a95f87b438bc6780\windows-amd64\native-platform.dll
0x00007ff89bfd0000 - 0x00007ff89bfda000 	C:\Program Files\Android\Android Studio1\jre\bin\management.dll
0x00007ff89bf90000 - 0x00007ff89bf9c000 	C:\Program Files\Android\Android Studio1\jre\bin\management_ext.dll
0x00007ff8abb20000 - 0x00007ff8abb38000 	C:\Windows\SYSTEM32\CRYPTSP.dll
0x00007ff8ab420000 - 0x00007ff8ab455000 	C:\Windows\system32\rsaenh.dll
0x00007ff8ab9c0000 - 0x00007ff8ab9e9000 	C:\Windows\SYSTEM32\USERENV.dll
0x00007ff8abc90000 - 0x00007ff8abcb7000 	C:\Windows\SYSTEM32\bcrypt.dll
0x00007ff8abb10000 - 0x00007ff8abb1c000 	C:\Windows\SYSTEM32\CRYPTBASE.dll
0x00007ff8ab040000 - 0x00007ff8ab06d000 	C:\Windows\SYSTEM32\IPHLPAPI.DLL
0x00007ff8ae360000 - 0x00007ff8ae369000 	C:\Windows\System32\NSI.dll
0x00007ff8a8ec0000 - 0x00007ff8a8ed9000 	C:\Windows\SYSTEM32\dhcpcsvc6.DLL
0x00007ff8a9090000 - 0x00007ff8a90ae000 	C:\Windows\SYSTEM32\dhcpcsvc.DLL
0x00007ff8ab070000 - 0x00007ff8ab157000 	C:\Windows\SYSTEM32\DNSAPI.dll
0x00007ff8a8e70000 - 0x00007ff8a8e7c000 	C:\Windows\SYSTEM32\WINNSI.DLL
0x00007ff8a9c90000 - 0x00007ff8a9cc4000 	C:\Windows\SYSTEM32\ntmarta.dll

dbghelp: loaded successfully - version: 4.0.5 - missing functions: none
symbol engine: initialized successfully - sym options: 0x614 - pdb path: .;C:\Program Files\Android\Android Studio1\jre\bin;C:\Windows\SYSTEM32;C:\Windows\WinSxS\amd64_microsoft.windows.common-controls_6595b64144ccf1df_6.0.22000.120_none_9d947278b86cc467;C:\Program Files\Android\Android Studio1\jre\bin\server;C:\Users\Acer\.gradle\native\f6784746aeab05261644944871eae4fe03e0ef1612fff0a4a95f87b438bc6780\windows-amd64

VM Arguments:
jvm_args: --add-opens=java.base/java.util=ALL-UNNAMED --add-opens=java.base/java.lang=ALL-UNNAMED --add-opens=java.base/java.lang.invoke=ALL-UNNAMED --add-opens=java.prefs/java.util.prefs=ALL-UNNAMED -Xmx2048m -Dfile.encoding=UTF-8 -Duser.country=RU -Duser.language=ru -Duser.variant 
java_command: org.gradle.launcher.daemon.bootstrap.GradleDaemon 6.5
java_class_path (initial): C:\Users\Acer\.gradle\wrapper\dists\gradle-6.5-bin\6nifqtx7604sqp1q6g8wikw7p\gradle-6.5\lib\gradle-launcher-6.5.jar
Launcher Type: SUN_STANDARD

[Global flags]
     intx CICompilerCount                          = 3                                         {product} {ergonomic}
     uint ConcGCThreads                            = 1                                         {product} {ergonomic}
     uint G1ConcRefinementThreads                  = 4                                         {product} {ergonomic}
   size_t G1HeapRegionSize                         = 1048576                                   {product} {ergonomic}
    uintx GCDrainStackTargetSize                   = 64                                        {product} {ergonomic}
   size_t InitialHeapSize                          = 134217728                                 {product} {ergonomic}
   size_t MarkStackSize                            = 4194304                                   {product} {ergonomic}
   size_t MaxHeapSize                              = 2147483648                                {product} {command line}
   size_t MaxNewSize                               = 1287651328                                {product} {ergonomic}
   size_t MinHeapDeltaBytes                        = 1048576                                   {product} {ergonomic}
    uintx NonNMethodCodeHeapSize                   = 5830732                                {pd product} {ergonomic}
    uintx NonProfiledCodeHeapSize                  = 122913754                              {pd product} {ergonomic}
    uintx ProfiledCodeHeapSize                     = 122913754                              {pd product} {ergonomic}
    uintx ReservedCodeCacheSize                    = 251658240                              {pd product} {ergonomic}
     bool SegmentedCodeCache                       = true                                      {product} {ergonomic}
     bool UseCompressedClassPointers               = true                                 {lp64_product} {ergonomic}
     bool UseCompressedOops                        = true                                 {lp64_product} {ergonomic}
     bool UseG1GC                                  = true                                      {product} {ergonomic}
     bool UseLargePagesIndividualAllocation        = false                                  {pd product} {ergonomic}

Logging:
Log output configuration:
 #0: stdout all=warning uptime,level,tags
 #1: stderr all=off uptime,level,tags

Environment Variables:
PATH=C:\Program Files\Common Files\Oracle\Java\javapath;C:\Windows\system32;C:\Windows;C:\Windows\System32\Wbem;C:\Windows\System32\WindowsPowerShell\v1.0\;C:\Windows\System32\OpenSSH\;C:\Program Files (x86)\NVIDIA Corporation\PhysX\Common;C:\Program Files\Git\cmd;C:\Users\Acer\AppData\Local\Microsoft\WindowsApps;
USERNAME=Acer
OS=Windows_NT
PROCESSOR_IDENTIFIER=Intel64 Family 6 Model 142 Stepping 9, GenuineIntel



---------------  S Y S T E M  ---------------

OS: Windows 10 , 64 bit Build 22000 (10.0.22000.120)
OS uptime: 2 days 0:55 hours

CPU:total 4 (initial active 4) (2 cores per cpu, 2 threads per core) family 6 model 142 stepping 9 microcode 0xde, cmov, cx8, fxsr, mmx, sse, sse2, sse3, ssse3, sse4.1, sse4.2, popcnt, avx, avx2, aes, clmul, erms, 3dnowpref, lzcnt, ht, tsc, tscinvbit, bmi1, bmi2, adx, fma

Memory: 4k page, system-wide physical 8069M (510M free)
TotalPageFile size 8069M (AvailPageFile size 5M)
current process WorkingSet (physical memory assigned to process): 580M, peak: 580M
current process commit charge ("private bytes"): 613M, peak: 614M

vm_info: OpenJDK 64-Bit Server VM (11.0.10+0-b96-7249189) for windows-amd64 JRE (11.0.10+0-b96-7249189), built on Mar 31 2021 21:44:00 by "builder" with MS VC++ 14.0 (VS2015)

END.
